Log file open, 07/07/19 10:38:40
LogWindows: Failed to load 'aqProf.dll' (GetLastError=126)
LogWindows: File 'aqProf.dll' does not exist
LogWindows: Failed to load 'VtuneApi.dll' (GetLastError=126)
LogWindows: File 'VtuneApi.dll' does not exist
LogWindows: Failed to load 'VtuneApi32e.dll' (GetLastError=126)
LogWindows: File 'VtuneApi32e.dll' does not exist
LogConsoleResponse: Display: Failed to find resolution value strings in scalability ini. Falling back to default.
LogInit: Display: Running engine for game: DescendIntoDarkness
LogPakFile: Registered encryption key '00000000000000000000000000000000': 0 pak files mounted, 0 remain pending
LogPlatformFile: Not using cached read wrapper
LogTaskGraph: Started task graph with 5 named threads and 23 total threads with 3 sets of task threads.
LogStats: Stats thread started at 0.402300
LogD3D11RHI: Loaded GFSDK_Aftermath_Lib.x64.dll
LogICUInternationalization: ICU TimeZone Detection - Raw Offset: -8:00, Platform Override: ''
LogPluginManager: Mounting plugin Paper2D
LogPluginManager: Mounting plugin AISupport
LogPluginManager: Mounting plugin LightPropagationVolume
LogPluginManager: Mounting plugin ActorLayerUtilities
LogPluginManager: Mounting plugin AnimationSharing
LogPluginManager: Mounting plugin CLionSourceCodeAccess
LogPluginManager: Mounting plugin CodeLiteSourceCodeAccess
LogPluginManager: Mounting plugin GitSourceControl
LogPluginManager: Mounting plugin KDevelopSourceCodeAccess
LogPluginManager: Mounting plugin NullSourceCodeAccess
LogPluginManager: Mounting plugin PerforceSourceControl
LogPluginManager: Mounting plugin SubversionSourceControl
LogPluginManager: Mounting plugin UObjectPlugin
LogPluginManager: Mounting plugin VisualStudioCodeSourceCodeAccess
LogPluginManager: Mounting plugin VisualStudioSourceCodeAccess
LogPluginManager: Mounting plugin XCodeSourceCodeAccess
LogPluginManager: Mounting plugin AssetManagerEditor
LogPluginManager: Mounting plugin CryptoKeys
LogPluginManager: Mounting plugin DataValidation
LogPluginManager: Mounting plugin FacialAnimation
LogPluginManager: Mounting plugin GameplayTagsEditor
LogPluginManager: Mounting plugin MacGraphicsSwitching
LogPluginManager: Mounting plugin MaterialAnalyzer
LogPluginManager: Mounting plugin MobileLauncherProfileWizard
LogPluginManager: Mounting plugin PluginBrowser
LogPluginManager: Mounting plugin SpeedTreeImporter
LogPluginManager: Mounting plugin DatasmithContent
LogPluginManager: Mounting plugin VariantManagerContent
LogPluginManager: Mounting plugin AlembicImporter
LogPluginManager: Mounting plugin AppleImageUtils
LogPluginManager: Mounting plugin AppleVision
LogPluginManager: Mounting plugin BackChannel
LogPluginManager: Mounting plugin CharacterAI
LogPluginManager: Mounting plugin GeometryCache
LogPluginManager: Mounting plugin HTML5Networking
LogPluginManager: Mounting plugin ProxyLODPlugin
LogPluginManager: Mounting plugin SkeletalReduction
LogPluginManager: Mounting plugin MagicLeap
LogPluginManager: Mounting plugin MagicLeapMedia
LogPluginManager: Mounting plugin AndroidMedia
LogPluginManager: Mounting plugin AvfMedia
LogPluginManager: Mounting plugin ImgMedia
LogPluginManager: Mounting plugin LinearTimecode
LogPluginManager: Mounting plugin MediaCompositing
LogPluginManager: Mounting plugin MediaPlayerEditor
LogPluginManager: Mounting plugin WebMMedia
LogPluginManager: Mounting plugin WmfMedia
LogPluginManager: Mounting plugin TcpMessaging
LogPluginManager: Mounting plugin UdpMessaging
LogPluginManager: Mounting plugin ActorSequence
LogPluginManager: Mounting plugin LevelSequenceEditor
LogPluginManager: Mounting plugin MatineeToLevelSequence
LogPluginManager: Mounting plugin NetcodeUnitTest
LogPluginManager: Mounting plugin NUTUnrealEngine4
LogPluginManager: Mounting plugin OnlineSubsystemGooglePlay
LogPluginManager: Mounting plugin OnlineSubsystemIOS
LogPluginManager: Mounting plugin OnlineSubsystem
LogPluginManager: Mounting plugin OnlineSubsystemNull
LogPluginManager: Mounting plugin OnlineSubsystemUtils
LogPluginManager: Mounting plugin LauncherChunkInstaller
LogPluginManager: Mounting plugin AndroidDeviceProfileSelector
LogPluginManager: Mounting plugin AndroidMoviePlayer
LogPluginManager: Mounting plugin AndroidPermission
LogPluginManager: Mounting plugin AppleMoviePlayer
LogPluginManager: Mounting plugin ArchVisCharacter
LogPluginManager: Mounting plugin AudioCapture
LogPluginManager: Mounting plugin CableComponent
LogPluginManager: Mounting plugin CustomMeshComponent
LogPluginManager: Mounting plugin EditableMesh
LogPluginManager: Mounting plugin ExampleDeviceProfileSelector
LogPluginManager: Mounting plugin Firebase
LogPluginManager: Mounting plugin GoogleCloudMessaging
LogPluginManager: Mounting plugin IOSDeviceProfileSelector
LogPluginManager: Mounting plugin LinuxDeviceProfileSelector
LogPluginManager: Mounting plugin LocationServicesBPLibrary
LogPluginManager: Mounting plugin MobilePatchingUtils
LogPluginManager: Mounting plugin OculusVR
LogPluginManager: Mounting plugin PhysXVehicles
LogPluginManager: Mounting plugin ProceduralMeshComponent
LogPluginManager: Mounting plugin RuntimePhysXCooking
LogPluginManager: Mounting plugin SignificanceManager
LogPluginManager: Mounting plugin SteamVR
LogPluginManager: Mounting plugin WebMMoviePlayer
LogPluginManager: Mounting plugin WindowsMoviePlayer
LogInit: Using libcurl 7.55.1-DEV
LogInit:  - built for x86_64-pc-win32
LogInit:  - supports SSL with OpenSSL/1.1.1
LogInit:  - supports HTTP deflate (compression) using libz 1.2.8
LogInit:  - other features:
LogInit:      CURL_VERSION_SSL
LogInit:      CURL_VERSION_LIBZ
LogInit:      CURL_VERSION_IPV6
LogInit:      CURL_VERSION_ASYNCHDNS
LogInit:      CURL_VERSION_LARGEFILE
LogInit:      CURL_VERSION_IDN
LogInit:  CurlRequestOptions (configurable via config and command line):
LogInit:  - bVerifyPeer = true  - Libcurl will verify peer certificate
LogInit:  - bUseHttpProxy = false  - Libcurl will NOT use HTTP proxy
LogInit:  - bDontReuseConnections = false  - Libcurl will reuse connections
LogInit:  - MaxHostConnections = 16  - Libcurl will limit the number of connections to a host
LogInit:  - LocalHostAddr = Default
LogInit:  - BufferSize = 65536
LogInit: WinSock: version 1.1 (2.2), MaxSocks=32767, MaxUdp=65467
LogInit: Build: ++UE4+Release-4.22-CL-7053642
LogInit: Engine Version: 4.22.3-7053642+++UE4+Release-4.22
LogInit: Compatible Engine Version: 4.22.0-5660361+++UE4+Release-4.22
LogInit: Net CL: 5660361
LogInit: OS: Windows 10 (Release 1803) (), CPU: Intel(R) Core(TM) i7-6700HQ CPU @ 2.60GHz, GPU: NVIDIA GeForce GTX 1060
LogInit: Compiled (64-bit): Jun 18 2019 03:09:11
LogInit: Compiled with Visual C++: 19.16.27025.01
LogInit: Build Configuration: Development
LogInit: Branch Name: ++UE4+Release-4.22
LogInit: Command Line: 
LogInit: Base Directory: C:/Program Files/Epic Games/UE_4.22/Engine/Binaries/Win64/
LogInit: Installed Engine Build: 1
LogDevObjectVersion: Number of dev versions registered: 23
LogDevObjectVersion:   Dev-Blueprints (B0D832E4-1F89-4F0D-ACCF-7EB736FD4AA2): 10
LogDevObjectVersion:   Dev-Build (E1C64328-A22C-4D53-A36C-8E866417BD8C): 0
LogDevObjectVersion:   Dev-Core (375EC13C-06E4-48FB-B500-84F0262A717E): 3
LogDevObjectVersion:   Dev-Editor (E4B068ED-F494-42E9-A231-DA0B2E46BB41): 30
LogDevObjectVersion:   Dev-Framework (CFFC743F-43B0-4480-9391-14DF171D2073): 35
LogDevObjectVersion:   Dev-Mobile (B02B49B5-BB20-44E9-A304-32B752E40360): 2
LogDevObjectVersion:   Dev-Networking (A4E4105C-59A1-49B5-A7C5-40C4547EDFEE): 0
LogDevObjectVersion:   Dev-Online (39C831C9-5AE6-47DC-9A44-9C173E1C8E7C): 0
LogDevObjectVersion:   Dev-Physics (78F01B33-EBEA-4F98-B9B4-84EACCB95AA2): 0
LogDevObjectVersion:   Dev-Platform (6631380F-2D4D-43E0-8009-CF276956A95A): 0
LogDevObjectVersion:   Dev-Rendering (12F88B9F-8875-4AFC-A67C-D90C383ABD29): 28
LogDevObjectVersion:   Dev-Sequencer (7B5AE74C-D270-4C10-A958-57980B212A5A): 11
LogDevObjectVersion:   Dev-VR (D7296918-1DD6-4BDD-9DE2-64A83CC13884): 2
LogDevObjectVersion:   Dev-LoadTimes (C2A15278-BFE7-4AFE-6C17-90FF531DF755): 1
LogDevObjectVersion:   Private-Geometry (6EACA3D4-40EC-4CC1-B786-8BED09428FC5): 3
LogDevObjectVersion:   Dev-AnimPhys (29E575DD-E0A3-4627-9D10-D276232CDCEA): 17
LogDevObjectVersion:   Dev-Anim (AF43A65D-7FD3-4947-9873-3E8ED9C1BB05): 2
LogDevObjectVersion:   Dev-ReflectionCapture (6B266CEC-1EC7-4B8F-A30B-E4D90942FC07): 1
LogDevObjectVersion:   Dev-Automation (0DF73D61-A23F-47EA-B727-89E90C41499A): 1
LogDevObjectVersion:   FortniteMain (601D1886-AC64-4F84-AA16-D3DE0DEAC7D6): 25
LogDevObjectVersion:   Dev-Enterprise (9DFFBCD6-494F-0158-E221-12823C92A888): 6
LogDevObjectVersion:   Dev-Niagara (F2AED0AC-9AFE-416F-8664-AA7FFA26D6FC): 1
LogDevObjectVersion:   Dev-Destruction (174F1F0B-B4C6-45A5-B13F-2EE8D0FB917D): 2
LogInit: Presizing for max 16777216 objects, including 0 objects not considered by GC, pre-allocating 0 bytes for permanent pool.
LogInit: Object subsystem initialized
LogConfig: Setting CVar [[con.DebugEarlyDefault:1]]
LogConfig: Setting CVar [[r.setres:1280x720]]
[2019.07.07-17.38.41:501][  0]LogConfig: Setting CVar [[r.VSync:0]]
[2019.07.07-17.38.41:501][  0]LogConfig: Setting CVar [[r.RHICmdBypass:0]]
[2019.07.07-17.38.41:501][  0]LogConfig: Applying CVar settings from Section [/Script/Engine.RendererSettings] File [C:/Users/Chris/Documents/Descend/Descend-Into-Darkness/DescendIntoDarkness/Saved/Config/Windows/Engine.ini]
[2019.07.07-17.38.41:501][  0]LogConfig: Setting CVar [[r.GPUCrashDebugging:0]]
[2019.07.07-17.38.41:501][  0]LogConfig: Applying CVar settings from Section [/Script/Engine.RendererOverrideSettings] File [C:/Users/Chris/Documents/Descend/Descend-Into-Darkness/DescendIntoDarkness/Saved/Config/Windows/Engine.ini]
[2019.07.07-17.38.41:501][  0]LogConfig: Applying CVar settings from Section [/Script/Engine.StreamingSettings] File [C:/Users/Chris/Documents/Descend/Descend-Into-Darkness/DescendIntoDarkness/Saved/Config/Windows/Engine.ini]
[2019.07.07-17.38.41:501][  0]LogConfig: Setting CVar [[s.MinBulkDataSizeForAsyncLoading:131072]]
[2019.07.07-17.38.41:501][  0]LogConfig: Setting CVar [[s.AsyncLoadingThreadEnabled:0]]
[2019.07.07-17.38.41:501][  0]LogConfig: Setting CVar [[s.EventDrivenLoaderEnabled:1]]
[2019.07.07-17.38.41:501][  0]LogConfig: Setting CVar [[s.WarnIfTimeLimitExceeded:0]]
[2019.07.07-17.38.41:501][  0]LogConfig: Setting CVar [[s.TimeLimitExceededMultiplier:1.5]]
[2019.07.07-17.38.41:501][  0]LogConfig: Setting CVar [[s.TimeLimitExceededMinTime:0.005]]
[2019.07.07-17.38.41:501][  0]LogConfig: Setting CVar [[s.UseBackgroundLevelStreaming:1]]
[2019.07.07-17.38.41:501][  0]LogConfig: Setting CVar [[s.PriorityAsyncLoadingExtraTime:15.0]]
[2019.07.07-17.38.41:501][  0]LogConfig: Setting CVar [[s.LevelStreamingActorsUpdateTimeLimit:5.0]]
[2019.07.07-17.38.41:501][  0]LogConfig: Setting CVar [[s.PriorityLevelStreamingActorsUpdateExtraTime:5.0]]
[2019.07.07-17.38.41:501][  0]LogConfig: Setting CVar [[s.LevelStreamingComponentsRegistrationGranularity:10]]
[2019.07.07-17.38.41:501][  0]LogConfig: Setting CVar [[s.UnregisterComponentsTimeLimit:1.0]]
[2019.07.07-17.38.41:501][  0]LogConfig: Setting CVar [[s.LevelStreamingComponentsUnregistrationGranularity:5]]
[2019.07.07-17.38.41:501][  0]LogConfig: Applying CVar settings from Section [/Script/Engine.GarbageCollectionSettings] File [C:/Users/Chris/Documents/Descend/Descend-Into-Darkness/DescendIntoDarkness/Saved/Config/Windows/Engine.ini]
[2019.07.07-17.38.41:501][  0]LogConfig: Setting CVar [[gc.MaxObjectsNotConsideredByGC:1]]
[2019.07.07-17.38.41:501][  0]LogConfig: Setting CVar [[gc.SizeOfPermanentObjectPool:0]]
[2019.07.07-17.38.41:501][  0]LogConfig: Setting CVar [[gc.FlushStreamingOnGC:0]]
[2019.07.07-17.38.41:501][  0]LogConfig: Setting CVar [[gc.NumRetriesBeforeForcingGC:10]]
[2019.07.07-17.38.41:501][  0]LogConfig: Setting CVar [[gc.AllowParallelGC:1]]
[2019.07.07-17.38.41:501][  0]LogConfig: Setting CVar [[gc.TimeBetweenPurgingPendingKillObjects:61.1]]
[2019.07.07-17.38.41:501][  0]LogConfig: Setting CVar [[gc.MaxObjectsInEditor:16777216]]
[2019.07.07-17.38.41:501][  0]LogConfig: Setting CVar [[gc.IncrementalBeginDestroyEnabled:1]]
[2019.07.07-17.38.41:501][  0]LogConfig: Setting CVar [[gc.CreateGCClusters:1]]
[2019.07.07-17.38.41:501][  0]LogConfig: Setting CVar [[gc.MinGCClusterSize:5]]
[2019.07.07-17.38.41:501][  0]LogConfig: Setting CVar [[gc.ActorClusteringEnabled:0]]
[2019.07.07-17.38.41:501][  0]LogConfig: Setting CVar [[gc.BlueprintClusteringEnabled:0]]
[2019.07.07-17.38.41:501][  0]LogConfig: Setting CVar [[gc.UseDisregardForGCOnDedicatedServers:0]]
[2019.07.07-17.38.41:501][  0]LogConfig: Applying CVar settings from Section [/Script/Engine.NetworkSettings] File [C:/Users/Chris/Documents/Descend/Descend-Into-Darkness/DescendIntoDarkness/Saved/Config/Windows/Engine.ini]
[2019.07.07-17.38.41:501][  0]LogConfig: Applying CVar settings from Section [/Script/UnrealEd.CookerSettings] File [C:/Users/Chris/Documents/Descend/Descend-Into-Darkness/DescendIntoDarkness/Saved/Config/Windows/Engine.ini]
[2019.07.07-17.38.41:509][  0]LogConfig: Applying CVar settings from Section [ViewDistanceQuality@3] File [C:/Users/Chris/Documents/Descend/Descend-Into-Darkness/DescendIntoDarkness/Saved/Config/Windows/Scalability.ini]
[2019.07.07-17.38.41:509][  0]LogConfig: Setting CVar [[r.SkeletalMeshLODBias:0]]
[2019.07.07-17.38.41:509][  0]LogConfig: Setting CVar [[r.ViewDistanceScale:1.0]]
[2019.07.07-17.38.41:509][  0]LogConfig: Applying CVar settings from Section [AntiAliasingQuality@3] File [C:/Users/Chris/Documents/Descend/Descend-Into-Darkness/DescendIntoDarkness/Saved/Config/Windows/Scalability.ini]
[2019.07.07-17.38.41:509][  0]LogConfig: Setting CVar [[r.PostProcessAAQuality:4]]
[2019.07.07-17.38.41:509][  0]LogConfig: Applying CVar settings from Section [ShadowQuality@3] File [C:/Users/Chris/Documents/Descend/Descend-Into-Darkness/DescendIntoDarkness/Saved/Config/Windows/Scalability.ini]
[2019.07.07-17.38.41:509][  0]LogConfig: Setting CVar [[r.LightFunctionQuality:1]]
[2019.07.07-17.38.41:509][  0]LogConfig: Setting CVar [[r.ShadowQuality:5]]
[2019.07.07-17.38.41:509][  0]LogConfig: Setting CVar [[r.Shadow.CSM.MaxCascades:10]]
[2019.07.07-17.38.41:509][  0]LogConfig: Setting CVar [[r.Shadow.MaxResolution:2048]]
[2019.07.07-17.38.41:509][  0]LogConfig: Setting CVar [[r.Shadow.MaxCSMResolution:2048]]
[2019.07.07-17.38.41:509][  0]LogConfig: Setting CVar [[r.Shadow.RadiusThreshold:0.01]]
[2019.07.07-17.38.41:509][  0]LogConfig: Setting CVar [[r.Shadow.DistanceScale:1.0]]
[2019.07.07-17.38.41:509][  0]LogConfig: Setting CVar [[r.Shadow.CSM.TransitionScale:1.0]]
[2019.07.07-17.38.41:509][  0]LogConfig: Setting CVar [[r.Shadow.PreShadowResolutionFactor:1.0]]
[2019.07.07-17.38.41:509][  0]LogConfig: Setting CVar [[r.DistanceFieldShadowing:1]]
[2019.07.07-17.38.41:509][  0]LogConfig: Setting CVar [[r.DistanceFieldAO:1]]
[2019.07.07-17.38.41:509][  0]LogConfig: Setting CVar [[r.AOQuality:2]]
[2019.07.07-17.38.41:509][  0]LogConfig: Setting CVar [[r.VolumetricFog:1]]
[2019.07.07-17.38.41:510][  0]LogConfig: Setting CVar [[r.VolumetricFog.GridPixelSize:8]]
[2019.07.07-17.38.41:510][  0]LogConfig: Setting CVar [[r.VolumetricFog.GridSizeZ:128]]
[2019.07.07-17.38.41:510][  0]LogConfig: Setting CVar [[r.VolumetricFog.HistoryMissSupersampleCount:4]]
[2019.07.07-17.38.41:510][  0]LogConfig: Setting CVar [[r.LightMaxDrawDistanceScale:1]]
[2019.07.07-17.38.41:510][  0]LogConfig: Setting CVar [[r.CapsuleShadows:1]]
[2019.07.07-17.38.41:510][  0]LogConfig: Applying CVar settings from Section [PostProcessQuality@3] File [C:/Users/Chris/Documents/Descend/Descend-Into-Darkness/DescendIntoDarkness/Saved/Config/Windows/Scalability.ini]
[2019.07.07-17.38.41:510][  0]LogConfig: Setting CVar [[r.MotionBlurQuality:4]]
[2019.07.07-17.38.41:510][  0]LogConfig: Setting CVar [[r.AmbientOcclusionMipLevelFactor:0.4]]
[2019.07.07-17.38.41:510][  0]LogConfig: Setting CVar [[r.AmbientOcclusionMaxQuality:100]]
[2019.07.07-17.38.41:510][  0]LogConfig: Setting CVar [[r.AmbientOcclusionLevels:-1]]
[2019.07.07-17.38.41:510][  0]LogConfig: Setting CVar [[r.AmbientOcclusionRadiusScale:1.0]]
[2019.07.07-17.38.41:510][  0]LogConfig: Setting CVar [[r.DepthOfFieldQuality:2]]
[2019.07.07-17.38.41:510][  0]LogConfig: Setting CVar [[r.RenderTargetPoolMin:400]]
[2019.07.07-17.38.41:510][  0]LogConfig: Setting CVar [[r.LensFlareQuality:2]]
[2019.07.07-17.38.41:510][  0]LogConfig: Setting CVar [[r.SceneColorFringeQuality:1]]
[2019.07.07-17.38.41:510][  0]LogConfig: Setting CVar [[r.EyeAdaptationQuality:2]]
[2019.07.07-17.38.41:510][  0]LogConfig: Setting CVar [[r.BloomQuality:5]]
[2019.07.07-17.38.41:510][  0]LogConfig: Setting CVar [[r.FastBlurThreshold:100]]
[2019.07.07-17.38.41:510][  0]LogConfig: Setting CVar [[r.Upscale.Quality:3]]
[2019.07.07-17.38.41:510][  0]LogConfig: Setting CVar [[r.Tonemapper.GrainQuantization:1]]
[2019.07.07-17.38.41:510][  0]LogConfig: Setting CVar [[r.LightShaftQuality:1]]
[2019.07.07-17.38.41:510][  0]LogConfig: Setting CVar [[r.Filter.SizeScale:1]]
[2019.07.07-17.38.41:510][  0]LogConfig: Setting CVar [[r.Tonemapper.Quality:5]]
[2019.07.07-17.38.41:510][  0]LogConfig: Setting CVar [[r.DOF.Gather.AccumulatorQuality:1        ; higher gathering accumulator quality]]
[2019.07.07-17.38.41:510][  0]LogConfig: Setting CVar [[r.DOF.Gather.PostfilterMethod:1          ; Median3x3 postfilering method]]
[2019.07.07-17.38.41:510][  0]LogConfig: Setting CVar [[r.DOF.Gather.EnableBokehSettings:0       ; no bokeh simulation when gathering]]
[2019.07.07-17.38.41:510][  0]LogConfig: Setting CVar [[r.DOF.Gather.RingCount:4                 ; medium number of samples when gathering]]
[2019.07.07-17.38.41:510][  0]LogConfig: Setting CVar [[r.DOF.Scatter.ForegroundCompositing:1    ; additive foreground scattering]]
[2019.07.07-17.38.41:510][  0]LogConfig: Setting CVar [[r.DOF.Scatter.BackgroundCompositing:2    ; additive background scattering]]
[2019.07.07-17.38.41:510][  0]LogConfig: Setting CVar [[r.DOF.Scatter.EnableBokehSettings:1      ; bokeh simulation when scattering]]
[2019.07.07-17.38.41:510][  0]LogConfig: Setting CVar [[r.DOF.Scatter.MaxSpriteRatio:0.1         ; only a maximum of 10% of scattered bokeh]]
[2019.07.07-17.38.41:510][  0]LogConfig: Setting CVar [[r.DOF.Recombine.Quality:1                ; cheap slight out of focus]]
[2019.07.07-17.38.41:510][  0]LogConfig: Setting CVar [[r.DOF.Recombine.EnableBokehSettings:0    ; no bokeh simulation on slight out of focus]]
[2019.07.07-17.38.41:510][  0]LogConfig: Setting CVar [[r.DOF.TemporalAAQuality:1                ; more stable temporal accumulation]]
[2019.07.07-17.38.41:510][  0]LogConfig: Setting CVar [[r.DOF.Kernel.MaxForegroundRadius:0.025]]
[2019.07.07-17.38.41:510][  0]LogConfig: Setting CVar [[r.DOF.Kernel.MaxBackgroundRadius:0.025]]
[2019.07.07-17.38.41:510][  0]LogConfig: Applying CVar settings from Section [TextureQuality@3] File [C:/Users/Chris/Documents/Descend/Descend-Into-Darkness/DescendIntoDarkness/Saved/Config/Windows/Scalability.ini]
[2019.07.07-17.38.41:510][  0]LogConfig: Setting CVar [[r.Streaming.MipBias:0]]
[2019.07.07-17.38.41:510][  0]LogConfig: Setting CVar [[r.Streaming.AmortizeCPUToGPUCopy:0]]
[2019.07.07-17.38.41:510][  0]LogConfig: Setting CVar [[r.Streaming.MaxNumTexturesToStreamPerFrame:0]]
[2019.07.07-17.38.41:510][  0]LogConfig: Setting CVar [[r.Streaming.Boost:1]]
[2019.07.07-17.38.41:510][  0]LogConfig: Setting CVar [[r.MaxAnisotropy:8]]
[2019.07.07-17.38.41:510][  0]LogConfig: Setting CVar [[r.Streaming.LimitPoolSizeToVRAM:0]]
[2019.07.07-17.38.41:510][  0]LogConfig: Setting CVar [[r.Streaming.PoolSize:1000]]
[2019.07.07-17.38.41:510][  0]LogConfig: Setting CVar [[r.Streaming.MaxEffectiveScreenSize:0]]
[2019.07.07-17.38.41:510][  0]LogConfig: Applying CVar settings from Section [EffectsQuality@3] File [C:/Users/Chris/Documents/Descend/Descend-Into-Darkness/DescendIntoDarkness/Saved/Config/Windows/Scalability.ini]
[2019.07.07-17.38.41:511][  0]LogConfig: Setting CVar [[r.TranslucencyLightingVolumeDim:64]]
[2019.07.07-17.38.41:511][  0]LogConfig: Setting CVar [[r.RefractionQuality:2]]
[2019.07.07-17.38.41:511][  0]LogConfig: Setting CVar [[r.SSR.Quality:3]]
[2019.07.07-17.38.41:511][  0]LogConfig: Setting CVar [[r.SceneColorFormat:4]]
[2019.07.07-17.38.41:511][  0]LogConfig: Setting CVar [[r.DetailMode:2]]
[2019.07.07-17.38.41:511][  0]LogConfig: Setting CVar [[r.TranslucencyVolumeBlur:1]]
[2019.07.07-17.38.41:511][  0]LogConfig: Setting CVar [[r.MaterialQualityLevel:1 ; High quality]]
[2019.07.07-17.38.41:511][  0]LogConfig: Setting CVar [[r.SSS.Scale:1]]
[2019.07.07-17.38.41:511][  0]LogConfig: Setting CVar [[r.SSS.SampleSet:2]]
[2019.07.07-17.38.41:511][  0]LogConfig: Setting CVar [[r.SSS.Quality:1]]
[2019.07.07-17.38.41:511][  0]LogConfig: Setting CVar [[r.SSS.HalfRes:1]]
[2019.07.07-17.38.41:511][  0]LogConfig: Setting CVar [[r.EmitterSpawnRateScale:1.0]]
[2019.07.07-17.38.41:511][  0]LogConfig: Setting CVar [[r.ParticleLightQuality:2]]
[2019.07.07-17.38.41:511][  0]LogConfig: Applying CVar settings from Section [FoliageQuality@3] File [C:/Users/Chris/Documents/Descend/Descend-Into-Darkness/DescendIntoDarkness/Saved/Config/Windows/Scalability.ini]
[2019.07.07-17.38.41:511][  0]LogConfig: Setting CVar [[foliage.DensityScale:1.0]]
[2019.07.07-17.38.41:511][  0]LogConfig: Setting CVar [[grass.DensityScale:1.0]]
[2019.07.07-17.38.41:511][  0]LogInit: Selected Device Profile: [Windows]
[2019.07.07-17.38.41:511][  0]LogInit: Applying CVar settings loaded from the selected device profile: [Windows]
[2019.07.07-17.38.41:525][  0]LogHAL: Display: Platform has ~ 16 GB [17132466176 / 17179869184 / 16], which maps to Larger [LargestMinGB=32, LargerMinGB=12, DefaultMinGB=8, SmallerMinGB=6, SmallestMinGB=0)
[2019.07.07-17.38.41:525][  0]LogConfig: Setting CVar [[r.Vulkan.UseRealUBs:0		; Required until we fix HLR fall-out]]
[2019.07.07-17.38.41:525][  0]LogInit: Going up to parent DeviceProfile []
[2019.07.07-17.38.41:525][  0]LogConfig: Applying CVar settings from Section [ViewDistanceQuality@3] File [C:/Users/Chris/Documents/Descend/Descend-Into-Darkness/DescendIntoDarkness/Saved/Config/Windows/Scalability.ini]
[2019.07.07-17.38.41:525][  0]LogConfig: Setting CVar [[r.SkeletalMeshLODBias:0]]
[2019.07.07-17.38.41:525][  0]LogConfig: Setting CVar [[r.ViewDistanceScale:1.0]]
[2019.07.07-17.38.41:525][  0]LogConfig: Applying CVar settings from Section [AntiAliasingQuality@3] File [C:/Users/Chris/Documents/Descend/Descend-Into-Darkness/DescendIntoDarkness/Saved/Config/Windows/Scalability.ini]
[2019.07.07-17.38.41:525][  0]LogConfig: Setting CVar [[r.PostProcessAAQuality:4]]
[2019.07.07-17.38.41:525][  0]LogConfig: Applying CVar settings from Section [ShadowQuality@3] File [C:/Users/Chris/Documents/Descend/Descend-Into-Darkness/DescendIntoDarkness/Saved/Config/Windows/Scalability.ini]
[2019.07.07-17.38.41:525][  0]LogConfig: Setting CVar [[r.LightFunctionQuality:1]]
[2019.07.07-17.38.41:525][  0]LogConfig: Setting CVar [[r.ShadowQuality:5]]
[2019.07.07-17.38.41:525][  0]LogConfig: Setting CVar [[r.Shadow.CSM.MaxCascades:10]]
[2019.07.07-17.38.41:525][  0]LogConfig: Setting CVar [[r.Shadow.MaxResolution:2048]]
[2019.07.07-17.38.41:525][  0]LogConfig: Setting CVar [[r.Shadow.MaxCSMResolution:2048]]
[2019.07.07-17.38.41:525][  0]LogConfig: Setting CVar [[r.Shadow.RadiusThreshold:0.01]]
[2019.07.07-17.38.41:525][  0]LogConfig: Setting CVar [[r.Shadow.DistanceScale:1.0]]
[2019.07.07-17.38.41:525][  0]LogConfig: Setting CVar [[r.Shadow.CSM.TransitionScale:1.0]]
[2019.07.07-17.38.41:526][  0]LogConfig: Setting CVar [[r.Shadow.PreShadowResolutionFactor:1.0]]
[2019.07.07-17.38.41:526][  0]LogConfig: Setting CVar [[r.DistanceFieldShadowing:1]]
[2019.07.07-17.38.41:526][  0]LogConfig: Setting CVar [[r.DistanceFieldAO:1]]
[2019.07.07-17.38.41:526][  0]LogConfig: Setting CVar [[r.AOQuality:2]]
[2019.07.07-17.38.41:526][  0]LogConfig: Setting CVar [[r.VolumetricFog:1]]
[2019.07.07-17.38.41:526][  0]LogConfig: Setting CVar [[r.VolumetricFog.GridPixelSize:8]]
[2019.07.07-17.38.41:526][  0]LogConfig: Setting CVar [[r.VolumetricFog.GridSizeZ:128]]
[2019.07.07-17.38.41:526][  0]LogConfig: Setting CVar [[r.VolumetricFog.HistoryMissSupersampleCount:4]]
[2019.07.07-17.38.41:526][  0]LogConfig: Setting CVar [[r.LightMaxDrawDistanceScale:1]]
[2019.07.07-17.38.41:526][  0]LogConfig: Setting CVar [[r.CapsuleShadows:1]]
[2019.07.07-17.38.41:526][  0]LogConfig: Applying CVar settings from Section [PostProcessQuality@3] File [C:/Users/Chris/Documents/Descend/Descend-Into-Darkness/DescendIntoDarkness/Saved/Config/Windows/Scalability.ini]
[2019.07.07-17.38.41:526][  0]LogConfig: Setting CVar [[r.MotionBlurQuality:4]]
[2019.07.07-17.38.41:526][  0]LogConfig: Setting CVar [[r.AmbientOcclusionMipLevelFactor:0.4]]
[2019.07.07-17.38.41:526][  0]LogConfig: Setting CVar [[r.AmbientOcclusionMaxQuality:100]]
[2019.07.07-17.38.41:526][  0]LogConfig: Setting CVar [[r.AmbientOcclusionLevels:-1]]
[2019.07.07-17.38.41:526][  0]LogConfig: Setting CVar [[r.AmbientOcclusionRadiusScale:1.0]]
[2019.07.07-17.38.41:526][  0]LogConfig: Setting CVar [[r.DepthOfFieldQuality:2]]
[2019.07.07-17.38.41:526][  0]LogConfig: Setting CVar [[r.RenderTargetPoolMin:400]]
[2019.07.07-17.38.41:526][  0]LogConfig: Setting CVar [[r.LensFlareQuality:2]]
[2019.07.07-17.38.41:526][  0]LogConfig: Setting CVar [[r.SceneColorFringeQuality:1]]
[2019.07.07-17.38.41:526][  0]LogConfig: Setting CVar [[r.EyeAdaptationQuality:2]]
[2019.07.07-17.38.41:526][  0]LogConfig: Setting CVar [[r.BloomQuality:5]]
[2019.07.07-17.38.41:526][  0]LogConfig: Setting CVar [[r.FastBlurThreshold:100]]
[2019.07.07-17.38.41:526][  0]LogConfig: Setting CVar [[r.Upscale.Quality:3]]
[2019.07.07-17.38.41:526][  0]LogConfig: Setting CVar [[r.Tonemapper.GrainQuantization:1]]
[2019.07.07-17.38.41:526][  0]LogConfig: Setting CVar [[r.LightShaftQuality:1]]
[2019.07.07-17.38.41:526][  0]LogConfig: Setting CVar [[r.Filter.SizeScale:1]]
[2019.07.07-17.38.41:526][  0]LogConfig: Setting CVar [[r.Tonemapper.Quality:5]]
[2019.07.07-17.38.41:526][  0]LogConfig: Setting CVar [[r.DOF.Gather.AccumulatorQuality:1        ; higher gathering accumulator quality]]
[2019.07.07-17.38.41:526][  0]LogConfig: Setting CVar [[r.DOF.Gather.PostfilterMethod:1          ; Median3x3 postfilering method]]
[2019.07.07-17.38.41:526][  0]LogConfig: Setting CVar [[r.DOF.Gather.EnableBokehSettings:0       ; no bokeh simulation when gathering]]
[2019.07.07-17.38.41:526][  0]LogConfig: Setting CVar [[r.DOF.Gather.RingCount:4                 ; medium number of samples when gathering]]
[2019.07.07-17.38.41:526][  0]LogConfig: Setting CVar [[r.DOF.Scatter.ForegroundCompositing:1    ; additive foreground scattering]]
[2019.07.07-17.38.41:526][  0]LogConfig: Setting CVar [[r.DOF.Scatter.BackgroundCompositing:2    ; additive background scattering]]
[2019.07.07-17.38.41:526][  0]LogConfig: Setting CVar [[r.DOF.Scatter.EnableBokehSettings:1      ; bokeh simulation when scattering]]
[2019.07.07-17.38.41:526][  0]LogConfig: Setting CVar [[r.DOF.Scatter.MaxSpriteRatio:0.1         ; only a maximum of 10% of scattered bokeh]]
[2019.07.07-17.38.41:526][  0]LogConfig: Setting CVar [[r.DOF.Recombine.Quality:1                ; cheap slight out of focus]]
[2019.07.07-17.38.41:526][  0]LogConfig: Setting CVar [[r.DOF.Recombine.EnableBokehSettings:0    ; no bokeh simulation on slight out of focus]]
[2019.07.07-17.38.41:526][  0]LogConfig: Setting CVar [[r.DOF.TemporalAAQuality:1                ; more stable temporal accumulation]]
[2019.07.07-17.38.41:526][  0]LogConfig: Setting CVar [[r.DOF.Kernel.MaxForegroundRadius:0.025]]
[2019.07.07-17.38.41:526][  0]LogConfig: Setting CVar [[r.DOF.Kernel.MaxBackgroundRadius:0.025]]
[2019.07.07-17.38.41:526][  0]LogConfig: Applying CVar settings from Section [TextureQuality@3] File [C:/Users/Chris/Documents/Descend/Descend-Into-Darkness/DescendIntoDarkness/Saved/Config/Windows/Scalability.ini]
[2019.07.07-17.38.41:526][  0]LogConfig: Setting CVar [[r.Streaming.MipBias:0]]
[2019.07.07-17.38.41:526][  0]LogConfig: Setting CVar [[r.Streaming.AmortizeCPUToGPUCopy:0]]
[2019.07.07-17.38.41:527][  0]LogConfig: Setting CVar [[r.Streaming.MaxNumTexturesToStreamPerFrame:0]]
[2019.07.07-17.38.41:527][  0]LogConfig: Setting CVar [[r.Streaming.Boost:1]]
[2019.07.07-17.38.41:527][  0]LogConfig: Setting CVar [[r.MaxAnisotropy:8]]
[2019.07.07-17.38.41:527][  0]LogConfig: Setting CVar [[r.Streaming.LimitPoolSizeToVRAM:0]]
[2019.07.07-17.38.41:527][  0]LogConfig: Setting CVar [[r.Streaming.PoolSize:1000]]
[2019.07.07-17.38.41:527][  0]LogConfig: Setting CVar [[r.Streaming.MaxEffectiveScreenSize:0]]
[2019.07.07-17.38.41:527][  0]LogConfig: Applying CVar settings from Section [EffectsQuality@3] File [C:/Users/Chris/Documents/Descend/Descend-Into-Darkness/DescendIntoDarkness/Saved/Config/Windows/Scalability.ini]
[2019.07.07-17.38.41:527][  0]LogConfig: Setting CVar [[r.TranslucencyLightingVolumeDim:64]]
[2019.07.07-17.38.41:527][  0]LogConfig: Setting CVar [[r.RefractionQuality:2]]
[2019.07.07-17.38.41:527][  0]LogConfig: Setting CVar [[r.SSR.Quality:3]]
[2019.07.07-17.38.41:527][  0]LogConfig: Setting CVar [[r.SceneColorFormat:4]]
[2019.07.07-17.38.41:527][  0]LogConfig: Setting CVar [[r.DetailMode:2]]
[2019.07.07-17.38.41:527][  0]LogConfig: Setting CVar [[r.TranslucencyVolumeBlur:1]]
[2019.07.07-17.38.41:527][  0]LogConfig: Setting CVar [[r.MaterialQualityLevel:1 ; High quality]]
[2019.07.07-17.38.41:527][  0]LogConfig: Setting CVar [[r.SSS.Scale:1]]
[2019.07.07-17.38.41:527][  0]LogConfig: Setting CVar [[r.SSS.SampleSet:2]]
[2019.07.07-17.38.41:527][  0]LogConfig: Setting CVar [[r.SSS.Quality:1]]
[2019.07.07-17.38.41:527][  0]LogConfig: Setting CVar [[r.SSS.HalfRes:1]]
[2019.07.07-17.38.41:527][  0]LogConfig: Setting CVar [[r.EmitterSpawnRateScale:1.0]]
[2019.07.07-17.38.41:527][  0]LogConfig: Setting CVar [[r.ParticleLightQuality:2]]
[2019.07.07-17.38.41:527][  0]LogConfig: Applying CVar settings from Section [FoliageQuality@3] File [C:/Users/Chris/Documents/Descend/Descend-Into-Darkness/DescendIntoDarkness/Saved/Config/Windows/Scalability.ini]
[2019.07.07-17.38.41:527][  0]LogConfig: Setting CVar [[foliage.DensityScale:1.0]]
[2019.07.07-17.38.41:527][  0]LogConfig: Setting CVar [[grass.DensityScale:1.0]]
[2019.07.07-17.38.41:527][  0]LogConfig: Applying CVar settings from Section [Startup] File [../../../Engine/Config/ConsoleVariables.ini]
[2019.07.07-17.38.41:528][  0]LogConfig: Setting CVar [[net.UseAdaptiveNetUpdateFrequency:0]]
[2019.07.07-17.38.41:528][  0]LogConfig: Setting CVar [[p.chaos.AllowCreatePhysxBodies:1]]
[2019.07.07-17.38.41:528][  0]LogConfig: Applying CVar settings from Section [ConsoleVariables] File [C:/Users/Chris/Documents/Descend/Descend-Into-Darkness/DescendIntoDarkness/Saved/Config/Windows/Engine.ini]
[2019.07.07-17.38.41:528][  0]LogInit: Computer: MSI
[2019.07.07-17.38.41:528][  0]LogInit: User: Chris
[2019.07.07-17.38.41:528][  0]LogInit: CPU Page size=4096, Cores=4
[2019.07.07-17.38.41:528][  0]LogInit: High frequency timer resolution =2.531253 MHz
[2019.07.07-17.38.41:528][  0]LogMemory: Memory total: Physical=16.0GB (16GB approx)
[2019.07.07-17.38.41:528][  0]LogMemory: Platform Memory Stats for Windows
[2019.07.07-17.38.41:528][  0]LogMemory: Process Physical Memory: 96.63 MB used, 96.63 MB peak
[2019.07.07-17.38.41:528][  0]LogMemory: Process Virtual Memory: 89.13 MB used, 89.13 MB peak
[2019.07.07-17.38.41:528][  0]LogMemory: Physical Memory: 7889.90 MB used,  8448.89 MB free, 16338.79 MB total
[2019.07.07-17.38.41:528][  0]LogMemory: Virtual Memory: 4641.02 MB used,  134213088.00 MB free, 134217728.00 MB total
[2019.07.07-17.38.41:576][  0]LogInit: Using OS detected language (en-US).
[2019.07.07-17.38.41:576][  0]LogInit: Using OS detected locale (en-US).
[2019.07.07-17.38.41:579][  0]LogTextLocalizationManager: No specific localization for 'en-US' exists, so the 'en' localization will be used.
[2019.07.07-17.38.41:835][  0]LogInit: Setting process to per monitor DPI aware
[2019.07.07-17.38.41:901][  0]LogSlate: New Slate User Created.  User Index 0, Is Virtual User: 0
[2019.07.07-17.38.41:901][  0]LogSlate: Slate User Registered.  User Index 0, Is Virtual User: 0
[2019.07.07-17.38.42:520][  0]LogHMD: Failed to initialize OpenVR with code 110
[2019.07.07-17.38.42:520][  0]LogD3D11RHI: D3D11 adapters:
[2019.07.07-17.38.42:612][  0]LogD3D11RHI:    0. 'NVIDIA GeForce GTX 1060' (Feature Level 11_0)
[2019.07.07-17.38.42:612][  0]LogD3D11RHI:       6052/0/8169 MB DedicatedVideo/DedicatedSystem/SharedSystem, Outputs:2, VendorId:0x10de
[2019.07.07-17.38.42:616][  0]LogD3D11RHI:    1. 'Microsoft Basic Render Driver' (Feature Level 11_0)
[2019.07.07-17.38.42:616][  0]LogD3D11RHI:       0/0/8169 MB DedicatedVideo/DedicatedSystem/SharedSystem, Outputs:0, VendorId:0x1414
[2019.07.07-17.38.42:616][  0]LogD3D11RHI: Chosen D3D11 Adapter: 0
[2019.07.07-17.38.42:625][  0]LogD3D11RHI: Creating new Direct3DDevice
[2019.07.07-17.38.42:625][  0]LogD3D11RHI:     GPU DeviceId: 0x1c60 (for the marketing name, search the web for "GPU Device Id")
[2019.07.07-17.38.42:625][  0]LogWindows: EnumDisplayDevices:
[2019.07.07-17.38.42:625][  0]LogWindows:    0. 'NVIDIA GeForce GTX 1060' (P:1 D:1)
[2019.07.07-17.38.42:625][  0]LogWindows:    1. 'NVIDIA GeForce GTX 1060' (P:0 D:1)
[2019.07.07-17.38.42:626][  0]LogWindows:    2. 'NVIDIA GeForce GTX 1060' (P:0 D:0)
[2019.07.07-17.38.42:626][  0]LogWindows:    3. 'NVIDIA GeForce GTX 1060' (P:0 D:0)
[2019.07.07-17.38.42:626][  0]LogWindows: DebugString: FoundDriverCount:4 
[2019.07.07-17.38.42:626][  0]LogD3D11RHI:     Adapter Name: NVIDIA GeForce GTX 1060
[2019.07.07-17.38.42:626][  0]LogD3D11RHI:   Driver Version: 430.86 (internal:26.21.14.3086, unified:430.86)
[2019.07.07-17.38.42:626][  0]LogD3D11RHI:      Driver Date: 5-22-2019
[2019.07.07-17.38.42:627][  0]LogRHI: Texture pool is 4236 MB (70% of 6052 MB)
[2019.07.07-17.38.42:689][  0]LogD3D11RHI: Async texture creation enabled
[2019.07.07-17.38.42:704][  0]LogRendererCore: FGlobalReadBuffer::InitRHI
[2019.07.07-17.38.42:704][  0]LogRendererCore: FGlobalReadBuffer::InitRHI
[2019.07.07-17.38.42:704][  0]LogRendererCore: FGlobalReadBuffer::InitRHI
[2019.07.07-17.38.42:713][  0]LogD3D11RHI: GPU Timing Frequency: 1000.000000 (Debug: 2 1)
[2019.07.07-17.38.43:281][  0]LogTemp: Display: Module 'AllDesktopTargetPlatform' loaded TargetPlatform 'AllDesktop'
[2019.07.07-17.38.43:306][  0]LogTemp: Display: Module 'MacClientTargetPlatform' loaded TargetPlatform 'MacClient'
[2019.07.07-17.38.43:333][  0]LogTemp: Display: Module 'MacNoEditorTargetPlatform' loaded TargetPlatform 'MacNoEditor'
[2019.07.07-17.38.43:358][  0]LogTemp: Display: Module 'MacServerTargetPlatform' loaded TargetPlatform 'MacServer'
[2019.07.07-17.38.43:383][  0]LogTemp: Display: Module 'MacTargetPlatform' loaded TargetPlatform 'Mac'
[2019.07.07-17.38.43:409][  0]LogTemp: Display: Module 'WindowsClientTargetPlatform' loaded TargetPlatform 'WindowsClient'
[2019.07.07-17.38.43:437][  0]LogTemp: Display: Module 'WindowsNoEditorTargetPlatform' loaded TargetPlatform 'WindowsNoEditor'
[2019.07.07-17.38.43:464][  0]LogTemp: Display: Module 'WindowsServerTargetPlatform' loaded TargetPlatform 'WindowsServer'
[2019.07.07-17.38.43:477][  0]LogTemp: Display: Module 'WindowsTargetPlatform' loaded TargetPlatform 'Windows'
[2019.07.07-17.38.43:614][  0]LogTemp: Display: Module 'AndroidTargetPlatform' loaded TargetPlatform 'Android'
[2019.07.07-17.38.43:614][  0]LogTemp: Display: Module 'AndroidTargetPlatform' loaded TargetPlatform 'Android_ASTC'
[2019.07.07-17.38.43:614][  0]LogTemp: Display: Module 'AndroidTargetPlatform' loaded TargetPlatform 'Android_ATC'
[2019.07.07-17.38.43:614][  0]LogTemp: Display: Module 'AndroidTargetPlatform' loaded TargetPlatform 'Android_DXT'
[2019.07.07-17.38.43:614][  0]LogTemp: Display: Module 'AndroidTargetPlatform' loaded TargetPlatform 'Android_ETC1'
[2019.07.07-17.38.43:614][  0]LogTemp: Display: Module 'AndroidTargetPlatform' loaded TargetPlatform 'Android_ETC1a'
[2019.07.07-17.38.43:614][  0]LogTemp: Display: Module 'AndroidTargetPlatform' loaded TargetPlatform 'Android_ETC2'
[2019.07.07-17.38.43:614][  0]LogTemp: Display: Module 'AndroidTargetPlatform' loaded TargetPlatform 'Android_PVRTC'
[2019.07.07-17.38.43:615][  0]LogTemp: Display: Module 'AndroidTargetPlatform' loaded TargetPlatform 'AndroidClient'
[2019.07.07-17.38.43:615][  0]LogTemp: Display: Module 'AndroidTargetPlatform' loaded TargetPlatform 'Android_ASTCClient'
[2019.07.07-17.38.43:615][  0]LogTemp: Display: Module 'AndroidTargetPlatform' loaded TargetPlatform 'Android_ATCClient'
[2019.07.07-17.38.43:615][  0]LogTemp: Display: Module 'AndroidTargetPlatform' loaded TargetPlatform 'Android_DXTClient'
[2019.07.07-17.38.43:615][  0]LogTemp: Display: Module 'AndroidTargetPlatform' loaded TargetPlatform 'Android_ETC1Client'
[2019.07.07-17.38.43:615][  0]LogTemp: Display: Module 'AndroidTargetPlatform' loaded TargetPlatform 'Android_ETC1aClient'
[2019.07.07-17.38.43:615][  0]LogTemp: Display: Module 'AndroidTargetPlatform' loaded TargetPlatform 'Android_ETC2Client'
[2019.07.07-17.38.43:615][  0]LogTemp: Display: Module 'AndroidTargetPlatform' loaded TargetPlatform 'Android_PVRTCClient'
[2019.07.07-17.38.43:615][  0]LogTemp: Display: Module 'AndroidTargetPlatform' loaded TargetPlatform 'Android_Multi'
[2019.07.07-17.38.43:615][  0]LogTemp: Display: Module 'AndroidTargetPlatform' loaded TargetPlatform 'Android_MultiClient'
[2019.07.07-17.38.43:618][  0]LogTemp: Display: Module 'HTML5TargetPlatform' loaded TargetPlatform 'HTML5'
[2019.07.07-17.38.43:688][  0]LogTemp: Display: Module 'IOSTargetPlatform' loaded TargetPlatform 'IOSClient'
[2019.07.07-17.38.43:688][  0]LogTemp: Display: Module 'IOSTargetPlatform' loaded TargetPlatform 'IOS'
[2019.07.07-17.38.43:729][  0]LogTemp: Display: Module 'TVOSTargetPlatform' loaded TargetPlatform 'TVOSClient'
[2019.07.07-17.38.43:729][  0]LogTemp: Display: Module 'TVOSTargetPlatform' loaded TargetPlatform 'TVOS'
[2019.07.07-17.38.43:756][  0]LogTemp: Display: Module 'LinuxClientTargetPlatform' loaded TargetPlatform 'LinuxClient'
[2019.07.07-17.38.43:778][  0]LogTemp: Display: Module 'LinuxNoEditorTargetPlatform' loaded TargetPlatform 'LinuxNoEditor'
[2019.07.07-17.38.43:799][  0]LogTemp: Display: Module 'LinuxServerTargetPlatform' loaded TargetPlatform 'LinuxServer'
[2019.07.07-17.38.43:826][  0]LogTemp: Display: Module 'LinuxTargetPlatform' loaded TargetPlatform 'Linux'
[2019.07.07-17.38.43:904][  0]LogTemp: Display: Module 'LuminTargetPlatform' loaded TargetPlatform 'Lumin'
[2019.07.07-17.38.43:904][  0]LogTemp: Display: Module 'LuminTargetPlatform' loaded TargetPlatform 'LuminClient'
[2019.07.07-17.38.43:904][  0]LogTargetPlatformManager: Display: Building Assets For Windows
[2019.07.07-17.38.43:926][  0]LogAudioDebug: Display: Lib vorbis DLL was dynamically loaded.
[2019.07.07-17.38.44:026][  0]LogShaderCompilers: Guid format shader working directory is -44 characters bigger than the processId version (../../../../../../Users/Chris/Documents/Descend/Descend-Into-Darkness/DescendIntoDarkness/Intermediate/Shaders/WorkingDirectory/17624/).
[2019.07.07-17.38.44:026][  0]LogShaderCompilers: Cleaned the shader compiler working directory 'C:/Users/Chris/AppData/Local/Temp/UnrealShaderWorkingDir/E93828F74CF1FCE2EDE092A9E4ED5DB1/'.
[2019.07.07-17.38.44:030][  0]LogXGEController: Cannot use XGE Controller as Incredibuild is not installed on this machine.
[2019.07.07-17.38.44:031][  0]LogShaderCompilers: Cannot use XGE Shader Compiler as Incredibuild is not installed on this machine.
[2019.07.07-17.38.44:031][  0]LogShaderCompilers: Display: Using Local Shader Compiler.
[2019.07.07-17.38.44:902][  0]LogDerivedDataCache: Display: Max Cache Size: 512 MB
[2019.07.07-17.38.44:964][  0]LogDerivedDataCache: Loaded boot cache 0.06s 75MB C:/Users/Chris/AppData/Local/UnrealEngine/4.22/DerivedDataCache/Boot.ddc.
[2019.07.07-17.38.44:964][  0]LogDerivedDataCache: Display: Loaded Boot cache: C:/Users/Chris/AppData/Local/UnrealEngine/4.22/DerivedDataCache/Boot.ddc
[2019.07.07-17.38.44:965][  0]LogDerivedDataCache: FDerivedDataBackendGraph:  Pak pak cache file ../../../../../../Users/Chris/Documents/Descend/Descend-Into-Darkness/DescendIntoDarkness/DerivedDataCache/DDC.ddp not found, will not use a pak cache.
[2019.07.07-17.38.44:965][  0]LogDerivedDataCache: Unable to find inner node Pak for hierarchical cache Hierarchy.
[2019.07.07-17.38.44:965][  0]LogDerivedDataCache: FDerivedDataBackendGraph:  CompressedPak pak cache file ../../../../../../Users/Chris/Documents/Descend/Descend-Into-Darkness/DescendIntoDarkness/DerivedDataCache/Compressed.ddp not found, will not use a pak cache.
[2019.07.07-17.38.44:965][  0]LogDerivedDataCache: Unable to find inner node CompressedPak for hierarchical cache Hierarchy.
[2019.07.07-17.38.44:981][  0]LogDerivedDataCache: Display: Pak cache opened for reading ../../../Engine/DerivedDataCache/Compressed.ddp.
[2019.07.07-17.38.44:981][  0]LogDerivedDataCache: FDerivedDataBackendGraph:  EnterprisePak pak cache file ../../../Enterprise/DerivedDataCache/Compressed.ddp not found, will not use a pak cache.
[2019.07.07-17.38.44:981][  0]LogDerivedDataCache: Unable to find inner node EnterprisePak for hierarchical cache Hierarchy.
[2019.07.07-17.38.44:993][  0]LogDerivedDataCache: Using Local data cache path C:/Users/Chris/AppData/Local/UnrealEngine/Common/DerivedDataCache: Writable
[2019.07.07-17.38.44:993][  0]LogDerivedDataCache: Shared data cache path not found in *engine.ini, will not use an Shared cache.
[2019.07.07-17.38.44:993][  0]LogDerivedDataCache: Unable to find inner node Shared for hierarchical cache Hierarchy.
[2019.07.07-17.38.45:025][  0]LogMaterial: Verifying Global Shaders for PCD3D_SM5
[2019.07.07-17.38.45:026][  0]LogSlate: Using FreeType 2.6.0
[2019.07.07-17.38.45:028][  0]LogSlate: SlateFontServices - WITH_FREETYPE: 1, WITH_HARFBUZZ: 1
[2019.07.07-17.38.45:198][  0]LogAssetRegistry: FAssetRegistry took 0.0423 seconds to start up
[2019.07.07-17.38.45:717][  0]LogInit: Selected Device Profile: [Windows]
[2019.07.07-17.38.45:947][  0]LogMeshReduction: Using QuadricMeshReduction for automatic static mesh reduction
[2019.07.07-17.38.45:947][  0]LogMeshReduction: Using SimplygonMeshReduction for automatic skeletal mesh reduction
[2019.07.07-17.38.45:947][  0]LogMeshReduction: Using ProxyLODMeshReduction for automatic mesh merging
[2019.07.07-17.38.45:947][  0]LogMeshReduction: No distributed automatic mesh merging module available
[2019.07.07-17.38.45:947][  0]LogMeshMerging: No distributed automatic mesh merging module available
[2019.07.07-17.38.45:962][  0]LogNetVersion: DescendIntoDarkness 1.0.0, NetCL: 5660361, EngineNetVer: 10, GameNetVer: 0 (Checksum: 1140046260)
[2019.07.07-17.38.46:523][  0]LogPackageLocalizationCache: Processed 10 localized package path(s) for 1 prioritized culture(s) in 0.065257 seconds
[2019.07.07-17.38.46:531][  0]LogUObjectArray: 42205 objects as part of root set at end of initial load.
[2019.07.07-17.38.46:531][  0]LogUObjectAllocator: 7325032 out of 0 bytes used by permanent object pool.
[2019.07.07-17.38.46:531][  0]LogUObjectArray: CloseDisregardForGC: 0/0 objects in disregard for GC pool
[2019.07.07-17.38.48:296][  0]LogTcpMessaging: Initializing TcpMessaging bridge
[2019.07.07-17.38.48:310][  0]LogUdpMessaging: Initializing bridge on interface 0.0.0.0:0 to multicast group 230.0.0.1:6666.
[2019.07.07-17.38.48:698][  0]SourceControl: Source control is disabled
[2019.07.07-17.38.48:698][  0]SourceControl: Source control is disabled
[2019.07.07-17.38.48:701][  0]SourceControl: Source control is disabled
[2019.07.07-17.38.48:704][  0]SourceControl: Source control is disabled
[2019.07.07-17.38.48:841][  0]LogAndroidPermission: UAndroidPermissionCallbackProxy::GetInstance
[2019.07.07-17.38.48:944][  0]LogOcInput: OculusInput pre-init called
[2019.07.07-17.38.50:546][  0]LogClass: Warning: ObjectProperty FInventoryItem::Thumbnail is not initialized properly
[2019.07.07-17.38.50:546][  0]LogClass: Warning: BoolProperty FInventoryItem::bCanBeUsed is not initialized properly
[2019.07.07-17.38.50:547][  0]LogClass: Display: 2 Uninitialized script stuct members found
[2019.07.07-17.38.50:547][  0]LogAutomationTest: Warning: ObjectProperty FInventoryItem::Thumbnail is not initialized properly
[2019.07.07-17.38.50:547][  0]LogAutomationTest: Warning: BoolProperty FInventoryItem::bCanBeUsed is not initialized properly
[2019.07.07-17.38.50:548][  0]LogEngine: Initializing Engine...
[2019.07.07-17.38.50:550][  0]LogHMD: Failed to initialize OpenVR with code 110
[2019.07.07-17.38.50:552][  0]LogStats: UGameplayTagsManager::InitializeManager -  0.001 s
[2019.07.07-17.38.50:838][  0]LogInit: Initializing FReadOnlyCVARCache
[2019.07.07-17.38.50:860][  0]LogAIModule: Creating AISystem for world Untitled
[2019.07.07-17.38.50:874][  0]LogInit: XAudio2 using 'Speakers (Realtek High Definition Audio)' : 2 channels at 48 kHz using 32 bits per sample (channel mask 0x3)
[2019.07.07-17.38.50:958][  0]LogInit: FAudioDevice initialized.
[2019.07.07-17.38.50:958][  0]LogNetVersion: Set ProjectVersion to 1.0.0.0. Version Checksum will be recalculated on next use.
[2019.07.07-17.38.51:050][  0]LogDerivedDataCache: Saved boot cache 0.09s 75MB C:/Users/Chris/AppData/Local/UnrealEngine/4.22/DerivedDataCache/Boot.ddc.
[2019.07.07-17.38.51:064][  0]LogInit: Texture streaming: Enabled
[2019.07.07-17.38.51:099][  0]LogEngineSessionManager: EngineSessionManager initialized
[2019.07.07-17.38.51:137][  0]LogInit: Transaction tracking system initialized
[2019.07.07-17.38.51:186][  0]BlueprintLog: New page: Editor Load
[2019.07.07-17.38.51:334][  0]LocalizationService: Localization service is disabled
[2019.07.07-17.38.51:739][  0]LogFileCache: Scanning file cache for directory 'C:/Users/Chris/Documents/Descend/Descend-Into-Darkness/DescendIntoDarkness/Content/' took 0.02s
[2019.07.07-17.38.51:739][  0]LogCook: Display: Max memory allowance for cook 16384mb min free memory 0mb
[2019.07.07-17.38.51:739][  0]LogCook: Display: Mobile HDR setting 1
[2019.07.07-17.38.52:042][  0]SourceControl: Source control is disabled
[2019.07.07-17.38.52:043][  0]LightingResults: New page: Lighting Build
[2019.07.07-17.38.52:048][  0]MapCheck: New page: Map Check
[2019.07.07-17.38.52:048][  0]LightingResults: New page: Lighting Build
[2019.07.07-17.38.52:081][  0]LogUObjectHash: Compacting FUObjectHashTables data took   2.77ms
[2019.07.07-17.38.52:241][  0]LogAIModule: Creating AISystem for world SideScrollerExampleMap
[2019.07.07-17.38.52:259][  0]LogEditorServer: Finished looking for orphan Actors (0.000 secs)
[2019.07.07-17.38.52:291][  0]LogUObjectHash: Compacting FUObjectHashTables data took   2.80ms
[2019.07.07-17.38.52:292][  0]Cmd: MAP CHECKDEP NOCLEARLOG
[2019.07.07-17.38.52:292][  0]MapCheck: Map check complete: 0 Error(s), 0 Warning(s), took 0.177ms to complete.
[2019.07.07-17.38.52:292][  0]LogFileHelpers: Loading map 'SideScrollerExampleMap' took 0.250
[2019.07.07-17.38.52:448][  0]LogSlate: Updating window title bar state: overlay mode, drag disabled, window buttons hidden, title bar hidden
[2019.07.07-17.38.52:460][  0]LogSlate: Updating window title bar state: overlay mode, drag disabled, window buttons hidden, title bar hidden
[2019.07.07-17.38.52:475][  0]LogSlate: Updating window title bar state: overlay mode, drag disabled, window buttons hidden, title bar hidden
[2019.07.07-17.38.52:486][  0]LogSlate: Updating window title bar state: overlay mode, drag disabled, window buttons hidden, title bar hidden
[2019.07.07-17.38.52:502][  0]LogCollectionManager: Loaded 0 collections in 0.004300 seconds
[2019.07.07-17.38.52:546][  0]LogFileCache: Scanning file cache for directory 'C:/Users/Chris/Documents/Descend/Descend-Into-Darkness/DescendIntoDarkness/Saved/Collections/' took 0.01s
[2019.07.07-17.38.52:546][  0]LogFileCache: Scanning file cache for directory 'C:/Users/Chris/Documents/Descend/Descend-Into-Darkness/DescendIntoDarkness/Content/Developers/Chris/Collections/' took 0.01s
[2019.07.07-17.38.52:546][  0]LogFileCache: Scanning file cache for directory 'C:/Users/Chris/Documents/Descend/Descend-Into-Darkness/DescendIntoDarkness/Content/Collections/' took 0.01s
[2019.07.07-17.38.52:546][  0]LogCollectionManager: Rebuilt the GUID cache for 0 collections in 0.000000 seconds
[2019.07.07-17.38.52:562][  0]LogContentBrowser: Native class hierarchy populated in 0.0153 seconds. Added 2738 classes and 663 folders.
[2019.07.07-17.38.52:576][  0]LogContentBrowser: Native class hierarchy updated for 'WidgetCarousel' in 0.0010 seconds. Added 0 classes and 0 folders.
[2019.07.07-17.38.52:583][  0]LogPakFile: Registered encryption key '00000000000000000000000000000000': 0 pak files mounted, 0 remain pending
[2019.07.07-17.38.52:586][  0]LogPakFile: Registered encryption key '00000000000000000000000000000000': 0 pak files mounted, 0 remain pending
[2019.07.07-17.38.52:589][  0]LogPakFile: Registered encryption key '00000000000000000000000000000000': 0 pak files mounted, 0 remain pending
[2019.07.07-17.38.52:592][  0]LogPakFile: Registered encryption key '00000000000000000000000000000000': 0 pak files mounted, 0 remain pending
[2019.07.07-17.38.52:595][  0]LogPakFile: Registered encryption key '00000000000000000000000000000000': 0 pak files mounted, 0 remain pending
[2019.07.07-17.38.52:598][  0]LogPakFile: Registered encryption key '00000000000000000000000000000000': 0 pak files mounted, 0 remain pending
[2019.07.07-17.38.52:601][  0]LogPakFile: Registered encryption key '00000000000000000000000000000000': 0 pak files mounted, 0 remain pending
[2019.07.07-17.38.52:604][  0]LogPakFile: Registered encryption key '00000000000000000000000000000000': 0 pak files mounted, 0 remain pending
[2019.07.07-17.38.52:607][  0]LogPakFile: Registered encryption key '00000000000000000000000000000000': 0 pak files mounted, 0 remain pending
[2019.07.07-17.38.52:610][  0]LogPakFile: Registered encryption key '00000000000000000000000000000000': 0 pak files mounted, 0 remain pending
[2019.07.07-17.38.52:613][  0]LogPakFile: Registered encryption key '00000000000000000000000000000000': 0 pak files mounted, 0 remain pending
[2019.07.07-17.38.52:615][  0]LogPakFile: Registered encryption key '00000000000000000000000000000000': 0 pak files mounted, 0 remain pending
[2019.07.07-17.38.52:618][  0]LogPakFile: Registered encryption key '00000000000000000000000000000000': 0 pak files mounted, 0 remain pending
[2019.07.07-17.38.52:621][  0]LogPakFile: Registered encryption key '00000000000000000000000000000000': 0 pak files mounted, 0 remain pending
[2019.07.07-17.38.52:624][  0]LogPakFile: Registered encryption key '00000000000000000000000000000000': 0 pak files mounted, 0 remain pending
[2019.07.07-17.38.52:626][  0]LogPakFile: Registered encryption key '00000000000000000000000000000000': 0 pak files mounted, 0 remain pending
[2019.07.07-17.38.52:629][  0]LogPakFile: Registered encryption key '00000000000000000000000000000000': 0 pak files mounted, 0 remain pending
[2019.07.07-17.38.52:632][  0]LogPakFile: Registered encryption key '00000000000000000000000000000000': 0 pak files mounted, 0 remain pending
[2019.07.07-17.38.52:635][  0]LogPakFile: Registered encryption key '00000000000000000000000000000000': 0 pak files mounted, 0 remain pending
[2019.07.07-17.38.52:641][  0]LogPakFile: Registered encryption key '00000000000000000000000000000000': 0 pak files mounted, 0 remain pending
[2019.07.07-17.38.52:644][  0]LogPakFile: Registered encryption key '00000000000000000000000000000000': 0 pak files mounted, 0 remain pending
[2019.07.07-17.38.52:647][  0]LogPakFile: Registered encryption key '00000000000000000000000000000000': 0 pak files mounted, 0 remain pending
[2019.07.07-17.38.52:649][  0]LogPakFile: Registered encryption key '00000000000000000000000000000000': 0 pak files mounted, 0 remain pending
[2019.07.07-17.38.52:653][  0]LogPakFile: Registered encryption key '00000000000000000000000000000000': 0 pak files mounted, 0 remain pending
[2019.07.07-17.38.52:658][  0]LogPakFile: Registered encryption key '00000000000000000000000000000000': 0 pak files mounted, 0 remain pending
[2019.07.07-17.38.52:662][  0]LogPakFile: Registered encryption key '00000000000000000000000000000000': 0 pak files mounted, 0 remain pending
[2019.07.07-17.38.52:867][  0]LogContentBrowser: Native class hierarchy updated for 'AddContentDialog' in 0.0009 seconds. Added 0 classes and 0 folders.
[2019.07.07-17.38.52:994][  0]LogSlate: Took 0.000431 seconds to synchronously load lazily loaded font '../../../Engine/Content/Slate/Fonts/Roboto-Regular.ttf' (155K)
[2019.07.07-17.38.53:000][  0]LogSlate: Took 0.000480 seconds to synchronously load lazily loaded font '../../../Engine/Content/Slate/Fonts/Roboto-Bold.ttf' (160K)
[2019.07.07-17.38.53:006][  0]LogSlate: Took 0.001325 seconds to synchronously load lazily loaded font '../../../Engine/Content/Editor/Slate/Fonts/FontAwesome.ttf' (139K)
[2019.07.07-17.38.53:121][  0]LogRenderer: Reallocating scene render targets to support 1208x596 Format 10 NumSamples 1 (Frame:1).
[2019.07.07-17.38.53:244][  0]LogSlate: Took 0.059733 seconds to synchronously load lazily loaded font '../../../Engine/Content/Slate/Fonts/Roboto-Light.ttf' (167K)
[2019.07.07-17.38.53:324][  0]LogContentBrowser: Native class hierarchy updated for 'HierarchicalLODOutliner' in 0.0009 seconds. Added 0 classes and 0 folders.
[2019.07.07-17.38.53:324][  0]LogLoad: (Engine Initialization) Total time: 17.24 seconds
[2019.07.07-17.38.53:324][  0]LogLoad: (Engine Initialization) Total Blueprint compile time: 0.00 seconds
[2019.07.07-17.38.53:342][  0]LogWindowsTextInputMethodSystem: Display: IME system now deactivated.
[2019.07.07-17.38.53:371][  0]LogAssetRegistry: Asset discovery search completed in 8.1958 seconds
[2019.07.07-17.38.53:374][  0]LogCollectionManager: Rebuilt the object cache for 0 collections in 0.000000 seconds (found 0 objects)
[2019.07.07-17.38.53:374][  0]LogCollectionManager: Fixed up redirectors for 0 collections in 0.000067 seconds (updated 0 objects)
[2019.07.07-17.38.53:376][  0]LogContentStreaming: Texture pool size now 1000 MB
[2019.07.07-17.38.54:801][ 82]LogSlate: FSceneViewport::OnFocusLost() reason 0
[2019.07.07-17.38.54:884][ 87]LogTemp: Repeating last play command: Selected Viewport
[2019.07.07-17.38.54:901][ 87]LogBlueprintUserMessages: Early PlayInEditor Detection: Level '/Game/SideScrollerCPP/Maps/SideScrollerExampleMap.SideScrollerExampleMap:PersistentLevel' has LevelScriptBlueprint '/Game/SideScrollerCPP/Maps/SideScrollerExampleMap.SideScrollerExampleMap:PersistentLevel.SideScrollerExampleMap' with GeneratedClass '/Game/SideScrollerCPP/Maps/SideScrollerExampleMap.SideScrollerExampleMap_C' with ClassGeneratedBy '/Game/SideScrollerCPP/Maps/SideScrollerExampleMap.SideScrollerExampleMap:PersistentLevel.SideScrollerExampleMap'
[2019.07.07-17.38.54:901][ 87]LogPlayLevel: PlayLevel: No blueprints needed recompiling
[2019.07.07-17.38.54:902][ 87]PIE: New page: PIE session: SideScrollerExampleMap (Jul 7, 2019, 3:38:54 AM)
[2019.07.07-17.38.54:914][ 87]LogPlayLevel: Creating play world package: /Game/SideScrollerCPP/Maps/UEDPIE_0_SideScrollerExampleMap
[2019.07.07-17.38.54:935][ 87]LogPlayLevel: PIE: StaticDuplicateObject took: (0.020579s)
[2019.07.07-17.38.54:935][ 87]LogAIModule: Creating AISystem for world SideScrollerExampleMap
[2019.07.07-17.38.54:936][ 87]LogPlayLevel: PIE: World Init took: (0.000952s)
[2019.07.07-17.38.54:936][ 87]LogPlayLevel: PIE: Created PIE world by copying editor world from /Game/SideScrollerCPP/Maps/SideScrollerExampleMap.SideScrollerExampleMap to /Game/SideScrollerCPP/Maps/UEDPIE_0_SideScrollerExampleMap.SideScrollerExampleMap (0.021909s)
[2019.07.07-17.38.54:965][ 87]LogUObjectHash: Compacting FUObjectHashTables data took   1.39ms
[2019.07.07-17.38.54:974][ 87]LogInit: XAudio2 using 'Speakers (Realtek High Definition Audio)' : 2 channels at 48 kHz using 32 bits per sample (channel mask 0x3)
[2019.07.07-17.38.55:044][ 87]LogInit: FAudioDevice initialized.
[2019.07.07-17.38.55:088][ 87]LogLoad: Game class is 'DescendIntoDarknessGameMode'
[2019.07.07-17.38.55:091][ 87]LogWorld: Bringing World /Game/SideScrollerCPP/Maps/UEDPIE_0_SideScrollerExampleMap.SideScrollerExampleMap up for play (max tick rate 60) at 2019.07.07-10.38.55
[2019.07.07-17.38.55:092][ 87]LogWorld: Bringing up level for play took: 0.002911
[2019.07.07-17.38.55:114][ 87]LogContentBrowser: Native class hierarchy updated for 'MovieSceneCapture' in 0.0010 seconds. Added 20 classes and 0 folders.
[2019.07.07-17.38.55:116][ 87]PIE: Play in editor start time for /Game/SideScrollerCPP/Maps/UEDPIE_0_SideScrollerExampleMap 1.045
[2019.07.07-17.38.55:116][ 87]LogBlueprintUserMessages: Late PlayInEditor Detection: Level '/Game/SideScrollerCPP/Maps/SideScrollerExampleMap.SideScrollerExampleMap:PersistentLevel' has LevelScriptBlueprint '/Game/SideScrollerCPP/Maps/SideScrollerExampleMap.SideScrollerExampleMap:PersistentLevel.SideScrollerExampleMap' with GeneratedClass '/Game/SideScrollerCPP/Maps/SideScrollerExampleMap.SideScrollerExampleMap_C' with ClassGeneratedBy '/Game/SideScrollerCPP/Maps/SideScrollerExampleMap.SideScrollerExampleMap:PersistentLevel.SideScrollerExampleMap'
[2019.07.07-17.38.57:377][220]LogBlueprintUserMessages: Early EndPlayMap Detection: Level '/Game/SideScrollerCPP/Maps/SideScrollerExampleMap.SideScrollerExampleMap:PersistentLevel' has LevelScriptBlueprint '/Game/SideScrollerCPP/Maps/SideScrollerExampleMap.SideScrollerExampleMap:PersistentLevel.SideScrollerExampleMap' with GeneratedClass '/Game/SideScrollerCPP/Maps/SideScrollerExampleMap.SideScrollerExampleMap_C' with ClassGeneratedBy '/Game/SideScrollerCPP/Maps/SideScrollerExampleMap.SideScrollerExampleMap:PersistentLevel.SideScrollerExampleMap'
[2019.07.07-17.38.57:377][220]LogSlate: Updating window title bar state: overlay mode, drag disabled, window buttons hidden, title bar hidden
[2019.07.07-17.38.57:405][220]LogPlayLevel: Display: Shutting down PIE online subsystems
[2019.07.07-17.38.57:405][220]LogBlueprintUserMessages: Late EndPlayMap Detection: Level '/Game/SideScrollerCPP/Maps/SideScrollerExampleMap.SideScrollerExampleMap:PersistentLevel' has LevelScriptBlueprint '/Game/SideScrollerCPP/Maps/SideScrollerExampleMap.SideScrollerExampleMap:PersistentLevel.SideScrollerExampleMap' with GeneratedClass '/Game/SideScrollerCPP/Maps/SideScrollerExampleMap.SideScrollerExampleMap_C' with ClassGeneratedBy '/Game/SideScrollerCPP/Maps/SideScrollerExampleMap.SideScrollerExampleMap:PersistentLevel.SideScrollerExampleMap'
[2019.07.07-17.38.57:439][220]LogSlate: Updating window title bar state: overlay mode, drag disabled, window buttons hidden, title bar hidden
[2019.07.07-17.38.57:444][220]LogUObjectHash: Compacting FUObjectHashTables data took   2.10ms
[2019.07.07-17.38.57:483][221]LogPlayLevel: Display: Destroying online subsystem :Context_1
[2019.07.07-17.39.03:770][598]LogSlate: FSceneViewport::OnFocusLost() reason 0
[2019.07.07-17.39.03:925][607]LogEditor: Attempting to add actor of class 'Pickup' to level at 1850.00,-370.00,110.00
[2019.07.07-17.39.05:408][693]LogEditor: Attempting to add actor of class 'Pickup' to level at -280.00,-330.00,110.00
[2019.07.07-17.39.07:803][833]LogSlate: FSceneViewport::OnFocusLost() reason 0
[2019.07.07-17.39.12:939][139]LogEditorViewport: Clicking on Actor (LMB): Interactable_BP_C (Interactable_BP)
[2019.07.07-17.39.14:155][208]LogSlate: FSceneViewport::OnFocusLost() reason 0
[2019.07.07-17.39.20:447][585]LogSlate: FSceneViewport::OnFocusLost() reason 0
[2019.07.07-17.39.25:965][911]LogEditorViewport: Clicking on Actor (LMB): StaticMeshActor (Wall3)
[2019.07.07-17.39.27:695][ 12]LogSlate: FSceneViewport::OnFocusLost() reason 0
[2019.07.07-17.39.36:141][505]Cmd: DELETE
[2019.07.07-17.39.36:141][505]Cmd: ACTOR DELETE
[2019.07.07-17.39.36:154][505]LogEditorActor: Deleted Actor: Pickup
[2019.07.07-17.39.36:183][505]LogUObjectHash: Compacting FUObjectHashTables data took   1.98ms
[2019.07.07-17.39.36:184][505]LogEditorActor: Deleted 1 Actors (0.037 secs)
[2019.07.07-17.39.38:665][653]LogSlate: Took 0.000445 seconds to synchronously load lazily loaded font '../../../Engine/Content/Slate/Fonts/Roboto-Light.ttf' (167K)
[2019.07.07-17.39.38:674][653]LogAssetEditorManager: Opening Asset editor for Blueprint /Game/Blueprints/Pickup_BP.Pickup_BP
[2019.07.07-17.39.39:037][653]LogContentBrowser: Native class hierarchy updated for 'BlueprintGraph' in 0.0013 seconds. Added 121 classes and 0 folders.
[2019.07.07-17.39.43:965][876]LogBlueprintActionDatabase: Requesting refresh due to module change: HierarchicalLODUtilities (loaded)
[2019.07.07-17.39.45:092][918]LogSlate: Window 'Pickup_BP' being destroyed
[2019.07.07-17.39.45:101][918]LogSlate: Window 'Pickup_BP' being destroyed
[2019.07.07-17.39.45:394][931]LogSlate: Took 0.000510 seconds to synchronously load lazily loaded font '../../../Engine/Content/Slate/Fonts/Roboto-Italic.ttf' (157K)
[2019.07.07-17.39.46:257][983]LogEditorViewport: Clicking on Actor (LMB): Interactable_BP_C (Interactable_BP)
[2019.07.07-17.39.48:260][100]LogSlate: FSceneViewport::OnFocusLost() reason 2
[2019.07.07-17.39.49:802][191]LogEditorViewport: Clicking on Actor (LMB): Pickup_BP_C (Pickup_BP)
[2019.07.07-17.39.50:633][238]LogSlate: FSceneViewport::OnFocusLost() reason 2
[2019.07.07-17.39.52:125][326]LogSlate: FSceneViewport::OnFocusLost() reason 2
[2019.07.07-17.39.52:214][326]LogUObjectHash: Compacting FUObjectHashTables data took   6.21ms
[2019.07.07-17.39.52:440][326]LogSavePackage: Moving '../../../../../../Users/Chris/Documents/Descend/Descend-Into-Darkness/DescendIntoDarkness/Saved/SideScrollerExampleMap8B8AA9684BC71B0415C3D680CE56AE98.tmp' to '../../../../../../Users/Chris/Documents/Descend/Descend-Into-Darkness/DescendIntoDarkness/Content/SideScrollerCPP/Maps/SideScrollerExampleMap.umap'
[2019.07.07-17.39.52:619][326]LogSavePackage: Moving '../../../../../../Users/Chris/Documents/Descend/Descend-Into-Darkness/DescendIntoDarkness/Saved/SideScrollerExampleMap_BuiltData1D4EDAD8455D87C627C0F68591D7D8E8.tmp' to '../../../../../../Users/Chris/Documents/Descend/Descend-Into-Darkness/DescendIntoDarkness/Content/SideScrollerCPP/Maps/SideScrollerExampleMap_BuiltData.uasset'
[2019.07.07-17.39.53:550][380]LogSlate: FSceneViewport::OnFocusLost() reason 0
[2019.07.07-17.39.53:616][384]LogTemp: Repeating last play command: Selected Viewport
[2019.07.07-17.39.53:636][384]LogBlueprintUserMessages: Early PlayInEditor Detection: Level '/Game/SideScrollerCPP/Maps/SideScrollerExampleMap.SideScrollerExampleMap:PersistentLevel' has LevelScriptBlueprint '/Game/SideScrollerCPP/Maps/SideScrollerExampleMap.SideScrollerExampleMap:PersistentLevel.SideScrollerExampleMap' with GeneratedClass '/Game/SideScrollerCPP/Maps/SideScrollerExampleMap.SideScrollerExampleMap_C' with ClassGeneratedBy '/Game/SideScrollerCPP/Maps/SideScrollerExampleMap.SideScrollerExampleMap:PersistentLevel.SideScrollerExampleMap'
[2019.07.07-17.39.53:636][384]LogPlayLevel: PlayLevel: No blueprints needed recompiling
[2019.07.07-17.39.53:636][384]PIE: New page: PIE session: SideScrollerExampleMap (Jul 7, 2019, 3:39:53 AM)
[2019.07.07-17.39.53:636][384]LogPlayLevel: Creating play world package: /Game/SideScrollerCPP/Maps/UEDPIE_0_SideScrollerExampleMap
[2019.07.07-17.39.53:658][384]LogPlayLevel: PIE: StaticDuplicateObject took: (0.021094s)
[2019.07.07-17.39.53:659][384]LogAIModule: Creating AISystem for world SideScrollerExampleMap
[2019.07.07-17.39.53:659][384]LogPlayLevel: PIE: World Init took: (0.001495s)
[2019.07.07-17.39.53:659][384]LogPlayLevel: PIE: Created PIE world by copying editor world from /Game/SideScrollerCPP/Maps/SideScrollerExampleMap.SideScrollerExampleMap to /Game/SideScrollerCPP/Maps/UEDPIE_0_SideScrollerExampleMap.SideScrollerExampleMap (0.022910s)
[2019.07.07-17.39.53:718][384]LogUObjectHash: Compacting FUObjectHashTables data took   4.33ms
[2019.07.07-17.39.53:728][384]LogInit: XAudio2 using 'Speakers (Realtek High Definition Audio)' : 2 channels at 48 kHz using 32 bits per sample (channel mask 0x3)
[2019.07.07-17.39.53:804][384]LogInit: FAudioDevice initialized.
[2019.07.07-17.39.53:833][384]LogLoad: Game class is 'DescendIntoDarknessGameMode'
[2019.07.07-17.39.53:837][384]LogWorld: Bringing World /Game/SideScrollerCPP/Maps/UEDPIE_0_SideScrollerExampleMap.SideScrollerExampleMap up for play (max tick rate 60) at 2019.07.07-10.39.53
[2019.07.07-17.39.53:838][384]LogWorld: Bringing up level for play took: 0.003598
[2019.07.07-17.39.53:852][384]PIE: Play in editor start time for /Game/SideScrollerCPP/Maps/UEDPIE_0_SideScrollerExampleMap -0.22
[2019.07.07-17.39.53:852][384]LogBlueprintUserMessages: Late PlayInEditor Detection: Level '/Game/SideScrollerCPP/Maps/SideScrollerExampleMap.SideScrollerExampleMap:PersistentLevel' has LevelScriptBlueprint '/Game/SideScrollerCPP/Maps/SideScrollerExampleMap.SideScrollerExampleMap:PersistentLevel.SideScrollerExampleMap' with GeneratedClass '/Game/SideScrollerCPP/Maps/SideScrollerExampleMap.SideScrollerExampleMap_C' with ClassGeneratedBy '/Game/SideScrollerCPP/Maps/SideScrollerExampleMap.SideScrollerExampleMap:PersistentLevel.SideScrollerExampleMap'
[2019.07.07-17.39.56:328][530]LogBlueprintUserMessages: Early EndPlayMap Detection: Level '/Game/SideScrollerCPP/Maps/SideScrollerExampleMap.SideScrollerExampleMap:PersistentLevel' has LevelScriptBlueprint '/Game/SideScrollerCPP/Maps/SideScrollerExampleMap.SideScrollerExampleMap:PersistentLevel.SideScrollerExampleMap' with GeneratedClass '/Game/SideScrollerCPP/Maps/SideScrollerExampleMap.SideScrollerExampleMap_C' with ClassGeneratedBy '/Game/SideScrollerCPP/Maps/SideScrollerExampleMap.SideScrollerExampleMap:PersistentLevel.SideScrollerExampleMap'
[2019.07.07-17.39.56:328][530]LogSlate: Updating window title bar state: overlay mode, drag disabled, window buttons hidden, title bar hidden
[2019.07.07-17.39.56:356][530]LogPlayLevel: Display: Shutting down PIE online subsystems
[2019.07.07-17.39.56:356][530]LogBlueprintUserMessages: Late EndPlayMap Detection: Level '/Game/SideScrollerCPP/Maps/SideScrollerExampleMap.SideScrollerExampleMap:PersistentLevel' has LevelScriptBlueprint '/Game/SideScrollerCPP/Maps/SideScrollerExampleMap.SideScrollerExampleMap:PersistentLevel.SideScrollerExampleMap' with GeneratedClass '/Game/SideScrollerCPP/Maps/SideScrollerExampleMap.SideScrollerExampleMap_C' with ClassGeneratedBy '/Game/SideScrollerCPP/Maps/SideScrollerExampleMap.SideScrollerExampleMap:PersistentLevel.SideScrollerExampleMap'
[2019.07.07-17.39.56:396][530]LogSlate: Updating window title bar state: overlay mode, drag disabled, window buttons hidden, title bar hidden
[2019.07.07-17.39.56:401][530]LogUObjectHash: Compacting FUObjectHashTables data took   3.00ms
[2019.07.07-17.39.56:438][531]LogPlayLevel: Display: Destroying online subsystem :Context_5
[2019.07.07-17.39.57:161][574]LogSlate: FSceneViewport::OnFocusLost() reason 2
[2019.07.07-17.39.57:197][574]LogUObjectHash: Compacting FUObjectHashTables data took   0.98ms
[2019.07.07-17.39.57:458][574]LogSavePackage: Moving '../../../../../../Users/Chris/Documents/Descend/Descend-Into-Darkness/DescendIntoDarkness/Saved/SideScrollerExampleMapCC72679C4020D09DB699BA98C1D142FF.tmp' to '../../../../../../Users/Chris/Documents/Descend/Descend-Into-Darkness/DescendIntoDarkness/Content/SideScrollerCPP/Maps/SideScrollerExampleMap.umap'
[2019.07.07-17.39.57:613][574]LogSavePackage: Moving '../../../../../../Users/Chris/Documents/Descend/Descend-Into-Darkness/DescendIntoDarkness/Saved/SideScrollerExampleMap_BuiltDataECE1D61A4F6BC1231C9F0AAD284F8F3F.tmp' to '../../../../../../Users/Chris/Documents/Descend/Descend-Into-Darkness/DescendIntoDarkness/Content/SideScrollerCPP/Maps/SideScrollerExampleMap_BuiltData.uasset'
[2019.07.07-17.39.58:188][607]LogSlate: FSceneViewport::OnFocusLost() reason 0
[2019.07.07-17.39.58:270][612]LogTemp: Repeating last play command: Selected Viewport
[2019.07.07-17.39.58:287][612]LogBlueprintUserMessages: Early PlayInEditor Detection: Level '/Game/SideScrollerCPP/Maps/SideScrollerExampleMap.SideScrollerExampleMap:PersistentLevel' has LevelScriptBlueprint '/Game/SideScrollerCPP/Maps/SideScrollerExampleMap.SideScrollerExampleMap:PersistentLevel.SideScrollerExampleMap' with GeneratedClass '/Game/SideScrollerCPP/Maps/SideScrollerExampleMap.SideScrollerExampleMap_C' with ClassGeneratedBy '/Game/SideScrollerCPP/Maps/SideScrollerExampleMap.SideScrollerExampleMap:PersistentLevel.SideScrollerExampleMap'
[2019.07.07-17.39.58:287][612]LogPlayLevel: PlayLevel: No blueprints needed recompiling
[2019.07.07-17.39.58:287][612]PIE: New page: PIE session: SideScrollerExampleMap (Jul 7, 2019, 3:39:58 AM)
[2019.07.07-17.39.58:287][612]LogPlayLevel: Creating play world package: /Game/SideScrollerCPP/Maps/UEDPIE_0_SideScrollerExampleMap
[2019.07.07-17.39.58:305][612]LogPlayLevel: PIE: StaticDuplicateObject took: (0.018131s)
[2019.07.07-17.39.58:306][612]LogAIModule: Creating AISystem for world SideScrollerExampleMap
[2019.07.07-17.39.58:306][612]LogPlayLevel: PIE: World Init took: (0.000900s)
[2019.07.07-17.39.58:306][612]LogPlayLevel: PIE: Created PIE world by copying editor world from /Game/SideScrollerCPP/Maps/SideScrollerExampleMap.SideScrollerExampleMap to /Game/SideScrollerCPP/Maps/UEDPIE_0_SideScrollerExampleMap.SideScrollerExampleMap (0.019247s)
[2019.07.07-17.39.58:341][612]LogUObjectHash: Compacting FUObjectHashTables data took   3.32ms
[2019.07.07-17.39.58:350][612]LogInit: XAudio2 using 'Speakers (Realtek High Definition Audio)' : 2 channels at 48 kHz using 32 bits per sample (channel mask 0x3)
[2019.07.07-17.39.58:420][612]LogInit: FAudioDevice initialized.
[2019.07.07-17.39.58:451][612]LogLoad: Game class is 'DescendIntoDarknessGameMode'
[2019.07.07-17.39.58:454][612]LogWorld: Bringing World /Game/SideScrollerCPP/Maps/UEDPIE_0_SideScrollerExampleMap.SideScrollerExampleMap up for play (max tick rate 60) at 2019.07.07-10.39.58
[2019.07.07-17.39.58:454][612]LogWorld: Bringing up level for play took: 0.002452
[2019.07.07-17.39.58:468][612]PIE: Play in editor start time for /Game/SideScrollerCPP/Maps/UEDPIE_0_SideScrollerExampleMap 0.396
[2019.07.07-17.39.58:468][612]LogBlueprintUserMessages: Late PlayInEditor Detection: Level '/Game/SideScrollerCPP/Maps/SideScrollerExampleMap.SideScrollerExampleMap:PersistentLevel' has LevelScriptBlueprint '/Game/SideScrollerCPP/Maps/SideScrollerExampleMap.SideScrollerExampleMap:PersistentLevel.SideScrollerExampleMap' with GeneratedClass '/Game/SideScrollerCPP/Maps/SideScrollerExampleMap.SideScrollerExampleMap_C' with ClassGeneratedBy '/Game/SideScrollerCPP/Maps/SideScrollerExampleMap.SideScrollerExampleMap:PersistentLevel.SideScrollerExampleMap'
[2019.07.07-17.40.00:750][747]LogClass: OverlappingActors: 3
[2019.07.07-17.40.00:750][747]LogClass: You have collected Pickup_BP_2
[2019.07.07-17.40.03:041][884]LogClass: OverlappingActors: 2
[2019.07.07-17.40.03:041][884]LogClass: You have collected Interactable_BP_2
[2019.07.07-17.40.03:925][937]LogClass: OverlappingActors: 1
[2019.07.07-17.40.03:925][937]LogOutputDevice: Warning: 

Script Stack (0 frames):

[2019.07.07-17.40.03:925][937]LogWindows: Windows GetLastError: The operation completed successfully. (0)
[2019.07.07-17.40.06:890][937]LogWindows: Error: === Critical error: ===
[2019.07.07-17.40.06:890][937]LogWindows: Error: 
[2019.07.07-17.40.06:890][937]LogWindows: Error: Assertion failed: (Index >= 0) & (Index < ArrayNum) [File:C:\Program Files\Epic Games\UE_4.22\Engine\Source\Runtime\Core\Public\Containers/Array.h] [Line: 611] 
[2019.07.07-17.40.06:890][937]LogWindows: Error: Array index out of bounds: 1 from an array of size 1
[2019.07.07-17.40.06:890][937]LogWindows: Error: 
[2019.07.07-17.40.06:890][937]LogWindows: Error: 
[2019.07.07-17.40.06:890][937]LogWindows: Error: [Callstack] 0x00007ffbed39a388 KERNELBASE.dll!UnknownFunction []
[2019.07.07-17.40.06:890][937]LogWindows: Error: [Callstack] 0x00007ffbb43b1f37 UE4Editor-Core.dll!UnknownFunction []
[2019.07.07-17.40.06:890][937]LogWindows: Error: [Callstack] 0x00007ffbb43b46e7 UE4Editor-Core.dll!UnknownFunction []
[2019.07.07-17.40.06:890][937]LogWindows: Error: [Callstack] 0x00007ffbb41c7d1a UE4Editor-Core.dll!UnknownFunction []
[2019.07.07-17.40.06:890][937]LogWindows: Error: [Callstack] 0x00007ffbb414fe33 UE4Editor-Core.dll!UnknownFunction []
[2019.07.07-17.40.06:890][937]LogWindows: Error: [Callstack] 0x00007ffbb41504d0 UE4Editor-Core.dll!UnknownFunction []
[2019.07.07-17.40.06:890][937]LogWindows: Error: [Callstack] 0x00007ffb8121d218 UE4Editor-DescendIntoDarkness-6108.dll!DispatchCheckVerify<void,<lambda_ef1b70b240925f16812d3f3169409cf0> >() [C:\Program Files\Epic Games\UE_4.22\Engine\Source\Runtime\Core\Public\Misc\AssertionMacros.h:162]
[2019.07.07-17.40.06:890][937]LogWindows: Error: [Callstack] 0x00007ffb81214197 UE4Editor-DescendIntoDarkness-6108.dll!ADescendIntoDarknessCharacter::CheckForInteractables() [C:\Users\Chris\Documents\Descend\Descend-Into-Darkness\DescendIntoDarkness\Source\DescendIntoDarkness\DescendIntoDarknessCharacter.cpp:78]
[2019.07.07-17.40.06:890][937]LogWindows: Error: [Callstack] 0x00007ffb95df6ac7 UE4Editor-Engine.dll!UnknownFunction []
[2019.07.07-17.40.06:890][937]LogWindows: Error: [Callstack] 0x00007ffb95e20ef1 UE4Editor-Engine.dll!UnknownFunction []
[2019.07.07-17.40.06:890][937]LogWindows: Error: [Callstack] 0x00007ffb95990dc4 UE4Editor-Engine.dll!UnknownFunction []
[2019.07.07-17.40.06:890][937]LogWindows: Error: [Callstack] 0x00007ffb959a3c88 UE4Editor-Engine.dll!UnknownFunction []
[2019.07.07-17.40.06:890][937]LogWindows: Error: [Callstack] 0x00007ffb9598f1cb UE4Editor-Engine.dll!UnknownFunction []
[2019.07.07-17.40.06:890][937]LogWindows: Error: [Callstack] 0x00007ffb959a2697 UE4Editor-Engine.dll!UnknownFunction []
[2019.07.07-17.40.06:890][937]LogWindows: Error: [Callstack] 0x00007ffb94d8aeed UE4Editor-Engine.dll!UnknownFunction []
[2019.07.07-17.40.06:890][937]LogWindows: Error: [Callstack] 0x00007ffb95d472bc UE4Editor-Engine.dll!UnknownFunction []
[2019.07.07-17.40.06:891][937]LogWindows: Error: [Callstack] 0x00007ffbb3fd22d8 UE4Editor-Core.dll!UnknownFunction []
[2019.07.07-17.40.06:891][937]LogWindows: Error: [Callstack] 0x00007ffbb3fd2563 UE4Editor-Core.dll!UnknownFunction []
[2019.07.07-17.40.06:891][937]LogWindows: Error: [Callstack] 0x00007ffbb3fe2309 UE4Editor-Core.dll!UnknownFunction []
[2019.07.07-17.40.06:891][937]LogWindows: Error: [Callstack] 0x00007ffb95d8f9e3 UE4Editor-Engine.dll!UnknownFunction []
[2019.07.07-17.40.06:891][937]LogWindows: Error: [Callstack] 0x00007ffb95d9bd12 UE4Editor-Engine.dll!UnknownFunction []
[2019.07.07-17.40.06:891][937]LogWindows: Error: [Callstack] 0x00007ffb955bdc4f UE4Editor-Engine.dll!UnknownFunction []
[2019.07.07-17.40.06:891][937]LogWindows: Error: [Callstack] 0x00007ffb955c7e28 UE4Editor-Engine.dll!UnknownFunction []
[2019.07.07-17.40.06:891][937]LogWindows: Error: [Callstack] 0x00007ffb999402f7 UE4Editor-UnrealEd.dll!UnknownFunction []
[2019.07.07-17.40.06:891][937]LogWindows: Error: [Callstack] 0x00007ffb9a15d396 UE4Editor-UnrealEd.dll!UnknownFunction []
[2019.07.07-17.40.06:891][937]LogWindows: Error: [Callstack] 0x00007ff6b4526bb1 UE4Editor.exe!UnknownFunction []
[2019.07.07-17.40.06:891][937]LogWindows: Error: [Callstack] 0x00007ff6b453554c UE4Editor.exe!UnknownFunction []
[2019.07.07-17.40.06:891][937]LogWindows: Error: [Callstack] 0x00007ff6b45355ca UE4Editor.exe!UnknownFunction []
[2019.07.07-17.40.06:891][937]LogWindows: Error: [Callstack] 0x00007ff6b454316c UE4Editor.exe!UnknownFunction []
[2019.07.07-17.40.06:891][937]LogWindows: Error: [Callstack] 0x00007ff6b4545b8e UE4Editor.exe!UnknownFunction []
[2019.07.07-17.40.06:891][937]LogWindows: Error: [Callstack] 0x00007ffbf09d4034 KERNEL32.DLL!UnknownFunction []
[2019.07.07-17.40.06:891][937]LogWindows: Error: [Callstack] 0x00007ffbf0b23691 ntdll.dll!UnknownFunction []
[2019.07.07-17.40.06:891][937]LogWindows: Error: 
[2019.07.07-17.40.06:906][937]LogExit: Executing StaticShutdownAfterError
[2019.07.07-17.40.06:909][937]LogWindows: FPlatformMisc::RequestExit(1)
[2019.07.07-17.40.06:921][937]Log file closed, 07/07/19 10:40:06
