Log file open, 07/07/19 10:46:58
LogWindows: Failed to load 'aqProf.dll' (GetLastError=126)
LogWindows: File 'aqProf.dll' does not exist
LogWindows: Failed to load 'VtuneApi.dll' (GetLastError=126)
LogWindows: File 'VtuneApi.dll' does not exist
LogWindows: Failed to load 'VtuneApi32e.dll' (GetLastError=126)
LogWindows: File 'VtuneApi32e.dll' does not exist
LogConsoleResponse: Display: Failed to find resolution value strings in scalability ini. Falling back to default.
LogInit: Display: Running engine for game: DescendIntoDarkness
LogPakFile: Registered encryption key '00000000000000000000000000000000': 0 pak files mounted, 0 remain pending
LogPlatformFile: Not using cached read wrapper
LogTaskGraph: Started task graph with 5 named threads and 23 total threads with 3 sets of task threads.
LogStats: Stats thread started at 0.330995
LogD3D11RHI: Loaded GFSDK_Aftermath_Lib.x64.dll
LogICUInternationalization: ICU TimeZone Detection - Raw Offset: -8:00, Platform Override: ''
LogPluginManager: Mounting plugin Paper2D
LogPluginManager: Mounting plugin AISupport
LogPluginManager: Mounting plugin LightPropagationVolume
LogPluginManager: Mounting plugin ActorLayerUtilities
LogPluginManager: Mounting plugin AnimationSharing
LogPluginManager: Mounting plugin CLionSourceCodeAccess
LogPluginManager: Mounting plugin CodeLiteSourceCodeAccess
LogPluginManager: Mounting plugin GitSourceControl
LogPluginManager: Mounting plugin KDevelopSourceCodeAccess
LogPluginManager: Mounting plugin NullSourceCodeAccess
LogPluginManager: Mounting plugin PerforceSourceControl
LogPluginManager: Mounting plugin SubversionSourceControl
LogPluginManager: Mounting plugin UObjectPlugin
LogPluginManager: Mounting plugin VisualStudioCodeSourceCodeAccess
LogPluginManager: Mounting plugin VisualStudioSourceCodeAccess
LogPluginManager: Mounting plugin XCodeSourceCodeAccess
LogPluginManager: Mounting plugin AssetManagerEditor
LogPluginManager: Mounting plugin CryptoKeys
LogPluginManager: Mounting plugin DataValidation
LogPluginManager: Mounting plugin FacialAnimation
LogPluginManager: Mounting plugin GameplayTagsEditor
LogPluginManager: Mounting plugin MacGraphicsSwitching
LogPluginManager: Mounting plugin MaterialAnalyzer
LogPluginManager: Mounting plugin MobileLauncherProfileWizard
LogPluginManager: Mounting plugin PluginBrowser
LogPluginManager: Mounting plugin SpeedTreeImporter
LogPluginManager: Mounting plugin DatasmithContent
LogPluginManager: Mounting plugin VariantManagerContent
LogPluginManager: Mounting plugin AlembicImporter
LogPluginManager: Mounting plugin AppleImageUtils
LogPluginManager: Mounting plugin AppleVision
LogPluginManager: Mounting plugin BackChannel
LogPluginManager: Mounting plugin CharacterAI
LogPluginManager: Mounting plugin GeometryCache
LogPluginManager: Mounting plugin HTML5Networking
LogPluginManager: Mounting plugin ProxyLODPlugin
LogPluginManager: Mounting plugin SkeletalReduction
LogPluginManager: Mounting plugin MagicLeap
LogPluginManager: Mounting plugin MagicLeapMedia
LogPluginManager: Mounting plugin AndroidMedia
LogPluginManager: Mounting plugin AvfMedia
LogPluginManager: Mounting plugin ImgMedia
LogPluginManager: Mounting plugin LinearTimecode
LogPluginManager: Mounting plugin MediaCompositing
LogPluginManager: Mounting plugin MediaPlayerEditor
LogPluginManager: Mounting plugin WebMMedia
LogPluginManager: Mounting plugin WmfMedia
LogPluginManager: Mounting plugin TcpMessaging
LogPluginManager: Mounting plugin UdpMessaging
LogPluginManager: Mounting plugin ActorSequence
LogPluginManager: Mounting plugin LevelSequenceEditor
LogPluginManager: Mounting plugin MatineeToLevelSequence
LogPluginManager: Mounting plugin NetcodeUnitTest
LogPluginManager: Mounting plugin NUTUnrealEngine4
LogPluginManager: Mounting plugin OnlineSubsystemGooglePlay
LogPluginManager: Mounting plugin OnlineSubsystemIOS
LogPluginManager: Mounting plugin OnlineSubsystem
LogPluginManager: Mounting plugin OnlineSubsystemNull
LogPluginManager: Mounting plugin OnlineSubsystemUtils
LogPluginManager: Mounting plugin LauncherChunkInstaller
LogPluginManager: Mounting plugin AndroidDeviceProfileSelector
LogPluginManager: Mounting plugin AndroidMoviePlayer
LogPluginManager: Mounting plugin AndroidPermission
LogPluginManager: Mounting plugin AppleMoviePlayer
LogPluginManager: Mounting plugin ArchVisCharacter
LogPluginManager: Mounting plugin AudioCapture
LogPluginManager: Mounting plugin CableComponent
LogPluginManager: Mounting plugin CustomMeshComponent
LogPluginManager: Mounting plugin EditableMesh
LogPluginManager: Mounting plugin ExampleDeviceProfileSelector
LogPluginManager: Mounting plugin Firebase
LogPluginManager: Mounting plugin GoogleCloudMessaging
LogPluginManager: Mounting plugin IOSDeviceProfileSelector
LogPluginManager: Mounting plugin LinuxDeviceProfileSelector
LogPluginManager: Mounting plugin LocationServicesBPLibrary
LogPluginManager: Mounting plugin MobilePatchingUtils
LogPluginManager: Mounting plugin OculusVR
LogPluginManager: Mounting plugin PhysXVehicles
LogPluginManager: Mounting plugin ProceduralMeshComponent
LogPluginManager: Mounting plugin RuntimePhysXCooking
LogPluginManager: Mounting plugin SignificanceManager
LogPluginManager: Mounting plugin SteamVR
LogPluginManager: Mounting plugin WebMMoviePlayer
LogPluginManager: Mounting plugin WindowsMoviePlayer
LogInit: Using libcurl 7.55.1-DEV
LogInit:  - built for x86_64-pc-win32
LogInit:  - supports SSL with OpenSSL/1.1.1
LogInit:  - supports HTTP deflate (compression) using libz 1.2.8
LogInit:  - other features:
LogInit:      CURL_VERSION_SSL
LogInit:      CURL_VERSION_LIBZ
LogInit:      CURL_VERSION_IPV6
LogInit:      CURL_VERSION_ASYNCHDNS
LogInit:      CURL_VERSION_LARGEFILE
LogInit:      CURL_VERSION_IDN
LogInit:  CurlRequestOptions (configurable via config and command line):
LogInit:  - bVerifyPeer = true  - Libcurl will verify peer certificate
LogInit:  - bUseHttpProxy = false  - Libcurl will NOT use HTTP proxy
LogInit:  - bDontReuseConnections = false  - Libcurl will reuse connections
LogInit:  - MaxHostConnections = 16  - Libcurl will limit the number of connections to a host
LogInit:  - LocalHostAddr = Default
LogInit:  - BufferSize = 65536
LogInit: WinSock: version 1.1 (2.2), MaxSocks=32767, MaxUdp=65467
LogInit: Build: ++UE4+Release-4.22-CL-7053642
LogInit: Engine Version: 4.22.3-7053642+++UE4+Release-4.22
LogInit: Compatible Engine Version: 4.22.0-5660361+++UE4+Release-4.22
LogInit: Net CL: 5660361
LogInit: OS: Windows 10 (Release 1803) (), CPU: Intel(R) Core(TM) i7-6700HQ CPU @ 2.60GHz, GPU: NVIDIA GeForce GTX 1060
LogInit: Compiled (64-bit): Jun 18 2019 03:09:11
LogInit: Compiled with Visual C++: 19.16.27025.01
LogInit: Build Configuration: Development
LogInit: Branch Name: ++UE4+Release-4.22
LogInit: Command Line: 
LogInit: Base Directory: C:/Program Files/Epic Games/UE_4.22/Engine/Binaries/Win64/
LogInit: Installed Engine Build: 1
LogDevObjectVersion: Number of dev versions registered: 23
LogDevObjectVersion:   Dev-Blueprints (B0D832E4-1F89-4F0D-ACCF-7EB736FD4AA2): 10
LogDevObjectVersion:   Dev-Build (E1C64328-A22C-4D53-A36C-8E866417BD8C): 0
LogDevObjectVersion:   Dev-Core (375EC13C-06E4-48FB-B500-84F0262A717E): 3
LogDevObjectVersion:   Dev-Editor (E4B068ED-F494-42E9-A231-DA0B2E46BB41): 30
LogDevObjectVersion:   Dev-Framework (CFFC743F-43B0-4480-9391-14DF171D2073): 35
LogDevObjectVersion:   Dev-Mobile (B02B49B5-BB20-44E9-A304-32B752E40360): 2
LogDevObjectVersion:   Dev-Networking (A4E4105C-59A1-49B5-A7C5-40C4547EDFEE): 0
LogDevObjectVersion:   Dev-Online (39C831C9-5AE6-47DC-9A44-9C173E1C8E7C): 0
LogDevObjectVersion:   Dev-Physics (78F01B33-EBEA-4F98-B9B4-84EACCB95AA2): 0
LogDevObjectVersion:   Dev-Platform (6631380F-2D4D-43E0-8009-CF276956A95A): 0
LogDevObjectVersion:   Dev-Rendering (12F88B9F-8875-4AFC-A67C-D90C383ABD29): 28
LogDevObjectVersion:   Dev-Sequencer (7B5AE74C-D270-4C10-A958-57980B212A5A): 11
LogDevObjectVersion:   Dev-VR (D7296918-1DD6-4BDD-9DE2-64A83CC13884): 2
LogDevObjectVersion:   Dev-LoadTimes (C2A15278-BFE7-4AFE-6C17-90FF531DF755): 1
LogDevObjectVersion:   Private-Geometry (6EACA3D4-40EC-4CC1-B786-8BED09428FC5): 3
LogDevObjectVersion:   Dev-AnimPhys (29E575DD-E0A3-4627-9D10-D276232CDCEA): 17
LogDevObjectVersion:   Dev-Anim (AF43A65D-7FD3-4947-9873-3E8ED9C1BB05): 2
LogDevObjectVersion:   Dev-ReflectionCapture (6B266CEC-1EC7-4B8F-A30B-E4D90942FC07): 1
LogDevObjectVersion:   Dev-Automation (0DF73D61-A23F-47EA-B727-89E90C41499A): 1
LogDevObjectVersion:   FortniteMain (601D1886-AC64-4F84-AA16-D3DE0DEAC7D6): 25
LogDevObjectVersion:   Dev-Enterprise (9DFFBCD6-494F-0158-E221-12823C92A888): 6
LogDevObjectVersion:   Dev-Niagara (F2AED0AC-9AFE-416F-8664-AA7FFA26D6FC): 1
LogDevObjectVersion:   Dev-Destruction (174F1F0B-B4C6-45A5-B13F-2EE8D0FB917D): 2
LogInit: Presizing for max 16777216 objects, including 0 objects not considered by GC, pre-allocating 0 bytes for permanent pool.
LogInit: Object subsystem initialized
LogConfig: Setting CVar [[con.DebugEarlyDefault:1]]
LogConfig: Setting CVar [[r.setres:1280x720]]
[2019.07.07-17.46.58:843][  0]LogConfig: Setting CVar [[r.VSync:0]]
[2019.07.07-17.46.58:843][  0]LogConfig: Setting CVar [[r.RHICmdBypass:0]]
[2019.07.07-17.46.58:843][  0]LogConfig: Applying CVar settings from Section [/Script/Engine.RendererSettings] File [C:/Users/Chris/Documents/Descend/Descend-Into-Darkness/DescendIntoDarkness/Saved/Config/Windows/Engine.ini]
[2019.07.07-17.46.58:843][  0]LogConfig: Setting CVar [[r.GPUCrashDebugging:0]]
[2019.07.07-17.46.58:843][  0]LogConfig: Applying CVar settings from Section [/Script/Engine.RendererOverrideSettings] File [C:/Users/Chris/Documents/Descend/Descend-Into-Darkness/DescendIntoDarkness/Saved/Config/Windows/Engine.ini]
[2019.07.07-17.46.58:843][  0]LogConfig: Applying CVar settings from Section [/Script/Engine.StreamingSettings] File [C:/Users/Chris/Documents/Descend/Descend-Into-Darkness/DescendIntoDarkness/Saved/Config/Windows/Engine.ini]
[2019.07.07-17.46.58:843][  0]LogConfig: Setting CVar [[s.MinBulkDataSizeForAsyncLoading:131072]]
[2019.07.07-17.46.58:843][  0]LogConfig: Setting CVar [[s.AsyncLoadingThreadEnabled:0]]
[2019.07.07-17.46.58:843][  0]LogConfig: Setting CVar [[s.EventDrivenLoaderEnabled:1]]
[2019.07.07-17.46.58:843][  0]LogConfig: Setting CVar [[s.WarnIfTimeLimitExceeded:0]]
[2019.07.07-17.46.58:843][  0]LogConfig: Setting CVar [[s.TimeLimitExceededMultiplier:1.5]]
[2019.07.07-17.46.58:843][  0]LogConfig: Setting CVar [[s.TimeLimitExceededMinTime:0.005]]
[2019.07.07-17.46.58:843][  0]LogConfig: Setting CVar [[s.UseBackgroundLevelStreaming:1]]
[2019.07.07-17.46.58:843][  0]LogConfig: Setting CVar [[s.PriorityAsyncLoadingExtraTime:15.0]]
[2019.07.07-17.46.58:843][  0]LogConfig: Setting CVar [[s.LevelStreamingActorsUpdateTimeLimit:5.0]]
[2019.07.07-17.46.58:843][  0]LogConfig: Setting CVar [[s.PriorityLevelStreamingActorsUpdateExtraTime:5.0]]
[2019.07.07-17.46.58:843][  0]LogConfig: Setting CVar [[s.LevelStreamingComponentsRegistrationGranularity:10]]
[2019.07.07-17.46.58:843][  0]LogConfig: Setting CVar [[s.UnregisterComponentsTimeLimit:1.0]]
[2019.07.07-17.46.58:843][  0]LogConfig: Setting CVar [[s.LevelStreamingComponentsUnregistrationGranularity:5]]
[2019.07.07-17.46.58:843][  0]LogConfig: Applying CVar settings from Section [/Script/Engine.GarbageCollectionSettings] File [C:/Users/Chris/Documents/Descend/Descend-Into-Darkness/DescendIntoDarkness/Saved/Config/Windows/Engine.ini]
[2019.07.07-17.46.58:843][  0]LogConfig: Setting CVar [[gc.MaxObjectsNotConsideredByGC:1]]
[2019.07.07-17.46.58:843][  0]LogConfig: Setting CVar [[gc.SizeOfPermanentObjectPool:0]]
[2019.07.07-17.46.58:843][  0]LogConfig: Setting CVar [[gc.FlushStreamingOnGC:0]]
[2019.07.07-17.46.58:843][  0]LogConfig: Setting CVar [[gc.NumRetriesBeforeForcingGC:10]]
[2019.07.07-17.46.58:843][  0]LogConfig: Setting CVar [[gc.AllowParallelGC:1]]
[2019.07.07-17.46.58:843][  0]LogConfig: Setting CVar [[gc.TimeBetweenPurgingPendingKillObjects:61.1]]
[2019.07.07-17.46.58:843][  0]LogConfig: Setting CVar [[gc.MaxObjectsInEditor:16777216]]
[2019.07.07-17.46.58:843][  0]LogConfig: Setting CVar [[gc.IncrementalBeginDestroyEnabled:1]]
[2019.07.07-17.46.58:843][  0]LogConfig: Setting CVar [[gc.CreateGCClusters:1]]
[2019.07.07-17.46.58:843][  0]LogConfig: Setting CVar [[gc.MinGCClusterSize:5]]
[2019.07.07-17.46.58:843][  0]LogConfig: Setting CVar [[gc.ActorClusteringEnabled:0]]
[2019.07.07-17.46.58:843][  0]LogConfig: Setting CVar [[gc.BlueprintClusteringEnabled:0]]
[2019.07.07-17.46.58:843][  0]LogConfig: Setting CVar [[gc.UseDisregardForGCOnDedicatedServers:0]]
[2019.07.07-17.46.58:843][  0]LogConfig: Applying CVar settings from Section [/Script/Engine.NetworkSettings] File [C:/Users/Chris/Documents/Descend/Descend-Into-Darkness/DescendIntoDarkness/Saved/Config/Windows/Engine.ini]
[2019.07.07-17.46.58:843][  0]LogConfig: Applying CVar settings from Section [/Script/UnrealEd.CookerSettings] File [C:/Users/Chris/Documents/Descend/Descend-Into-Darkness/DescendIntoDarkness/Saved/Config/Windows/Engine.ini]
[2019.07.07-17.46.58:850][  0]LogConfig: Applying CVar settings from Section [ViewDistanceQuality@3] File [C:/Users/Chris/Documents/Descend/Descend-Into-Darkness/DescendIntoDarkness/Saved/Config/Windows/Scalability.ini]
[2019.07.07-17.46.58:850][  0]LogConfig: Setting CVar [[r.SkeletalMeshLODBias:0]]
[2019.07.07-17.46.58:850][  0]LogConfig: Setting CVar [[r.ViewDistanceScale:1.0]]
[2019.07.07-17.46.58:850][  0]LogConfig: Applying CVar settings from Section [AntiAliasingQuality@3] File [C:/Users/Chris/Documents/Descend/Descend-Into-Darkness/DescendIntoDarkness/Saved/Config/Windows/Scalability.ini]
[2019.07.07-17.46.58:850][  0]LogConfig: Setting CVar [[r.PostProcessAAQuality:4]]
[2019.07.07-17.46.58:850][  0]LogConfig: Applying CVar settings from Section [ShadowQuality@3] File [C:/Users/Chris/Documents/Descend/Descend-Into-Darkness/DescendIntoDarkness/Saved/Config/Windows/Scalability.ini]
[2019.07.07-17.46.58:850][  0]LogConfig: Setting CVar [[r.LightFunctionQuality:1]]
[2019.07.07-17.46.58:850][  0]LogConfig: Setting CVar [[r.ShadowQuality:5]]
[2019.07.07-17.46.58:850][  0]LogConfig: Setting CVar [[r.Shadow.CSM.MaxCascades:10]]
[2019.07.07-17.46.58:850][  0]LogConfig: Setting CVar [[r.Shadow.MaxResolution:2048]]
[2019.07.07-17.46.58:850][  0]LogConfig: Setting CVar [[r.Shadow.MaxCSMResolution:2048]]
[2019.07.07-17.46.58:850][  0]LogConfig: Setting CVar [[r.Shadow.RadiusThreshold:0.01]]
[2019.07.07-17.46.58:850][  0]LogConfig: Setting CVar [[r.Shadow.DistanceScale:1.0]]
[2019.07.07-17.46.58:850][  0]LogConfig: Setting CVar [[r.Shadow.CSM.TransitionScale:1.0]]
[2019.07.07-17.46.58:850][  0]LogConfig: Setting CVar [[r.Shadow.PreShadowResolutionFactor:1.0]]
[2019.07.07-17.46.58:850][  0]LogConfig: Setting CVar [[r.DistanceFieldShadowing:1]]
[2019.07.07-17.46.58:850][  0]LogConfig: Setting CVar [[r.DistanceFieldAO:1]]
[2019.07.07-17.46.58:850][  0]LogConfig: Setting CVar [[r.AOQuality:2]]
[2019.07.07-17.46.58:850][  0]LogConfig: Setting CVar [[r.VolumetricFog:1]]
[2019.07.07-17.46.58:850][  0]LogConfig: Setting CVar [[r.VolumetricFog.GridPixelSize:8]]
[2019.07.07-17.46.58:850][  0]LogConfig: Setting CVar [[r.VolumetricFog.GridSizeZ:128]]
[2019.07.07-17.46.58:851][  0]LogConfig: Setting CVar [[r.VolumetricFog.HistoryMissSupersampleCount:4]]
[2019.07.07-17.46.58:851][  0]LogConfig: Setting CVar [[r.LightMaxDrawDistanceScale:1]]
[2019.07.07-17.46.58:851][  0]LogConfig: Setting CVar [[r.CapsuleShadows:1]]
[2019.07.07-17.46.58:851][  0]LogConfig: Applying CVar settings from Section [PostProcessQuality@3] File [C:/Users/Chris/Documents/Descend/Descend-Into-Darkness/DescendIntoDarkness/Saved/Config/Windows/Scalability.ini]
[2019.07.07-17.46.58:851][  0]LogConfig: Setting CVar [[r.MotionBlurQuality:4]]
[2019.07.07-17.46.58:851][  0]LogConfig: Setting CVar [[r.AmbientOcclusionMipLevelFactor:0.4]]
[2019.07.07-17.46.58:851][  0]LogConfig: Setting CVar [[r.AmbientOcclusionMaxQuality:100]]
[2019.07.07-17.46.58:851][  0]LogConfig: Setting CVar [[r.AmbientOcclusionLevels:-1]]
[2019.07.07-17.46.58:851][  0]LogConfig: Setting CVar [[r.AmbientOcclusionRadiusScale:1.0]]
[2019.07.07-17.46.58:851][  0]LogConfig: Setting CVar [[r.DepthOfFieldQuality:2]]
[2019.07.07-17.46.58:851][  0]LogConfig: Setting CVar [[r.RenderTargetPoolMin:400]]
[2019.07.07-17.46.58:851][  0]LogConfig: Setting CVar [[r.LensFlareQuality:2]]
[2019.07.07-17.46.58:851][  0]LogConfig: Setting CVar [[r.SceneColorFringeQuality:1]]
[2019.07.07-17.46.58:851][  0]LogConfig: Setting CVar [[r.EyeAdaptationQuality:2]]
[2019.07.07-17.46.58:851][  0]LogConfig: Setting CVar [[r.BloomQuality:5]]
[2019.07.07-17.46.58:851][  0]LogConfig: Setting CVar [[r.FastBlurThreshold:100]]
[2019.07.07-17.46.58:851][  0]LogConfig: Setting CVar [[r.Upscale.Quality:3]]
[2019.07.07-17.46.58:851][  0]LogConfig: Setting CVar [[r.Tonemapper.GrainQuantization:1]]
[2019.07.07-17.46.58:851][  0]LogConfig: Setting CVar [[r.LightShaftQuality:1]]
[2019.07.07-17.46.58:851][  0]LogConfig: Setting CVar [[r.Filter.SizeScale:1]]
[2019.07.07-17.46.58:851][  0]LogConfig: Setting CVar [[r.Tonemapper.Quality:5]]
[2019.07.07-17.46.58:851][  0]LogConfig: Setting CVar [[r.DOF.Gather.AccumulatorQuality:1        ; higher gathering accumulator quality]]
[2019.07.07-17.46.58:851][  0]LogConfig: Setting CVar [[r.DOF.Gather.PostfilterMethod:1          ; Median3x3 postfilering method]]
[2019.07.07-17.46.58:851][  0]LogConfig: Setting CVar [[r.DOF.Gather.EnableBokehSettings:0       ; no bokeh simulation when gathering]]
[2019.07.07-17.46.58:851][  0]LogConfig: Setting CVar [[r.DOF.Gather.RingCount:4                 ; medium number of samples when gathering]]
[2019.07.07-17.46.58:851][  0]LogConfig: Setting CVar [[r.DOF.Scatter.ForegroundCompositing:1    ; additive foreground scattering]]
[2019.07.07-17.46.58:851][  0]LogConfig: Setting CVar [[r.DOF.Scatter.BackgroundCompositing:2    ; additive background scattering]]
[2019.07.07-17.46.58:851][  0]LogConfig: Setting CVar [[r.DOF.Scatter.EnableBokehSettings:1      ; bokeh simulation when scattering]]
[2019.07.07-17.46.58:851][  0]LogConfig: Setting CVar [[r.DOF.Scatter.MaxSpriteRatio:0.1         ; only a maximum of 10% of scattered bokeh]]
[2019.07.07-17.46.58:851][  0]LogConfig: Setting CVar [[r.DOF.Recombine.Quality:1                ; cheap slight out of focus]]
[2019.07.07-17.46.58:851][  0]LogConfig: Setting CVar [[r.DOF.Recombine.EnableBokehSettings:0    ; no bokeh simulation on slight out of focus]]
[2019.07.07-17.46.58:851][  0]LogConfig: Setting CVar [[r.DOF.TemporalAAQuality:1                ; more stable temporal accumulation]]
[2019.07.07-17.46.58:851][  0]LogConfig: Setting CVar [[r.DOF.Kernel.MaxForegroundRadius:0.025]]
[2019.07.07-17.46.58:851][  0]LogConfig: Setting CVar [[r.DOF.Kernel.MaxBackgroundRadius:0.025]]
[2019.07.07-17.46.58:851][  0]LogConfig: Applying CVar settings from Section [TextureQuality@3] File [C:/Users/Chris/Documents/Descend/Descend-Into-Darkness/DescendIntoDarkness/Saved/Config/Windows/Scalability.ini]
[2019.07.07-17.46.58:851][  0]LogConfig: Setting CVar [[r.Streaming.MipBias:0]]
[2019.07.07-17.46.58:851][  0]LogConfig: Setting CVar [[r.Streaming.AmortizeCPUToGPUCopy:0]]
[2019.07.07-17.46.58:851][  0]LogConfig: Setting CVar [[r.Streaming.MaxNumTexturesToStreamPerFrame:0]]
[2019.07.07-17.46.58:851][  0]LogConfig: Setting CVar [[r.Streaming.Boost:1]]
[2019.07.07-17.46.58:851][  0]LogConfig: Setting CVar [[r.MaxAnisotropy:8]]
[2019.07.07-17.46.58:851][  0]LogConfig: Setting CVar [[r.Streaming.LimitPoolSizeToVRAM:0]]
[2019.07.07-17.46.58:851][  0]LogConfig: Setting CVar [[r.Streaming.PoolSize:1000]]
[2019.07.07-17.46.58:851][  0]LogConfig: Setting CVar [[r.Streaming.MaxEffectiveScreenSize:0]]
[2019.07.07-17.46.58:851][  0]LogConfig: Applying CVar settings from Section [EffectsQuality@3] File [C:/Users/Chris/Documents/Descend/Descend-Into-Darkness/DescendIntoDarkness/Saved/Config/Windows/Scalability.ini]
[2019.07.07-17.46.58:851][  0]LogConfig: Setting CVar [[r.TranslucencyLightingVolumeDim:64]]
[2019.07.07-17.46.58:851][  0]LogConfig: Setting CVar [[r.RefractionQuality:2]]
[2019.07.07-17.46.58:851][  0]LogConfig: Setting CVar [[r.SSR.Quality:3]]
[2019.07.07-17.46.58:852][  0]LogConfig: Setting CVar [[r.SceneColorFormat:4]]
[2019.07.07-17.46.58:852][  0]LogConfig: Setting CVar [[r.DetailMode:2]]
[2019.07.07-17.46.58:852][  0]LogConfig: Setting CVar [[r.TranslucencyVolumeBlur:1]]
[2019.07.07-17.46.58:852][  0]LogConfig: Setting CVar [[r.MaterialQualityLevel:1 ; High quality]]
[2019.07.07-17.46.58:852][  0]LogConfig: Setting CVar [[r.SSS.Scale:1]]
[2019.07.07-17.46.58:852][  0]LogConfig: Setting CVar [[r.SSS.SampleSet:2]]
[2019.07.07-17.46.58:852][  0]LogConfig: Setting CVar [[r.SSS.Quality:1]]
[2019.07.07-17.46.58:852][  0]LogConfig: Setting CVar [[r.SSS.HalfRes:1]]
[2019.07.07-17.46.58:852][  0]LogConfig: Setting CVar [[r.EmitterSpawnRateScale:1.0]]
[2019.07.07-17.46.58:852][  0]LogConfig: Setting CVar [[r.ParticleLightQuality:2]]
[2019.07.07-17.46.58:852][  0]LogConfig: Applying CVar settings from Section [FoliageQuality@3] File [C:/Users/Chris/Documents/Descend/Descend-Into-Darkness/DescendIntoDarkness/Saved/Config/Windows/Scalability.ini]
[2019.07.07-17.46.58:852][  0]LogConfig: Setting CVar [[foliage.DensityScale:1.0]]
[2019.07.07-17.46.58:852][  0]LogConfig: Setting CVar [[grass.DensityScale:1.0]]
[2019.07.07-17.46.58:852][  0]LogInit: Selected Device Profile: [Windows]
[2019.07.07-17.46.58:852][  0]LogInit: Applying CVar settings loaded from the selected device profile: [Windows]
[2019.07.07-17.46.58:866][  0]LogHAL: Display: Platform has ~ 16 GB [17132466176 / 17179869184 / 16], which maps to Larger [LargestMinGB=32, LargerMinGB=12, DefaultMinGB=8, SmallerMinGB=6, SmallestMinGB=0)
[2019.07.07-17.46.58:866][  0]LogConfig: Setting CVar [[r.Vulkan.UseRealUBs:0		; Required until we fix HLR fall-out]]
[2019.07.07-17.46.58:866][  0]LogInit: Going up to parent DeviceProfile []
[2019.07.07-17.46.58:867][  0]LogConfig: Applying CVar settings from Section [ViewDistanceQuality@3] File [C:/Users/Chris/Documents/Descend/Descend-Into-Darkness/DescendIntoDarkness/Saved/Config/Windows/Scalability.ini]
[2019.07.07-17.46.58:867][  0]LogConfig: Setting CVar [[r.SkeletalMeshLODBias:0]]
[2019.07.07-17.46.58:867][  0]LogConfig: Setting CVar [[r.ViewDistanceScale:1.0]]
[2019.07.07-17.46.58:867][  0]LogConfig: Applying CVar settings from Section [AntiAliasingQuality@3] File [C:/Users/Chris/Documents/Descend/Descend-Into-Darkness/DescendIntoDarkness/Saved/Config/Windows/Scalability.ini]
[2019.07.07-17.46.58:867][  0]LogConfig: Setting CVar [[r.PostProcessAAQuality:4]]
[2019.07.07-17.46.58:867][  0]LogConfig: Applying CVar settings from Section [ShadowQuality@3] File [C:/Users/Chris/Documents/Descend/Descend-Into-Darkness/DescendIntoDarkness/Saved/Config/Windows/Scalability.ini]
[2019.07.07-17.46.58:867][  0]LogConfig: Setting CVar [[r.LightFunctionQuality:1]]
[2019.07.07-17.46.58:867][  0]LogConfig: Setting CVar [[r.ShadowQuality:5]]
[2019.07.07-17.46.58:867][  0]LogConfig: Setting CVar [[r.Shadow.CSM.MaxCascades:10]]
[2019.07.07-17.46.58:867][  0]LogConfig: Setting CVar [[r.Shadow.MaxResolution:2048]]
[2019.07.07-17.46.58:867][  0]LogConfig: Setting CVar [[r.Shadow.MaxCSMResolution:2048]]
[2019.07.07-17.46.58:867][  0]LogConfig: Setting CVar [[r.Shadow.RadiusThreshold:0.01]]
[2019.07.07-17.46.58:867][  0]LogConfig: Setting CVar [[r.Shadow.DistanceScale:1.0]]
[2019.07.07-17.46.58:867][  0]LogConfig: Setting CVar [[r.Shadow.CSM.TransitionScale:1.0]]
[2019.07.07-17.46.58:867][  0]LogConfig: Setting CVar [[r.Shadow.PreShadowResolutionFactor:1.0]]
[2019.07.07-17.46.58:867][  0]LogConfig: Setting CVar [[r.DistanceFieldShadowing:1]]
[2019.07.07-17.46.58:867][  0]LogConfig: Setting CVar [[r.DistanceFieldAO:1]]
[2019.07.07-17.46.58:867][  0]LogConfig: Setting CVar [[r.AOQuality:2]]
[2019.07.07-17.46.58:867][  0]LogConfig: Setting CVar [[r.VolumetricFog:1]]
[2019.07.07-17.46.58:867][  0]LogConfig: Setting CVar [[r.VolumetricFog.GridPixelSize:8]]
[2019.07.07-17.46.58:867][  0]LogConfig: Setting CVar [[r.VolumetricFog.GridSizeZ:128]]
[2019.07.07-17.46.58:867][  0]LogConfig: Setting CVar [[r.VolumetricFog.HistoryMissSupersampleCount:4]]
[2019.07.07-17.46.58:867][  0]LogConfig: Setting CVar [[r.LightMaxDrawDistanceScale:1]]
[2019.07.07-17.46.58:867][  0]LogConfig: Setting CVar [[r.CapsuleShadows:1]]
[2019.07.07-17.46.58:867][  0]LogConfig: Applying CVar settings from Section [PostProcessQuality@3] File [C:/Users/Chris/Documents/Descend/Descend-Into-Darkness/DescendIntoDarkness/Saved/Config/Windows/Scalability.ini]
[2019.07.07-17.46.58:867][  0]LogConfig: Setting CVar [[r.MotionBlurQuality:4]]
[2019.07.07-17.46.58:867][  0]LogConfig: Setting CVar [[r.AmbientOcclusionMipLevelFactor:0.4]]
[2019.07.07-17.46.58:867][  0]LogConfig: Setting CVar [[r.AmbientOcclusionMaxQuality:100]]
[2019.07.07-17.46.58:867][  0]LogConfig: Setting CVar [[r.AmbientOcclusionLevels:-1]]
[2019.07.07-17.46.58:867][  0]LogConfig: Setting CVar [[r.AmbientOcclusionRadiusScale:1.0]]
[2019.07.07-17.46.58:867][  0]LogConfig: Setting CVar [[r.DepthOfFieldQuality:2]]
[2019.07.07-17.46.58:867][  0]LogConfig: Setting CVar [[r.RenderTargetPoolMin:400]]
[2019.07.07-17.46.58:868][  0]LogConfig: Setting CVar [[r.LensFlareQuality:2]]
[2019.07.07-17.46.58:868][  0]LogConfig: Setting CVar [[r.SceneColorFringeQuality:1]]
[2019.07.07-17.46.58:868][  0]LogConfig: Setting CVar [[r.EyeAdaptationQuality:2]]
[2019.07.07-17.46.58:868][  0]LogConfig: Setting CVar [[r.BloomQuality:5]]
[2019.07.07-17.46.58:868][  0]LogConfig: Setting CVar [[r.FastBlurThreshold:100]]
[2019.07.07-17.46.58:868][  0]LogConfig: Setting CVar [[r.Upscale.Quality:3]]
[2019.07.07-17.46.58:868][  0]LogConfig: Setting CVar [[r.Tonemapper.GrainQuantization:1]]
[2019.07.07-17.46.58:868][  0]LogConfig: Setting CVar [[r.LightShaftQuality:1]]
[2019.07.07-17.46.58:868][  0]LogConfig: Setting CVar [[r.Filter.SizeScale:1]]
[2019.07.07-17.46.58:868][  0]LogConfig: Setting CVar [[r.Tonemapper.Quality:5]]
[2019.07.07-17.46.58:868][  0]LogConfig: Setting CVar [[r.DOF.Gather.AccumulatorQuality:1        ; higher gathering accumulator quality]]
[2019.07.07-17.46.58:868][  0]LogConfig: Setting CVar [[r.DOF.Gather.PostfilterMethod:1          ; Median3x3 postfilering method]]
[2019.07.07-17.46.58:868][  0]LogConfig: Setting CVar [[r.DOF.Gather.EnableBokehSettings:0       ; no bokeh simulation when gathering]]
[2019.07.07-17.46.58:868][  0]LogConfig: Setting CVar [[r.DOF.Gather.RingCount:4                 ; medium number of samples when gathering]]
[2019.07.07-17.46.58:868][  0]LogConfig: Setting CVar [[r.DOF.Scatter.ForegroundCompositing:1    ; additive foreground scattering]]
[2019.07.07-17.46.58:868][  0]LogConfig: Setting CVar [[r.DOF.Scatter.BackgroundCompositing:2    ; additive background scattering]]
[2019.07.07-17.46.58:868][  0]LogConfig: Setting CVar [[r.DOF.Scatter.EnableBokehSettings:1      ; bokeh simulation when scattering]]
[2019.07.07-17.46.58:868][  0]LogConfig: Setting CVar [[r.DOF.Scatter.MaxSpriteRatio:0.1         ; only a maximum of 10% of scattered bokeh]]
[2019.07.07-17.46.58:868][  0]LogConfig: Setting CVar [[r.DOF.Recombine.Quality:1                ; cheap slight out of focus]]
[2019.07.07-17.46.58:868][  0]LogConfig: Setting CVar [[r.DOF.Recombine.EnableBokehSettings:0    ; no bokeh simulation on slight out of focus]]
[2019.07.07-17.46.58:868][  0]LogConfig: Setting CVar [[r.DOF.TemporalAAQuality:1                ; more stable temporal accumulation]]
[2019.07.07-17.46.58:868][  0]LogConfig: Setting CVar [[r.DOF.Kernel.MaxForegroundRadius:0.025]]
[2019.07.07-17.46.58:868][  0]LogConfig: Setting CVar [[r.DOF.Kernel.MaxBackgroundRadius:0.025]]
[2019.07.07-17.46.58:868][  0]LogConfig: Applying CVar settings from Section [TextureQuality@3] File [C:/Users/Chris/Documents/Descend/Descend-Into-Darkness/DescendIntoDarkness/Saved/Config/Windows/Scalability.ini]
[2019.07.07-17.46.58:868][  0]LogConfig: Setting CVar [[r.Streaming.MipBias:0]]
[2019.07.07-17.46.58:868][  0]LogConfig: Setting CVar [[r.Streaming.AmortizeCPUToGPUCopy:0]]
[2019.07.07-17.46.58:868][  0]LogConfig: Setting CVar [[r.Streaming.MaxNumTexturesToStreamPerFrame:0]]
[2019.07.07-17.46.58:868][  0]LogConfig: Setting CVar [[r.Streaming.Boost:1]]
[2019.07.07-17.46.58:868][  0]LogConfig: Setting CVar [[r.MaxAnisotropy:8]]
[2019.07.07-17.46.58:868][  0]LogConfig: Setting CVar [[r.Streaming.LimitPoolSizeToVRAM:0]]
[2019.07.07-17.46.58:868][  0]LogConfig: Setting CVar [[r.Streaming.PoolSize:1000]]
[2019.07.07-17.46.58:868][  0]LogConfig: Setting CVar [[r.Streaming.MaxEffectiveScreenSize:0]]
[2019.07.07-17.46.58:868][  0]LogConfig: Applying CVar settings from Section [EffectsQuality@3] File [C:/Users/Chris/Documents/Descend/Descend-Into-Darkness/DescendIntoDarkness/Saved/Config/Windows/Scalability.ini]
[2019.07.07-17.46.58:868][  0]LogConfig: Setting CVar [[r.TranslucencyLightingVolumeDim:64]]
[2019.07.07-17.46.58:868][  0]LogConfig: Setting CVar [[r.RefractionQuality:2]]
[2019.07.07-17.46.58:868][  0]LogConfig: Setting CVar [[r.SSR.Quality:3]]
[2019.07.07-17.46.58:868][  0]LogConfig: Setting CVar [[r.SceneColorFormat:4]]
[2019.07.07-17.46.58:868][  0]LogConfig: Setting CVar [[r.DetailMode:2]]
[2019.07.07-17.46.58:868][  0]LogConfig: Setting CVar [[r.TranslucencyVolumeBlur:1]]
[2019.07.07-17.46.58:868][  0]LogConfig: Setting CVar [[r.MaterialQualityLevel:1 ; High quality]]
[2019.07.07-17.46.58:868][  0]LogConfig: Setting CVar [[r.SSS.Scale:1]]
[2019.07.07-17.46.58:868][  0]LogConfig: Setting CVar [[r.SSS.SampleSet:2]]
[2019.07.07-17.46.58:868][  0]LogConfig: Setting CVar [[r.SSS.Quality:1]]
[2019.07.07-17.46.58:868][  0]LogConfig: Setting CVar [[r.SSS.HalfRes:1]]
[2019.07.07-17.46.58:868][  0]LogConfig: Setting CVar [[r.EmitterSpawnRateScale:1.0]]
[2019.07.07-17.46.58:868][  0]LogConfig: Setting CVar [[r.ParticleLightQuality:2]]
[2019.07.07-17.46.58:868][  0]LogConfig: Applying CVar settings from Section [FoliageQuality@3] File [C:/Users/Chris/Documents/Descend/Descend-Into-Darkness/DescendIntoDarkness/Saved/Config/Windows/Scalability.ini]
[2019.07.07-17.46.58:868][  0]LogConfig: Setting CVar [[foliage.DensityScale:1.0]]
[2019.07.07-17.46.58:868][  0]LogConfig: Setting CVar [[grass.DensityScale:1.0]]
[2019.07.07-17.46.58:868][  0]LogConfig: Applying CVar settings from Section [Startup] File [../../../Engine/Config/ConsoleVariables.ini]
[2019.07.07-17.46.58:869][  0]LogConfig: Setting CVar [[net.UseAdaptiveNetUpdateFrequency:0]]
[2019.07.07-17.46.58:869][  0]LogConfig: Setting CVar [[p.chaos.AllowCreatePhysxBodies:1]]
[2019.07.07-17.46.58:869][  0]LogConfig: Applying CVar settings from Section [ConsoleVariables] File [C:/Users/Chris/Documents/Descend/Descend-Into-Darkness/DescendIntoDarkness/Saved/Config/Windows/Engine.ini]
[2019.07.07-17.46.58:869][  0]LogInit: Computer: MSI
[2019.07.07-17.46.58:869][  0]LogInit: User: Chris
[2019.07.07-17.46.58:869][  0]LogInit: CPU Page size=4096, Cores=4
[2019.07.07-17.46.58:869][  0]LogInit: High frequency timer resolution =2.531253 MHz
[2019.07.07-17.46.58:869][  0]LogMemory: Memory total: Physical=16.0GB (16GB approx)
[2019.07.07-17.46.58:869][  0]LogMemory: Platform Memory Stats for Windows
[2019.07.07-17.46.58:869][  0]LogMemory: Process Physical Memory: 96.60 MB used, 96.60 MB peak
[2019.07.07-17.46.58:869][  0]LogMemory: Process Virtual Memory: 89.09 MB used, 89.09 MB peak
[2019.07.07-17.46.58:869][  0]LogMemory: Physical Memory: 8140.18 MB used,  8198.62 MB free, 16338.79 MB total
[2019.07.07-17.46.58:869][  0]LogMemory: Virtual Memory: 4641.02 MB used,  134213088.00 MB free, 134217728.00 MB total
[2019.07.07-17.46.58:918][  0]LogInit: Using OS detected language (en-US).
[2019.07.07-17.46.58:918][  0]LogInit: Using OS detected locale (en-US).
[2019.07.07-17.46.58:921][  0]LogTextLocalizationManager: No specific localization for 'en-US' exists, so the 'en' localization will be used.
[2019.07.07-17.46.59:158][  0]LogInit: Setting process to per monitor DPI aware
[2019.07.07-17.46.59:205][  0]LogSlate: New Slate User Created.  User Index 0, Is Virtual User: 0
[2019.07.07-17.46.59:205][  0]LogSlate: Slate User Registered.  User Index 0, Is Virtual User: 0
[2019.07.07-17.46.59:807][  0]LogHMD: Failed to initialize OpenVR with code 110
[2019.07.07-17.46.59:807][  0]LogD3D11RHI: D3D11 adapters:
[2019.07.07-17.46.59:905][  0]LogD3D11RHI:    0. 'NVIDIA GeForce GTX 1060' (Feature Level 11_0)
[2019.07.07-17.46.59:905][  0]LogD3D11RHI:       6052/0/8169 MB DedicatedVideo/DedicatedSystem/SharedSystem, Outputs:2, VendorId:0x10de
[2019.07.07-17.46.59:909][  0]LogD3D11RHI:    1. 'Microsoft Basic Render Driver' (Feature Level 11_0)
[2019.07.07-17.46.59:909][  0]LogD3D11RHI:       0/0/8169 MB DedicatedVideo/DedicatedSystem/SharedSystem, Outputs:0, VendorId:0x1414
[2019.07.07-17.46.59:909][  0]LogD3D11RHI: Chosen D3D11 Adapter: 0
[2019.07.07-17.46.59:919][  0]LogD3D11RHI: Creating new Direct3DDevice
[2019.07.07-17.46.59:919][  0]LogD3D11RHI:     GPU DeviceId: 0x1c60 (for the marketing name, search the web for "GPU Device Id")
[2019.07.07-17.46.59:919][  0]LogWindows: EnumDisplayDevices:
[2019.07.07-17.46.59:919][  0]LogWindows:    0. 'NVIDIA GeForce GTX 1060' (P:1 D:1)
[2019.07.07-17.46.59:920][  0]LogWindows:    1. 'NVIDIA GeForce GTX 1060' (P:0 D:1)
[2019.07.07-17.46.59:920][  0]LogWindows:    2. 'NVIDIA GeForce GTX 1060' (P:0 D:0)
[2019.07.07-17.46.59:920][  0]LogWindows:    3. 'NVIDIA GeForce GTX 1060' (P:0 D:0)
[2019.07.07-17.46.59:920][  0]LogWindows: DebugString: FoundDriverCount:4 
[2019.07.07-17.46.59:921][  0]LogD3D11RHI:     Adapter Name: NVIDIA GeForce GTX 1060
[2019.07.07-17.46.59:921][  0]LogD3D11RHI:   Driver Version: 430.86 (internal:26.21.14.3086, unified:430.86)
[2019.07.07-17.46.59:921][  0]LogD3D11RHI:      Driver Date: 5-22-2019
[2019.07.07-17.46.59:921][  0]LogRHI: Texture pool is 4236 MB (70% of 6052 MB)
[2019.07.07-17.46.59:989][  0]LogD3D11RHI: Async texture creation enabled
[2019.07.07-17.47.00:005][  0]LogRendererCore: FGlobalReadBuffer::InitRHI
[2019.07.07-17.47.00:006][  0]LogRendererCore: FGlobalReadBuffer::InitRHI
[2019.07.07-17.47.00:006][  0]LogRendererCore: FGlobalReadBuffer::InitRHI
[2019.07.07-17.47.00:014][  0]LogD3D11RHI: GPU Timing Frequency: 1000.000000 (Debug: 2 1)
[2019.07.07-17.47.00:555][  0]LogTemp: Display: Module 'AllDesktopTargetPlatform' loaded TargetPlatform 'AllDesktop'
[2019.07.07-17.47.00:578][  0]LogTemp: Display: Module 'MacClientTargetPlatform' loaded TargetPlatform 'MacClient'
[2019.07.07-17.47.00:604][  0]LogTemp: Display: Module 'MacNoEditorTargetPlatform' loaded TargetPlatform 'MacNoEditor'
[2019.07.07-17.47.00:628][  0]LogTemp: Display: Module 'MacServerTargetPlatform' loaded TargetPlatform 'MacServer'
[2019.07.07-17.47.00:652][  0]LogTemp: Display: Module 'MacTargetPlatform' loaded TargetPlatform 'Mac'
[2019.07.07-17.47.00:676][  0]LogTemp: Display: Module 'WindowsClientTargetPlatform' loaded TargetPlatform 'WindowsClient'
[2019.07.07-17.47.00:703][  0]LogTemp: Display: Module 'WindowsNoEditorTargetPlatform' loaded TargetPlatform 'WindowsNoEditor'
[2019.07.07-17.47.00:727][  0]LogTemp: Display: Module 'WindowsServerTargetPlatform' loaded TargetPlatform 'WindowsServer'
[2019.07.07-17.47.00:738][  0]LogTemp: Display: Module 'WindowsTargetPlatform' loaded TargetPlatform 'Windows'
[2019.07.07-17.47.00:877][  0]LogTemp: Display: Module 'AndroidTargetPlatform' loaded TargetPlatform 'Android'
[2019.07.07-17.47.00:877][  0]LogTemp: Display: Module 'AndroidTargetPlatform' loaded TargetPlatform 'Android_ASTC'
[2019.07.07-17.47.00:877][  0]LogTemp: Display: Module 'AndroidTargetPlatform' loaded TargetPlatform 'Android_ATC'
[2019.07.07-17.47.00:877][  0]LogTemp: Display: Module 'AndroidTargetPlatform' loaded TargetPlatform 'Android_DXT'
[2019.07.07-17.47.00:877][  0]LogTemp: Display: Module 'AndroidTargetPlatform' loaded TargetPlatform 'Android_ETC1'
[2019.07.07-17.47.00:877][  0]LogTemp: Display: Module 'AndroidTargetPlatform' loaded TargetPlatform 'Android_ETC1a'
[2019.07.07-17.47.00:877][  0]LogTemp: Display: Module 'AndroidTargetPlatform' loaded TargetPlatform 'Android_ETC2'
[2019.07.07-17.47.00:877][  0]LogTemp: Display: Module 'AndroidTargetPlatform' loaded TargetPlatform 'Android_PVRTC'
[2019.07.07-17.47.00:877][  0]LogTemp: Display: Module 'AndroidTargetPlatform' loaded TargetPlatform 'AndroidClient'
[2019.07.07-17.47.00:877][  0]LogTemp: Display: Module 'AndroidTargetPlatform' loaded TargetPlatform 'Android_ASTCClient'
[2019.07.07-17.47.00:877][  0]LogTemp: Display: Module 'AndroidTargetPlatform' loaded TargetPlatform 'Android_ATCClient'
[2019.07.07-17.47.00:877][  0]LogTemp: Display: Module 'AndroidTargetPlatform' loaded TargetPlatform 'Android_DXTClient'
[2019.07.07-17.47.00:877][  0]LogTemp: Display: Module 'AndroidTargetPlatform' loaded TargetPlatform 'Android_ETC1Client'
[2019.07.07-17.47.00:878][  0]LogTemp: Display: Module 'AndroidTargetPlatform' loaded TargetPlatform 'Android_ETC1aClient'
[2019.07.07-17.47.00:878][  0]LogTemp: Display: Module 'AndroidTargetPlatform' loaded TargetPlatform 'Android_ETC2Client'
[2019.07.07-17.47.00:878][  0]LogTemp: Display: Module 'AndroidTargetPlatform' loaded TargetPlatform 'Android_PVRTCClient'
[2019.07.07-17.47.00:878][  0]LogTemp: Display: Module 'AndroidTargetPlatform' loaded TargetPlatform 'Android_Multi'
[2019.07.07-17.47.00:878][  0]LogTemp: Display: Module 'AndroidTargetPlatform' loaded TargetPlatform 'Android_MultiClient'
[2019.07.07-17.47.00:881][  0]LogTemp: Display: Module 'HTML5TargetPlatform' loaded TargetPlatform 'HTML5'
[2019.07.07-17.47.00:954][  0]LogTemp: Display: Module 'IOSTargetPlatform' loaded TargetPlatform 'IOSClient'
[2019.07.07-17.47.00:954][  0]LogTemp: Display: Module 'IOSTargetPlatform' loaded TargetPlatform 'IOS'
[2019.07.07-17.47.00:999][  0]LogTemp: Display: Module 'TVOSTargetPlatform' loaded TargetPlatform 'TVOSClient'
[2019.07.07-17.47.00:999][  0]LogTemp: Display: Module 'TVOSTargetPlatform' loaded TargetPlatform 'TVOS'
[2019.07.07-17.47.01:021][  0]LogTemp: Display: Module 'LinuxClientTargetPlatform' loaded TargetPlatform 'LinuxClient'
[2019.07.07-17.47.01:045][  0]LogTemp: Display: Module 'LinuxNoEditorTargetPlatform' loaded TargetPlatform 'LinuxNoEditor'
[2019.07.07-17.47.01:071][  0]LogTemp: Display: Module 'LinuxServerTargetPlatform' loaded TargetPlatform 'LinuxServer'
[2019.07.07-17.47.01:094][  0]LogTemp: Display: Module 'LinuxTargetPlatform' loaded TargetPlatform 'Linux'
[2019.07.07-17.47.01:174][  0]LogTemp: Display: Module 'LuminTargetPlatform' loaded TargetPlatform 'Lumin'
[2019.07.07-17.47.01:174][  0]LogTemp: Display: Module 'LuminTargetPlatform' loaded TargetPlatform 'LuminClient'
[2019.07.07-17.47.01:174][  0]LogTargetPlatformManager: Display: Building Assets For Windows
[2019.07.07-17.47.01:191][  0]LogAudioDebug: Display: Lib vorbis DLL was dynamically loaded.
[2019.07.07-17.47.01:283][  0]LogShaderCompilers: Guid format shader working directory is -44 characters bigger than the processId version (../../../../../../Users/Chris/Documents/Descend/Descend-Into-Darkness/DescendIntoDarkness/Intermediate/Shaders/WorkingDirectory/18336/).
[2019.07.07-17.47.01:284][  0]LogShaderCompilers: Cleaned the shader compiler working directory 'C:/Users/Chris/AppData/Local/Temp/UnrealShaderWorkingDir/F1FDA4774D3B4081C4FDA4B6CC5667E9/'.
[2019.07.07-17.47.01:288][  0]LogXGEController: Cannot use XGE Controller as Incredibuild is not installed on this machine.
[2019.07.07-17.47.01:288][  0]LogShaderCompilers: Cannot use XGE Shader Compiler as Incredibuild is not installed on this machine.
[2019.07.07-17.47.01:288][  0]LogShaderCompilers: Display: Using Local Shader Compiler.
[2019.07.07-17.47.02:165][  0]LogDerivedDataCache: Display: Max Cache Size: 512 MB
[2019.07.07-17.47.02:231][  0]LogDerivedDataCache: Loaded boot cache 0.07s 75MB C:/Users/Chris/AppData/Local/UnrealEngine/4.22/DerivedDataCache/Boot.ddc.
[2019.07.07-17.47.02:231][  0]LogDerivedDataCache: Display: Loaded Boot cache: C:/Users/Chris/AppData/Local/UnrealEngine/4.22/DerivedDataCache/Boot.ddc
[2019.07.07-17.47.02:231][  0]LogDerivedDataCache: FDerivedDataBackendGraph:  Pak pak cache file ../../../../../../Users/Chris/Documents/Descend/Descend-Into-Darkness/DescendIntoDarkness/DerivedDataCache/DDC.ddp not found, will not use a pak cache.
[2019.07.07-17.47.02:231][  0]LogDerivedDataCache: Unable to find inner node Pak for hierarchical cache Hierarchy.
[2019.07.07-17.47.02:231][  0]LogDerivedDataCache: FDerivedDataBackendGraph:  CompressedPak pak cache file ../../../../../../Users/Chris/Documents/Descend/Descend-Into-Darkness/DescendIntoDarkness/DerivedDataCache/Compressed.ddp not found, will not use a pak cache.
[2019.07.07-17.47.02:231][  0]LogDerivedDataCache: Unable to find inner node CompressedPak for hierarchical cache Hierarchy.
[2019.07.07-17.47.02:248][  0]LogDerivedDataCache: Display: Pak cache opened for reading ../../../Engine/DerivedDataCache/Compressed.ddp.
[2019.07.07-17.47.02:248][  0]LogDerivedDataCache: FDerivedDataBackendGraph:  EnterprisePak pak cache file ../../../Enterprise/DerivedDataCache/Compressed.ddp not found, will not use a pak cache.
[2019.07.07-17.47.02:248][  0]LogDerivedDataCache: Unable to find inner node EnterprisePak for hierarchical cache Hierarchy.
[2019.07.07-17.47.02:260][  0]LogDerivedDataCache: Using Local data cache path C:/Users/Chris/AppData/Local/UnrealEngine/Common/DerivedDataCache: Writable
[2019.07.07-17.47.02:260][  0]LogDerivedDataCache: Shared data cache path not found in *engine.ini, will not use an Shared cache.
[2019.07.07-17.47.02:260][  0]LogDerivedDataCache: Unable to find inner node Shared for hierarchical cache Hierarchy.
[2019.07.07-17.47.02:292][  0]LogMaterial: Verifying Global Shaders for PCD3D_SM5
[2019.07.07-17.47.02:293][  0]LogSlate: Using FreeType 2.6.0
[2019.07.07-17.47.02:295][  0]LogSlate: SlateFontServices - WITH_FREETYPE: 1, WITH_HARFBUZZ: 1
[2019.07.07-17.47.02:483][  0]LogAssetRegistry: FAssetRegistry took 0.0449 seconds to start up
[2019.07.07-17.47.03:025][  0]LogInit: Selected Device Profile: [Windows]
[2019.07.07-17.47.03:234][  0]LogMeshReduction: Using QuadricMeshReduction for automatic static mesh reduction
[2019.07.07-17.47.03:234][  0]LogMeshReduction: Using SimplygonMeshReduction for automatic skeletal mesh reduction
[2019.07.07-17.47.03:234][  0]LogMeshReduction: Using ProxyLODMeshReduction for automatic mesh merging
[2019.07.07-17.47.03:234][  0]LogMeshReduction: No distributed automatic mesh merging module available
[2019.07.07-17.47.03:235][  0]LogMeshMerging: No distributed automatic mesh merging module available
[2019.07.07-17.47.03:248][  0]LogNetVersion: DescendIntoDarkness 1.0.0, NetCL: 5660361, EngineNetVer: 10, GameNetVer: 0 (Checksum: 1140046260)
[2019.07.07-17.47.03:810][  0]LogPackageLocalizationCache: Processed 10 localized package path(s) for 1 prioritized culture(s) in 0.056832 seconds
[2019.07.07-17.47.03:818][  0]LogUObjectArray: 42205 objects as part of root set at end of initial load.
[2019.07.07-17.47.03:818][  0]LogUObjectAllocator: 7325032 out of 0 bytes used by permanent object pool.
[2019.07.07-17.47.03:818][  0]LogUObjectArray: CloseDisregardForGC: 0/0 objects in disregard for GC pool
[2019.07.07-17.47.05:632][  0]LogTcpMessaging: Initializing TcpMessaging bridge
[2019.07.07-17.47.05:647][  0]LogUdpMessaging: Initializing bridge on interface 0.0.0.0:0 to multicast group 230.0.0.1:6666.
[2019.07.07-17.47.06:034][  0]SourceControl: Source control is disabled
[2019.07.07-17.47.06:034][  0]SourceControl: Source control is disabled
[2019.07.07-17.47.06:037][  0]SourceControl: Source control is disabled
[2019.07.07-17.47.06:039][  0]SourceControl: Source control is disabled
[2019.07.07-17.47.06:183][  0]LogAndroidPermission: UAndroidPermissionCallbackProxy::GetInstance
[2019.07.07-17.47.06:282][  0]LogOcInput: OculusInput pre-init called
[2019.07.07-17.47.07:847][  0]LogClass: Warning: ObjectProperty FInventoryItem::Thumbnail is not initialized properly
[2019.07.07-17.47.07:847][  0]LogClass: Warning: BoolProperty FInventoryItem::bCanBeUsed is not initialized properly
[2019.07.07-17.47.07:847][  0]LogClass: Display: 2 Uninitialized script stuct members found
[2019.07.07-17.47.07:848][  0]LogAutomationTest: Warning: ObjectProperty FInventoryItem::Thumbnail is not initialized properly
[2019.07.07-17.47.07:848][  0]LogAutomationTest: Warning: BoolProperty FInventoryItem::bCanBeUsed is not initialized properly
[2019.07.07-17.47.07:849][  0]LogEngine: Initializing Engine...
[2019.07.07-17.47.07:851][  0]LogHMD: Failed to initialize OpenVR with code 110
[2019.07.07-17.47.07:853][  0]LogStats: UGameplayTagsManager::InitializeManager -  0.001 s
[2019.07.07-17.47.08:132][  0]LogInit: Initializing FReadOnlyCVARCache
[2019.07.07-17.47.08:156][  0]LogAIModule: Creating AISystem for world Untitled
[2019.07.07-17.47.08:170][  0]LogInit: XAudio2 using 'Speakers (Realtek High Definition Audio)' : 2 channels at 48 kHz using 32 bits per sample (channel mask 0x3)
[2019.07.07-17.47.08:251][  0]LogInit: FAudioDevice initialized.
[2019.07.07-17.47.08:251][  0]LogNetVersion: Set ProjectVersion to 1.0.0.0. Version Checksum will be recalculated on next use.
[2019.07.07-17.47.10:047][  0]LogDerivedDataCache: Saved boot cache 1.80s 75MB C:/Users/Chris/AppData/Local/UnrealEngine/4.22/DerivedDataCache/Boot.ddc.
[2019.07.07-17.47.10:080][  0]LogInit: Texture streaming: Enabled
[2019.07.07-17.47.10:118][  0]LogEngineSessionManager: EngineSessionManager initialized
[2019.07.07-17.47.10:152][  0]LogInit: Transaction tracking system initialized
[2019.07.07-17.47.10:200][  0]BlueprintLog: New page: Editor Load
[2019.07.07-17.47.10:368][  0]LocalizationService: Localization service is disabled
[2019.07.07-17.47.10:821][  0]LogFileCache: Scanning file cache for directory 'C:/Users/Chris/Documents/Descend/Descend-Into-Darkness/DescendIntoDarkness/Content/' took 0.02s
[2019.07.07-17.47.10:821][  0]LogCook: Display: Max memory allowance for cook 16384mb min free memory 0mb
[2019.07.07-17.47.10:821][  0]LogCook: Display: Mobile HDR setting 1
[2019.07.07-17.47.11:162][  0]SourceControl: Source control is disabled
[2019.07.07-17.47.11:163][  0]LightingResults: New page: Lighting Build
[2019.07.07-17.47.11:168][  0]MapCheck: New page: Map Check
[2019.07.07-17.47.11:168][  0]LightingResults: New page: Lighting Build
[2019.07.07-17.47.11:202][  0]LogUObjectHash: Compacting FUObjectHashTables data took   2.80ms
[2019.07.07-17.47.11:368][  0]LogAIModule: Creating AISystem for world SideScrollerExampleMap
[2019.07.07-17.47.11:389][  0]LogEditorServer: Finished looking for orphan Actors (0.000 secs)
[2019.07.07-17.47.11:423][  0]LogUObjectHash: Compacting FUObjectHashTables data took   3.02ms
[2019.07.07-17.47.11:423][  0]Cmd: MAP CHECKDEP NOCLEARLOG
[2019.07.07-17.47.11:423][  0]MapCheck: Map check complete: 0 Error(s), 0 Warning(s), took 0.167ms to complete.
[2019.07.07-17.47.11:424][  0]LogFileHelpers: Loading map 'SideScrollerExampleMap' took 0.261
[2019.07.07-17.47.11:554][  0]LogSlate: Updating window title bar state: overlay mode, drag disabled, window buttons hidden, title bar hidden
[2019.07.07-17.47.11:569][  0]LogSlate: Updating window title bar state: overlay mode, drag disabled, window buttons hidden, title bar hidden
[2019.07.07-17.47.11:583][  0]LogSlate: Updating window title bar state: overlay mode, drag disabled, window buttons hidden, title bar hidden
[2019.07.07-17.47.11:594][  0]LogSlate: Updating window title bar state: overlay mode, drag disabled, window buttons hidden, title bar hidden
[2019.07.07-17.47.11:608][  0]LogCollectionManager: Loaded 0 collections in 0.004179 seconds
[2019.07.07-17.47.11:651][  0]LogFileCache: Scanning file cache for directory 'C:/Users/Chris/Documents/Descend/Descend-Into-Darkness/DescendIntoDarkness/Saved/Collections/' took 0.01s
[2019.07.07-17.47.11:651][  0]LogFileCache: Scanning file cache for directory 'C:/Users/Chris/Documents/Descend/Descend-Into-Darkness/DescendIntoDarkness/Content/Developers/Chris/Collections/' took 0.01s
[2019.07.07-17.47.11:651][  0]LogFileCache: Scanning file cache for directory 'C:/Users/Chris/Documents/Descend/Descend-Into-Darkness/DescendIntoDarkness/Content/Collections/' took 0.01s
[2019.07.07-17.47.11:651][  0]LogCollectionManager: Rebuilt the GUID cache for 0 collections in 0.000000 seconds
[2019.07.07-17.47.11:669][  0]LogContentBrowser: Native class hierarchy populated in 0.0181 seconds. Added 2738 classes and 663 folders.
[2019.07.07-17.47.11:683][  0]LogContentBrowser: Native class hierarchy updated for 'WidgetCarousel' in 0.0011 seconds. Added 0 classes and 0 folders.
[2019.07.07-17.47.11:688][  0]LogPakFile: Registered encryption key '00000000000000000000000000000000': 0 pak files mounted, 0 remain pending
[2019.07.07-17.47.11:690][  0]LogPakFile: Registered encryption key '00000000000000000000000000000000': 0 pak files mounted, 0 remain pending
[2019.07.07-17.47.11:692][  0]LogPakFile: Registered encryption key '00000000000000000000000000000000': 0 pak files mounted, 0 remain pending
[2019.07.07-17.47.11:694][  0]LogPakFile: Registered encryption key '00000000000000000000000000000000': 0 pak files mounted, 0 remain pending
[2019.07.07-17.47.11:696][  0]LogPakFile: Registered encryption key '00000000000000000000000000000000': 0 pak files mounted, 0 remain pending
[2019.07.07-17.47.11:698][  0]LogPakFile: Registered encryption key '00000000000000000000000000000000': 0 pak files mounted, 0 remain pending
[2019.07.07-17.47.11:700][  0]LogPakFile: Registered encryption key '00000000000000000000000000000000': 0 pak files mounted, 0 remain pending
[2019.07.07-17.47.11:702][  0]LogPakFile: Registered encryption key '00000000000000000000000000000000': 0 pak files mounted, 0 remain pending
[2019.07.07-17.47.11:704][  0]LogPakFile: Registered encryption key '00000000000000000000000000000000': 0 pak files mounted, 0 remain pending
[2019.07.07-17.47.11:706][  0]LogPakFile: Registered encryption key '00000000000000000000000000000000': 0 pak files mounted, 0 remain pending
[2019.07.07-17.47.11:708][  0]LogPakFile: Registered encryption key '00000000000000000000000000000000': 0 pak files mounted, 0 remain pending
[2019.07.07-17.47.11:709][  0]LogPakFile: Registered encryption key '00000000000000000000000000000000': 0 pak files mounted, 0 remain pending
[2019.07.07-17.47.11:711][  0]LogPakFile: Registered encryption key '00000000000000000000000000000000': 0 pak files mounted, 0 remain pending
[2019.07.07-17.47.11:713][  0]LogPakFile: Registered encryption key '00000000000000000000000000000000': 0 pak files mounted, 0 remain pending
[2019.07.07-17.47.11:715][  0]LogPakFile: Registered encryption key '00000000000000000000000000000000': 0 pak files mounted, 0 remain pending
[2019.07.07-17.47.11:716][  0]LogPakFile: Registered encryption key '00000000000000000000000000000000': 0 pak files mounted, 0 remain pending
[2019.07.07-17.47.11:718][  0]LogPakFile: Registered encryption key '00000000000000000000000000000000': 0 pak files mounted, 0 remain pending
[2019.07.07-17.47.11:720][  0]LogPakFile: Registered encryption key '00000000000000000000000000000000': 0 pak files mounted, 0 remain pending
[2019.07.07-17.47.11:721][  0]LogPakFile: Registered encryption key '00000000000000000000000000000000': 0 pak files mounted, 0 remain pending
[2019.07.07-17.47.11:723][  0]LogPakFile: Registered encryption key '00000000000000000000000000000000': 0 pak files mounted, 0 remain pending
[2019.07.07-17.47.11:725][  0]LogPakFile: Registered encryption key '00000000000000000000000000000000': 0 pak files mounted, 0 remain pending
[2019.07.07-17.47.11:726][  0]LogPakFile: Registered encryption key '00000000000000000000000000000000': 0 pak files mounted, 0 remain pending
[2019.07.07-17.47.11:728][  0]LogPakFile: Registered encryption key '00000000000000000000000000000000': 0 pak files mounted, 0 remain pending
[2019.07.07-17.47.11:730][  0]LogPakFile: Registered encryption key '00000000000000000000000000000000': 0 pak files mounted, 0 remain pending
[2019.07.07-17.47.11:732][  0]LogPakFile: Registered encryption key '00000000000000000000000000000000': 0 pak files mounted, 0 remain pending
[2019.07.07-17.47.11:734][  0]LogPakFile: Registered encryption key '00000000000000000000000000000000': 0 pak files mounted, 0 remain pending
[2019.07.07-17.47.11:890][  0]LogContentBrowser: Native class hierarchy updated for 'AddContentDialog' in 0.0011 seconds. Added 0 classes and 0 folders.
[2019.07.07-17.47.11:999][  0]LogSlate: Took 0.000518 seconds to synchronously load lazily loaded font '../../../Engine/Content/Slate/Fonts/Roboto-Regular.ttf' (155K)
[2019.07.07-17.47.12:005][  0]LogSlate: Took 0.000463 seconds to synchronously load lazily loaded font '../../../Engine/Content/Slate/Fonts/Roboto-Bold.ttf' (160K)
[2019.07.07-17.47.12:009][  0]LogSlate: Took 0.000470 seconds to synchronously load lazily loaded font '../../../Engine/Content/Editor/Slate/Fonts/FontAwesome.ttf' (139K)
[2019.07.07-17.47.12:110][  0]LogRenderer: Reallocating scene render targets to support 1208x596 Format 10 NumSamples 1 (Frame:1).
[2019.07.07-17.47.12:169][  0]LogSlate: Took 0.000437 seconds to synchronously load lazily loaded font '../../../Engine/Content/Slate/Fonts/Roboto-Light.ttf' (167K)
[2019.07.07-17.47.12:253][  0]LogContentBrowser: Native class hierarchy updated for 'HierarchicalLODOutliner' in 0.0009 seconds. Added 0 classes and 0 folders.
[2019.07.07-17.47.12:253][  0]LogLoad: (Engine Initialization) Total time: 19.06 seconds
[2019.07.07-17.47.12:253][  0]LogLoad: (Engine Initialization) Total Blueprint compile time: 0.00 seconds
[2019.07.07-17.47.12:311][  0]LogAssetRegistry: Asset discovery search completed in 9.8500 seconds
[2019.07.07-17.47.12:315][  0]LogCollectionManager: Rebuilt the object cache for 0 collections in 0.000000 seconds (found 0 objects)
[2019.07.07-17.47.12:315][  0]LogCollectionManager: Fixed up redirectors for 0 collections in 0.000089 seconds (updated 0 objects)
[2019.07.07-17.47.12:317][  0]LogContentStreaming: Texture pool size now 1000 MB
[2019.07.07-17.47.22:547][349]LogSlate: FSceneViewport::OnFocusLost() reason 0
[2019.07.07-17.47.22:612][353]LogTemp: Repeating last play command: Selected Viewport
[2019.07.07-17.47.22:628][353]LogBlueprintUserMessages: Early PlayInEditor Detection: Level '/Game/SideScrollerCPP/Maps/SideScrollerExampleMap.SideScrollerExampleMap:PersistentLevel' has LevelScriptBlueprint '/Game/SideScrollerCPP/Maps/SideScrollerExampleMap.SideScrollerExampleMap:PersistentLevel.SideScrollerExampleMap' with GeneratedClass '/Game/SideScrollerCPP/Maps/SideScrollerExampleMap.SideScrollerExampleMap_C' with ClassGeneratedBy '/Game/SideScrollerCPP/Maps/SideScrollerExampleMap.SideScrollerExampleMap:PersistentLevel.SideScrollerExampleMap'
[2019.07.07-17.47.22:628][353]LogPlayLevel: PlayLevel: No blueprints needed recompiling
[2019.07.07-17.47.22:629][353]PIE: New page: PIE session: SideScrollerExampleMap (Jul 7, 2019, 3:47:22 AM)
[2019.07.07-17.47.22:642][353]LogPlayLevel: Creating play world package: /Game/SideScrollerCPP/Maps/UEDPIE_0_SideScrollerExampleMap
[2019.07.07-17.47.22:665][353]LogPlayLevel: PIE: StaticDuplicateObject took: (0.022319s)
[2019.07.07-17.47.22:665][353]LogAIModule: Creating AISystem for world SideScrollerExampleMap
[2019.07.07-17.47.22:666][353]LogPlayLevel: PIE: World Init took: (0.000951s)
[2019.07.07-17.47.22:666][353]LogPlayLevel: PIE: Created PIE world by copying editor world from /Game/SideScrollerCPP/Maps/SideScrollerExampleMap.SideScrollerExampleMap to /Game/SideScrollerCPP/Maps/UEDPIE_0_SideScrollerExampleMap.SideScrollerExampleMap (0.023757s)
[2019.07.07-17.47.22:697][353]LogUObjectHash: Compacting FUObjectHashTables data took   1.41ms
[2019.07.07-17.47.22:706][353]LogInit: XAudio2 using 'Speakers (Realtek High Definition Audio)' : 2 channels at 48 kHz using 32 bits per sample (channel mask 0x3)
[2019.07.07-17.47.22:776][353]LogInit: FAudioDevice initialized.
[2019.07.07-17.47.22:817][353]LogLoad: Game class is 'DescendIntoDarknessGameMode'
[2019.07.07-17.47.22:820][353]LogWorld: Bringing World /Game/SideScrollerCPP/Maps/UEDPIE_0_SideScrollerExampleMap.SideScrollerExampleMap up for play (max tick rate 60) at 2019.07.07-10.47.22
[2019.07.07-17.47.22:821][353]LogWorld: Bringing up level for play took: 0.002891
[2019.07.07-17.47.22:843][353]LogContentBrowser: Native class hierarchy updated for 'MovieSceneCapture' in 0.0010 seconds. Added 20 classes and 0 folders.
[2019.07.07-17.47.22:845][353]PIE: Play in editor start time for /Game/SideScrollerCPP/Maps/UEDPIE_0_SideScrollerExampleMap 0.773
[2019.07.07-17.47.22:845][353]LogBlueprintUserMessages: Late PlayInEditor Detection: Level '/Game/SideScrollerCPP/Maps/SideScrollerExampleMap.SideScrollerExampleMap:PersistentLevel' has LevelScriptBlueprint '/Game/SideScrollerCPP/Maps/SideScrollerExampleMap.SideScrollerExampleMap:PersistentLevel.SideScrollerExampleMap' with GeneratedClass '/Game/SideScrollerCPP/Maps/SideScrollerExampleMap.SideScrollerExampleMap_C' with ClassGeneratedBy '/Game/SideScrollerCPP/Maps/SideScrollerExampleMap.SideScrollerExampleMap:PersistentLevel.SideScrollerExampleMap'
[2019.07.07-17.47.24:290][437]LogClass: OverlappingActors: 3
[2019.07.07-17.47.24:290][437]LogClass: You have collected Pickup_BP_2
[2019.07.07-17.47.25:924][535]LogClass: OverlappingActors: 2
[2019.07.07-17.47.25:924][535]LogClass: You have collected Interactable_BP_2
[2019.07.07-17.47.26:573][574]LogClass: OverlappingActors: 1
[2019.07.07-17.47.26:573][574]LogOutputDevice: Warning: 

Script Stack (0 frames):

[2019.07.07-17.47.26:574][574]LogWindows: Windows GetLastError: The operation completed successfully. (0)
[2019.07.07-17.47.29:735][574]LogWindows: Error: === Critical error: ===
[2019.07.07-17.47.29:735][574]LogWindows: Error: 
[2019.07.07-17.47.29:735][574]LogWindows: Error: Assertion failed: (Index >= 0) & (Index < ArrayNum) [File:C:\Program Files\Epic Games\UE_4.22\Engine\Source\Runtime\Core\Public\Containers/Array.h] [Line: 611] 
[2019.07.07-17.47.29:735][574]LogWindows: Error: Array index out of bounds: 1 from an array of size 1
[2019.07.07-17.47.29:735][574]LogWindows: Error: 
[2019.07.07-17.47.29:735][574]LogWindows: Error: 
[2019.07.07-17.47.29:735][574]LogWindows: Error: [Callstack] 0x00007ffbed39a388 KERNELBASE.dll!UnknownFunction []
[2019.07.07-17.47.29:735][574]LogWindows: Error: [Callstack] 0x00007ffbb43b1f37 UE4Editor-Core.dll!UnknownFunction []
[2019.07.07-17.47.29:735][574]LogWindows: Error: [Callstack] 0x00007ffbb43b46e7 UE4Editor-Core.dll!UnknownFunction []
[2019.07.07-17.47.29:735][574]LogWindows: Error: [Callstack] 0x00007ffbb41c7d1a UE4Editor-Core.dll!UnknownFunction []
[2019.07.07-17.47.29:735][574]LogWindows: Error: [Callstack] 0x00007ffbb414fe33 UE4Editor-Core.dll!UnknownFunction []
[2019.07.07-17.47.29:735][574]LogWindows: Error: [Callstack] 0x00007ffbb41504d0 UE4Editor-Core.dll!UnknownFunction []
[2019.07.07-17.47.29:735][574]LogWindows: Error: [Callstack] 0x00007ffb812dd218 UE4Editor-DescendIntoDarkness-6108.dll!DispatchCheckVerify<void,<lambda_ef1b70b240925f16812d3f3169409cf0> >() [C:\Program Files\Epic Games\UE_4.22\Engine\Source\Runtime\Core\Public\Misc\AssertionMacros.h:162]
[2019.07.07-17.47.29:735][574]LogWindows: Error: [Callstack] 0x00007ffb812d4197 UE4Editor-DescendIntoDarkness-6108.dll!ADescendIntoDarknessCharacter::CheckForInteractables() [C:\Users\Chris\Documents\Descend\Descend-Into-Darkness\DescendIntoDarkness\Source\DescendIntoDarkness\DescendIntoDarknessCharacter.cpp:78]
[2019.07.07-17.47.29:735][574]LogWindows: Error: [Callstack] 0x00007ffb95df6ac7 UE4Editor-Engine.dll!UnknownFunction []
[2019.07.07-17.47.29:735][574]LogWindows: Error: [Callstack] 0x00007ffb95e20ef1 UE4Editor-Engine.dll!UnknownFunction []
[2019.07.07-17.47.29:735][574]LogWindows: Error: [Callstack] 0x00007ffb95990dc4 UE4Editor-Engine.dll!UnknownFunction []
[2019.07.07-17.47.29:735][574]LogWindows: Error: [Callstack] 0x00007ffb959a3c88 UE4Editor-Engine.dll!UnknownFunction []
[2019.07.07-17.47.29:735][574]LogWindows: Error: [Callstack] 0x00007ffb9598f1cb UE4Editor-Engine.dll!UnknownFunction []
[2019.07.07-17.47.29:735][574]LogWindows: Error: [Callstack] 0x00007ffb959a2697 UE4Editor-Engine.dll!UnknownFunction []
[2019.07.07-17.47.29:735][574]LogWindows: Error: [Callstack] 0x00007ffb94d8aeed UE4Editor-Engine.dll!UnknownFunction []
[2019.07.07-17.47.29:735][574]LogWindows: Error: [Callstack] 0x00007ffb95d472bc UE4Editor-Engine.dll!UnknownFunction []
[2019.07.07-17.47.29:736][574]LogWindows: Error: [Callstack] 0x00007ffbb3fd22d8 UE4Editor-Core.dll!UnknownFunction []
[2019.07.07-17.47.29:736][574]LogWindows: Error: [Callstack] 0x00007ffbb3fd2563 UE4Editor-Core.dll!UnknownFunction []
[2019.07.07-17.47.29:736][574]LogWindows: Error: [Callstack] 0x00007ffbb3fe2309 UE4Editor-Core.dll!UnknownFunction []
[2019.07.07-17.47.29:736][574]LogWindows: Error: [Callstack] 0x00007ffb95d8f9e3 UE4Editor-Engine.dll!UnknownFunction []
[2019.07.07-17.47.29:736][574]LogWindows: Error: [Callstack] 0x00007ffb95d9bd12 UE4Editor-Engine.dll!UnknownFunction []
[2019.07.07-17.47.29:736][574]LogWindows: Error: [Callstack] 0x00007ffb955bdc4f UE4Editor-Engine.dll!UnknownFunction []
[2019.07.07-17.47.29:736][574]LogWindows: Error: [Callstack] 0x00007ffb955c7e28 UE4Editor-Engine.dll!UnknownFunction []
[2019.07.07-17.47.29:736][574]LogWindows: Error: [Callstack] 0x00007ffb999402f7 UE4Editor-UnrealEd.dll!UnknownFunction []
[2019.07.07-17.47.29:736][574]LogWindows: Error: [Callstack] 0x00007ffb9a15d396 UE4Editor-UnrealEd.dll!UnknownFunction []
[2019.07.07-17.47.29:736][574]LogWindows: Error: [Callstack] 0x00007ff6b4526bb1 UE4Editor.exe!UnknownFunction []
[2019.07.07-17.47.29:736][574]LogWindows: Error: [Callstack] 0x00007ff6b453554c UE4Editor.exe!UnknownFunction []
[2019.07.07-17.47.29:736][574]LogWindows: Error: [Callstack] 0x00007ff6b45355ca UE4Editor.exe!UnknownFunction []
[2019.07.07-17.47.29:736][574]LogWindows: Error: [Callstack] 0x00007ff6b454316c UE4Editor.exe!UnknownFunction []
[2019.07.07-17.47.29:736][574]LogWindows: Error: [Callstack] 0x00007ff6b4545b8e UE4Editor.exe!UnknownFunction []
[2019.07.07-17.47.29:736][574]LogWindows: Error: [Callstack] 0x00007ffbf09d4034 KERNEL32.DLL!UnknownFunction []
[2019.07.07-17.47.29:736][574]LogWindows: Error: [Callstack] 0x00007ffbf0b23691 ntdll.dll!UnknownFunction []
[2019.07.07-17.47.29:736][574]LogWindows: Error: 
[2019.07.07-17.47.29:750][574]LogExit: Executing StaticShutdownAfterError
[2019.07.07-17.47.29:753][574]LogWindows: FPlatformMisc::RequestExit(1)
[2019.07.07-17.47.29:764][574]Log file closed, 07/07/19 10:47:29
