Log file open, 07/12/19 13:09:05
LogWindows: Failed to load 'aqProf.dll' (GetLastError=126)
LogWindows: File 'aqProf.dll' does not exist
LogWindows: Failed to load 'VtuneApi.dll' (GetLastError=126)
LogWindows: File 'VtuneApi.dll' does not exist
LogWindows: Failed to load 'VtuneApi32e.dll' (GetLastError=126)
LogWindows: File 'VtuneApi32e.dll' does not exist
LogConsoleResponse: Display: Failed to find resolution value strings in scalability ini. Falling back to default.
LogInit: Display: Running engine for game: DescendIntoDarkness
LogPakFile: Registered encryption key '00000000000000000000000000000000': 0 pak files mounted, 0 remain pending
LogPlatformFile: Not using cached read wrapper
LogTaskGraph: Started task graph with 5 named threads and 23 total threads with 3 sets of task threads.
LogStats: Stats thread started at 0.324643
LogD3D11RHI: Loaded GFSDK_Aftermath_Lib.x64.dll
LogICUInternationalization: ICU TimeZone Detection - Raw Offset: -8:00, Platform Override: ''
LogPluginManager: Mounting plugin Paper2D
LogPluginManager: Mounting plugin AISupport
LogPluginManager: Mounting plugin LightPropagationVolume
LogPluginManager: Mounting plugin ActorLayerUtilities
LogPluginManager: Mounting plugin AnimationSharing
LogPluginManager: Mounting plugin CLionSourceCodeAccess
LogPluginManager: Mounting plugin CodeLiteSourceCodeAccess
LogPluginManager: Mounting plugin GitSourceControl
LogPluginManager: Mounting plugin KDevelopSourceCodeAccess
LogPluginManager: Mounting plugin NullSourceCodeAccess
LogPluginManager: Mounting plugin PerforceSourceControl
LogPluginManager: Mounting plugin SubversionSourceControl
LogPluginManager: Mounting plugin UObjectPlugin
LogPluginManager: Mounting plugin VisualStudioCodeSourceCodeAccess
LogPluginManager: Mounting plugin VisualStudioSourceCodeAccess
LogPluginManager: Mounting plugin XCodeSourceCodeAccess
LogPluginManager: Mounting plugin AssetManagerEditor
LogPluginManager: Mounting plugin CryptoKeys
LogPluginManager: Mounting plugin DataValidation
LogPluginManager: Mounting plugin FacialAnimation
LogPluginManager: Mounting plugin GameplayTagsEditor
LogPluginManager: Mounting plugin MacGraphicsSwitching
LogPluginManager: Mounting plugin MaterialAnalyzer
LogPluginManager: Mounting plugin MobileLauncherProfileWizard
LogPluginManager: Mounting plugin PluginBrowser
LogPluginManager: Mounting plugin SpeedTreeImporter
LogPluginManager: Mounting plugin DatasmithContent
LogPluginManager: Mounting plugin VariantManagerContent
LogPluginManager: Mounting plugin AlembicImporter
LogPluginManager: Mounting plugin AppleImageUtils
LogPluginManager: Mounting plugin AppleVision
LogPluginManager: Mounting plugin BackChannel
LogPluginManager: Mounting plugin CharacterAI
LogPluginManager: Mounting plugin GeometryCache
LogPluginManager: Mounting plugin HTML5Networking
LogPluginManager: Mounting plugin ProxyLODPlugin
LogPluginManager: Mounting plugin SkeletalReduction
LogPluginManager: Mounting plugin MagicLeap
LogPluginManager: Mounting plugin MagicLeapMedia
LogPluginManager: Mounting plugin AndroidMedia
LogPluginManager: Mounting plugin AvfMedia
LogPluginManager: Mounting plugin ImgMedia
LogPluginManager: Mounting plugin LinearTimecode
LogPluginManager: Mounting plugin MediaCompositing
LogPluginManager: Mounting plugin MediaPlayerEditor
LogPluginManager: Mounting plugin WebMMedia
LogPluginManager: Mounting plugin WmfMedia
LogPluginManager: Mounting plugin TcpMessaging
LogPluginManager: Mounting plugin UdpMessaging
LogPluginManager: Mounting plugin ActorSequence
LogPluginManager: Mounting plugin LevelSequenceEditor
LogPluginManager: Mounting plugin MatineeToLevelSequence
LogPluginManager: Mounting plugin NetcodeUnitTest
LogPluginManager: Mounting plugin NUTUnrealEngine4
LogPluginManager: Mounting plugin OnlineSubsystemGooglePlay
LogPluginManager: Mounting plugin OnlineSubsystemIOS
LogPluginManager: Mounting plugin OnlineSubsystem
LogPluginManager: Mounting plugin OnlineSubsystemNull
LogPluginManager: Mounting plugin OnlineSubsystemUtils
LogPluginManager: Mounting plugin LauncherChunkInstaller
LogPluginManager: Mounting plugin AndroidDeviceProfileSelector
LogPluginManager: Mounting plugin AndroidMoviePlayer
LogPluginManager: Mounting plugin AndroidPermission
LogPluginManager: Mounting plugin AppleMoviePlayer
LogPluginManager: Mounting plugin ArchVisCharacter
LogPluginManager: Mounting plugin AudioCapture
LogPluginManager: Mounting plugin CableComponent
LogPluginManager: Mounting plugin CustomMeshComponent
LogPluginManager: Mounting plugin EditableMesh
LogPluginManager: Mounting plugin ExampleDeviceProfileSelector
LogPluginManager: Mounting plugin Firebase
LogPluginManager: Mounting plugin GoogleCloudMessaging
LogPluginManager: Mounting plugin IOSDeviceProfileSelector
LogPluginManager: Mounting plugin LinuxDeviceProfileSelector
LogPluginManager: Mounting plugin LocationServicesBPLibrary
LogPluginManager: Mounting plugin MobilePatchingUtils
LogPluginManager: Mounting plugin OculusVR
LogPluginManager: Mounting plugin PhysXVehicles
LogPluginManager: Mounting plugin ProceduralMeshComponent
LogPluginManager: Mounting plugin RuntimePhysXCooking
LogPluginManager: Mounting plugin SignificanceManager
LogPluginManager: Mounting plugin SteamVR
LogPluginManager: Mounting plugin WebMMoviePlayer
LogPluginManager: Mounting plugin WindowsMoviePlayer
LogInit: Using libcurl 7.55.1-DEV
LogInit:  - built for x86_64-pc-win32
LogInit:  - supports SSL with OpenSSL/1.1.1
LogInit:  - supports HTTP deflate (compression) using libz 1.2.8
LogInit:  - other features:
LogInit:      CURL_VERSION_SSL
LogInit:      CURL_VERSION_LIBZ
LogInit:      CURL_VERSION_IPV6
LogInit:      CURL_VERSION_ASYNCHDNS
LogInit:      CURL_VERSION_LARGEFILE
LogInit:      CURL_VERSION_IDN
LogInit:  CurlRequestOptions (configurable via config and command line):
LogInit:  - bVerifyPeer = true  - Libcurl will verify peer certificate
LogInit:  - bUseHttpProxy = false  - Libcurl will NOT use HTTP proxy
LogInit:  - bDontReuseConnections = false  - Libcurl will reuse connections
LogInit:  - MaxHostConnections = 16  - Libcurl will limit the number of connections to a host
LogInit:  - LocalHostAddr = Default
LogInit:  - BufferSize = 65536
LogInit: WinSock: version 1.1 (2.2), MaxSocks=32767, MaxUdp=65467
LogInit: Build: ++UE4+Release-4.22-CL-6574378
LogInit: Engine Version: 4.22.2-6574378+++UE4+Release-4.22
LogInit: Compatible Engine Version: 4.22.0-5660361+++UE4+Release-4.22
LogInit: Net CL: 5660361
LogInit: OS: Windows 10 (Release 1803) (), CPU: Intel(R) Core(TM) i7-4720HQ CPU @ 2.60GHz, GPU: Intel(R) HD Graphics 4600
LogInit: Compiled (64-bit): May 20 2019 09:54:56
LogInit: Compiled with Visual C++: 19.16.27025.01
LogInit: Build Configuration: Development
LogInit: Branch Name: ++UE4+Release-4.22
LogInit: Command Line: 
LogInit: Base Directory: C:/Program Files/Epic Games/UE_4.22/Engine/Binaries/Win64/
LogInit: Installed Engine Build: 1
LogDevObjectVersion: Number of dev versions registered: 23
LogDevObjectVersion:   Dev-Blueprints (B0D832E4-1F89-4F0D-ACCF-7EB736FD4AA2): 10
LogDevObjectVersion:   Dev-Build (E1C64328-A22C-4D53-A36C-8E866417BD8C): 0
LogDevObjectVersion:   Dev-Core (375EC13C-06E4-48FB-B500-84F0262A717E): 3
LogDevObjectVersion:   Dev-Editor (E4B068ED-F494-42E9-A231-DA0B2E46BB41): 30
LogDevObjectVersion:   Dev-Framework (CFFC743F-43B0-4480-9391-14DF171D2073): 35
LogDevObjectVersion:   Dev-Mobile (B02B49B5-BB20-44E9-A304-32B752E40360): 2
LogDevObjectVersion:   Dev-Networking (A4E4105C-59A1-49B5-A7C5-40C4547EDFEE): 0
LogDevObjectVersion:   Dev-Online (39C831C9-5AE6-47DC-9A44-9C173E1C8E7C): 0
LogDevObjectVersion:   Dev-Physics (78F01B33-EBEA-4F98-B9B4-84EACCB95AA2): 0
LogDevObjectVersion:   Dev-Platform (6631380F-2D4D-43E0-8009-CF276956A95A): 0
LogDevObjectVersion:   Dev-Rendering (12F88B9F-8875-4AFC-A67C-D90C383ABD29): 28
LogDevObjectVersion:   Dev-Sequencer (7B5AE74C-D270-4C10-A958-57980B212A5A): 11
LogDevObjectVersion:   Dev-VR (D7296918-1DD6-4BDD-9DE2-64A83CC13884): 2
LogDevObjectVersion:   Dev-LoadTimes (C2A15278-BFE7-4AFE-6C17-90FF531DF755): 1
LogDevObjectVersion:   Private-Geometry (6EACA3D4-40EC-4CC1-B786-8BED09428FC5): 3
LogDevObjectVersion:   Dev-AnimPhys (29E575DD-E0A3-4627-9D10-D276232CDCEA): 17
LogDevObjectVersion:   Dev-Anim (AF43A65D-7FD3-4947-9873-3E8ED9C1BB05): 2
LogDevObjectVersion:   Dev-ReflectionCapture (6B266CEC-1EC7-4B8F-A30B-E4D90942FC07): 1
LogDevObjectVersion:   Dev-Automation (0DF73D61-A23F-47EA-B727-89E90C41499A): 1
LogDevObjectVersion:   FortniteMain (601D1886-AC64-4F84-AA16-D3DE0DEAC7D6): 25
LogDevObjectVersion:   Dev-Enterprise (9DFFBCD6-494F-0158-E221-12823C92A888): 6
LogDevObjectVersion:   Dev-Niagara (F2AED0AC-9AFE-416F-8664-AA7FFA26D6FC): 1
LogDevObjectVersion:   Dev-Destruction (174F1F0B-B4C6-45A5-B13F-2EE8D0FB917D): 2
LogInit: Presizing for max 16777216 objects, including 0 objects not considered by GC, pre-allocating 0 bytes for permanent pool.
LogInit: Object subsystem initialized
LogConfig: Setting CVar [[con.DebugEarlyDefault:1]]
LogConfig: Setting CVar [[r.setres:1280x720]]
[2019.07.12-20.09.05:883][  0]LogConfig: Setting CVar [[r.VSync:0]]
[2019.07.12-20.09.05:883][  0]LogConfig: Setting CVar [[r.RHICmdBypass:0]]
[2019.07.12-20.09.05:883][  0]LogConfig: Applying CVar settings from Section [/Script/Engine.RendererSettings] File [C:/Users/aadam/Documents/Unreal Projects/Descend-Into-Darkness/DescendIntoDarkness/Saved/Config/Windows/Engine.ini]
[2019.07.12-20.09.05:883][  0]LogConfig: Setting CVar [[r.GPUCrashDebugging:0]]
[2019.07.12-20.09.05:883][  0]LogConfig: Applying CVar settings from Section [/Script/Engine.RendererOverrideSettings] File [C:/Users/aadam/Documents/Unreal Projects/Descend-Into-Darkness/DescendIntoDarkness/Saved/Config/Windows/Engine.ini]
[2019.07.12-20.09.05:883][  0]LogConfig: Applying CVar settings from Section [/Script/Engine.StreamingSettings] File [C:/Users/aadam/Documents/Unreal Projects/Descend-Into-Darkness/DescendIntoDarkness/Saved/Config/Windows/Engine.ini]
[2019.07.12-20.09.05:883][  0]LogConfig: Setting CVar [[s.MinBulkDataSizeForAsyncLoading:131072]]
[2019.07.12-20.09.05:883][  0]LogConfig: Setting CVar [[s.AsyncLoadingThreadEnabled:0]]
[2019.07.12-20.09.05:883][  0]LogConfig: Setting CVar [[s.EventDrivenLoaderEnabled:1]]
[2019.07.12-20.09.05:883][  0]LogConfig: Setting CVar [[s.WarnIfTimeLimitExceeded:0]]
[2019.07.12-20.09.05:883][  0]LogConfig: Setting CVar [[s.TimeLimitExceededMultiplier:1.5]]
[2019.07.12-20.09.05:883][  0]LogConfig: Setting CVar [[s.TimeLimitExceededMinTime:0.005]]
[2019.07.12-20.09.05:883][  0]LogConfig: Setting CVar [[s.UseBackgroundLevelStreaming:1]]
[2019.07.12-20.09.05:883][  0]LogConfig: Setting CVar [[s.PriorityAsyncLoadingExtraTime:15.0]]
[2019.07.12-20.09.05:883][  0]LogConfig: Setting CVar [[s.LevelStreamingActorsUpdateTimeLimit:5.0]]
[2019.07.12-20.09.05:883][  0]LogConfig: Setting CVar [[s.PriorityLevelStreamingActorsUpdateExtraTime:5.0]]
[2019.07.12-20.09.05:883][  0]LogConfig: Setting CVar [[s.LevelStreamingComponentsRegistrationGranularity:10]]
[2019.07.12-20.09.05:883][  0]LogConfig: Setting CVar [[s.UnregisterComponentsTimeLimit:1.0]]
[2019.07.12-20.09.05:883][  0]LogConfig: Setting CVar [[s.LevelStreamingComponentsUnregistrationGranularity:5]]
[2019.07.12-20.09.05:883][  0]LogConfig: Applying CVar settings from Section [/Script/Engine.GarbageCollectionSettings] File [C:/Users/aadam/Documents/Unreal Projects/Descend-Into-Darkness/DescendIntoDarkness/Saved/Config/Windows/Engine.ini]
[2019.07.12-20.09.05:883][  0]LogConfig: Setting CVar [[gc.MaxObjectsNotConsideredByGC:1]]
[2019.07.12-20.09.05:883][  0]LogConfig: Setting CVar [[gc.SizeOfPermanentObjectPool:0]]
[2019.07.12-20.09.05:883][  0]LogConfig: Setting CVar [[gc.FlushStreamingOnGC:0]]
[2019.07.12-20.09.05:883][  0]LogConfig: Setting CVar [[gc.NumRetriesBeforeForcingGC:10]]
[2019.07.12-20.09.05:883][  0]LogConfig: Setting CVar [[gc.AllowParallelGC:1]]
[2019.07.12-20.09.05:883][  0]LogConfig: Setting CVar [[gc.TimeBetweenPurgingPendingKillObjects:61.1]]
[2019.07.12-20.09.05:883][  0]LogConfig: Setting CVar [[gc.MaxObjectsInEditor:16777216]]
[2019.07.12-20.09.05:883][  0]LogConfig: Setting CVar [[gc.IncrementalBeginDestroyEnabled:1]]
[2019.07.12-20.09.05:883][  0]LogConfig: Setting CVar [[gc.CreateGCClusters:1]]
[2019.07.12-20.09.05:883][  0]LogConfig: Setting CVar [[gc.MinGCClusterSize:5]]
[2019.07.12-20.09.05:883][  0]LogConfig: Setting CVar [[gc.ActorClusteringEnabled:0]]
[2019.07.12-20.09.05:883][  0]LogConfig: Setting CVar [[gc.BlueprintClusteringEnabled:0]]
[2019.07.12-20.09.05:883][  0]LogConfig: Setting CVar [[gc.UseDisregardForGCOnDedicatedServers:0]]
[2019.07.12-20.09.05:883][  0]LogConfig: Applying CVar settings from Section [/Script/Engine.NetworkSettings] File [C:/Users/aadam/Documents/Unreal Projects/Descend-Into-Darkness/DescendIntoDarkness/Saved/Config/Windows/Engine.ini]
[2019.07.12-20.09.05:883][  0]LogConfig: Applying CVar settings from Section [/Script/UnrealEd.CookerSettings] File [C:/Users/aadam/Documents/Unreal Projects/Descend-Into-Darkness/DescendIntoDarkness/Saved/Config/Windows/Engine.ini]
[2019.07.12-20.09.05:892][  0]LogConfig: Applying CVar settings from Section [ViewDistanceQuality@3] File [C:/Users/aadam/Documents/Unreal Projects/Descend-Into-Darkness/DescendIntoDarkness/Saved/Config/Windows/Scalability.ini]
[2019.07.12-20.09.05:892][  0]LogConfig: Setting CVar [[r.SkeletalMeshLODBias:0]]
[2019.07.12-20.09.05:892][  0]LogConfig: Setting CVar [[r.ViewDistanceScale:1.0]]
[2019.07.12-20.09.05:893][  0]LogConfig: Applying CVar settings from Section [AntiAliasingQuality@3] File [C:/Users/aadam/Documents/Unreal Projects/Descend-Into-Darkness/DescendIntoDarkness/Saved/Config/Windows/Scalability.ini]
[2019.07.12-20.09.05:893][  0]LogConfig: Setting CVar [[r.PostProcessAAQuality:4]]
[2019.07.12-20.09.05:893][  0]LogConfig: Applying CVar settings from Section [ShadowQuality@3] File [C:/Users/aadam/Documents/Unreal Projects/Descend-Into-Darkness/DescendIntoDarkness/Saved/Config/Windows/Scalability.ini]
[2019.07.12-20.09.05:893][  0]LogConfig: Setting CVar [[r.LightFunctionQuality:1]]
[2019.07.12-20.09.05:893][  0]LogConfig: Setting CVar [[r.ShadowQuality:5]]
[2019.07.12-20.09.05:893][  0]LogConfig: Setting CVar [[r.Shadow.CSM.MaxCascades:10]]
[2019.07.12-20.09.05:893][  0]LogConfig: Setting CVar [[r.Shadow.MaxResolution:2048]]
[2019.07.12-20.09.05:893][  0]LogConfig: Setting CVar [[r.Shadow.MaxCSMResolution:2048]]
[2019.07.12-20.09.05:893][  0]LogConfig: Setting CVar [[r.Shadow.RadiusThreshold:0.01]]
[2019.07.12-20.09.05:893][  0]LogConfig: Setting CVar [[r.Shadow.DistanceScale:1.0]]
[2019.07.12-20.09.05:893][  0]LogConfig: Setting CVar [[r.Shadow.CSM.TransitionScale:1.0]]
[2019.07.12-20.09.05:893][  0]LogConfig: Setting CVar [[r.Shadow.PreShadowResolutionFactor:1.0]]
[2019.07.12-20.09.05:893][  0]LogConfig: Setting CVar [[r.DistanceFieldShadowing:1]]
[2019.07.12-20.09.05:893][  0]LogConfig: Setting CVar [[r.DistanceFieldAO:1]]
[2019.07.12-20.09.05:893][  0]LogConfig: Setting CVar [[r.AOQuality:2]]
[2019.07.12-20.09.05:893][  0]LogConfig: Setting CVar [[r.VolumetricFog:1]]
[2019.07.12-20.09.05:893][  0]LogConfig: Setting CVar [[r.VolumetricFog.GridPixelSize:8]]
[2019.07.12-20.09.05:893][  0]LogConfig: Setting CVar [[r.VolumetricFog.GridSizeZ:128]]
[2019.07.12-20.09.05:893][  0]LogConfig: Setting CVar [[r.VolumetricFog.HistoryMissSupersampleCount:4]]
[2019.07.12-20.09.05:893][  0]LogConfig: Setting CVar [[r.LightMaxDrawDistanceScale:1]]
[2019.07.12-20.09.05:893][  0]LogConfig: Setting CVar [[r.CapsuleShadows:1]]
[2019.07.12-20.09.05:893][  0]LogConfig: Applying CVar settings from Section [PostProcessQuality@3] File [C:/Users/aadam/Documents/Unreal Projects/Descend-Into-Darkness/DescendIntoDarkness/Saved/Config/Windows/Scalability.ini]
[2019.07.12-20.09.05:893][  0]LogConfig: Setting CVar [[r.MotionBlurQuality:4]]
[2019.07.12-20.09.05:893][  0]LogConfig: Setting CVar [[r.AmbientOcclusionMipLevelFactor:0.4]]
[2019.07.12-20.09.05:893][  0]LogConfig: Setting CVar [[r.AmbientOcclusionMaxQuality:100]]
[2019.07.12-20.09.05:893][  0]LogConfig: Setting CVar [[r.AmbientOcclusionLevels:-1]]
[2019.07.12-20.09.05:893][  0]LogConfig: Setting CVar [[r.AmbientOcclusionRadiusScale:1.0]]
[2019.07.12-20.09.05:893][  0]LogConfig: Setting CVar [[r.DepthOfFieldQuality:2]]
[2019.07.12-20.09.05:893][  0]LogConfig: Setting CVar [[r.RenderTargetPoolMin:400]]
[2019.07.12-20.09.05:893][  0]LogConfig: Setting CVar [[r.LensFlareQuality:2]]
[2019.07.12-20.09.05:893][  0]LogConfig: Setting CVar [[r.SceneColorFringeQuality:1]]
[2019.07.12-20.09.05:893][  0]LogConfig: Setting CVar [[r.EyeAdaptationQuality:2]]
[2019.07.12-20.09.05:893][  0]LogConfig: Setting CVar [[r.BloomQuality:5]]
[2019.07.12-20.09.05:893][  0]LogConfig: Setting CVar [[r.FastBlurThreshold:100]]
[2019.07.12-20.09.05:893][  0]LogConfig: Setting CVar [[r.Upscale.Quality:3]]
[2019.07.12-20.09.05:893][  0]LogConfig: Setting CVar [[r.Tonemapper.GrainQuantization:1]]
[2019.07.12-20.09.05:893][  0]LogConfig: Setting CVar [[r.LightShaftQuality:1]]
[2019.07.12-20.09.05:893][  0]LogConfig: Setting CVar [[r.Filter.SizeScale:1]]
[2019.07.12-20.09.05:893][  0]LogConfig: Setting CVar [[r.Tonemapper.Quality:5]]
[2019.07.12-20.09.05:893][  0]LogConfig: Setting CVar [[r.DOF.Gather.AccumulatorQuality:1        ; higher gathering accumulator quality]]
[2019.07.12-20.09.05:893][  0]LogConfig: Setting CVar [[r.DOF.Gather.PostfilterMethod:1          ; Median3x3 postfilering method]]
[2019.07.12-20.09.05:893][  0]LogConfig: Setting CVar [[r.DOF.Gather.EnableBokehSettings:0       ; no bokeh simulation when gathering]]
[2019.07.12-20.09.05:893][  0]LogConfig: Setting CVar [[r.DOF.Gather.RingCount:4                 ; medium number of samples when gathering]]
[2019.07.12-20.09.05:893][  0]LogConfig: Setting CVar [[r.DOF.Scatter.ForegroundCompositing:1    ; additive foreground scattering]]
[2019.07.12-20.09.05:893][  0]LogConfig: Setting CVar [[r.DOF.Scatter.BackgroundCompositing:2    ; additive background scattering]]
[2019.07.12-20.09.05:893][  0]LogConfig: Setting CVar [[r.DOF.Scatter.EnableBokehSettings:1      ; bokeh simulation when scattering]]
[2019.07.12-20.09.05:893][  0]LogConfig: Setting CVar [[r.DOF.Scatter.MaxSpriteRatio:0.1         ; only a maximum of 10% of scattered bokeh]]
[2019.07.12-20.09.05:893][  0]LogConfig: Setting CVar [[r.DOF.Recombine.Quality:1                ; cheap slight out of focus]]
[2019.07.12-20.09.05:893][  0]LogConfig: Setting CVar [[r.DOF.Recombine.EnableBokehSettings:0    ; no bokeh simulation on slight out of focus]]
[2019.07.12-20.09.05:893][  0]LogConfig: Setting CVar [[r.DOF.TemporalAAQuality:1                ; more stable temporal accumulation]]
[2019.07.12-20.09.05:893][  0]LogConfig: Setting CVar [[r.DOF.Kernel.MaxForegroundRadius:0.025]]
[2019.07.12-20.09.05:893][  0]LogConfig: Setting CVar [[r.DOF.Kernel.MaxBackgroundRadius:0.025]]
[2019.07.12-20.09.05:893][  0]LogConfig: Applying CVar settings from Section [TextureQuality@3] File [C:/Users/aadam/Documents/Unreal Projects/Descend-Into-Darkness/DescendIntoDarkness/Saved/Config/Windows/Scalability.ini]
[2019.07.12-20.09.05:893][  0]LogConfig: Setting CVar [[r.Streaming.MipBias:0]]
[2019.07.12-20.09.05:893][  0]LogConfig: Setting CVar [[r.Streaming.AmortizeCPUToGPUCopy:0]]
[2019.07.12-20.09.05:893][  0]LogConfig: Setting CVar [[r.Streaming.MaxNumTexturesToStreamPerFrame:0]]
[2019.07.12-20.09.05:893][  0]LogConfig: Setting CVar [[r.Streaming.Boost:1]]
[2019.07.12-20.09.05:893][  0]LogConfig: Setting CVar [[r.MaxAnisotropy:8]]
[2019.07.12-20.09.05:893][  0]LogConfig: Setting CVar [[r.Streaming.LimitPoolSizeToVRAM:0]]
[2019.07.12-20.09.05:893][  0]LogConfig: Setting CVar [[r.Streaming.PoolSize:1000]]
[2019.07.12-20.09.05:893][  0]LogConfig: Setting CVar [[r.Streaming.MaxEffectiveScreenSize:0]]
[2019.07.12-20.09.05:893][  0]LogConfig: Applying CVar settings from Section [EffectsQuality@3] File [C:/Users/aadam/Documents/Unreal Projects/Descend-Into-Darkness/DescendIntoDarkness/Saved/Config/Windows/Scalability.ini]
[2019.07.12-20.09.05:893][  0]LogConfig: Setting CVar [[r.TranslucencyLightingVolumeDim:64]]
[2019.07.12-20.09.05:893][  0]LogConfig: Setting CVar [[r.RefractionQuality:2]]
[2019.07.12-20.09.05:893][  0]LogConfig: Setting CVar [[r.SSR.Quality:3]]
[2019.07.12-20.09.05:893][  0]LogConfig: Setting CVar [[r.SceneColorFormat:4]]
[2019.07.12-20.09.05:893][  0]LogConfig: Setting CVar [[r.DetailMode:2]]
[2019.07.12-20.09.05:893][  0]LogConfig: Setting CVar [[r.TranslucencyVolumeBlur:1]]
[2019.07.12-20.09.05:893][  0]LogConfig: Setting CVar [[r.MaterialQualityLevel:1 ; High quality]]
[2019.07.12-20.09.05:893][  0]LogConfig: Setting CVar [[r.SSS.Scale:1]]
[2019.07.12-20.09.05:893][  0]LogConfig: Setting CVar [[r.SSS.SampleSet:2]]
[2019.07.12-20.09.05:893][  0]LogConfig: Setting CVar [[r.SSS.Quality:1]]
[2019.07.12-20.09.05:893][  0]LogConfig: Setting CVar [[r.SSS.HalfRes:1]]
[2019.07.12-20.09.05:893][  0]LogConfig: Setting CVar [[r.EmitterSpawnRateScale:1.0]]
[2019.07.12-20.09.05:893][  0]LogConfig: Setting CVar [[r.ParticleLightQuality:2]]
[2019.07.12-20.09.05:893][  0]LogConfig: Applying CVar settings from Section [FoliageQuality@3] File [C:/Users/aadam/Documents/Unreal Projects/Descend-Into-Darkness/DescendIntoDarkness/Saved/Config/Windows/Scalability.ini]
[2019.07.12-20.09.05:894][  0]LogConfig: Setting CVar [[foliage.DensityScale:1.0]]
[2019.07.12-20.09.05:894][  0]LogConfig: Setting CVar [[grass.DensityScale:1.0]]
[2019.07.12-20.09.05:894][  0]LogInit: Selected Device Profile: [Windows]
[2019.07.12-20.09.05:894][  0]LogInit: Applying CVar settings loaded from the selected device profile: [Windows]
[2019.07.12-20.09.05:907][  0]LogHAL: Display: Platform has ~ 8 GB [8473632768 / 8589934592 / 8], which maps to Default [LargestMinGB=32, LargerMinGB=12, DefaultMinGB=8, SmallerMinGB=6, SmallestMinGB=0)
[2019.07.12-20.09.05:907][  0]LogConfig: Setting CVar [[r.Vulkan.UseRealUBs:0		; Required until we fix HLR fall-out]]
[2019.07.12-20.09.05:907][  0]LogInit: Going up to parent DeviceProfile []
[2019.07.12-20.09.05:907][  0]LogConfig: Applying CVar settings from Section [ViewDistanceQuality@3] File [C:/Users/aadam/Documents/Unreal Projects/Descend-Into-Darkness/DescendIntoDarkness/Saved/Config/Windows/Scalability.ini]
[2019.07.12-20.09.05:907][  0]LogConfig: Setting CVar [[r.SkeletalMeshLODBias:0]]
[2019.07.12-20.09.05:907][  0]LogConfig: Setting CVar [[r.ViewDistanceScale:1.0]]
[2019.07.12-20.09.05:907][  0]LogConfig: Applying CVar settings from Section [AntiAliasingQuality@3] File [C:/Users/aadam/Documents/Unreal Projects/Descend-Into-Darkness/DescendIntoDarkness/Saved/Config/Windows/Scalability.ini]
[2019.07.12-20.09.05:907][  0]LogConfig: Setting CVar [[r.PostProcessAAQuality:4]]
[2019.07.12-20.09.05:907][  0]LogConfig: Applying CVar settings from Section [ShadowQuality@3] File [C:/Users/aadam/Documents/Unreal Projects/Descend-Into-Darkness/DescendIntoDarkness/Saved/Config/Windows/Scalability.ini]
[2019.07.12-20.09.05:907][  0]LogConfig: Setting CVar [[r.LightFunctionQuality:1]]
[2019.07.12-20.09.05:907][  0]LogConfig: Setting CVar [[r.ShadowQuality:5]]
[2019.07.12-20.09.05:907][  0]LogConfig: Setting CVar [[r.Shadow.CSM.MaxCascades:10]]
[2019.07.12-20.09.05:907][  0]LogConfig: Setting CVar [[r.Shadow.MaxResolution:2048]]
[2019.07.12-20.09.05:907][  0]LogConfig: Setting CVar [[r.Shadow.MaxCSMResolution:2048]]
[2019.07.12-20.09.05:907][  0]LogConfig: Setting CVar [[r.Shadow.RadiusThreshold:0.01]]
[2019.07.12-20.09.05:907][  0]LogConfig: Setting CVar [[r.Shadow.DistanceScale:1.0]]
[2019.07.12-20.09.05:908][  0]LogConfig: Setting CVar [[r.Shadow.CSM.TransitionScale:1.0]]
[2019.07.12-20.09.05:908][  0]LogConfig: Setting CVar [[r.Shadow.PreShadowResolutionFactor:1.0]]
[2019.07.12-20.09.05:908][  0]LogConfig: Setting CVar [[r.DistanceFieldShadowing:1]]
[2019.07.12-20.09.05:908][  0]LogConfig: Setting CVar [[r.DistanceFieldAO:1]]
[2019.07.12-20.09.05:908][  0]LogConfig: Setting CVar [[r.AOQuality:2]]
[2019.07.12-20.09.05:908][  0]LogConfig: Setting CVar [[r.VolumetricFog:1]]
[2019.07.12-20.09.05:908][  0]LogConfig: Setting CVar [[r.VolumetricFog.GridPixelSize:8]]
[2019.07.12-20.09.05:908][  0]LogConfig: Setting CVar [[r.VolumetricFog.GridSizeZ:128]]
[2019.07.12-20.09.05:908][  0]LogConfig: Setting CVar [[r.VolumetricFog.HistoryMissSupersampleCount:4]]
[2019.07.12-20.09.05:908][  0]LogConfig: Setting CVar [[r.LightMaxDrawDistanceScale:1]]
[2019.07.12-20.09.05:908][  0]LogConfig: Setting CVar [[r.CapsuleShadows:1]]
[2019.07.12-20.09.05:908][  0]LogConfig: Applying CVar settings from Section [PostProcessQuality@3] File [C:/Users/aadam/Documents/Unreal Projects/Descend-Into-Darkness/DescendIntoDarkness/Saved/Config/Windows/Scalability.ini]
[2019.07.12-20.09.05:908][  0]LogConfig: Setting CVar [[r.MotionBlurQuality:4]]
[2019.07.12-20.09.05:908][  0]LogConfig: Setting CVar [[r.AmbientOcclusionMipLevelFactor:0.4]]
[2019.07.12-20.09.05:908][  0]LogConfig: Setting CVar [[r.AmbientOcclusionMaxQuality:100]]
[2019.07.12-20.09.05:908][  0]LogConfig: Setting CVar [[r.AmbientOcclusionLevels:-1]]
[2019.07.12-20.09.05:908][  0]LogConfig: Setting CVar [[r.AmbientOcclusionRadiusScale:1.0]]
[2019.07.12-20.09.05:908][  0]LogConfig: Setting CVar [[r.DepthOfFieldQuality:2]]
[2019.07.12-20.09.05:908][  0]LogConfig: Setting CVar [[r.RenderTargetPoolMin:400]]
[2019.07.12-20.09.05:908][  0]LogConfig: Setting CVar [[r.LensFlareQuality:2]]
[2019.07.12-20.09.05:908][  0]LogConfig: Setting CVar [[r.SceneColorFringeQuality:1]]
[2019.07.12-20.09.05:908][  0]LogConfig: Setting CVar [[r.EyeAdaptationQuality:2]]
[2019.07.12-20.09.05:908][  0]LogConfig: Setting CVar [[r.BloomQuality:5]]
[2019.07.12-20.09.05:908][  0]LogConfig: Setting CVar [[r.FastBlurThreshold:100]]
[2019.07.12-20.09.05:908][  0]LogConfig: Setting CVar [[r.Upscale.Quality:3]]
[2019.07.12-20.09.05:908][  0]LogConfig: Setting CVar [[r.Tonemapper.GrainQuantization:1]]
[2019.07.12-20.09.05:908][  0]LogConfig: Setting CVar [[r.LightShaftQuality:1]]
[2019.07.12-20.09.05:908][  0]LogConfig: Setting CVar [[r.Filter.SizeScale:1]]
[2019.07.12-20.09.05:908][  0]LogConfig: Setting CVar [[r.Tonemapper.Quality:5]]
[2019.07.12-20.09.05:908][  0]LogConfig: Setting CVar [[r.DOF.Gather.AccumulatorQuality:1        ; higher gathering accumulator quality]]
[2019.07.12-20.09.05:908][  0]LogConfig: Setting CVar [[r.DOF.Gather.PostfilterMethod:1          ; Median3x3 postfilering method]]
[2019.07.12-20.09.05:908][  0]LogConfig: Setting CVar [[r.DOF.Gather.EnableBokehSettings:0       ; no bokeh simulation when gathering]]
[2019.07.12-20.09.05:908][  0]LogConfig: Setting CVar [[r.DOF.Gather.RingCount:4                 ; medium number of samples when gathering]]
[2019.07.12-20.09.05:908][  0]LogConfig: Setting CVar [[r.DOF.Scatter.ForegroundCompositing:1    ; additive foreground scattering]]
[2019.07.12-20.09.05:908][  0]LogConfig: Setting CVar [[r.DOF.Scatter.BackgroundCompositing:2    ; additive background scattering]]
[2019.07.12-20.09.05:908][  0]LogConfig: Setting CVar [[r.DOF.Scatter.EnableBokehSettings:1      ; bokeh simulation when scattering]]
[2019.07.12-20.09.05:908][  0]LogConfig: Setting CVar [[r.DOF.Scatter.MaxSpriteRatio:0.1         ; only a maximum of 10% of scattered bokeh]]
[2019.07.12-20.09.05:908][  0]LogConfig: Setting CVar [[r.DOF.Recombine.Quality:1                ; cheap slight out of focus]]
[2019.07.12-20.09.05:908][  0]LogConfig: Setting CVar [[r.DOF.Recombine.EnableBokehSettings:0    ; no bokeh simulation on slight out of focus]]
[2019.07.12-20.09.05:908][  0]LogConfig: Setting CVar [[r.DOF.TemporalAAQuality:1                ; more stable temporal accumulation]]
[2019.07.12-20.09.05:908][  0]LogConfig: Setting CVar [[r.DOF.Kernel.MaxForegroundRadius:0.025]]
[2019.07.12-20.09.05:908][  0]LogConfig: Setting CVar [[r.DOF.Kernel.MaxBackgroundRadius:0.025]]
[2019.07.12-20.09.05:908][  0]LogConfig: Applying CVar settings from Section [TextureQuality@3] File [C:/Users/aadam/Documents/Unreal Projects/Descend-Into-Darkness/DescendIntoDarkness/Saved/Config/Windows/Scalability.ini]
[2019.07.12-20.09.05:908][  0]LogConfig: Setting CVar [[r.Streaming.MipBias:0]]
[2019.07.12-20.09.05:908][  0]LogConfig: Setting CVar [[r.Streaming.AmortizeCPUToGPUCopy:0]]
[2019.07.12-20.09.05:908][  0]LogConfig: Setting CVar [[r.Streaming.MaxNumTexturesToStreamPerFrame:0]]
[2019.07.12-20.09.05:908][  0]LogConfig: Setting CVar [[r.Streaming.Boost:1]]
[2019.07.12-20.09.05:908][  0]LogConfig: Setting CVar [[r.MaxAnisotropy:8]]
[2019.07.12-20.09.05:908][  0]LogConfig: Setting CVar [[r.Streaming.LimitPoolSizeToVRAM:0]]
[2019.07.12-20.09.05:908][  0]LogConfig: Setting CVar [[r.Streaming.PoolSize:1000]]
[2019.07.12-20.09.05:908][  0]LogConfig: Setting CVar [[r.Streaming.MaxEffectiveScreenSize:0]]
[2019.07.12-20.09.05:908][  0]LogConfig: Applying CVar settings from Section [EffectsQuality@3] File [C:/Users/aadam/Documents/Unreal Projects/Descend-Into-Darkness/DescendIntoDarkness/Saved/Config/Windows/Scalability.ini]
[2019.07.12-20.09.05:908][  0]LogConfig: Setting CVar [[r.TranslucencyLightingVolumeDim:64]]
[2019.07.12-20.09.05:908][  0]LogConfig: Setting CVar [[r.RefractionQuality:2]]
[2019.07.12-20.09.05:908][  0]LogConfig: Setting CVar [[r.SSR.Quality:3]]
[2019.07.12-20.09.05:908][  0]LogConfig: Setting CVar [[r.SceneColorFormat:4]]
[2019.07.12-20.09.05:908][  0]LogConfig: Setting CVar [[r.DetailMode:2]]
[2019.07.12-20.09.05:908][  0]LogConfig: Setting CVar [[r.TranslucencyVolumeBlur:1]]
[2019.07.12-20.09.05:908][  0]LogConfig: Setting CVar [[r.MaterialQualityLevel:1 ; High quality]]
[2019.07.12-20.09.05:908][  0]LogConfig: Setting CVar [[r.SSS.Scale:1]]
[2019.07.12-20.09.05:908][  0]LogConfig: Setting CVar [[r.SSS.SampleSet:2]]
[2019.07.12-20.09.05:908][  0]LogConfig: Setting CVar [[r.SSS.Quality:1]]
[2019.07.12-20.09.05:908][  0]LogConfig: Setting CVar [[r.SSS.HalfRes:1]]
[2019.07.12-20.09.05:908][  0]LogConfig: Setting CVar [[r.EmitterSpawnRateScale:1.0]]
[2019.07.12-20.09.05:908][  0]LogConfig: Setting CVar [[r.ParticleLightQuality:2]]
[2019.07.12-20.09.05:908][  0]LogConfig: Applying CVar settings from Section [FoliageQuality@3] File [C:/Users/aadam/Documents/Unreal Projects/Descend-Into-Darkness/DescendIntoDarkness/Saved/Config/Windows/Scalability.ini]
[2019.07.12-20.09.05:908][  0]LogConfig: Setting CVar [[foliage.DensityScale:1.0]]
[2019.07.12-20.09.05:908][  0]LogConfig: Setting CVar [[grass.DensityScale:1.0]]
[2019.07.12-20.09.05:908][  0]LogConfig: Applying CVar settings from Section [Startup] File [../../../Engine/Config/ConsoleVariables.ini]
[2019.07.12-20.09.05:909][  0]LogConfig: Setting CVar [[net.UseAdaptiveNetUpdateFrequency:0]]
[2019.07.12-20.09.05:909][  0]LogConfig: Setting CVar [[p.chaos.AllowCreatePhysxBodies:1]]
[2019.07.12-20.09.05:909][  0]LogConfig: Applying CVar settings from Section [ConsoleVariables] File [C:/Users/aadam/Documents/Unreal Projects/Descend-Into-Darkness/DescendIntoDarkness/Saved/Config/Windows/Engine.ini]
[2019.07.12-20.09.05:909][  0]LogInit: Computer: DESKTOP-HJ8LPNH
[2019.07.12-20.09.05:909][  0]LogInit: User: aadam
[2019.07.12-20.09.05:909][  0]LogInit: CPU Page size=4096, Cores=4
[2019.07.12-20.09.05:909][  0]LogInit: High frequency timer resolution =2.533206 MHz
[2019.07.12-20.09.05:909][  0]LogMemory: Memory total: Physical=7.9GB (8GB approx)
[2019.07.12-20.09.05:909][  0]LogMemory: Platform Memory Stats for Windows
[2019.07.12-20.09.05:909][  0]LogMemory: Process Physical Memory: 98.45 MB used, 98.45 MB peak
[2019.07.12-20.09.05:909][  0]LogMemory: Process Virtual Memory: 93.21 MB used, 93.21 MB peak
[2019.07.12-20.09.05:909][  0]LogMemory: Physical Memory: 3887.67 MB used,  4193.42 MB free, 8081.09 MB total
[2019.07.12-20.09.05:909][  0]LogMemory: Virtual Memory: 4663.33 MB used,  134213064.00 MB free, 134217728.00 MB total
[2019.07.12-20.09.05:943][  0]LogInit: Using OS detected language (en-US).
[2019.07.12-20.09.05:943][  0]LogInit: Using OS detected locale (en-US).
[2019.07.12-20.09.05:945][  0]LogTextLocalizationManager: No specific localization for 'en-US' exists, so the 'en' localization will be used.
[2019.07.12-20.09.06:149][  0]LogInit: Setting process to per monitor DPI aware
[2019.07.12-20.09.06:202][  0]LogSlate: New Slate User Created.  User Index 0, Is Virtual User: 0
[2019.07.12-20.09.06:202][  0]LogSlate: Slate User Registered.  User Index 0, Is Virtual User: 0
[2019.07.12-20.09.06:451][  0]LogHMD: Failed to initialize OpenVR with code 110
[2019.07.12-20.09.06:451][  0]LogD3D11RHI: D3D11 adapters:
[2019.07.12-20.09.06:563][  0]LogD3D11RHI:    0. 'NVIDIA GeForce GTX 960M' (Feature Level 11_0)
[2019.07.12-20.09.06:563][  0]LogD3D11RHI:       2010/0/4040 MB DedicatedVideo/DedicatedSystem/SharedSystem, Outputs:2, VendorId:0x10de
[2019.07.12-20.09.06:570][  0]LogD3D11RHI:    1. 'Intel(R) HD Graphics 4600' (Feature Level 11_0)
[2019.07.12-20.09.06:571][  0]LogD3D11RHI:       112/0/2048 MB DedicatedVideo/DedicatedSystem/SharedSystem, Outputs:0, VendorId:0x8086
[2019.07.12-20.09.06:573][  0]LogD3D11RHI:    2. 'Microsoft Basic Render Driver' (Feature Level 11_0)
[2019.07.12-20.09.06:573][  0]LogD3D11RHI:       0/0/4040 MB DedicatedVideo/DedicatedSystem/SharedSystem, Outputs:0, VendorId:0x1414
[2019.07.12-20.09.06:573][  0]LogD3D11RHI: Chosen D3D11 Adapter: 0
[2019.07.12-20.09.06:613][  0]LogD3D11RHI: Creating new Direct3DDevice
[2019.07.12-20.09.06:613][  0]LogD3D11RHI:     GPU DeviceId: 0x139b (for the marketing name, search the web for "GPU Device Id")
[2019.07.12-20.09.06:614][  0]LogWindows: EnumDisplayDevices:
[2019.07.12-20.09.06:614][  0]LogWindows:    0. 'Intel(R) HD Graphics 4600' (P:1 D:1)
[2019.07.12-20.09.06:614][  0]LogWindows:    1. 'Intel(R) HD Graphics 4600' (P:0 D:1)
[2019.07.12-20.09.06:615][  0]LogWindows:    2. 'Intel(R) HD Graphics 4600' (P:0 D:0)
[2019.07.12-20.09.06:615][  0]LogWindows: DebugString: PrimaryIsNotTheChoosenAdapter PrimaryIsNotTheChoosenAdapter PrimaryIsNotTheChoosenAdapter FoundDriverCount:0 
[2019.07.12-20.09.06:615][  0]LogD3D11RHI:     Adapter Name: NVIDIA GeForce GTX 960M
[2019.07.12-20.09.06:615][  0]LogD3D11RHI:   Driver Version: Unknown (internal:Unknown, unified:Unknown)
[2019.07.12-20.09.06:615][  0]LogD3D11RHI:      Driver Date: Unknown
[2019.07.12-20.09.06:615][  0]LogRHI: Texture pool is 1407 MB (70% of 2010 MB)
[2019.07.12-20.09.06:705][  0]LogD3D11RHI: Async texture creation enabled
[2019.07.12-20.09.06:710][  0]LogRendererCore: FGlobalReadBuffer::InitRHI
[2019.07.12-20.09.06:711][  0]LogRendererCore: FGlobalReadBuffer::InitRHI
[2019.07.12-20.09.06:711][  0]LogRendererCore: FGlobalReadBuffer::InitRHI
[2019.07.12-20.09.06:719][  0]LogD3D11RHI: GPU Timing Frequency: 1000.000000 (Debug: 2 1)
[2019.07.12-20.09.07:078][  0]LogTemp: Display: Module 'AllDesktopTargetPlatform' loaded TargetPlatform 'AllDesktop'
[2019.07.12-20.09.07:096][  0]LogTemp: Display: Module 'MacClientTargetPlatform' loaded TargetPlatform 'MacClient'
[2019.07.12-20.09.07:114][  0]LogTemp: Display: Module 'MacNoEditorTargetPlatform' loaded TargetPlatform 'MacNoEditor'
[2019.07.12-20.09.07:131][  0]LogTemp: Display: Module 'MacServerTargetPlatform' loaded TargetPlatform 'MacServer'
[2019.07.12-20.09.07:150][  0]LogTemp: Display: Module 'MacTargetPlatform' loaded TargetPlatform 'Mac'
[2019.07.12-20.09.07:168][  0]LogTemp: Display: Module 'WindowsClientTargetPlatform' loaded TargetPlatform 'WindowsClient'
[2019.07.12-20.09.07:187][  0]LogTemp: Display: Module 'WindowsNoEditorTargetPlatform' loaded TargetPlatform 'WindowsNoEditor'
[2019.07.12-20.09.07:205][  0]LogTemp: Display: Module 'WindowsServerTargetPlatform' loaded TargetPlatform 'WindowsServer'
[2019.07.12-20.09.07:216][  0]LogTemp: Display: Module 'WindowsTargetPlatform' loaded TargetPlatform 'Windows'
[2019.07.12-20.09.07:308][  0]LogTemp: Display: Module 'AndroidTargetPlatform' loaded TargetPlatform 'Android'
[2019.07.12-20.09.07:308][  0]LogTemp: Display: Module 'AndroidTargetPlatform' loaded TargetPlatform 'Android_ASTC'
[2019.07.12-20.09.07:308][  0]LogTemp: Display: Module 'AndroidTargetPlatform' loaded TargetPlatform 'Android_ATC'
[2019.07.12-20.09.07:308][  0]LogTemp: Display: Module 'AndroidTargetPlatform' loaded TargetPlatform 'Android_DXT'
[2019.07.12-20.09.07:308][  0]LogTemp: Display: Module 'AndroidTargetPlatform' loaded TargetPlatform 'Android_ETC1'
[2019.07.12-20.09.07:308][  0]LogTemp: Display: Module 'AndroidTargetPlatform' loaded TargetPlatform 'Android_ETC1a'
[2019.07.12-20.09.07:308][  0]LogTemp: Display: Module 'AndroidTargetPlatform' loaded TargetPlatform 'Android_ETC2'
[2019.07.12-20.09.07:308][  0]LogTemp: Display: Module 'AndroidTargetPlatform' loaded TargetPlatform 'Android_PVRTC'
[2019.07.12-20.09.07:308][  0]LogTemp: Display: Module 'AndroidTargetPlatform' loaded TargetPlatform 'AndroidClient'
[2019.07.12-20.09.07:308][  0]LogTemp: Display: Module 'AndroidTargetPlatform' loaded TargetPlatform 'Android_ASTCClient'
[2019.07.12-20.09.07:308][  0]LogTemp: Display: Module 'AndroidTargetPlatform' loaded TargetPlatform 'Android_ATCClient'
[2019.07.12-20.09.07:308][  0]LogTemp: Display: Module 'AndroidTargetPlatform' loaded TargetPlatform 'Android_DXTClient'
[2019.07.12-20.09.07:308][  0]LogTemp: Display: Module 'AndroidTargetPlatform' loaded TargetPlatform 'Android_ETC1Client'
[2019.07.12-20.09.07:308][  0]LogTemp: Display: Module 'AndroidTargetPlatform' loaded TargetPlatform 'Android_ETC1aClient'
[2019.07.12-20.09.07:308][  0]LogTemp: Display: Module 'AndroidTargetPlatform' loaded TargetPlatform 'Android_ETC2Client'
[2019.07.12-20.09.07:308][  0]LogTemp: Display: Module 'AndroidTargetPlatform' loaded TargetPlatform 'Android_PVRTCClient'
[2019.07.12-20.09.07:308][  0]LogTemp: Display: Module 'AndroidTargetPlatform' loaded TargetPlatform 'Android_Multi'
[2019.07.12-20.09.07:308][  0]LogTemp: Display: Module 'AndroidTargetPlatform' loaded TargetPlatform 'Android_MultiClient'
[2019.07.12-20.09.07:310][  0]LogTemp: Display: Module 'HTML5TargetPlatform' loaded TargetPlatform 'HTML5'
[2019.07.12-20.09.07:365][  0]LogTemp: Display: Module 'IOSTargetPlatform' loaded TargetPlatform 'IOSClient'
[2019.07.12-20.09.07:365][  0]LogTemp: Display: Module 'IOSTargetPlatform' loaded TargetPlatform 'IOS'
[2019.07.12-20.09.07:394][  0]LogTemp: Display: Module 'TVOSTargetPlatform' loaded TargetPlatform 'TVOSClient'
[2019.07.12-20.09.07:394][  0]LogTemp: Display: Module 'TVOSTargetPlatform' loaded TargetPlatform 'TVOS'
[2019.07.12-20.09.07:409][  0]LogTemp: Display: Module 'LinuxClientTargetPlatform' loaded TargetPlatform 'LinuxClient'
[2019.07.12-20.09.07:424][  0]LogTemp: Display: Module 'LinuxNoEditorTargetPlatform' loaded TargetPlatform 'LinuxNoEditor'
[2019.07.12-20.09.07:439][  0]LogTemp: Display: Module 'LinuxServerTargetPlatform' loaded TargetPlatform 'LinuxServer'
[2019.07.12-20.09.07:454][  0]LogTemp: Display: Module 'LinuxTargetPlatform' loaded TargetPlatform 'Linux'
[2019.07.12-20.09.07:505][  0]LogTemp: Display: Module 'LuminTargetPlatform' loaded TargetPlatform 'Lumin'
[2019.07.12-20.09.07:505][  0]LogTemp: Display: Module 'LuminTargetPlatform' loaded TargetPlatform 'LuminClient'
[2019.07.12-20.09.07:506][  0]LogTargetPlatformManager: Display: Building Assets For Windows
[2019.07.12-20.09.07:520][  0]LogAudioDebug: Display: Lib vorbis DLL was dynamically loaded.
[2019.07.12-20.09.07:605][  0]LogShaderCompilers: Guid format shader working directory is -52 characters bigger than the processId version (../../../../../../Users/aadam/Documents/Unreal Projects/Descend-Into-Darkness/DescendIntoDarkness/Intermediate/Shaders/WorkingDirectory/19356/).
[2019.07.12-20.09.07:606][  0]LogShaderCompilers: Cleaned the shader compiler working directory 'C:/Users/aadam/AppData/Local/Temp/UnrealShaderWorkingDir/3DCBAFB3499243F912417595DE8BEC7C/'.
[2019.07.12-20.09.07:610][  0]LogXGEController: Cannot use XGE Controller as Incredibuild is not installed on this machine.
[2019.07.12-20.09.07:610][  0]LogShaderCompilers: Cannot use XGE Shader Compiler as Incredibuild is not installed on this machine.
[2019.07.12-20.09.07:610][  0]LogShaderCompilers: Display: Using Local Shader Compiler.
[2019.07.12-20.09.08:232][  0]LogDerivedDataCache: Display: Max Cache Size: 512 MB
[2019.07.12-20.09.08:323][  0]LogDerivedDataCache: Loaded boot cache 0.09s 71MB C:/Users/aadam/AppData/Local/UnrealEngine/4.22/DerivedDataCache/Boot.ddc.
[2019.07.12-20.09.08:323][  0]LogDerivedDataCache: Display: Loaded Boot cache: C:/Users/aadam/AppData/Local/UnrealEngine/4.22/DerivedDataCache/Boot.ddc
[2019.07.12-20.09.08:323][  0]LogDerivedDataCache: FDerivedDataBackendGraph:  Pak pak cache file ../../../../../../Users/aadam/Documents/Unreal Projects/Descend-Into-Darkness/DescendIntoDarkness/DerivedDataCache/DDC.ddp not found, will not use a pak cache.
[2019.07.12-20.09.08:323][  0]LogDerivedDataCache: Unable to find inner node Pak for hierarchical cache Hierarchy.
[2019.07.12-20.09.08:323][  0]LogDerivedDataCache: FDerivedDataBackendGraph:  CompressedPak pak cache file ../../../../../../Users/aadam/Documents/Unreal Projects/Descend-Into-Darkness/DescendIntoDarkness/DerivedDataCache/Compressed.ddp not found, will not use a pak cache.
[2019.07.12-20.09.08:323][  0]LogDerivedDataCache: Unable to find inner node CompressedPak for hierarchical cache Hierarchy.
[2019.07.12-20.09.08:336][  0]LogDerivedDataCache: Display: Pak cache opened for reading ../../../Engine/DerivedDataCache/Compressed.ddp.
[2019.07.12-20.09.08:337][  0]LogDerivedDataCache: FDerivedDataBackendGraph:  EnterprisePak pak cache file ../../../Enterprise/DerivedDataCache/Compressed.ddp not found, will not use a pak cache.
[2019.07.12-20.09.08:337][  0]LogDerivedDataCache: Unable to find inner node EnterprisePak for hierarchical cache Hierarchy.
[2019.07.12-20.09.08:349][  0]LogDerivedDataCache: Using Local data cache path C:/Users/aadam/AppData/Local/UnrealEngine/Common/DerivedDataCache: Writable
[2019.07.12-20.09.08:349][  0]LogDerivedDataCache: Shared data cache path not found in *engine.ini, will not use an Shared cache.
[2019.07.12-20.09.08:349][  0]LogDerivedDataCache: Unable to find inner node Shared for hierarchical cache Hierarchy.
[2019.07.12-20.09.08:373][  0]LogMaterial: Verifying Global Shaders for PCD3D_SM5
[2019.07.12-20.09.08:375][  0]LogSlate: Using FreeType 2.6.0
[2019.07.12-20.09.08:375][  0]LogSlate: SlateFontServices - WITH_FREETYPE: 1, WITH_HARFBUZZ: 1
[2019.07.12-20.09.08:472][  0]LogAssetRegistry: FAssetRegistry took 0.0352 seconds to start up
[2019.07.12-20.09.08:853][  0]LogInit: Selected Device Profile: [Windows]
[2019.07.12-20.09.09:019][  0]LogMeshReduction: Using QuadricMeshReduction for automatic static mesh reduction
[2019.07.12-20.09.09:020][  0]LogMeshReduction: Using SimplygonMeshReduction for automatic skeletal mesh reduction
[2019.07.12-20.09.09:020][  0]LogMeshReduction: Using ProxyLODMeshReduction for automatic mesh merging
[2019.07.12-20.09.09:020][  0]LogMeshReduction: No distributed automatic mesh merging module available
[2019.07.12-20.09.09:020][  0]LogMeshMerging: No distributed automatic mesh merging module available
[2019.07.12-20.09.09:031][  0]LogNetVersion: DescendIntoDarkness 1.0.0, NetCL: 5660361, EngineNetVer: 10, GameNetVer: 0 (Checksum: 1140046260)
[2019.07.12-20.09.09:505][  0]LogPackageLocalizationCache: Processed 10 localized package path(s) for 1 prioritized culture(s) in 0.049183 seconds
[2019.07.12-20.09.09:513][  0]LogUObjectArray: 42205 objects as part of root set at end of initial load.
[2019.07.12-20.09.09:513][  0]LogUObjectAllocator: 7325032 out of 0 bytes used by permanent object pool.
[2019.07.12-20.09.09:513][  0]LogUObjectArray: CloseDisregardForGC: 0/0 objects in disregard for GC pool
[2019.07.12-20.09.10:503][  0]LogTcpMessaging: Initializing TcpMessaging bridge
[2019.07.12-20.09.10:516][  0]LogUdpMessaging: Initializing bridge on interface 0.0.0.0:0 to multicast group 230.0.0.1:6666.
[2019.07.12-20.09.10:609][  0]LogLinker: Warning: Can't find file '/Game/SideScrollerCPP/Blueprints/Player'
[2019.07.12-20.09.10:609][  0]LogLinker: Warning: Can't find file '/Game/SideScrollerCPP/Blueprints/Player'
[2019.07.12-20.09.10:609][  0]LogUObjectGlobals: Warning: Failed to find object 'Class /Game/SideScrollerCPP/Blueprints/Player.Player_C'
[2019.07.12-20.09.10:609][  0]Error: CDO Constructor (DescendIntoDarknessGameMode): Failed to find /Game/SideScrollerCPP/Blueprints/Player.Player_C

[2019.07.12-20.09.10:609][  0]LogUObjectBase: Warning: -------------- Default Property warnings and errors:
[2019.07.12-20.09.10:609][  0]LogUObjectBase: Warning: Error: CDO Constructor (DescendIntoDarknessGameMode): Failed to find /Game/SideScrollerCPP/Blueprints/Player.Player_C

[2019.07.12-20.09.10:626][  0]LogWindowsTextInputMethodSystem: Display: IME system now deactivated.
[2019.07.12-20.09.12:515][  0]LogWindowsTextInputMethodSystem: Display: IME system now deactivated.
[2019.07.12-20.09.12:516][  0]LogWindowsTextInputMethodSystem: Display: IME system now deactivated.
[2019.07.12-20.09.12:559][  0]SourceControl: Source control is disabled
[2019.07.12-20.09.12:559][  0]SourceControl: Source control is disabled
[2019.07.12-20.09.12:562][  0]SourceControl: Source control is disabled
[2019.07.12-20.09.12:563][  0]SourceControl: Source control is disabled
[2019.07.12-20.09.12:662][  0]LogAndroidPermission: UAndroidPermissionCallbackProxy::GetInstance
[2019.07.12-20.09.12:761][  0]LogOcInput: OculusInput pre-init called
[2019.07.12-20.09.13:504][  0]LogEngine: Initializing Engine...
[2019.07.12-20.09.13:504][  0]LogHMD: Failed to initialize OpenVR with code 110
[2019.07.12-20.09.13:506][  0]LogStats: UGameplayTagsManager::InitializeManager -  0.000 s
[2019.07.12-20.09.13:749][  0]LogInit: Initializing FReadOnlyCVARCache
[2019.07.12-20.09.13:775][  0]LogAIModule: Creating AISystem for world Untitled
[2019.07.12-20.09.13:799][  0]LogInit: XAudio2 using 'Speakers (Realtek High Definition Audio)' : 2 channels at 48 kHz using 32 bits per sample (channel mask 0x3)
[2019.07.12-20.09.13:946][  0]LogInit: FAudioDevice initialized.
[2019.07.12-20.09.13:947][  0]LogNetVersion: Set ProjectVersion to 1.0.0.0. Version Checksum will be recalculated on next use.
[2019.07.12-20.09.14:107][  0]LogDerivedDataCache: Saved boot cache 0.16s 71MB C:/Users/aadam/AppData/Local/UnrealEngine/4.22/DerivedDataCache/Boot.ddc.
[2019.07.12-20.09.14:112][  0]LogInit: Texture streaming: Enabled
[2019.07.12-20.09.14:142][  0]LogEngineSessionManager: EngineSessionManager initialized
[2019.07.12-20.09.14:178][  0]LogInit: Transaction tracking system initialized
[2019.07.12-20.09.14:230][  0]BlueprintLog: New page: Editor Load
[2019.07.12-20.09.14:374][  0]LocalizationService: Localization service is disabled
[2019.07.12-20.09.14:748][  0]LogFileCache: Scanning file cache for directory 'C:/Users/aadam/Documents/Unreal Projects/Descend-Into-Darkness/DescendIntoDarkness/Content/' took 0.02s
[2019.07.12-20.09.14:748][  0]LogCook: Display: Max memory allowance for cook 16384mb min free memory 0mb
[2019.07.12-20.09.14:748][  0]LogCook: Display: Mobile HDR setting 1
[2019.07.12-20.09.15:015][  0]SourceControl: Source control is disabled
[2019.07.12-20.09.15:015][  0]LogEditorServer: Warning: Can't find file '../../../../../../Users/aadam/Documents/Unreal Projects/Descend-Into-Darkness/DescendIntoDarkness/Content/SideScrollerCPP/Maps/SideScrollerExampleMap.umap'
[2019.07.12-20.09.15:015][  0]Cmd: MAP CHECKDEP NOCLEARLOG
[2019.07.12-20.09.15:016][  0]MapCheck: Map check complete: 0 Error(s), 0 Warning(s), took 0.221ms to complete.
[2019.07.12-20.09.15:016][  0]LogFileHelpers: Loading map 'SideScrollerExampleMap' took 0.001
[2019.07.12-20.09.15:129][  0]LogSlate: Updating window title bar state: overlay mode, drag disabled, window buttons hidden, title bar hidden
[2019.07.12-20.09.15:138][  0]LogSlate: Updating window title bar state: overlay mode, drag disabled, window buttons hidden, title bar hidden
[2019.07.12-20.09.15:147][  0]LogSlate: Updating window title bar state: overlay mode, drag disabled, window buttons hidden, title bar hidden
[2019.07.12-20.09.15:156][  0]LogSlate: Updating window title bar state: overlay mode, drag disabled, window buttons hidden, title bar hidden
[2019.07.12-20.09.15:169][  0]LogCollectionManager: Loaded 0 collections in 0.005697 seconds
[2019.07.12-20.09.15:188][  0]LogFileCache: Scanning file cache for directory 'C:/Users/aadam/Documents/Unreal Projects/Descend-Into-Darkness/DescendIntoDarkness/Saved/Collections/' took 0.01s
[2019.07.12-20.09.15:188][  0]LogFileCache: Scanning file cache for directory 'C:/Users/aadam/Documents/Unreal Projects/Descend-Into-Darkness/DescendIntoDarkness/Content/Developers/aadam/Collections/' took 0.00s
[2019.07.12-20.09.15:188][  0]LogFileCache: Scanning file cache for directory 'C:/Users/aadam/Documents/Unreal Projects/Descend-Into-Darkness/DescendIntoDarkness/Content/Collections/' took 0.00s
[2019.07.12-20.09.15:188][  0]LogCollectionManager: Rebuilt the GUID cache for 0 collections in 0.000000 seconds
[2019.07.12-20.09.15:198][  0]LogContentBrowser: Native class hierarchy populated in 0.0100 seconds. Added 2737 classes and 661 folders.
[2019.07.12-20.09.15:210][  0]LogContentBrowser: Native class hierarchy updated for 'WidgetCarousel' in 0.0005 seconds. Added 0 classes and 0 folders.
[2019.07.12-20.09.15:212][  0]LogPakFile: Registered encryption key '00000000000000000000000000000000': 0 pak files mounted, 0 remain pending
[2019.07.12-20.09.15:212][  0]LogPakFile: Registered encryption key '00000000000000000000000000000000': 0 pak files mounted, 0 remain pending
[2019.07.12-20.09.15:213][  0]LogPakFile: Registered encryption key '00000000000000000000000000000000': 0 pak files mounted, 0 remain pending
[2019.07.12-20.09.15:213][  0]LogPakFile: Registered encryption key '00000000000000000000000000000000': 0 pak files mounted, 0 remain pending
[2019.07.12-20.09.15:214][  0]LogPakFile: Registered encryption key '00000000000000000000000000000000': 0 pak files mounted, 0 remain pending
[2019.07.12-20.09.15:215][  0]LogPakFile: Registered encryption key '00000000000000000000000000000000': 0 pak files mounted, 0 remain pending
[2019.07.12-20.09.15:215][  0]LogPakFile: Registered encryption key '00000000000000000000000000000000': 0 pak files mounted, 0 remain pending
[2019.07.12-20.09.15:216][  0]LogPakFile: Registered encryption key '00000000000000000000000000000000': 0 pak files mounted, 0 remain pending
[2019.07.12-20.09.15:216][  0]LogPakFile: Registered encryption key '00000000000000000000000000000000': 0 pak files mounted, 0 remain pending
[2019.07.12-20.09.15:217][  0]LogPakFile: Registered encryption key '00000000000000000000000000000000': 0 pak files mounted, 0 remain pending
[2019.07.12-20.09.15:217][  0]LogPakFile: Registered encryption key '00000000000000000000000000000000': 0 pak files mounted, 0 remain pending
[2019.07.12-20.09.15:218][  0]LogPakFile: Registered encryption key '00000000000000000000000000000000': 0 pak files mounted, 0 remain pending
[2019.07.12-20.09.15:218][  0]LogPakFile: Registered encryption key '00000000000000000000000000000000': 0 pak files mounted, 0 remain pending
[2019.07.12-20.09.15:219][  0]LogPakFile: Registered encryption key '00000000000000000000000000000000': 0 pak files mounted, 0 remain pending
[2019.07.12-20.09.15:220][  0]LogPakFile: Registered encryption key '00000000000000000000000000000000': 0 pak files mounted, 0 remain pending
[2019.07.12-20.09.15:220][  0]LogPakFile: Registered encryption key '00000000000000000000000000000000': 0 pak files mounted, 0 remain pending
[2019.07.12-20.09.15:221][  0]LogPakFile: Registered encryption key '00000000000000000000000000000000': 0 pak files mounted, 0 remain pending
[2019.07.12-20.09.15:221][  0]LogPakFile: Registered encryption key '00000000000000000000000000000000': 0 pak files mounted, 0 remain pending
[2019.07.12-20.09.15:222][  0]LogPakFile: Registered encryption key '00000000000000000000000000000000': 0 pak files mounted, 0 remain pending
[2019.07.12-20.09.15:222][  0]LogPakFile: Registered encryption key '00000000000000000000000000000000': 0 pak files mounted, 0 remain pending
[2019.07.12-20.09.15:223][  0]LogPakFile: Registered encryption key '00000000000000000000000000000000': 0 pak files mounted, 0 remain pending
[2019.07.12-20.09.15:224][  0]LogPakFile: Registered encryption key '00000000000000000000000000000000': 0 pak files mounted, 0 remain pending
[2019.07.12-20.09.15:224][  0]LogPakFile: Registered encryption key '00000000000000000000000000000000': 0 pak files mounted, 0 remain pending
[2019.07.12-20.09.15:225][  0]LogPakFile: Registered encryption key '00000000000000000000000000000000': 0 pak files mounted, 0 remain pending
[2019.07.12-20.09.15:225][  0]LogPakFile: Registered encryption key '00000000000000000000000000000000': 0 pak files mounted, 0 remain pending
[2019.07.12-20.09.15:226][  0]LogPakFile: Registered encryption key '00000000000000000000000000000000': 0 pak files mounted, 0 remain pending
[2019.07.12-20.09.15:287][  0]LogContentBrowser: Native class hierarchy updated for 'AddContentDialog' in 0.0008 seconds. Added 0 classes and 0 folders.
[2019.07.12-20.09.15:295][  0]LogContentBrowser: Native class hierarchy updated for 'SceneOutliner' in 0.0005 seconds. Added 1 classes and 2 folders.
[2019.07.12-20.09.15:311][  0]LogSlate: Took 0.000292 seconds to synchronously load lazily loaded font '../../../Engine/Content/Slate/Fonts/Roboto-Regular.ttf' (155K)
[2019.07.12-20.09.15:314][  0]LogSlate: Took 0.000233 seconds to synchronously load lazily loaded font '../../../Engine/Content/Slate/Fonts/Roboto-Bold.ttf' (160K)
[2019.07.12-20.09.15:320][  0]LogSlate: Took 0.000366 seconds to synchronously load lazily loaded font '../../../Engine/Content/Editor/Slate/Fonts/FontAwesome.ttf' (139K)
[2019.07.12-20.09.15:409][  0]LogRenderer: Reallocating scene render targets to support 828x412 Format 10 NumSamples 1 (Frame:1).
[2019.07.12-20.09.15:593][  0]LogContentBrowser: Native class hierarchy updated for 'HierarchicalLODOutliner' in 0.0006 seconds. Added 0 classes and 0 folders.
[2019.07.12-20.09.15:593][  0]LogLoad: (Engine Initialization) Total time: 12.74 seconds
[2019.07.12-20.09.15:593][  0]LogLoad: (Engine Initialization) Total Blueprint compile time: 0.00 seconds
[2019.07.12-20.09.15:635][  0]LogAssetRegistry: Asset discovery search completed in 7.1854 seconds
[2019.07.12-20.09.15:639][  0]LogCollectionManager: Rebuilt the object cache for 0 collections in 0.000000 seconds (found 0 objects)
[2019.07.12-20.09.15:639][  0]LogCollectionManager: Fixed up redirectors for 0 collections in 0.000052 seconds (updated 0 objects)
[2019.07.12-20.09.15:639][  0]LogContentStreaming: Texture pool size now 1000 MB
[2019.07.12-20.09.15:666][  0]LogSlate: Took 0.000171 seconds to synchronously load lazily loaded font '../../../Engine/Content/Slate/Fonts/Roboto-Light.ttf' (167K)
[2019.07.12-20.09.20:569][292]LogSlate: FSceneViewport::OnFocusLost() reason 0
[2019.07.12-20.09.20:705][300]LogSlate: Took 0.000236 seconds to synchronously load lazily loaded font '../../../Engine/Content/Slate/Fonts/Roboto-Light.ttf' (167K)
[2019.07.12-20.09.21:252][300]LogAIModule: Creating AISystem for world Test_Scene
[2019.07.12-20.09.21:295][300]LogAssetEditorManager: Opening Asset editor for World /Game/Maps/Test_Scene.Test_Scene
[2019.07.12-20.09.21:328][300]LogUObjectHash: Compacting FUObjectHashTables data took   2.71ms
[2019.07.12-20.09.21:330][300]Cmd: MAP LOAD FILE="../../../../../../Users/aadam/Documents/Unreal Projects/Descend-Into-Darkness/DescendIntoDarkness/Content/Maps/Test_Scene.umap" TEMPLATE=0 SHOWPROGRESS=1 FEATURELEVEL=3
[2019.07.12-20.09.21:330][300]LightingResults: New page: Lighting Build
[2019.07.12-20.09.21:335][300]LogContentBrowser: Native class hierarchy updated for 'StatsViewer' in 0.0005 seconds. Added 5 classes and 0 folders.
[2019.07.12-20.09.21:336][300]LoadErrors: New page: Loading map: Test_Scene.umap
[2019.07.12-20.09.21:336][300]MapCheck: New page: Map Check
[2019.07.12-20.09.21:336][300]LightingResults: New page: Lighting Build
[2019.07.12-20.09.21:359][300]LogUObjectHash: Compacting FUObjectHashTables data took   1.78ms
[2019.07.12-20.09.21:389][300]LogEditorServer: Finished looking for orphan Actors (0.000 secs)
[2019.07.12-20.09.21:415][300]LogUObjectHash: Compacting FUObjectHashTables data took   1.80ms
[2019.07.12-20.09.21:450][300]Cmd: MAP CHECKDEP NOCLEARLOG
[2019.07.12-20.09.21:451][300]MapCheck: Map check complete: 0 Error(s), 0 Warning(s), took 0.207ms to complete.
[2019.07.12-20.09.21:451][300]LogFileHelpers: Loading map 'Test_Scene' took 0.122
[2019.07.12-20.09.25:281][426]LogSlate: FSceneViewport::OnFocusLost() reason 0
[2019.07.12-20.09.25:349][430]LogTemp: Repeating last play command: Selected Viewport
[2019.07.12-20.09.25:372][430]LogBlueprintUserMessages: Early PlayInEditor Detection: Level '/Game/Maps/Test_Scene.Test_Scene:PersistentLevel' has LevelScriptBlueprint '/Game/Maps/Test_Scene.Test_Scene:PersistentLevel.Test_Scene' with GeneratedClass '/Game/Maps/Test_Scene.Test_Scene_C' with ClassGeneratedBy '/Game/Maps/Test_Scene.Test_Scene:PersistentLevel.Test_Scene'
[2019.07.12-20.09.25:372][430]LogPlayLevel: PlayLevel: No blueprints needed recompiling
[2019.07.12-20.09.25:372][430]PIE: New page: PIE session: Test_Scene (Jul 12, 2019, 6:09:25 AM)
[2019.07.12-20.09.25:385][430]LogPlayLevel: Creating play world package: /Game/Maps/UEDPIE_0_Test_Scene
[2019.07.12-20.09.25:419][430]LogPlayLevel: PIE: StaticDuplicateObject took: (0.033056s)
[2019.07.12-20.09.25:420][430]LogAIModule: Creating AISystem for world Test_Scene
[2019.07.12-20.09.25:420][430]LogPlayLevel: PIE: World Init took: (0.001213s)
[2019.07.12-20.09.25:420][430]LogPlayLevel: PIE: Created PIE world by copying editor world from /Game/Maps/Test_Scene.Test_Scene to /Game/Maps/UEDPIE_0_Test_Scene.Test_Scene (0.034754s)
[2019.07.12-20.09.25:462][430]LogUObjectHash: Compacting FUObjectHashTables data took   1.57ms
[2019.07.12-20.09.25:470][430]LogInit: XAudio2 using 'Speakers (Realtek High Definition Audio)' : 2 channels at 48 kHz using 32 bits per sample (channel mask 0x3)
[2019.07.12-20.09.25:489][430]LogInit: FAudioDevice initialized.
[2019.07.12-20.09.25:528][430]LogLoad: Game class is 'DescendIntoDarknessGameMode'
[2019.07.12-20.09.25:533][430]LogWorld: Bringing World /Game/Maps/UEDPIE_0_Test_Scene.Test_Scene up for play (max tick rate 60) at 2019.07.12-13.09.25
[2019.07.12-20.09.25:534][430]LogWorld: Bringing up level for play took: 0.004441
[2019.07.12-20.09.25:556][430]LogContentBrowser: Native class hierarchy updated for 'MovieSceneCapture' in 0.0005 seconds. Added 20 classes and 0 folders.
[2019.07.12-20.09.25:562][430]PIE: Play in editor start time for /Game/Maps/UEDPIE_0_Test_Scene 0.678
[2019.07.12-20.09.25:562][430]LogBlueprintUserMessages: Late PlayInEditor Detection: Level '/Game/Maps/Test_Scene.Test_Scene:PersistentLevel' has LevelScriptBlueprint '/Game/Maps/Test_Scene.Test_Scene:PersistentLevel.Test_Scene' with GeneratedClass '/Game/Maps/Test_Scene.Test_Scene_C' with ClassGeneratedBy '/Game/Maps/Test_Scene.Test_Scene:PersistentLevel.Test_Scene'
[2019.07.12-20.09.28:580][526]LogBlueprintUserMessages: Early EndPlayMap Detection: Level '/Game/Maps/Test_Scene.Test_Scene:PersistentLevel' has LevelScriptBlueprint '/Game/Maps/Test_Scene.Test_Scene:PersistentLevel.Test_Scene' with GeneratedClass '/Game/Maps/Test_Scene.Test_Scene_C' with ClassGeneratedBy '/Game/Maps/Test_Scene.Test_Scene:PersistentLevel.Test_Scene'
[2019.07.12-20.09.28:580][526]LogSlate: Updating window title bar state: overlay mode, drag disabled, window buttons hidden, title bar hidden
[2019.07.12-20.09.28:641][526]LogPlayLevel: Display: Shutting down PIE online subsystems
[2019.07.12-20.09.28:641][526]LogBlueprintUserMessages: Late EndPlayMap Detection: Level '/Game/Maps/Test_Scene.Test_Scene:PersistentLevel' has LevelScriptBlueprint '/Game/Maps/Test_Scene.Test_Scene:PersistentLevel.Test_Scene' with GeneratedClass '/Game/Maps/Test_Scene.Test_Scene_C' with ClassGeneratedBy '/Game/Maps/Test_Scene.Test_Scene:PersistentLevel.Test_Scene'
[2019.07.12-20.09.28:677][526]LogSlate: Updating window title bar state: overlay mode, drag disabled, window buttons hidden, title bar hidden
[2019.07.12-20.09.28:682][526]LogUObjectHash: Compacting FUObjectHashTables data took   1.93ms
[2019.07.12-20.09.28:734][527]LogPlayLevel: Display: Destroying online subsystem :Context_1
[2019.07.12-20.09.30:919][654]LogSlate: FSceneViewport::OnFocusLost() reason 0
[2019.07.12-20.09.34:699][873]LogAssetEditorManager: Opening Asset editor for Blueprint /Game/Blueprints/Player.Player
[2019.07.12-20.09.35:197][873]LogContentBrowser: Native class hierarchy updated for 'BlueprintGraph' in 0.0008 seconds. Added 121 classes and 0 folders.
[2019.07.12-20.09.36:148][873]LogSlate: Took 0.004573 seconds to synchronously load lazily loaded font '../../../Engine/Content/Slate/Fonts/Roboto-BoldCondensed.ttf' (158K)
[2019.07.12-20.09.36:524][874]LogSlate: Took 0.010052 seconds to synchronously load lazily loaded font '../../../Engine/Content/Slate/Fonts/Roboto-Italic.ttf' (157K)
[2019.07.12-20.09.38:235][939]LogRenderer: Reallocating scene render targets to support 844x560 Format 10 NumSamples 1 (Frame:1).
[2019.07.12-20.09.51:183][442]LogTemp: Repeating last play command: Selected Viewport
[2019.07.12-20.09.51:210][442]LogBlueprintUserMessages: Early PlayInEditor Detection: Level '/Game/Maps/Test_Scene.Test_Scene:PersistentLevel' has LevelScriptBlueprint '/Game/Maps/Test_Scene.Test_Scene:PersistentLevel.Test_Scene' with GeneratedClass '/Game/Maps/Test_Scene.Test_Scene_C' with ClassGeneratedBy '/Game/Maps/Test_Scene.Test_Scene:PersistentLevel.Test_Scene'
[2019.07.12-20.09.51:210][442]LogPlayLevel: PlayLevel: No blueprints needed recompiling
[2019.07.12-20.09.51:210][442]PIE: New page: PIE session: Test_Scene (Jul 12, 2019, 6:09:51 AM)
[2019.07.12-20.09.51:210][442]LogPlayLevel: Creating play world package: /Game/Maps/UEDPIE_0_Test_Scene
[2019.07.12-20.09.51:236][442]LogPlayLevel: PIE: StaticDuplicateObject took: (0.025308s)
[2019.07.12-20.09.51:236][442]LogAIModule: Creating AISystem for world Test_Scene
[2019.07.12-20.09.51:237][442]LogPlayLevel: PIE: World Init took: (0.001013s)
[2019.07.12-20.09.51:237][442]LogPlayLevel: PIE: Created PIE world by copying editor world from /Game/Maps/Test_Scene.Test_Scene to /Game/Maps/UEDPIE_0_Test_Scene.Test_Scene (0.026527s)
[2019.07.12-20.09.51:299][442]LogUObjectHash: Compacting FUObjectHashTables data took   4.04ms
[2019.07.12-20.09.51:308][442]LogInit: XAudio2 using 'Speakers (Realtek High Definition Audio)' : 2 channels at 48 kHz using 32 bits per sample (channel mask 0x3)
[2019.07.12-20.09.51:325][442]LogInit: FAudioDevice initialized.
[2019.07.12-20.09.51:354][442]LogLoad: Game class is 'DescendIntoDarknessGameMode'
[2019.07.12-20.09.51:359][442]LogWorld: Bringing World /Game/Maps/UEDPIE_0_Test_Scene.Test_Scene up for play (max tick rate 60) at 2019.07.12-13.09.51
[2019.07.12-20.09.51:360][442]LogWorld: Bringing up level for play took: 0.004752
[2019.07.12-20.09.51:374][442]PIE: Play in editor start time for /Game/Maps/UEDPIE_0_Test_Scene 0.49
[2019.07.12-20.09.51:374][442]LogBlueprintUserMessages: Late PlayInEditor Detection: Level '/Game/Maps/Test_Scene.Test_Scene:PersistentLevel' has LevelScriptBlueprint '/Game/Maps/Test_Scene.Test_Scene:PersistentLevel.Test_Scene' with GeneratedClass '/Game/Maps/Test_Scene.Test_Scene_C' with ClassGeneratedBy '/Game/Maps/Test_Scene.Test_Scene:PersistentLevel.Test_Scene'
[2019.07.12-20.09.58:820][662]LogBlueprintUserMessages: Early EndPlayMap Detection: Level '/Game/Maps/Test_Scene.Test_Scene:PersistentLevel' has LevelScriptBlueprint '/Game/Maps/Test_Scene.Test_Scene:PersistentLevel.Test_Scene' with GeneratedClass '/Game/Maps/Test_Scene.Test_Scene_C' with ClassGeneratedBy '/Game/Maps/Test_Scene.Test_Scene:PersistentLevel.Test_Scene'
[2019.07.12-20.09.58:820][662]LogSlate: Updating window title bar state: overlay mode, drag disabled, window buttons hidden, title bar hidden
[2019.07.12-20.09.58:922][662]LogPlayLevel: Display: Shutting down PIE online subsystems
[2019.07.12-20.09.58:923][662]LogBlueprintUserMessages: Late EndPlayMap Detection: Level '/Game/Maps/Test_Scene.Test_Scene:PersistentLevel' has LevelScriptBlueprint '/Game/Maps/Test_Scene.Test_Scene:PersistentLevel.Test_Scene' with GeneratedClass '/Game/Maps/Test_Scene.Test_Scene_C' with ClassGeneratedBy '/Game/Maps/Test_Scene.Test_Scene:PersistentLevel.Test_Scene'
[2019.07.12-20.09.58:962][662]LogSlate: Updating window title bar state: overlay mode, drag disabled, window buttons hidden, title bar hidden
[2019.07.12-20.09.58:969][662]LogUObjectHash: Compacting FUObjectHashTables data took   3.20ms
[2019.07.12-20.09.59:084][663]LogPlayLevel: Display: Destroying online subsystem :Context_8
[2019.07.12-20.10.07:585][965]LogSlate: FSceneViewport::OnFocusLost() reason 0
[2019.07.12-20.10.28:722][897]LogSlate: FSceneViewport::OnFocusLost() reason 0
[2019.07.12-20.12.09:634][303]LogSlate: FSceneViewport::OnFocusLost() reason 0
[2019.07.12-20.12.25:235][ 17]LogSlate: FSceneViewport::OnFocusLost() reason 0
[2019.07.12-20.12.36:089][487]LogSlate: Prevented a slow task dialog from being summoned while a context menu was open
[2019.07.12-20.12.37:546][542]Cmd: OBJ SAVEPACKAGE PACKAGE="/Game/Blueprints/Player" FILE="../../../../../../Users/aadam/Documents/Unreal Projects/Descend-Into-Darkness/DescendIntoDarkness/Content/Blueprints/Player.uasset" SILENT=true
[2019.07.12-20.12.37:795][542]LogSavePackage: Moving '../../../../../../Users/aadam/Documents/Unreal Projects/Descend-Into-Darkness/DescendIntoDarkness/Saved/PlayerDB26147E40B0FB155CB451A97419A47A.tmp' to '../../../../../../Users/aadam/Documents/Unreal Projects/Descend-Into-Darkness/DescendIntoDarkness/Content/Blueprints/Player.uasset'
[2019.07.12-20.12.42:233][735]LogRenderer: Reallocating scene render targets to support 872x560 Format 10 NumSamples 1 (Frame:6635).
[2019.07.12-20.12.42:317][736]LogRenderer: Reallocating scene render targets to support 916x560 Format 10 NumSamples 1 (Frame:6637).
[2019.07.12-20.12.42:380][738]LogRenderer: Reallocating scene render targets to support 920x560 Format 10 NumSamples 1 (Frame:6639).
[2019.07.12-20.12.45:560][883]BlueprintLog: New page: Compile Player
[2019.07.12-20.12.45:844][883]LogUObjectHash: Compacting FUObjectHashTables data took   4.09ms
[2019.07.12-20.12.45:970][884]LogRenderer: Reallocating scene render targets to support 920x564 Format 10 NumSamples 1 (Frame:6785).
[2019.07.12-20.12.47:285][939]Cmd: OBJ SAVEPACKAGE PACKAGE="/Game/Blueprints/Player" FILE="../../../../../../Users/aadam/Documents/Unreal Projects/Descend-Into-Darkness/DescendIntoDarkness/Content/Blueprints/Player.uasset" SILENT=true
[2019.07.12-20.12.47:557][939]LogSavePackage: Moving '../../../../../../Users/aadam/Documents/Unreal Projects/Descend-Into-Darkness/DescendIntoDarkness/Saved/Player7F55BE874BF1C6C782124FBC7CD2162B.tmp' to '../../../../../../Users/aadam/Documents/Unreal Projects/Descend-Into-Darkness/DescendIntoDarkness/Content/Blueprints/Player.uasset'
[2019.07.12-20.12.48:279][973]LogSlate: Window 'Player' being destroyed
[2019.07.12-20.12.48:284][973]LogSlate: Window 'Player' being destroyed
[2019.07.12-20.12.50:074][ 68]LogTemp: Repeating last play command: Selected Viewport
[2019.07.12-20.12.50:103][ 68]LogBlueprintUserMessages: Early PlayInEditor Detection: Level '/Game/Maps/Test_Scene.Test_Scene:PersistentLevel' has LevelScriptBlueprint '/Game/Maps/Test_Scene.Test_Scene:PersistentLevel.Test_Scene' with GeneratedClass '/Game/Maps/Test_Scene.Test_Scene_C' with ClassGeneratedBy '/Game/Maps/Test_Scene.Test_Scene:PersistentLevel.Test_Scene'
[2019.07.12-20.12.50:103][ 68]LogPlayLevel: PlayLevel: No blueprints needed recompiling
[2019.07.12-20.12.50:103][ 68]PIE: New page: PIE session: Test_Scene (Jul 12, 2019, 6:12:50 AM)
[2019.07.12-20.12.50:103][ 68]LogPlayLevel: Creating play world package: /Game/Maps/UEDPIE_0_Test_Scene
[2019.07.12-20.12.50:126][ 68]LogPlayLevel: PIE: StaticDuplicateObject took: (0.023227s)
[2019.07.12-20.12.50:127][ 68]LogAIModule: Creating AISystem for world Test_Scene
[2019.07.12-20.12.50:127][ 68]LogPlayLevel: PIE: World Init took: (0.000792s)
[2019.07.12-20.12.50:127][ 68]LogPlayLevel: PIE: Created PIE world by copying editor world from /Game/Maps/Test_Scene.Test_Scene to /Game/Maps/UEDPIE_0_Test_Scene.Test_Scene (0.024225s)
[2019.07.12-20.12.50:165][ 68]LogUObjectHash: Compacting FUObjectHashTables data took   3.65ms
[2019.07.12-20.12.50:173][ 68]LogInit: XAudio2 using 'Speakers (Realtek High Definition Audio)' : 2 channels at 48 kHz using 32 bits per sample (channel mask 0x3)
[2019.07.12-20.12.50:190][ 68]LogInit: FAudioDevice initialized.
[2019.07.12-20.12.50:218][ 68]LogLoad: Game class is 'DescendIntoDarknessGameMode'
[2019.07.12-20.12.50:223][ 68]LogWorld: Bringing World /Game/Maps/UEDPIE_0_Test_Scene.Test_Scene up for play (max tick rate 60) at 2019.07.12-13.12.50
[2019.07.12-20.12.50:223][ 68]LogWorld: Bringing up level for play took: 0.004116
[2019.07.12-20.12.50:238][ 68]PIE: Play in editor start time for /Game/Maps/UEDPIE_0_Test_Scene -0.646
[2019.07.12-20.12.50:238][ 68]LogBlueprintUserMessages: Late PlayInEditor Detection: Level '/Game/Maps/Test_Scene.Test_Scene:PersistentLevel' has LevelScriptBlueprint '/Game/Maps/Test_Scene.Test_Scene:PersistentLevel.Test_Scene' with GeneratedClass '/Game/Maps/Test_Scene.Test_Scene_C' with ClassGeneratedBy '/Game/Maps/Test_Scene.Test_Scene:PersistentLevel.Test_Scene'
[2019.07.12-20.13.00:646][370]LogBlueprintUserMessages: Early EndPlayMap Detection: Level '/Game/Maps/Test_Scene.Test_Scene:PersistentLevel' has LevelScriptBlueprint '/Game/Maps/Test_Scene.Test_Scene:PersistentLevel.Test_Scene' with GeneratedClass '/Game/Maps/Test_Scene.Test_Scene_C' with ClassGeneratedBy '/Game/Maps/Test_Scene.Test_Scene:PersistentLevel.Test_Scene'
[2019.07.12-20.13.00:647][370]LogSlate: Updating window title bar state: overlay mode, drag disabled, window buttons hidden, title bar hidden
[2019.07.12-20.13.00:715][370]LogPlayLevel: Display: Shutting down PIE online subsystems
[2019.07.12-20.13.00:715][370]LogBlueprintUserMessages: Late EndPlayMap Detection: Level '/Game/Maps/Test_Scene.Test_Scene:PersistentLevel' has LevelScriptBlueprint '/Game/Maps/Test_Scene.Test_Scene:PersistentLevel.Test_Scene' with GeneratedClass '/Game/Maps/Test_Scene.Test_Scene_C' with ClassGeneratedBy '/Game/Maps/Test_Scene.Test_Scene:PersistentLevel.Test_Scene'
[2019.07.12-20.13.00:755][370]LogSlate: Updating window title bar state: overlay mode, drag disabled, window buttons hidden, title bar hidden
[2019.07.12-20.13.00:761][370]LogUObjectHash: Compacting FUObjectHashTables data took   2.58ms
[2019.07.12-20.13.00:785][371]LogPlayLevel: Display: Destroying online subsystem :Context_10
[2019.07.12-20.13.02:715][486]LogSlate: FSceneViewport::OnFocusLost() reason 0
[2019.07.12-20.13.14:770][196]LogAssetEditorManager: Opening Asset editor for Blueprint /Game/Blueprints/Camp.Camp
[2019.07.12-20.13.36:133][ 82]Cmd: OBJ SAVEPACKAGE PACKAGE="/Game/Blueprints/Camp" FILE="../../../../../../Users/aadam/Documents/Unreal Projects/Descend-Into-Darkness/DescendIntoDarkness/Content/Blueprints/Camp.uasset" SILENT=true
[2019.07.12-20.13.36:177][ 82]LogSavePackage: Moving '../../../../../../Users/aadam/Documents/Unreal Projects/Descend-Into-Darkness/DescendIntoDarkness/Saved/CampA42A4E994F79980F7B005CB7BE92BCC2.tmp' to '../../../../../../Users/aadam/Documents/Unreal Projects/Descend-Into-Darkness/DescendIntoDarkness/Content/Blueprints/Camp.uasset'
[2019.07.12-20.13.36:637][100]BlueprintLog: New page: Compile Camp
[2019.07.12-20.13.36:846][100]LogUObjectHash: Compacting FUObjectHashTables data took   3.45ms
[2019.07.12-20.13.38:879][183]LogSlate: Window 'Camp' being destroyed
[2019.07.12-20.13.38:890][183]LogSlate: Window 'Camp' being destroyed
[2019.07.12-20.13.41:502][326]LogTemp: Repeating last play command: Selected Viewport
[2019.07.12-20.13.41:529][326]LogBlueprintUserMessages: Early PlayInEditor Detection: Level '/Game/Maps/Test_Scene.Test_Scene:PersistentLevel' has LevelScriptBlueprint '/Game/Maps/Test_Scene.Test_Scene:PersistentLevel.Test_Scene' with GeneratedClass '/Game/Maps/Test_Scene.Test_Scene_C' with ClassGeneratedBy '/Game/Maps/Test_Scene.Test_Scene:PersistentLevel.Test_Scene'
[2019.07.12-20.13.41:529][326]LogPlayLevel: PlayLevel: No blueprints needed recompiling
[2019.07.12-20.13.41:529][326]PIE: New page: PIE session: Test_Scene (Jul 12, 2019, 6:13:41 AM)
[2019.07.12-20.13.41:529][326]LogPlayLevel: Creating play world package: /Game/Maps/UEDPIE_0_Test_Scene
[2019.07.12-20.13.41:552][326]LogPlayLevel: PIE: StaticDuplicateObject took: (0.022907s)
[2019.07.12-20.13.41:552][326]LogAIModule: Creating AISystem for world Test_Scene
[2019.07.12-20.13.41:553][326]LogPlayLevel: PIE: World Init took: (0.000738s)
[2019.07.12-20.13.41:553][326]LogPlayLevel: PIE: Created PIE world by copying editor world from /Game/Maps/Test_Scene.Test_Scene to /Game/Maps/UEDPIE_0_Test_Scene.Test_Scene (0.023811s)
[2019.07.12-20.13.41:593][326]LogUObjectHash: Compacting FUObjectHashTables data took   4.05ms
[2019.07.12-20.13.41:601][326]LogInit: XAudio2 using 'Speakers (Realtek High Definition Audio)' : 2 channels at 48 kHz using 32 bits per sample (channel mask 0x3)
[2019.07.12-20.13.41:619][326]LogInit: FAudioDevice initialized.
[2019.07.12-20.13.41:647][326]LogLoad: Game class is 'DescendIntoDarknessGameMode'
[2019.07.12-20.13.41:652][326]LogWorld: Bringing World /Game/Maps/UEDPIE_0_Test_Scene.Test_Scene up for play (max tick rate 60) at 2019.07.12-13.13.41
[2019.07.12-20.13.41:652][326]LogWorld: Bringing up level for play took: 0.004273
[2019.07.12-20.13.41:666][326]PIE: Play in editor start time for /Game/Maps/UEDPIE_0_Test_Scene 0.782
[2019.07.12-20.13.41:666][326]LogBlueprintUserMessages: Late PlayInEditor Detection: Level '/Game/Maps/Test_Scene.Test_Scene:PersistentLevel' has LevelScriptBlueprint '/Game/Maps/Test_Scene.Test_Scene:PersistentLevel.Test_Scene' with GeneratedClass '/Game/Maps/Test_Scene.Test_Scene_C' with ClassGeneratedBy '/Game/Maps/Test_Scene.Test_Scene:PersistentLevel.Test_Scene'
[2019.07.12-20.13.50:046][570]LogBlueprintUserMessages: Early EndPlayMap Detection: Level '/Game/Maps/Test_Scene.Test_Scene:PersistentLevel' has LevelScriptBlueprint '/Game/Maps/Test_Scene.Test_Scene:PersistentLevel.Test_Scene' with GeneratedClass '/Game/Maps/Test_Scene.Test_Scene_C' with ClassGeneratedBy '/Game/Maps/Test_Scene.Test_Scene:PersistentLevel.Test_Scene'
[2019.07.12-20.13.50:047][570]LogSlate: Updating window title bar state: overlay mode, drag disabled, window buttons hidden, title bar hidden
[2019.07.12-20.13.50:114][570]LogPlayLevel: Display: Shutting down PIE online subsystems
[2019.07.12-20.13.50:114][570]LogBlueprintUserMessages: Late EndPlayMap Detection: Level '/Game/Maps/Test_Scene.Test_Scene:PersistentLevel' has LevelScriptBlueprint '/Game/Maps/Test_Scene.Test_Scene:PersistentLevel.Test_Scene' with GeneratedClass '/Game/Maps/Test_Scene.Test_Scene_C' with ClassGeneratedBy '/Game/Maps/Test_Scene.Test_Scene:PersistentLevel.Test_Scene'
[2019.07.12-20.13.50:155][570]LogSlate: Updating window title bar state: overlay mode, drag disabled, window buttons hidden, title bar hidden
[2019.07.12-20.13.50:161][570]LogUObjectHash: Compacting FUObjectHashTables data took   2.71ms
[2019.07.12-20.13.50:179][571]LogPlayLevel: Display: Destroying online subsystem :Context_13
[2019.07.12-20.13.51:083][624]LogSlate: FSceneViewport::OnFocusLost() reason 0
[2019.07.12-20.13.53:517][765]LogUObjectHash: Compacting FUObjectHashTables data took   0.87ms
[2019.07.12-20.13.53:810][765]LogSavePackage: Moving '../../../../../../Users/aadam/Documents/Unreal Projects/Descend-Into-Darkness/DescendIntoDarkness/Saved/Test_Scene8BC0531D4D7FB8DA139C37AC99E7FBFA.tmp' to '../../../../../../Users/aadam/Documents/Unreal Projects/Descend-Into-Darkness/DescendIntoDarkness/Content/Maps/Test_Scene.umap'
[2019.07.12-20.13.54:027][765]LogSavePackage: Moving '../../../../../../Users/aadam/Documents/Unreal Projects/Descend-Into-Darkness/DescendIntoDarkness/Saved/Test_Scene_BuiltDataF8ECE7B4498971D9CBBE25948003456F.tmp' to '../../../../../../Users/aadam/Documents/Unreal Projects/Descend-Into-Darkness/DescendIntoDarkness/Content/Maps/Test_Scene_BuiltData.uasset'
[2019.07.12-20.13.55:895][872]LogAIModule: Creating AISystem for world Light_Scene
[2019.07.12-20.13.55:973][872]LogUObjectHash: Compacting FUObjectHashTables data took   3.37ms
[2019.07.12-20.13.58:895][872]LogSlate: Window 'Delete Assets' being destroyed
[2019.07.12-20.13.58:899][872]LogUObjectGlobals: Force Deleting 2 Package(s):
	Asset Name: /Game/Maps/Light_Scene_BuiltData.Light_Scene_BuiltData
	Asset Name: /Game/Maps/Light_Scene.Light_Scene
[2019.07.12-20.14.11:335][872]LogSlate: Window 'Message' being destroyed
[2019.07.12-20.14.11:671][872]LogUObjectHash: Compacting FUObjectHashTables data took   2.34ms
[2019.07.12-20.14.11:704][872]LogUObjectHash: Compacting FUObjectHashTables data took   2.40ms
[2019.07.12-20.14.11:732][872]LogUObjectHash: Compacting FUObjectHashTables data took   0.79ms
[2019.07.12-20.14.16:620][159]LogUObjectHash: Compacting FUObjectHashTables data took   0.83ms
[2019.07.12-20.14.16:887][159]LogSavePackage: Moving '../../../../../../Users/aadam/Documents/Unreal Projects/Descend-Into-Darkness/DescendIntoDarkness/Saved/Test_Scene55B7EAFB40768E87EB3EA08DE667C4D7.tmp' to '../../../../../../Users/aadam/Documents/Unreal Projects/Descend-Into-Darkness/DescendIntoDarkness/Content/Maps/Test_Scene.umap'
[2019.07.12-20.14.16:930][159]LogFileHelpers: Saving map 'Test_Scene' took 0.344
[2019.07.12-20.14.17:763][205]LogAssetEditorManager: Opening Asset editor for World /Game/Maps/Light_Scene.Light_Scene
[2019.07.12-20.14.17:794][205]LogUObjectHash: Compacting FUObjectHashTables data took   2.25ms
[2019.07.12-20.14.20:558][205]LogSlate: Window 'Save Content' being destroyed
[2019.07.12-20.14.20:570][205]LogOutputDevice: Warning: 

Script Stack (0 frames):

[2019.07.12-20.14.20:571][205]LogWindows: Windows GetLastError: The operation completed successfully. (0)
[2019.07.12-20.14.22:417][205]LogWindows: Error: === Critical error: ===
[2019.07.12-20.14.22:417][205]LogWindows: Error: 
[2019.07.12-20.14.22:417][205]LogWindows: Error: Assertion failed: World [File:D:\Build\++UE4\Sync\Engine\Source\Runtime\Engine\Private\Actor.cpp] [Line: 4293] 
[2019.07.12-20.14.22:417][205]LogWindows: Error: 
[2019.07.12-20.14.22:417][205]LogWindows: Error: 
[2019.07.12-20.14.22:417][205]LogWindows: Error: 
[2019.07.12-20.14.22:417][205]LogWindows: Error: [Callstack] 0x00007ffb7426a388 KERNELBASE.dll!UnknownFunction []
[2019.07.12-20.14.22:417][205]LogWindows: Error: [Callstack] 0x00007ffb34371f07 UE4Editor-Core.dll!UnknownFunction []
[2019.07.12-20.14.22:417][205]LogWindows: Error: [Callstack] 0x00007ffb343746b7 UE4Editor-Core.dll!UnknownFunction []
[2019.07.12-20.14.22:417][205]LogWindows: Error: [Callstack] 0x00007ffb34187cea UE4Editor-Core.dll!UnknownFunction []
[2019.07.12-20.14.22:417][205]LogWindows: Error: [Callstack] 0x00007ffb3410fe07 UE4Editor-Core.dll!UnknownFunction []
[2019.07.12-20.14.22:417][205]LogWindows: Error: [Callstack] 0x00007ffb34110499 UE4Editor-Core.dll!UnknownFunction []
[2019.07.12-20.14.22:417][205]LogWindows: Error: [Callstack] 0x00007ffb169de5af UE4Editor-Engine.dll!UnknownFunction []
[2019.07.12-20.14.22:417][205]LogWindows: Error: [Callstack] 0x00007ffb171e97fb UE4Editor-Engine.dll!UnknownFunction []
[2019.07.12-20.14.22:417][205]LogWindows: Error: [Callstack] 0x00007ffb17acec20 UE4Editor-Engine.dll!UnknownFunction []
[2019.07.12-20.14.22:417][205]LogWindows: Error: [Callstack] 0x00007ffb13388319 UE4Editor-UnrealEd.dll!UnknownFunction []
[2019.07.12-20.14.22:417][205]LogWindows: Error: [Callstack] 0x00007ffb13399be9 UE4Editor-UnrealEd.dll!UnknownFunction []
[2019.07.12-20.14.22:417][205]LogWindows: Error: [Callstack] 0x00007ffb1339a757 UE4Editor-UnrealEd.dll!UnknownFunction []
[2019.07.12-20.14.22:417][205]LogWindows: Error: [Callstack] 0x00007ffb133cfce4 UE4Editor-UnrealEd.dll!UnknownFunction []
[2019.07.12-20.14.22:417][205]LogWindows: Error: [Callstack] 0x00007ffb133cc5b5 UE4Editor-UnrealEd.dll!UnknownFunction []
[2019.07.12-20.14.22:417][205]LogWindows: Error: [Callstack] 0x00007ffb13b5e9fa UE4Editor-UnrealEd.dll!UnknownFunction []
[2019.07.12-20.14.22:417][205]LogWindows: Error: [Callstack] 0x00007ffb13735757 UE4Editor-UnrealEd.dll!UnknownFunction []
[2019.07.12-20.14.22:417][205]LogWindows: Error: [Callstack] 0x00007ffb13732e51 UE4Editor-UnrealEd.dll!UnknownFunction []
[2019.07.12-20.14.22:417][205]LogWindows: Error: [Callstack] 0x00007ffb1370d8df UE4Editor-UnrealEd.dll!UnknownFunction []
[2019.07.12-20.14.22:417][205]LogWindows: Error: [Callstack] 0x00007ffb1370c529 UE4Editor-UnrealEd.dll!UnknownFunction []
[2019.07.12-20.14.22:417][205]LogWindows: Error: [Callstack] 0x00007ffb13720042 UE4Editor-UnrealEd.dll!UnknownFunction []
[2019.07.12-20.14.22:417][205]LogWindows: Error: [Callstack] 0x00007ffb137325e3 UE4Editor-UnrealEd.dll!UnknownFunction []
[2019.07.12-20.14.22:417][205]LogWindows: Error: [Callstack] 0x00007ffb09067367 UE4Editor-AssetTools.dll!UnknownFunction []
[2019.07.12-20.14.22:417][205]LogWindows: Error: [Callstack] 0x00007ffb13af7a99 UE4Editor-UnrealEd.dll!UnknownFunction []
[2019.07.12-20.14.22:417][205]LogWindows: Error: [Callstack] 0x00007ffb08fe72ae UE4Editor-AssetTools.dll!UnknownFunction []
[2019.07.12-20.14.22:417][205]LogWindows: Error: [Callstack] 0x00007ffb081730aa UE4Editor-ContentBrowser.dll!UnknownFunction []
[2019.07.12-20.14.22:417][205]LogWindows: Error: [Callstack] 0x00007ffb08130ad9 UE4Editor-ContentBrowser.dll!UnknownFunction []
[2019.07.12-20.14.22:417][205]LogWindows: Error: [Callstack] 0x00007ffb0817b2fc UE4Editor-ContentBrowser.dll!UnknownFunction []
[2019.07.12-20.14.22:417][205]LogWindows: Error: [Callstack] 0x00007ffb0812e70a UE4Editor-ContentBrowser.dll!UnknownFunction []
[2019.07.12-20.14.22:417][205]LogWindows: Error: [Callstack] 0x00007ffb0812ae10 UE4Editor-ContentBrowser.dll!UnknownFunction []
[2019.07.12-20.14.22:417][205]LogWindows: Error: [Callstack] 0x00007ffb08184e80 UE4Editor-ContentBrowser.dll!UnknownFunction []
[2019.07.12-20.14.22:417][205]LogWindows: Error: [Callstack] 0x00007ffb0817b66f UE4Editor-ContentBrowser.dll!UnknownFunction []
[2019.07.12-20.14.22:417][205]LogWindows: Error: [Callstack] 0x00007ffb316335ea UE4Editor-Slate.dll!UnknownFunction []
[2019.07.12-20.14.22:417][205]LogWindows: Error: [Callstack] 0x00007ffb316ae49e UE4Editor-Slate.dll!UnknownFunction []
[2019.07.12-20.14.22:417][205]LogWindows: Error: [Callstack] 0x00007ffb31699d89 UE4Editor-Slate.dll!UnknownFunction []
[2019.07.12-20.14.22:417][205]LogWindows: Error: [Callstack] 0x00007ffb3168fd42 UE4Editor-Slate.dll!UnknownFunction []
[2019.07.12-20.14.22:417][205]LogWindows: Error: [Callstack] 0x00007ffb5527b88c UE4Editor-ApplicationCore.dll!UnknownFunction []
[2019.07.12-20.14.22:417][205]LogWindows: Error: [Callstack] 0x00007ffb5526ef9f UE4Editor-ApplicationCore.dll!UnknownFunction []
[2019.07.12-20.14.22:417][205]LogWindows: Error: [Callstack] 0x00007ffb5527d77f UE4Editor-ApplicationCore.dll!UnknownFunction []
[2019.07.12-20.14.22:417][205]LogWindows: Error: [Callstack] 0x00007ffb5526c090 UE4Editor-ApplicationCore.dll!UnknownFunction []
[2019.07.12-20.14.22:417][205]LogWindows: Error: [Callstack] 0x00007ffb765f6d41 USER32.dll!UnknownFunction []
[2019.07.12-20.14.22:417][205]LogWindows: Error: [Callstack] 0x00007ffb765f6713 USER32.dll!UnknownFunction []
[2019.07.12-20.14.22:417][205]LogWindows: Error: [Callstack] 0x00007ffb5527e946 UE4Editor-ApplicationCore.dll!UnknownFunction []
[2019.07.12-20.14.22:417][205]LogWindows: Error: [Callstack] 0x00007ff686175d3e UE4Editor.exe!UnknownFunction []
[2019.07.12-20.14.22:418][205]LogWindows: Error: [Callstack] 0x00007ff68618554c UE4Editor.exe!UnknownFunction []
[2019.07.12-20.14.22:418][205]LogWindows: Error: [Callstack] 0x00007ff6861855ca UE4Editor.exe!UnknownFunction []
[2019.07.12-20.14.22:418][205]LogWindows: Error: [Callstack] 0x00007ff68619316c UE4Editor.exe!UnknownFunction []
[2019.07.12-20.14.22:418][205]LogWindows: Error: [Callstack] 0x00007ff686195b8e UE4Editor.exe!UnknownFunction []
[2019.07.12-20.14.22:418][205]LogWindows: Error: [Callstack] 0x00007ffb76794034 KERNEL32.DLL!UnknownFunction []
[2019.07.12-20.14.22:418][205]LogWindows: Error: [Callstack] 0x00007ffb77443691 ntdll.dll!UnknownFunction []
[2019.07.12-20.14.22:418][205]LogWindows: Error: 
[2019.07.12-20.14.22:427][205]LogExit: Executing StaticShutdownAfterError
[2019.07.12-20.14.22:431][205]LogWindows: FPlatformMisc::RequestExit(1)
[2019.07.12-20.14.22:442][205]Log file closed, 07/12/19 13:14:22
