Log file open, 07/13/19 15:14:08
LogWindows: Failed to load 'aqProf.dll' (GetLastError=126)
LogWindows: File 'aqProf.dll' does not exist
LogWindows: Failed to load 'VtuneApi.dll' (GetLastError=126)
LogWindows: File 'VtuneApi.dll' does not exist
LogWindows: Failed to load 'VtuneApi32e.dll' (GetLastError=126)
LogWindows: File 'VtuneApi32e.dll' does not exist
LogConsoleResponse: Display: Failed to find resolution value strings in scalability ini. Falling back to default.
LogInit: Display: Running engine for game: DescendIntoDarkness
LogPakFile: Registered encryption key '00000000000000000000000000000000': 0 pak files mounted, 0 remain pending
LogPlatformFile: Not using cached read wrapper
LogTaskGraph: Started task graph with 5 named threads and 11 total threads with 3 sets of task threads.
LogStats: Stats thread started at 0.456311
LogD3D11RHI: Loaded GFSDK_Aftermath_Lib.x64.dll
LogICUInternationalization: ICU TimeZone Detection - Raw Offset: -8:00, Platform Override: ''
LogPluginManager: Mounting plugin Paper2D
LogPluginManager: Mounting plugin AISupport
LogPluginManager: Mounting plugin LightPropagationVolume
LogPluginManager: Mounting plugin ActorLayerUtilities
LogPluginManager: Mounting plugin AnimationSharing
LogPluginManager: Mounting plugin CLionSourceCodeAccess
LogPluginManager: Mounting plugin CodeLiteSourceCodeAccess
LogPluginManager: Mounting plugin KDevelopSourceCodeAccess
LogPluginManager: Mounting plugin NullSourceCodeAccess
LogPluginManager: Mounting plugin PerforceSourceControl
LogPluginManager: Mounting plugin SubversionSourceControl
LogPluginManager: Mounting plugin UObjectPlugin
LogPluginManager: Mounting plugin VisualStudioCodeSourceCodeAccess
LogPluginManager: Mounting plugin VisualStudioSourceCodeAccess
LogPluginManager: Mounting plugin XCodeSourceCodeAccess
LogPluginManager: Mounting plugin AssetManagerEditor
LogPluginManager: Mounting plugin CryptoKeys
LogPluginManager: Mounting plugin DataValidation
LogPluginManager: Mounting plugin FacialAnimation
LogPluginManager: Mounting plugin GameplayTagsEditor
LogPluginManager: Mounting plugin MacGraphicsSwitching
LogPluginManager: Mounting plugin MaterialAnalyzer
LogPluginManager: Mounting plugin MobileLauncherProfileWizard
LogPluginManager: Mounting plugin PluginBrowser
LogPluginManager: Mounting plugin SpeedTreeImporter
LogPluginManager: Mounting plugin DatasmithContent
LogPluginManager: Mounting plugin VariantManagerContent
LogPluginManager: Mounting plugin AlembicImporter
LogPluginManager: Mounting plugin AppleImageUtils
LogPluginManager: Mounting plugin AppleVision
LogPluginManager: Mounting plugin BackChannel
LogPluginManager: Mounting plugin CharacterAI
LogPluginManager: Mounting plugin GeometryCache
LogPluginManager: Mounting plugin HTML5Networking
LogPluginManager: Mounting plugin ProxyLODPlugin
LogPluginManager: Mounting plugin SkeletalReduction
LogPluginManager: Mounting plugin MagicLeap
LogPluginManager: Mounting plugin MagicLeapMedia
LogPluginManager: Mounting plugin AndroidMedia
LogPluginManager: Mounting plugin AvfMedia
LogPluginManager: Mounting plugin ImgMedia
LogPluginManager: Mounting plugin LinearTimecode
LogPluginManager: Mounting plugin MediaCompositing
LogPluginManager: Mounting plugin MediaPlayerEditor
LogPluginManager: Mounting plugin WebMMedia
LogPluginManager: Mounting plugin WmfMedia
LogPluginManager: Mounting plugin TcpMessaging
LogPluginManager: Mounting plugin UdpMessaging
LogPluginManager: Mounting plugin ActorSequence
LogPluginManager: Mounting plugin LevelSequenceEditor
LogPluginManager: Mounting plugin MatineeToLevelSequence
LogPluginManager: Mounting plugin NetcodeUnitTest
LogPluginManager: Mounting plugin NUTUnrealEngine4
LogPluginManager: Mounting plugin OnlineSubsystemGooglePlay
LogPluginManager: Mounting plugin OnlineSubsystemIOS
LogPluginManager: Mounting plugin OnlineSubsystem
LogPluginManager: Mounting plugin OnlineSubsystemNull
LogPluginManager: Mounting plugin OnlineSubsystemUtils
LogPluginManager: Mounting plugin LauncherChunkInstaller
LogPluginManager: Mounting plugin AndroidDeviceProfileSelector
LogPluginManager: Mounting plugin AndroidMoviePlayer
LogPluginManager: Mounting plugin AndroidPermission
LogPluginManager: Mounting plugin AppleMoviePlayer
LogPluginManager: Mounting plugin ArchVisCharacter
LogPluginManager: Mounting plugin AudioCapture
LogPluginManager: Mounting plugin CableComponent
LogPluginManager: Mounting plugin CustomMeshComponent
LogPluginManager: Mounting plugin EditableMesh
LogPluginManager: Mounting plugin ExampleDeviceProfileSelector
LogPluginManager: Mounting plugin Firebase
LogPluginManager: Mounting plugin GoogleCloudMessaging
LogPluginManager: Mounting plugin IOSDeviceProfileSelector
LogPluginManager: Mounting plugin LinuxDeviceProfileSelector
LogPluginManager: Mounting plugin LocationServicesBPLibrary
LogPluginManager: Mounting plugin MobilePatchingUtils
LogPluginManager: Mounting plugin OculusVR
LogPluginManager: Mounting plugin PhysXVehicles
LogPluginManager: Mounting plugin ProceduralMeshComponent
LogPluginManager: Mounting plugin RuntimePhysXCooking
LogPluginManager: Mounting plugin SignificanceManager
LogPluginManager: Mounting plugin SteamVR
LogPluginManager: Mounting plugin WebMMoviePlayer
LogPluginManager: Mounting plugin WindowsMoviePlayer
LogPluginManager: Mounting plugin GitSourceControl
LogInit: Using libcurl 7.55.1-DEV
LogInit:  - built for x86_64-pc-win32
LogInit:  - supports SSL with OpenSSL/1.1.1
LogInit:  - supports HTTP deflate (compression) using libz 1.2.8
LogInit:  - other features:
LogInit:      CURL_VERSION_SSL
LogInit:      CURL_VERSION_LIBZ
LogInit:      CURL_VERSION_IPV6
LogInit:      CURL_VERSION_ASYNCHDNS
LogInit:      CURL_VERSION_LARGEFILE
LogInit:      CURL_VERSION_IDN
LogInit:  CurlRequestOptions (configurable via config and command line):
LogInit:  - bVerifyPeer = true  - Libcurl will verify peer certificate
LogInit:  - bUseHttpProxy = false  - Libcurl will NOT use HTTP proxy
LogInit:  - bDontReuseConnections = false  - Libcurl will reuse connections
LogInit:  - MaxHostConnections = 16  - Libcurl will limit the number of connections to a host
LogInit:  - LocalHostAddr = Default
LogInit:  - BufferSize = 65536
LogInit: WinSock: version 1.1 (2.2), MaxSocks=32767, MaxUdp=65467
LogInit: Build: ++UE4+Release-4.22-CL-6574378
LogInit: Engine Version: 4.22.2-6574378+++UE4+Release-4.22
LogInit: Compatible Engine Version: 4.22.0-5660361+++UE4+Release-4.22
LogInit: Net CL: 5660361
LogInit: OS: Windows 10 (Release 1809) (), CPU: Intel(R) Core(TM) i5-5200U CPU @ 2.20GHz, GPU: Intel(R) HD Graphics 5500
LogInit: Compiled (64-bit): May 20 2019 09:54:56
LogInit: Compiled with Visual C++: 19.16.27025.01
LogInit: Build Configuration: Development
LogInit: Branch Name: ++UE4+Release-4.22
LogInit: Command Line: 
LogInit: Base Directory: C:/Program Files/Epic Games/UE_4.22/Engine/Binaries/Win64/
LogInit: Installed Engine Build: 1
LogDevObjectVersion: Number of dev versions registered: 23
LogDevObjectVersion:   Dev-Blueprints (B0D832E4-1F89-4F0D-ACCF-7EB736FD4AA2): 10
LogDevObjectVersion:   Dev-Build (E1C64328-A22C-4D53-A36C-8E866417BD8C): 0
LogDevObjectVersion:   Dev-Core (375EC13C-06E4-48FB-B500-84F0262A717E): 3
LogDevObjectVersion:   Dev-Editor (E4B068ED-F494-42E9-A231-DA0B2E46BB41): 30
LogDevObjectVersion:   Dev-Framework (CFFC743F-43B0-4480-9391-14DF171D2073): 35
LogDevObjectVersion:   Dev-Mobile (B02B49B5-BB20-44E9-A304-32B752E40360): 2
LogDevObjectVersion:   Dev-Networking (A4E4105C-59A1-49B5-A7C5-40C4547EDFEE): 0
LogDevObjectVersion:   Dev-Online (39C831C9-5AE6-47DC-9A44-9C173E1C8E7C): 0
LogDevObjectVersion:   Dev-Physics (78F01B33-EBEA-4F98-B9B4-84EACCB95AA2): 0
LogDevObjectVersion:   Dev-Platform (6631380F-2D4D-43E0-8009-CF276956A95A): 0
LogDevObjectVersion:   Dev-Rendering (12F88B9F-8875-4AFC-A67C-D90C383ABD29): 28
LogDevObjectVersion:   Dev-Sequencer (7B5AE74C-D270-4C10-A958-57980B212A5A): 11
LogDevObjectVersion:   Dev-VR (D7296918-1DD6-4BDD-9DE2-64A83CC13884): 2
LogDevObjectVersion:   Dev-LoadTimes (C2A15278-BFE7-4AFE-6C17-90FF531DF755): 1
LogDevObjectVersion:   Private-Geometry (6EACA3D4-40EC-4CC1-B786-8BED09428FC5): 3
LogDevObjectVersion:   Dev-AnimPhys (29E575DD-E0A3-4627-9D10-D276232CDCEA): 17
LogDevObjectVersion:   Dev-Anim (AF43A65D-7FD3-4947-9873-3E8ED9C1BB05): 2
LogDevObjectVersion:   Dev-ReflectionCapture (6B266CEC-1EC7-4B8F-A30B-E4D90942FC07): 1
LogDevObjectVersion:   Dev-Automation (0DF73D61-A23F-47EA-B727-89E90C41499A): 1
LogDevObjectVersion:   FortniteMain (601D1886-AC64-4F84-AA16-D3DE0DEAC7D6): 25
LogDevObjectVersion:   Dev-Enterprise (9DFFBCD6-494F-0158-E221-12823C92A888): 6
LogDevObjectVersion:   Dev-Niagara (F2AED0AC-9AFE-416F-8664-AA7FFA26D6FC): 1
LogDevObjectVersion:   Dev-Destruction (174F1F0B-B4C6-45A5-B13F-2EE8D0FB917D): 2
LogInit: Presizing for max 16777216 objects, including 0 objects not considered by GC, pre-allocating 0 bytes for permanent pool.
LogInit: Object subsystem initialized
LogConfig: Setting CVar [[con.DebugEarlyDefault:1]]
LogConfig: Setting CVar [[r.setres:1280x720]]
[2019.07.13-22.14.09:757][  0]LogConfig: Setting CVar [[r.VSync:0]]
[2019.07.13-22.14.09:757][  0]LogConfig: Setting CVar [[r.RHICmdBypass:0]]
[2019.07.13-22.14.09:757][  0]LogConfig: Applying CVar settings from Section [/Script/Engine.RendererSettings] File [C:/Users/Nico/Desktop/DescendIntoDarkness/Descend-Into-Darkness/DescendIntoDarkness/Saved/Config/Windows/Engine.ini]
[2019.07.13-22.14.09:757][  0]LogConfig: Setting CVar [[r.GPUCrashDebugging:0]]
[2019.07.13-22.14.09:757][  0]LogConfig: Applying CVar settings from Section [/Script/Engine.RendererOverrideSettings] File [C:/Users/Nico/Desktop/DescendIntoDarkness/Descend-Into-Darkness/DescendIntoDarkness/Saved/Config/Windows/Engine.ini]
[2019.07.13-22.14.09:757][  0]LogConfig: Applying CVar settings from Section [/Script/Engine.StreamingSettings] File [C:/Users/Nico/Desktop/DescendIntoDarkness/Descend-Into-Darkness/DescendIntoDarkness/Saved/Config/Windows/Engine.ini]
[2019.07.13-22.14.09:757][  0]LogConfig: Setting CVar [[s.MinBulkDataSizeForAsyncLoading:131072]]
[2019.07.13-22.14.09:757][  0]LogConfig: Setting CVar [[s.AsyncLoadingThreadEnabled:0]]
[2019.07.13-22.14.09:757][  0]LogConfig: Setting CVar [[s.EventDrivenLoaderEnabled:1]]
[2019.07.13-22.14.09:757][  0]LogConfig: Setting CVar [[s.WarnIfTimeLimitExceeded:0]]
[2019.07.13-22.14.09:758][  0]LogConfig: Setting CVar [[s.TimeLimitExceededMultiplier:1.5]]
[2019.07.13-22.14.09:758][  0]LogConfig: Setting CVar [[s.TimeLimitExceededMinTime:0.005]]
[2019.07.13-22.14.09:758][  0]LogConfig: Setting CVar [[s.UseBackgroundLevelStreaming:1]]
[2019.07.13-22.14.09:758][  0]LogConfig: Setting CVar [[s.PriorityAsyncLoadingExtraTime:15.0]]
[2019.07.13-22.14.09:758][  0]LogConfig: Setting CVar [[s.LevelStreamingActorsUpdateTimeLimit:5.0]]
[2019.07.13-22.14.09:758][  0]LogConfig: Setting CVar [[s.PriorityLevelStreamingActorsUpdateExtraTime:5.0]]
[2019.07.13-22.14.09:758][  0]LogConfig: Setting CVar [[s.LevelStreamingComponentsRegistrationGranularity:10]]
[2019.07.13-22.14.09:758][  0]LogConfig: Setting CVar [[s.UnregisterComponentsTimeLimit:1.0]]
[2019.07.13-22.14.09:758][  0]LogConfig: Setting CVar [[s.LevelStreamingComponentsUnregistrationGranularity:5]]
[2019.07.13-22.14.09:758][  0]LogConfig: Applying CVar settings from Section [/Script/Engine.GarbageCollectionSettings] File [C:/Users/Nico/Desktop/DescendIntoDarkness/Descend-Into-Darkness/DescendIntoDarkness/Saved/Config/Windows/Engine.ini]
[2019.07.13-22.14.09:758][  0]LogConfig: Setting CVar [[gc.MaxObjectsNotConsideredByGC:1]]
[2019.07.13-22.14.09:758][  0]LogConfig: Setting CVar [[gc.SizeOfPermanentObjectPool:0]]
[2019.07.13-22.14.09:758][  0]LogConfig: Setting CVar [[gc.FlushStreamingOnGC:0]]
[2019.07.13-22.14.09:758][  0]LogConfig: Setting CVar [[gc.NumRetriesBeforeForcingGC:10]]
[2019.07.13-22.14.09:758][  0]LogConfig: Setting CVar [[gc.AllowParallelGC:1]]
[2019.07.13-22.14.09:758][  0]LogConfig: Setting CVar [[gc.TimeBetweenPurgingPendingKillObjects:61.1]]
[2019.07.13-22.14.09:758][  0]LogConfig: Setting CVar [[gc.MaxObjectsInEditor:16777216]]
[2019.07.13-22.14.09:758][  0]LogConfig: Setting CVar [[gc.IncrementalBeginDestroyEnabled:1]]
[2019.07.13-22.14.09:758][  0]LogConfig: Setting CVar [[gc.CreateGCClusters:1]]
[2019.07.13-22.14.09:758][  0]LogConfig: Setting CVar [[gc.MinGCClusterSize:5]]
[2019.07.13-22.14.09:758][  0]LogConfig: Setting CVar [[gc.ActorClusteringEnabled:0]]
[2019.07.13-22.14.09:758][  0]LogConfig: Setting CVar [[gc.BlueprintClusteringEnabled:0]]
[2019.07.13-22.14.09:758][  0]LogConfig: Setting CVar [[gc.UseDisregardForGCOnDedicatedServers:0]]
[2019.07.13-22.14.09:758][  0]LogConfig: Applying CVar settings from Section [/Script/Engine.NetworkSettings] File [C:/Users/Nico/Desktop/DescendIntoDarkness/Descend-Into-Darkness/DescendIntoDarkness/Saved/Config/Windows/Engine.ini]
[2019.07.13-22.14.09:758][  0]LogConfig: Applying CVar settings from Section [/Script/UnrealEd.CookerSettings] File [C:/Users/Nico/Desktop/DescendIntoDarkness/Descend-Into-Darkness/DescendIntoDarkness/Saved/Config/Windows/Engine.ini]
[2019.07.13-22.14.09:767][  0]LogConfig: Applying CVar settings from Section [ViewDistanceQuality@3] File [C:/Users/Nico/Desktop/DescendIntoDarkness/Descend-Into-Darkness/DescendIntoDarkness/Saved/Config/Windows/Scalability.ini]
[2019.07.13-22.14.09:767][  0]LogConfig: Setting CVar [[r.SkeletalMeshLODBias:0]]
[2019.07.13-22.14.09:767][  0]LogConfig: Setting CVar [[r.ViewDistanceScale:1.0]]
[2019.07.13-22.14.09:768][  0]LogConfig: Applying CVar settings from Section [AntiAliasingQuality@3] File [C:/Users/Nico/Desktop/DescendIntoDarkness/Descend-Into-Darkness/DescendIntoDarkness/Saved/Config/Windows/Scalability.ini]
[2019.07.13-22.14.09:768][  0]LogConfig: Setting CVar [[r.PostProcessAAQuality:4]]
[2019.07.13-22.14.09:768][  0]LogConfig: Applying CVar settings from Section [ShadowQuality@3] File [C:/Users/Nico/Desktop/DescendIntoDarkness/Descend-Into-Darkness/DescendIntoDarkness/Saved/Config/Windows/Scalability.ini]
[2019.07.13-22.14.09:768][  0]LogConfig: Setting CVar [[r.LightFunctionQuality:1]]
[2019.07.13-22.14.09:768][  0]LogConfig: Setting CVar [[r.ShadowQuality:5]]
[2019.07.13-22.14.09:768][  0]LogConfig: Setting CVar [[r.Shadow.CSM.MaxCascades:10]]
[2019.07.13-22.14.09:768][  0]LogConfig: Setting CVar [[r.Shadow.MaxResolution:2048]]
[2019.07.13-22.14.09:768][  0]LogConfig: Setting CVar [[r.Shadow.MaxCSMResolution:2048]]
[2019.07.13-22.14.09:768][  0]LogConfig: Setting CVar [[r.Shadow.RadiusThreshold:0.01]]
[2019.07.13-22.14.09:768][  0]LogConfig: Setting CVar [[r.Shadow.DistanceScale:1.0]]
[2019.07.13-22.14.09:768][  0]LogConfig: Setting CVar [[r.Shadow.CSM.TransitionScale:1.0]]
[2019.07.13-22.14.09:768][  0]LogConfig: Setting CVar [[r.Shadow.PreShadowResolutionFactor:1.0]]
[2019.07.13-22.14.09:768][  0]LogConfig: Setting CVar [[r.DistanceFieldShadowing:1]]
[2019.07.13-22.14.09:768][  0]LogConfig: Setting CVar [[r.DistanceFieldAO:1]]
[2019.07.13-22.14.09:768][  0]LogConfig: Setting CVar [[r.AOQuality:2]]
[2019.07.13-22.14.09:768][  0]LogConfig: Setting CVar [[r.VolumetricFog:1]]
[2019.07.13-22.14.09:768][  0]LogConfig: Setting CVar [[r.VolumetricFog.GridPixelSize:8]]
[2019.07.13-22.14.09:768][  0]LogConfig: Setting CVar [[r.VolumetricFog.GridSizeZ:128]]
[2019.07.13-22.14.09:768][  0]LogConfig: Setting CVar [[r.VolumetricFog.HistoryMissSupersampleCount:4]]
[2019.07.13-22.14.09:768][  0]LogConfig: Setting CVar [[r.LightMaxDrawDistanceScale:1]]
[2019.07.13-22.14.09:768][  0]LogConfig: Setting CVar [[r.CapsuleShadows:1]]
[2019.07.13-22.14.09:768][  0]LogConfig: Applying CVar settings from Section [PostProcessQuality@3] File [C:/Users/Nico/Desktop/DescendIntoDarkness/Descend-Into-Darkness/DescendIntoDarkness/Saved/Config/Windows/Scalability.ini]
[2019.07.13-22.14.09:768][  0]LogConfig: Setting CVar [[r.MotionBlurQuality:4]]
[2019.07.13-22.14.09:768][  0]LogConfig: Setting CVar [[r.AmbientOcclusionMipLevelFactor:0.4]]
[2019.07.13-22.14.09:768][  0]LogConfig: Setting CVar [[r.AmbientOcclusionMaxQuality:100]]
[2019.07.13-22.14.09:769][  0]LogConfig: Setting CVar [[r.AmbientOcclusionLevels:-1]]
[2019.07.13-22.14.09:769][  0]LogConfig: Setting CVar [[r.AmbientOcclusionRadiusScale:1.0]]
[2019.07.13-22.14.09:769][  0]LogConfig: Setting CVar [[r.DepthOfFieldQuality:2]]
[2019.07.13-22.14.09:769][  0]LogConfig: Setting CVar [[r.RenderTargetPoolMin:400]]
[2019.07.13-22.14.09:769][  0]LogConfig: Setting CVar [[r.LensFlareQuality:2]]
[2019.07.13-22.14.09:769][  0]LogConfig: Setting CVar [[r.SceneColorFringeQuality:1]]
[2019.07.13-22.14.09:769][  0]LogConfig: Setting CVar [[r.EyeAdaptationQuality:2]]
[2019.07.13-22.14.09:769][  0]LogConfig: Setting CVar [[r.BloomQuality:5]]
[2019.07.13-22.14.09:769][  0]LogConfig: Setting CVar [[r.FastBlurThreshold:100]]
[2019.07.13-22.14.09:769][  0]LogConfig: Setting CVar [[r.Upscale.Quality:3]]
[2019.07.13-22.14.09:769][  0]LogConfig: Setting CVar [[r.Tonemapper.GrainQuantization:1]]
[2019.07.13-22.14.09:769][  0]LogConfig: Setting CVar [[r.LightShaftQuality:1]]
[2019.07.13-22.14.09:769][  0]LogConfig: Setting CVar [[r.Filter.SizeScale:1]]
[2019.07.13-22.14.09:769][  0]LogConfig: Setting CVar [[r.Tonemapper.Quality:5]]
[2019.07.13-22.14.09:769][  0]LogConfig: Setting CVar [[r.DOF.Gather.AccumulatorQuality:1        ; higher gathering accumulator quality]]
[2019.07.13-22.14.09:769][  0]LogConfig: Setting CVar [[r.DOF.Gather.PostfilterMethod:1          ; Median3x3 postfilering method]]
[2019.07.13-22.14.09:769][  0]LogConfig: Setting CVar [[r.DOF.Gather.EnableBokehSettings:0       ; no bokeh simulation when gathering]]
[2019.07.13-22.14.09:769][  0]LogConfig: Setting CVar [[r.DOF.Gather.RingCount:4                 ; medium number of samples when gathering]]
[2019.07.13-22.14.09:769][  0]LogConfig: Setting CVar [[r.DOF.Scatter.ForegroundCompositing:1    ; additive foreground scattering]]
[2019.07.13-22.14.09:769][  0]LogConfig: Setting CVar [[r.DOF.Scatter.BackgroundCompositing:2    ; additive background scattering]]
[2019.07.13-22.14.09:769][  0]LogConfig: Setting CVar [[r.DOF.Scatter.EnableBokehSettings:1      ; bokeh simulation when scattering]]
[2019.07.13-22.14.09:769][  0]LogConfig: Setting CVar [[r.DOF.Scatter.MaxSpriteRatio:0.1         ; only a maximum of 10% of scattered bokeh]]
[2019.07.13-22.14.09:769][  0]LogConfig: Setting CVar [[r.DOF.Recombine.Quality:1                ; cheap slight out of focus]]
[2019.07.13-22.14.09:769][  0]LogConfig: Setting CVar [[r.DOF.Recombine.EnableBokehSettings:0    ; no bokeh simulation on slight out of focus]]
[2019.07.13-22.14.09:769][  0]LogConfig: Setting CVar [[r.DOF.TemporalAAQuality:1                ; more stable temporal accumulation]]
[2019.07.13-22.14.09:769][  0]LogConfig: Setting CVar [[r.DOF.Kernel.MaxForegroundRadius:0.025]]
[2019.07.13-22.14.09:769][  0]LogConfig: Setting CVar [[r.DOF.Kernel.MaxBackgroundRadius:0.025]]
[2019.07.13-22.14.09:769][  0]LogConfig: Applying CVar settings from Section [TextureQuality@3] File [C:/Users/Nico/Desktop/DescendIntoDarkness/Descend-Into-Darkness/DescendIntoDarkness/Saved/Config/Windows/Scalability.ini]
[2019.07.13-22.14.09:770][  0]LogConfig: Setting CVar [[r.Streaming.MipBias:0]]
[2019.07.13-22.14.09:770][  0]LogConfig: Setting CVar [[r.Streaming.AmortizeCPUToGPUCopy:0]]
[2019.07.13-22.14.09:770][  0]LogConfig: Setting CVar [[r.Streaming.MaxNumTexturesToStreamPerFrame:0]]
[2019.07.13-22.14.09:770][  0]LogConfig: Setting CVar [[r.Streaming.Boost:1]]
[2019.07.13-22.14.09:770][  0]LogConfig: Setting CVar [[r.MaxAnisotropy:8]]
[2019.07.13-22.14.09:770][  0]LogConfig: Setting CVar [[r.Streaming.LimitPoolSizeToVRAM:0]]
[2019.07.13-22.14.09:770][  0]LogConfig: Setting CVar [[r.Streaming.PoolSize:1000]]
[2019.07.13-22.14.09:770][  0]LogConfig: Setting CVar [[r.Streaming.MaxEffectiveScreenSize:0]]
[2019.07.13-22.14.09:770][  0]LogConfig: Applying CVar settings from Section [EffectsQuality@3] File [C:/Users/Nico/Desktop/DescendIntoDarkness/Descend-Into-Darkness/DescendIntoDarkness/Saved/Config/Windows/Scalability.ini]
[2019.07.13-22.14.09:770][  0]LogConfig: Setting CVar [[r.TranslucencyLightingVolumeDim:64]]
[2019.07.13-22.14.09:770][  0]LogConfig: Setting CVar [[r.RefractionQuality:2]]
[2019.07.13-22.14.09:770][  0]LogConfig: Setting CVar [[r.SSR.Quality:3]]
[2019.07.13-22.14.09:770][  0]LogConfig: Setting CVar [[r.SceneColorFormat:4]]
[2019.07.13-22.14.09:770][  0]LogConfig: Setting CVar [[r.DetailMode:2]]
[2019.07.13-22.14.09:770][  0]LogConfig: Setting CVar [[r.TranslucencyVolumeBlur:1]]
[2019.07.13-22.14.09:770][  0]LogConfig: Setting CVar [[r.MaterialQualityLevel:1 ; High quality]]
[2019.07.13-22.14.09:770][  0]LogConfig: Setting CVar [[r.SSS.Scale:1]]
[2019.07.13-22.14.09:770][  0]LogConfig: Setting CVar [[r.SSS.SampleSet:2]]
[2019.07.13-22.14.09:770][  0]LogConfig: Setting CVar [[r.SSS.Quality:1]]
[2019.07.13-22.14.09:770][  0]LogConfig: Setting CVar [[r.SSS.HalfRes:1]]
[2019.07.13-22.14.09:770][  0]LogConfig: Setting CVar [[r.EmitterSpawnRateScale:1.0]]
[2019.07.13-22.14.09:770][  0]LogConfig: Setting CVar [[r.ParticleLightQuality:2]]
[2019.07.13-22.14.09:770][  0]LogConfig: Applying CVar settings from Section [FoliageQuality@3] File [C:/Users/Nico/Desktop/DescendIntoDarkness/Descend-Into-Darkness/DescendIntoDarkness/Saved/Config/Windows/Scalability.ini]
[2019.07.13-22.14.09:770][  0]LogConfig: Setting CVar [[foliage.DensityScale:1.0]]
[2019.07.13-22.14.09:770][  0]LogConfig: Setting CVar [[grass.DensityScale:1.0]]
[2019.07.13-22.14.09:770][  0]LogInit: Selected Device Profile: [Windows]
[2019.07.13-22.14.09:770][  0]LogInit: Applying CVar settings loaded from the selected device profile: [Windows]
[2019.07.13-22.14.09:819][  0]LogHAL: Display: Platform has ~ 8 GB [8490000384 / 8589934592 / 8], which maps to Default [LargestMinGB=32, LargerMinGB=12, DefaultMinGB=8, SmallerMinGB=6, SmallestMinGB=0)
[2019.07.13-22.14.09:819][  0]LogConfig: Setting CVar [[r.Vulkan.UseRealUBs:0		; Required until we fix HLR fall-out]]
[2019.07.13-22.14.09:819][  0]LogInit: Going up to parent DeviceProfile []
[2019.07.13-22.14.09:820][  0]LogConfig: Applying CVar settings from Section [ViewDistanceQuality@0] File [C:/Users/Nico/Desktop/DescendIntoDarkness/Descend-Into-Darkness/DescendIntoDarkness/Saved/Config/Windows/Scalability.ini]
[2019.07.13-22.14.09:820][  0]LogConfig: Setting CVar [[r.SkeletalMeshLODBias:2]]
[2019.07.13-22.14.09:820][  0]LogConfig: Setting CVar [[r.ViewDistanceScale:0.4]]
[2019.07.13-22.14.09:820][  0]LogConfig: Applying CVar settings from Section [AntiAliasingQuality@0] File [C:/Users/Nico/Desktop/DescendIntoDarkness/Descend-Into-Darkness/DescendIntoDarkness/Saved/Config/Windows/Scalability.ini]
[2019.07.13-22.14.09:820][  0]LogConfig: Setting CVar [[r.PostProcessAAQuality:0]]
[2019.07.13-22.14.09:820][  0]LogConfig: Applying CVar settings from Section [ShadowQuality@0] File [C:/Users/Nico/Desktop/DescendIntoDarkness/Descend-Into-Darkness/DescendIntoDarkness/Saved/Config/Windows/Scalability.ini]
[2019.07.13-22.14.09:820][  0]LogConfig: Setting CVar [[r.LightFunctionQuality:0]]
[2019.07.13-22.14.09:820][  0]LogConfig: Setting CVar [[r.ShadowQuality:0]]
[2019.07.13-22.14.09:820][  0]LogConfig: Setting CVar [[r.Shadow.CSM.MaxCascades:1]]
[2019.07.13-22.14.09:820][  0]LogConfig: Setting CVar [[r.Shadow.MaxResolution:512]]
[2019.07.13-22.14.09:820][  0]LogConfig: Setting CVar [[r.Shadow.MaxCSMResolution:512]]
[2019.07.13-22.14.09:820][  0]LogConfig: Setting CVar [[r.Shadow.RadiusThreshold:0.06]]
[2019.07.13-22.14.09:820][  0]LogConfig: Setting CVar [[r.Shadow.DistanceScale:0.6]]
[2019.07.13-22.14.09:820][  0]LogConfig: Setting CVar [[r.Shadow.CSM.TransitionScale:0]]
[2019.07.13-22.14.09:820][  0]LogConfig: Setting CVar [[r.Shadow.PreShadowResolutionFactor:0.5]]
[2019.07.13-22.14.09:820][  0]LogConfig: Setting CVar [[r.DistanceFieldShadowing:0]]
[2019.07.13-22.14.09:820][  0]LogConfig: Setting CVar [[r.DistanceFieldAO:0]]
[2019.07.13-22.14.09:820][  0]LogConfig: Setting CVar [[r.VolumetricFog:0]]
[2019.07.13-22.14.09:820][  0]LogConfig: Setting CVar [[r.LightMaxDrawDistanceScale:0]]
[2019.07.13-22.14.09:820][  0]LogConfig: Setting CVar [[r.CapsuleShadows:0]]
[2019.07.13-22.14.09:820][  0]LogConfig: Applying CVar settings from Section [PostProcessQuality@0] File [C:/Users/Nico/Desktop/DescendIntoDarkness/Descend-Into-Darkness/DescendIntoDarkness/Saved/Config/Windows/Scalability.ini]
[2019.07.13-22.14.09:820][  0]LogConfig: Setting CVar [[r.MotionBlurQuality:0]]
[2019.07.13-22.14.09:820][  0]LogConfig: Setting CVar [[r.AmbientOcclusionMipLevelFactor:1.0]]
[2019.07.13-22.14.09:820][  0]LogConfig: Setting CVar [[r.AmbientOcclusionMaxQuality:0]]
[2019.07.13-22.14.09:820][  0]LogConfig: Setting CVar [[r.AmbientOcclusionLevels:0]]
[2019.07.13-22.14.09:820][  0]LogConfig: Setting CVar [[r.AmbientOcclusionRadiusScale:1.2]]
[2019.07.13-22.14.09:820][  0]LogConfig: Setting CVar [[r.DepthOfFieldQuality:0]]
[2019.07.13-22.14.09:820][  0]LogConfig: Setting CVar [[r.RenderTargetPoolMin:300]]
[2019.07.13-22.14.09:820][  0]LogConfig: Setting CVar [[r.LensFlareQuality:0]]
[2019.07.13-22.14.09:820][  0]LogConfig: Setting CVar [[r.SceneColorFringeQuality:0]]
[2019.07.13-22.14.09:821][  0]LogConfig: Setting CVar [[r.EyeAdaptationQuality:0]]
[2019.07.13-22.14.09:821][  0]LogConfig: Setting CVar [[r.BloomQuality:4]]
[2019.07.13-22.14.09:821][  0]LogConfig: Setting CVar [[r.FastBlurThreshold:0]]
[2019.07.13-22.14.09:821][  0]LogConfig: Setting CVar [[r.Upscale.Quality:1]]
[2019.07.13-22.14.09:821][  0]LogConfig: Setting CVar [[r.Tonemapper.GrainQuantization:0]]
[2019.07.13-22.14.09:821][  0]LogConfig: Setting CVar [[r.LightShaftQuality:0]]
[2019.07.13-22.14.09:821][  0]LogConfig: Setting CVar [[r.Filter.SizeScale:0.6]]
[2019.07.13-22.14.09:821][  0]LogConfig: Setting CVar [[r.Tonemapper.Quality:0]]
[2019.07.13-22.14.09:821][  0]LogConfig: Applying CVar settings from Section [TextureQuality@0] File [C:/Users/Nico/Desktop/DescendIntoDarkness/Descend-Into-Darkness/DescendIntoDarkness/Saved/Config/Windows/Scalability.ini]
[2019.07.13-22.14.09:821][  0]LogConfig: Setting CVar [[r.Streaming.MipBias:16]]
[2019.07.13-22.14.09:821][  0]LogConfig: Setting CVar [[r.Streaming.AmortizeCPUToGPUCopy:1]]
[2019.07.13-22.14.09:821][  0]LogConfig: Setting CVar [[r.Streaming.MaxNumTexturesToStreamPerFrame:1]]
[2019.07.13-22.14.09:821][  0]LogConfig: Setting CVar [[r.Streaming.Boost:0.3]]
[2019.07.13-22.14.09:821][  0]LogConfig: Setting CVar [[r.MaxAnisotropy:0]]
[2019.07.13-22.14.09:821][  0]LogConfig: Setting CVar [[r.Streaming.LimitPoolSizeToVRAM:1]]
[2019.07.13-22.14.09:821][  0]LogConfig: Setting CVar [[r.Streaming.PoolSize:400]]
[2019.07.13-22.14.09:821][  0]LogConfig: Setting CVar [[r.Streaming.MaxEffectiveScreenSize:0]]
[2019.07.13-22.14.09:821][  0]LogConfig: Applying CVar settings from Section [EffectsQuality@0] File [C:/Users/Nico/Desktop/DescendIntoDarkness/Descend-Into-Darkness/DescendIntoDarkness/Saved/Config/Windows/Scalability.ini]
[2019.07.13-22.14.09:821][  0]LogConfig: Setting CVar [[r.TranslucencyLightingVolumeDim:24]]
[2019.07.13-22.14.09:821][  0]LogConfig: Setting CVar [[r.RefractionQuality:0]]
[2019.07.13-22.14.09:821][  0]LogConfig: Setting CVar [[r.SSR.Quality:0]]
[2019.07.13-22.14.09:821][  0]LogConfig: Setting CVar [[r.SceneColorFormat:3]]
[2019.07.13-22.14.09:821][  0]LogConfig: Setting CVar [[r.DetailMode:0]]
[2019.07.13-22.14.09:821][  0]LogConfig: Setting CVar [[r.TranslucencyVolumeBlur:0]]
[2019.07.13-22.14.09:821][  0]LogConfig: Setting CVar [[r.MaterialQualityLevel:0 ; Low quality]]
[2019.07.13-22.14.09:821][  0]LogConfig: Setting CVar [[r.SSS.Scale:0]]
[2019.07.13-22.14.09:821][  0]LogConfig: Setting CVar [[r.SSS.SampleSet:0]]
[2019.07.13-22.14.09:821][  0]LogConfig: Setting CVar [[r.SSS.Quality:0]]
[2019.07.13-22.14.09:821][  0]LogConfig: Setting CVar [[r.SSS.HalfRes:1]]
[2019.07.13-22.14.09:821][  0]LogConfig: Setting CVar [[r.EmitterSpawnRateScale:0.125]]
[2019.07.13-22.14.09:821][  0]LogConfig: Setting CVar [[r.ParticleLightQuality:0]]
[2019.07.13-22.14.09:822][  0]LogConfig: Applying CVar settings from Section [FoliageQuality@0] File [C:/Users/Nico/Desktop/DescendIntoDarkness/Descend-Into-Darkness/DescendIntoDarkness/Saved/Config/Windows/Scalability.ini]
[2019.07.13-22.14.09:822][  0]LogConfig: Setting CVar [[foliage.DensityScale:0]]
[2019.07.13-22.14.09:822][  0]LogConfig: Setting CVar [[grass.DensityScale:0]]
[2019.07.13-22.14.09:822][  0]LogConfig: Applying CVar settings from Section [Startup] File [../../../Engine/Config/ConsoleVariables.ini]
[2019.07.13-22.14.09:822][  0]LogConfig: Setting CVar [[net.UseAdaptiveNetUpdateFrequency:0]]
[2019.07.13-22.14.09:822][  0]LogConfig: Setting CVar [[p.chaos.AllowCreatePhysxBodies:1]]
[2019.07.13-22.14.09:822][  0]LogConfig: Applying CVar settings from Section [ConsoleVariables] File [C:/Users/Nico/Desktop/DescendIntoDarkness/Descend-Into-Darkness/DescendIntoDarkness/Saved/Config/Windows/Engine.ini]
[2019.07.13-22.14.09:823][  0]LogInit: Computer: NICOLAE-LAPTOP
[2019.07.13-22.14.09:823][  0]LogInit: User: Nico
[2019.07.13-22.14.09:823][  0]LogInit: CPU Page size=4096, Cores=2
[2019.07.13-22.14.09:823][  0]LogInit: High frequency timer resolution =10.000000 MHz
[2019.07.13-22.14.09:824][  0]LogMemory: Memory total: Physical=7.9GB (8GB approx)
[2019.07.13-22.14.09:824][  0]LogMemory: Platform Memory Stats for Windows
[2019.07.13-22.14.09:824][  0]LogMemory: Process Physical Memory: 98.00 MB used, 98.01 MB peak
[2019.07.13-22.14.09:824][  0]LogMemory: Process Virtual Memory: 94.14 MB used, 94.14 MB peak
[2019.07.13-22.14.09:824][  0]LogMemory: Physical Memory: 6699.53 MB used,  1397.16 MB free, 8096.70 MB total
[2019.07.13-22.14.09:824][  0]LogMemory: Virtual Memory: 4645.55 MB used,  134213080.00 MB free, 134217728.00 MB total
[2019.07.13-22.14.09:862][  0]LogInit: Using OS detected language (en-US).
[2019.07.13-22.14.09:862][  0]LogInit: Using OS detected locale (en-US).
[2019.07.13-22.14.09:864][  0]LogTextLocalizationManager: No specific localization for 'en-US' exists, so the 'en' localization will be used.
[2019.07.13-22.14.10:419][  0]LogInit: Setting process to per monitor DPI aware
[2019.07.13-22.14.10:506][  0]LogSlate: New Slate User Created.  User Index 0, Is Virtual User: 0
[2019.07.13-22.14.10:506][  0]LogSlate: Slate User Registered.  User Index 0, Is Virtual User: 0
[2019.07.13-22.14.11:090][  0]LogHMD: Failed to initialize OpenVR with code 110
[2019.07.13-22.14.11:090][  0]LogD3D11RHI: D3D11 adapters:
[2019.07.13-22.14.11:103][  0]LogD3D11RHI:    0. 'Intel(R) HD Graphics 5500' (Feature Level 11_0)
[2019.07.13-22.14.11:104][  0]LogD3D11RHI:       128/0/4048 MB DedicatedVideo/DedicatedSystem/SharedSystem, Outputs:2, VendorId:0x8086
[2019.07.13-22.14.11:112][  0]LogD3D11RHI:    1. 'Microsoft Basic Render Driver' (Feature Level 11_0)
[2019.07.13-22.14.11:112][  0]LogD3D11RHI:       0/0/4048 MB DedicatedVideo/DedicatedSystem/SharedSystem, Outputs:0, VendorId:0x1414
[2019.07.13-22.14.11:117][  0]LogD3D11RHI:    2. 'Microsoft Basic Render Driver' (Feature Level 11_0)
[2019.07.13-22.14.11:117][  0]LogD3D11RHI:       0/0/4048 MB DedicatedVideo/DedicatedSystem/SharedSystem, Outputs:0, VendorId:0x1414
[2019.07.13-22.14.11:121][  0]LogD3D11RHI:    3. 'Microsoft Basic Render Driver' (Feature Level 11_0)
[2019.07.13-22.14.11:121][  0]LogD3D11RHI:       0/0/4048 MB DedicatedVideo/DedicatedSystem/SharedSystem, Outputs:0, VendorId:0x1414
[2019.07.13-22.14.11:121][  0]LogD3D11RHI: Chosen D3D11 Adapter: 0
[2019.07.13-22.14.11:140][  0]LogD3D11RHI: Creating new Direct3DDevice
[2019.07.13-22.14.11:140][  0]LogD3D11RHI:     GPU DeviceId: 0x1616 (for the marketing name, search the web for "GPU Device Id")
[2019.07.13-22.14.11:140][  0]LogWindows: EnumDisplayDevices:
[2019.07.13-22.14.11:143][  0]LogWindows:    0. 'Intel(R) HD Graphics 5500' (P:1 D:1)
[2019.07.13-22.14.11:144][  0]LogWindows:    1. 'Intel(R) HD Graphics 5500' (P:0 D:0)
[2019.07.13-22.14.11:144][  0]LogWindows:    2. 'Intel(R) HD Graphics 5500' (P:0 D:0)
[2019.07.13-22.14.11:145][  0]LogWindows:    3. 'DisplayLink USB Device' (P:0 D:0)
[2019.07.13-22.14.11:146][  0]LogWindows:    4. 'DisplayLink USB Device' (P:0 D:1)
[2019.07.13-22.14.11:146][  0]LogWindows:    5. 'DisplayLink USB Device' (P:0 D:0)
[2019.07.13-22.14.11:147][  0]LogWindows: DebugString: GetVideoDriverDetailsInvalid PrimaryIsNotTheChoosenAdapter GetVideoDriverDetailsInvalid PrimaryIsNotTheChoosenAdapter GetVideoDriverDetailsInvalid PrimaryIsNotTheChoosenAdapter FoundDriverCount:3 
[2019.07.13-22.14.11:147][  0]LogD3D11RHI:     Adapter Name: Intel(R) HD Graphics 5500
[2019.07.13-22.14.11:147][  0]LogD3D11RHI:   Driver Version: 20.19.15.4531 (internal:20.19.15.4531, unified:20.19.15.4531)
[2019.07.13-22.14.11:147][  0]LogD3D11RHI:      Driver Date: 9-29-2016
[2019.07.13-22.14.11:147][  0]LogRHI: Texture pool is 1506 MB (70% of 2152 MB)
[2019.07.13-22.14.11:156][  0]LogD3D11RHI: Async texture creation enabled
[2019.07.13-22.14.11:166][  0]LogRendererCore: FGlobalReadBuffer::InitRHI
[2019.07.13-22.14.11:167][  0]LogRendererCore: FGlobalReadBuffer::InitRHI
[2019.07.13-22.14.11:167][  0]LogRendererCore: FGlobalReadBuffer::InitRHI
[2019.07.13-22.14.11:178][  0]LogD3D11RHI: GPU Timing Frequency: 12.500000 (Debug: 2 0)
[2019.07.13-22.14.13:246][  0]LogTemp: Display: Module 'AllDesktopTargetPlatform' loaded TargetPlatform 'AllDesktop'
[2019.07.13-22.14.13:287][  0]LogTemp: Display: Module 'MacClientTargetPlatform' loaded TargetPlatform 'MacClient'
[2019.07.13-22.14.13:335][  0]LogTemp: Display: Module 'MacNoEditorTargetPlatform' loaded TargetPlatform 'MacNoEditor'
[2019.07.13-22.14.13:378][  0]LogTemp: Display: Module 'MacServerTargetPlatform' loaded TargetPlatform 'MacServer'
[2019.07.13-22.14.13:420][  0]LogTemp: Display: Module 'MacTargetPlatform' loaded TargetPlatform 'Mac'
[2019.07.13-22.14.13:464][  0]LogTemp: Display: Module 'WindowsClientTargetPlatform' loaded TargetPlatform 'WindowsClient'
[2019.07.13-22.14.13:503][  0]LogTemp: Display: Module 'WindowsNoEditorTargetPlatform' loaded TargetPlatform 'WindowsNoEditor'
[2019.07.13-22.14.13:549][  0]LogTemp: Display: Module 'WindowsServerTargetPlatform' loaded TargetPlatform 'WindowsServer'
[2019.07.13-22.14.13:570][  0]LogTemp: Display: Module 'WindowsTargetPlatform' loaded TargetPlatform 'Windows'
[2019.07.13-22.14.13:827][  0]LogTemp: Display: Module 'AndroidTargetPlatform' loaded TargetPlatform 'Android'
[2019.07.13-22.14.13:827][  0]LogTemp: Display: Module 'AndroidTargetPlatform' loaded TargetPlatform 'Android_ASTC'
[2019.07.13-22.14.13:827][  0]LogTemp: Display: Module 'AndroidTargetPlatform' loaded TargetPlatform 'Android_ATC'
[2019.07.13-22.14.13:827][  0]LogTemp: Display: Module 'AndroidTargetPlatform' loaded TargetPlatform 'Android_DXT'
[2019.07.13-22.14.13:827][  0]LogTemp: Display: Module 'AndroidTargetPlatform' loaded TargetPlatform 'Android_ETC1'
[2019.07.13-22.14.13:827][  0]LogTemp: Display: Module 'AndroidTargetPlatform' loaded TargetPlatform 'Android_ETC1a'
[2019.07.13-22.14.13:828][  0]LogTemp: Display: Module 'AndroidTargetPlatform' loaded TargetPlatform 'Android_ETC2'
[2019.07.13-22.14.13:828][  0]LogTemp: Display: Module 'AndroidTargetPlatform' loaded TargetPlatform 'Android_PVRTC'
[2019.07.13-22.14.13:828][  0]LogTemp: Display: Module 'AndroidTargetPlatform' loaded TargetPlatform 'AndroidClient'
[2019.07.13-22.14.13:828][  0]LogTemp: Display: Module 'AndroidTargetPlatform' loaded TargetPlatform 'Android_ASTCClient'
[2019.07.13-22.14.13:828][  0]LogTemp: Display: Module 'AndroidTargetPlatform' loaded TargetPlatform 'Android_ATCClient'
[2019.07.13-22.14.13:828][  0]LogTemp: Display: Module 'AndroidTargetPlatform' loaded TargetPlatform 'Android_DXTClient'
[2019.07.13-22.14.13:828][  0]LogTemp: Display: Module 'AndroidTargetPlatform' loaded TargetPlatform 'Android_ETC1Client'
[2019.07.13-22.14.13:828][  0]LogTemp: Display: Module 'AndroidTargetPlatform' loaded TargetPlatform 'Android_ETC1aClient'
[2019.07.13-22.14.13:828][  0]LogTemp: Display: Module 'AndroidTargetPlatform' loaded TargetPlatform 'Android_ETC2Client'
[2019.07.13-22.14.13:828][  0]LogTemp: Display: Module 'AndroidTargetPlatform' loaded TargetPlatform 'Android_PVRTCClient'
[2019.07.13-22.14.13:828][  0]LogTemp: Display: Module 'AndroidTargetPlatform' loaded TargetPlatform 'Android_Multi'
[2019.07.13-22.14.13:828][  0]LogTemp: Display: Module 'AndroidTargetPlatform' loaded TargetPlatform 'Android_MultiClient'
[2019.07.13-22.14.13:832][  0]LogTemp: Display: Module 'HTML5TargetPlatform' loaded TargetPlatform 'HTML5'
[2019.07.13-22.14.13:937][  0]LogTemp: Display: Module 'IOSTargetPlatform' loaded TargetPlatform 'IOSClient'
[2019.07.13-22.14.13:937][  0]LogTemp: Display: Module 'IOSTargetPlatform' loaded TargetPlatform 'IOS'
[2019.07.13-22.14.14:007][  0]LogTemp: Display: Module 'TVOSTargetPlatform' loaded TargetPlatform 'TVOSClient'
[2019.07.13-22.14.14:007][  0]LogTemp: Display: Module 'TVOSTargetPlatform' loaded TargetPlatform 'TVOS'
[2019.07.13-22.14.14:049][  0]LogTemp: Display: Module 'LinuxClientTargetPlatform' loaded TargetPlatform 'LinuxClient'
[2019.07.13-22.14.14:086][  0]LogTemp: Display: Module 'LinuxNoEditorTargetPlatform' loaded TargetPlatform 'LinuxNoEditor'
[2019.07.13-22.14.14:130][  0]LogTemp: Display: Module 'LinuxServerTargetPlatform' loaded TargetPlatform 'LinuxServer'
[2019.07.13-22.14.14:172][  0]LogTemp: Display: Module 'LinuxTargetPlatform' loaded TargetPlatform 'Linux'
[2019.07.13-22.14.14:315][  0]LogTemp: Display: Module 'LuminTargetPlatform' loaded TargetPlatform 'Lumin'
[2019.07.13-22.14.14:315][  0]LogTemp: Display: Module 'LuminTargetPlatform' loaded TargetPlatform 'LuminClient'
[2019.07.13-22.14.14:315][  0]LogTargetPlatformManager: Display: Building Assets For Windows
[2019.07.13-22.14.14:337][  0]LogAudioDebug: Display: Lib vorbis DLL was dynamically loaded.
[2019.07.13-22.14.14:481][  0]LogShaderCompilers: Guid format shader working directory is -54 characters bigger than the processId version (../../../../../../Users/Nico/Desktop/DescendIntoDarkness/Descend-Into-Darkness/DescendIntoDarkness/Intermediate/Shaders/WorkingDirectory/10004/).
[2019.07.13-22.14.14:481][  0]LogShaderCompilers: Cleaned the shader compiler working directory 'C:/Users/Nico/AppData/Local/Temp/UnrealShaderWorkingDir/2B56C3374AD762EE202EABB20FDE27B1/'.
[2019.07.13-22.14.14:486][  0]LogXGEController: Cannot use XGE Controller as Incredibuild is not installed on this machine.
[2019.07.13-22.14.14:486][  0]LogShaderCompilers: Cannot use XGE Shader Compiler as Incredibuild is not installed on this machine.
[2019.07.13-22.14.14:486][  0]LogShaderCompilers: Display: Using Local Shader Compiler.
[2019.07.13-22.14.16:196][  0]LogDerivedDataCache: Display: Max Cache Size: 512 MB
[2019.07.13-22.14.16:326][  0]LogDerivedDataCache: Loaded boot cache 0.13s 71MB C:/Users/Nico/AppData/Local/UnrealEngine/4.22/DerivedDataCache/Boot.ddc.
[2019.07.13-22.14.16:326][  0]LogDerivedDataCache: Display: Loaded Boot cache: C:/Users/Nico/AppData/Local/UnrealEngine/4.22/DerivedDataCache/Boot.ddc
[2019.07.13-22.14.16:326][  0]LogDerivedDataCache: FDerivedDataBackendGraph:  Pak pak cache file ../../../../../../Users/Nico/Desktop/DescendIntoDarkness/Descend-Into-Darkness/DescendIntoDarkness/DerivedDataCache/DDC.ddp not found, will not use a pak cache.
[2019.07.13-22.14.16:326][  0]LogDerivedDataCache: Unable to find inner node Pak for hierarchical cache Hierarchy.
[2019.07.13-22.14.16:327][  0]LogDerivedDataCache: FDerivedDataBackendGraph:  CompressedPak pak cache file ../../../../../../Users/Nico/Desktop/DescendIntoDarkness/Descend-Into-Darkness/DescendIntoDarkness/DerivedDataCache/Compressed.ddp not found, will not use a pak cache.
[2019.07.13-22.14.16:327][  0]LogDerivedDataCache: Unable to find inner node CompressedPak for hierarchical cache Hierarchy.
[2019.07.13-22.14.16:353][  0]LogDerivedDataCache: Display: Pak cache opened for reading ../../../Engine/DerivedDataCache/Compressed.ddp.
[2019.07.13-22.14.16:353][  0]LogDerivedDataCache: FDerivedDataBackendGraph:  EnterprisePak pak cache file ../../../Enterprise/DerivedDataCache/Compressed.ddp not found, will not use a pak cache.
[2019.07.13-22.14.16:353][  0]LogDerivedDataCache: Unable to find inner node EnterprisePak for hierarchical cache Hierarchy.
[2019.07.13-22.14.16:367][  0]LogDerivedDataCache: Using Local data cache path C:/Users/Nico/AppData/Local/UnrealEngine/Common/DerivedDataCache: Writable
[2019.07.13-22.14.16:367][  0]LogDerivedDataCache: Shared data cache path not found in *engine.ini, will not use an Shared cache.
[2019.07.13-22.14.16:367][  0]LogDerivedDataCache: Unable to find inner node Shared for hierarchical cache Hierarchy.
[2019.07.13-22.14.16:432][  0]LogMaterial: Verifying Global Shaders for PCD3D_SM5
[2019.07.13-22.14.16:435][  0]LogSlate: Using FreeType 2.6.0
[2019.07.13-22.14.16:436][  0]LogSlate: SlateFontServices - WITH_FREETYPE: 1, WITH_HARFBUZZ: 1
[2019.07.13-22.14.16:640][  0]LogAssetRegistry: FAssetRegistry took 0.0613 seconds to start up
[2019.07.13-22.14.17:695][  0]LogInit: Selected Device Profile: [Windows]
[2019.07.13-22.14.18:094][  0]LogMeshReduction: Using QuadricMeshReduction for automatic static mesh reduction
[2019.07.13-22.14.18:094][  0]LogMeshReduction: Using SimplygonMeshReduction for automatic skeletal mesh reduction
[2019.07.13-22.14.18:094][  0]LogMeshReduction: Using ProxyLODMeshReduction for automatic mesh merging
[2019.07.13-22.14.18:094][  0]LogMeshReduction: No distributed automatic mesh merging module available
[2019.07.13-22.14.18:094][  0]LogMeshMerging: No distributed automatic mesh merging module available
[2019.07.13-22.14.18:120][  0]LogNetVersion: DescendIntoDarkness 1.0.0, NetCL: 5660361, EngineNetVer: 10, GameNetVer: 0 (Checksum: 1140046260)
[2019.07.13-22.14.19:304][  0]LogPackageLocalizationCache: Processed 10 localized package path(s) for 1 prioritized culture(s) in 0.141056 seconds
[2019.07.13-22.14.19:321][  0]LogUObjectArray: 42205 objects as part of root set at end of initial load.
[2019.07.13-22.14.19:321][  0]LogUObjectAllocator: 7325032 out of 0 bytes used by permanent object pool.
[2019.07.13-22.14.19:321][  0]LogUObjectArray: CloseDisregardForGC: 0/0 objects in disregard for GC pool
[2019.07.13-22.14.21:480][  0]LogTcpMessaging: Initializing TcpMessaging bridge
[2019.07.13-22.14.21:495][  0]LogUdpMessaging: Initializing bridge on interface 0.0.0.0:0 to multicast group 230.0.0.1:6666.
[2019.07.13-22.14.21:661][  0]LogLinker: Warning: Can't find file '/Game/SideScrollerCPP/Blueprints/SideScrollerCharacter'
[2019.07.13-22.14.21:661][  0]LogLinker: Warning: Can't find file '/Game/SideScrollerCPP/Blueprints/SideScrollerCharacter'
[2019.07.13-22.14.21:661][  0]LogUObjectGlobals: Warning: Failed to find object 'Class /Game/SideScrollerCPP/Blueprints/SideScrollerCharacter.SideScrollerCharacter_C'
[2019.07.13-22.14.21:661][  0]Error: CDO Constructor (DescendIntoDarknessGameMode): Failed to find /Game/SideScrollerCPP/Blueprints/SideScrollerCharacter.SideScrollerCharacter_C

[2019.07.13-22.14.21:662][  0]LogUObjectBase: Warning: -------------- Default Property warnings and errors:
[2019.07.13-22.14.21:662][  0]LogUObjectBase: Warning: Error: CDO Constructor (DescendIntoDarknessGameMode): Failed to find /Game/SideScrollerCPP/Blueprints/SideScrollerCharacter.SideScrollerCharacter_C

[2019.07.13-22.14.24:279][  0]LogWindowsTextInputMethodSystem: Display: IME system now deactivated.
[2019.07.13-22.14.24:282][  0]LogWindowsTextInputMethodSystem: Display: IME system now deactivated.
[2019.07.13-22.14.24:369][  0]SourceControl: Source control is disabled
[2019.07.13-22.14.24:369][  0]SourceControl: Source control is disabled
[2019.07.13-22.14.24:372][  0]SourceControl: Source control is disabled
[2019.07.13-22.14.24:587][  0]LogAndroidPermission: UAndroidPermissionCallbackProxy::GetInstance
[2019.07.13-22.14.24:758][  0]LogOcInput: OculusInput pre-init called
[2019.07.13-22.14.26:180][  0]SourceControl: Source control is disabled
[2019.07.13-22.14.26:423][  0]LogEngine: Initializing Engine...
[2019.07.13-22.14.26:425][  0]LogHMD: Failed to initialize OpenVR with code 110
[2019.07.13-22.14.26:427][  0]LogStats: UGameplayTagsManager::InitializeManager -  0.000 s
[2019.07.13-22.14.27:087][  0]LogInit: Initializing FReadOnlyCVARCache
[2019.07.13-22.14.27:125][  0]LogAIModule: Creating AISystem for world Untitled
[2019.07.13-22.14.27:247][  0]LogInit: XAudio2 using 'Speakers (Intel® Smart Sound Technology (Intel® SST))' : 2 channels at 48 kHz using 16 bits per sample (channel mask 0x3)
[2019.07.13-22.14.27:360][  0]LogInit: FAudioDevice initialized.
[2019.07.13-22.14.27:361][  0]LogNetVersion: Set ProjectVersion to 1.0.0.0. Version Checksum will be recalculated on next use.
[2019.07.13-22.14.27:658][  0]LogDerivedDataCache: Saved boot cache 0.30s 71MB C:/Users/Nico/AppData/Local/UnrealEngine/4.22/DerivedDataCache/Boot.ddc.
[2019.07.13-22.14.27:678][  0]LogInit: Texture streaming: Enabled
[2019.07.13-22.14.27:716][  0]LogEngineSessionManager: EngineSessionManager initialized
[2019.07.13-22.14.27:765][  0]LogInit: Transaction tracking system initialized
[2019.07.13-22.14.27:830][  0]BlueprintLog: New page: Editor Load
[2019.07.13-22.14.28:021][  0]LocalizationService: Localization service is disabled
[2019.07.13-22.14.30:129][  0]LogFileCache: Scanning file cache for directory 'C:/Users/Nico/Desktop/DescendIntoDarkness/Descend-Into-Darkness/DescendIntoDarkness/Content/' took 0.03s
[2019.07.13-22.14.30:129][  0]LogCook: Display: Max memory allowance for cook 16384mb min free memory 0mb
[2019.07.13-22.14.30:129][  0]LogCook: Display: Mobile HDR setting 1
[2019.07.13-22.14.30:614][  0]SourceControl: Source control is disabled
[2019.07.13-22.14.30:614][  0]LogEditorServer: Warning: Can't find file '../../../../../../Users/Nico/Desktop/DescendIntoDarkness/Descend-Into-Darkness/DescendIntoDarkness/Content/SideScrollerCPP/Maps/SideScrollerExampleMap.umap'
[2019.07.13-22.14.30:614][  0]Cmd: MAP CHECKDEP NOCLEARLOG
[2019.07.13-22.14.30:615][  0]MapCheck: Map check complete: 0 Error(s), 0 Warning(s), took 0.283ms to complete.
[2019.07.13-22.14.30:615][  0]LogFileHelpers: Loading map 'SideScrollerExampleMap' took 0.001
[2019.07.13-22.14.30:823][  0]LogSlate: Updating window title bar state: overlay mode, drag disabled, window buttons hidden, title bar hidden
[2019.07.13-22.14.30:847][  0]LogSlate: Updating window title bar state: overlay mode, drag disabled, window buttons hidden, title bar hidden
[2019.07.13-22.14.30:872][  0]LogSlate: Updating window title bar state: overlay mode, drag disabled, window buttons hidden, title bar hidden
[2019.07.13-22.14.30:898][  0]LogSlate: Updating window title bar state: overlay mode, drag disabled, window buttons hidden, title bar hidden
[2019.07.13-22.14.30:936][  0]LogCollectionManager: Loaded 0 collections in 0.004214 seconds
[2019.07.13-22.14.30:980][  0]LogFileCache: Scanning file cache for directory 'C:/Users/Nico/Desktop/DescendIntoDarkness/Descend-Into-Darkness/DescendIntoDarkness/Saved/Collections/' took 0.01s
[2019.07.13-22.14.30:980][  0]LogFileCache: Scanning file cache for directory 'C:/Users/Nico/Desktop/DescendIntoDarkness/Descend-Into-Darkness/DescendIntoDarkness/Content/Developers/Nico/Collections/' took 0.00s
[2019.07.13-22.14.30:980][  0]LogFileCache: Scanning file cache for directory 'C:/Users/Nico/Desktop/DescendIntoDarkness/Descend-Into-Darkness/DescendIntoDarkness/Content/Collections/' took 0.00s
[2019.07.13-22.14.30:980][  0]LogCollectionManager: Rebuilt the GUID cache for 0 collections in 0.000001 seconds
[2019.07.13-22.14.31:009][  0]LogContentBrowser: Native class hierarchy populated in 0.0273 seconds. Added 2736 classes and 661 folders.
[2019.07.13-22.14.31:038][  0]LogContentBrowser: Native class hierarchy updated for 'WidgetCarousel' in 0.0009 seconds. Added 0 classes and 0 folders.
[2019.07.13-22.14.31:075][  0]LogPakFile: Registered encryption key '00000000000000000000000000000000': 0 pak files mounted, 0 remain pending
[2019.07.13-22.14.31:088][  0]LogPakFile: Registered encryption key '00000000000000000000000000000000': 0 pak files mounted, 0 remain pending
[2019.07.13-22.14.31:139][  0]LogPakFile: Registered encryption key '00000000000000000000000000000000': 0 pak files mounted, 0 remain pending
[2019.07.13-22.14.31:156][  0]LogPakFile: Registered encryption key '00000000000000000000000000000000': 0 pak files mounted, 0 remain pending
[2019.07.13-22.14.31:172][  0]LogPakFile: Registered encryption key '00000000000000000000000000000000': 0 pak files mounted, 0 remain pending
[2019.07.13-22.14.31:190][  0]LogPakFile: Registered encryption key '00000000000000000000000000000000': 0 pak files mounted, 0 remain pending
[2019.07.13-22.14.31:205][  0]LogPakFile: Registered encryption key '00000000000000000000000000000000': 0 pak files mounted, 0 remain pending
[2019.07.13-22.14.31:221][  0]LogPakFile: Registered encryption key '00000000000000000000000000000000': 0 pak files mounted, 0 remain pending
[2019.07.13-22.14.31:238][  0]LogPakFile: Registered encryption key '00000000000000000000000000000000': 0 pak files mounted, 0 remain pending
[2019.07.13-22.14.31:257][  0]LogPakFile: Registered encryption key '00000000000000000000000000000000': 0 pak files mounted, 0 remain pending
[2019.07.13-22.14.31:275][  0]LogPakFile: Registered encryption key '00000000000000000000000000000000': 0 pak files mounted, 0 remain pending
[2019.07.13-22.14.31:286][  0]LogPakFile: Registered encryption key '00000000000000000000000000000000': 0 pak files mounted, 0 remain pending
[2019.07.13-22.14.31:301][  0]LogPakFile: Registered encryption key '00000000000000000000000000000000': 0 pak files mounted, 0 remain pending
[2019.07.13-22.14.31:317][  0]LogPakFile: Registered encryption key '00000000000000000000000000000000': 0 pak files mounted, 0 remain pending
[2019.07.13-22.14.31:326][  0]LogPakFile: Registered encryption key '00000000000000000000000000000000': 0 pak files mounted, 0 remain pending
[2019.07.13-22.14.31:341][  0]LogPakFile: Registered encryption key '00000000000000000000000000000000': 0 pak files mounted, 0 remain pending
[2019.07.13-22.14.31:410][  0]LogPakFile: Registered encryption key '00000000000000000000000000000000': 0 pak files mounted, 0 remain pending
[2019.07.13-22.14.31:428][  0]LogPakFile: Registered encryption key '00000000000000000000000000000000': 0 pak files mounted, 0 remain pending
[2019.07.13-22.14.31:439][  0]LogPakFile: Registered encryption key '00000000000000000000000000000000': 0 pak files mounted, 0 remain pending
[2019.07.13-22.14.31:452][  0]LogPakFile: Registered encryption key '00000000000000000000000000000000': 0 pak files mounted, 0 remain pending
[2019.07.13-22.14.31:467][  0]LogPakFile: Registered encryption key '00000000000000000000000000000000': 0 pak files mounted, 0 remain pending
[2019.07.13-22.14.31:485][  0]LogPakFile: Registered encryption key '00000000000000000000000000000000': 0 pak files mounted, 0 remain pending
[2019.07.13-22.14.31:500][  0]LogPakFile: Registered encryption key '00000000000000000000000000000000': 0 pak files mounted, 0 remain pending
[2019.07.13-22.14.31:513][  0]LogPakFile: Registered encryption key '00000000000000000000000000000000': 0 pak files mounted, 0 remain pending
[2019.07.13-22.14.31:522][  0]LogPakFile: Registered encryption key '00000000000000000000000000000000': 0 pak files mounted, 0 remain pending
[2019.07.13-22.14.31:534][  0]LogPakFile: Registered encryption key '00000000000000000000000000000000': 0 pak files mounted, 0 remain pending
[2019.07.13-22.14.31:880][  0]LogContentBrowser: Native class hierarchy updated for 'AddContentDialog' in 0.0008 seconds. Added 0 classes and 0 folders.
[2019.07.13-22.14.31:902][  0]LogContentBrowser: Native class hierarchy updated for 'SceneOutliner' in 0.0008 seconds. Added 1 classes and 2 folders.
[2019.07.13-22.14.34:419][  0]LogSlate: Only BGRA pngs, bmps or icos are supported in by External Image Picker
[2019.07.13-22.14.34:506][  0]LogSlate: Took 0.000289 seconds to synchronously load lazily loaded font '../../../Engine/Content/Slate/Fonts/Roboto-Regular.ttf' (155K)
[2019.07.13-22.14.34:524][  0]LogSlate: Took 0.000493 seconds to synchronously load lazily loaded font '../../../Engine/Content/Slate/Fonts/Roboto-Bold.ttf' (160K)
[2019.07.13-22.14.34:550][  0]LogSlate: Took 0.016541 seconds to synchronously load lazily loaded font '../../../Engine/Content/Editor/Slate/Fonts/FontAwesome.ttf' (139K)
[2019.07.13-22.14.34:892][  0]LogRenderer: Reallocating scene render targets to support 932x328 Format 9 NumSamples 1 (Frame:1).
[2019.07.13-22.14.35:651][  0]LogContentBrowser: Native class hierarchy updated for 'HierarchicalLODOutliner' in 0.0009 seconds. Added 0 classes and 0 folders.
[2019.07.13-22.14.35:652][  0]LogLoad: (Engine Initialization) Total time: 30.60 seconds
[2019.07.13-22.14.35:652][  0]LogLoad: (Engine Initialization) Total Blueprint compile time: 0.00 seconds
[2019.07.13-22.14.36:611][  0]LogContentStreaming: Texture pool size now 400 MB
[2019.07.13-22.14.36:721][  1]LogFileCache: Retrieving MD5 hashes for directory 'C:/Users/Nico/Desktop/DescendIntoDarkness/Descend-Into-Darkness/DescendIntoDarkness/Content/' took 1.04s
[2019.07.13-22.14.36:748][  1]LogAssetRegistry: Asset discovery search completed in 20.1335 seconds
[2019.07.13-22.14.36:757][  1]LogCollectionManager: Rebuilt the object cache for 0 collections in 0.000001 seconds (found 0 objects)
[2019.07.13-22.14.36:758][  1]LogCollectionManager: Fixed up redirectors for 0 collections in 0.000161 seconds (updated 0 objects)
[2019.07.13-22.14.37:119][  2]LogSlate: Took 0.026338 seconds to synchronously load lazily loaded font '../../../Engine/Content/Slate/Fonts/Roboto-Light.ttf' (167K)
[2019.07.13-22.14.39:521][119]LogSlate: FSceneViewport::OnFocusLost() reason 0
[2019.07.13-22.14.44:666][269]LogLinker: Warning: CreateExport: Failed to load Parent for BlueprintGeneratedClass /Game/Blueprints/BP_CampSpawn.BP_CampSpawn_C
[2019.07.13-22.14.44:666][269]LogLinker: Warning: CreateExport: Failed to load Parent for BlueprintGeneratedClass /Game/Blueprints/BP_CampSpawn.BP_CampSpawn_C
[2019.07.13-22.14.44:666][269]LogLinker: Warning: CreateExport: Failed to load Parent for BlueprintGeneratedClass /Game/Blueprints/BP_CampSpawn.BP_CampSpawn_C
[2019.07.13-22.14.44:666][269]LogLinker: Warning: Unable to load Default__BP_CampSpawn_C with outer Package /Game/Blueprints/BP_CampSpawn because its class does not exist
[2019.07.13-22.14.44:666][269]LogLinker: Warning: CreateExport: Failed to load Parent for BlueprintGeneratedClass /Game/Blueprints/BP_CampSpawn.BP_CampSpawn_C
[2019.07.13-22.14.44:667][269]LogLinker: Warning: CreateExport: Failed to load Parent for BlueprintGeneratedClass /Game/Blueprints/BP_CampSpawn.BP_CampSpawn_C
[2019.07.13-22.14.44:667][269]LogLinker: Warning: CreateExport: Failed to load Parent for BlueprintGeneratedClass /Game/Blueprints/BP_CampSpawn.BP_CampSpawn_C
[2019.07.13-22.14.44:667][269]LogLinker: Warning: CreateExport: Failed to load Parent for BlueprintGeneratedClass /Game/Blueprints/BP_CampSpawn.BP_CampSpawn_C
[2019.07.13-22.14.44:667][269]LogLinker: Warning: CreateExport: Failed to load Parent for BlueprintGeneratedClass /Game/Blueprints/BP_CampSpawn.BP_CampSpawn_C
[2019.07.13-22.14.44:667][269]LogLinker: Warning: CreateExport: Failed to load Parent for BlueprintGeneratedClass /Game/Blueprints/BP_CampSpawn.BP_CampSpawn_C
[2019.07.13-22.14.44:668][269]LogLinker: Warning: CreateExport: Failed to load Parent for BlueprintGeneratedClass /Game/Blueprints/BP_CampSpawn.BP_CampSpawn_C
[2019.07.13-22.14.44:668][269]LogLinker: Warning: CreateExport: Failed to load Parent for BlueprintGeneratedClass /Game/Blueprints/BP_CampSpawn.BP_CampSpawn_C
[2019.07.13-22.14.45:020][269]LogLinker: Warning: CreateExport: Failed to load Parent for BlueprintGeneratedClass /Game/Blueprints/BP_CampSpawn.BP_CampSpawn_C
[2019.07.13-22.14.45:026][269]LogLinker: Warning: CreateExport: Failed to load Parent for BlueprintGeneratedClass /Game/Blueprints/BP_CampSpawn.BP_CampSpawn_C
[2019.07.13-22.14.45:090][269]LogLinker: Warning: CreateExport: Failed to load Parent for BlueprintGeneratedClass /Game/Blueprints/BP_CampSpawn.BP_CampSpawn_C
[2019.07.13-22.14.45:090][269]LogLinker: Warning: CreateExport: Failed to load Parent for BlueprintGeneratedClass /Game/Blueprints/BP_CampSpawn.BP_CampSpawn_C
[2019.07.13-22.14.45:889][269]LogAIModule: Creating AISystem for world Test_Scene
[2019.07.13-22.14.46:069][269]LogAssetEditorManager: Opening Asset editor for World /Game/Maps/Test_Scene.Test_Scene
[2019.07.13-22.14.46:125][269]LogUObjectHash: Compacting FUObjectHashTables data took   5.01ms
[2019.07.13-22.14.46:132][269]Cmd: MAP LOAD FILE="../../../../../../Users/Nico/Desktop/DescendIntoDarkness/Descend-Into-Darkness/DescendIntoDarkness/Content/Maps/Test_Scene.umap" TEMPLATE=0 SHOWPROGRESS=1 FEATURELEVEL=3
[2019.07.13-22.14.46:133][269]LightingResults: New page: Lighting Build
[2019.07.13-22.14.46:140][269]LogContentBrowser: Native class hierarchy updated for 'StatsViewer' in 0.0007 seconds. Added 5 classes and 0 folders.
[2019.07.13-22.14.46:141][269]LoadErrors: New page: Loading map: Test_Scene.umap
[2019.07.13-22.14.46:143][269]MapCheck: New page: Map Check
[2019.07.13-22.14.46:143][269]LightingResults: New page: Lighting Build
[2019.07.13-22.14.46:182][269]LogUObjectHash: Compacting FUObjectHashTables data took   3.42ms
[2019.07.13-22.14.46:342][269]LogEditorServer: Finished looking for orphan Actors (0.000 secs)
[2019.07.13-22.14.46:398][269]LogUObjectHash: Compacting FUObjectHashTables data took   3.39ms
[2019.07.13-22.14.46:480][269]Cmd: MAP CHECKDEP NOCLEARLOG
[2019.07.13-22.14.46:480][269]MapCheck: Map check complete: 0 Error(s), 0 Warning(s), took 0.247ms to complete.
[2019.07.13-22.14.46:480][269]LogFileHelpers: Loading map 'Test_Scene' took 0.354
[2019.07.13-22.14.46:565][269]LoadErrors: Warning: CreateExport: Failed to load Outer for resource 'Plane': BlueprintGeneratedClass /Game/Blueprints/BP_CampSpawn.BP_CampSpawn_C
[2019.07.13-22.14.46:565][269]LoadErrors: Warning: CreateExport: Failed to load Outer for resource 'DefaultSceneRoot': BlueprintGeneratedClass /Game/Blueprints/BP_CampSpawn.BP_CampSpawn_C
[2019.07.13-22.14.46:565][269]LoadErrors: Warning: CreateExport: Failed to load Outer for resource 'Flagpole_Base': BlueprintGeneratedClass /Game/Blueprints/BP_CampSpawn.BP_CampSpawn_C
[2019.07.13-22.14.46:565][269]LoadErrors: Warning: CreateExport: Failed to load Outer for resource 'Pole': BlueprintGeneratedClass /Game/Blueprints/BP_CampSpawn.BP_CampSpawn_C
[2019.07.13-22.14.46:565][269]LoadErrors: Warning: CreateExport: Failed to load Outer for resource 'DefaultSceneRoot_GEN_VARIABLE': BlueprintGeneratedClass /Game/Blueprints/BP_CampSpawn.BP_CampSpawn_C
[2019.07.13-22.14.46:565][269]LoadErrors: Warning: CreateExport: Failed to load Outer for resource 'SimpleConstructionScript_0': BlueprintGeneratedClass /Game/Blueprints/BP_CampSpawn.BP_CampSpawn_C
[2019.07.13-22.14.46:565][269]LoadErrors: Warning: CreateExport: Failed to load Outer for resource 'SCS_Node_0': SimpleConstructionScript /Game/Blueprints/BP_CampSpawn.BP_CampSpawn_C:SimpleConstructionScript_0
[2019.07.13-22.14.46:566][269]LoadErrors: Warning: CreateExport: Failed to load Outer for resource 'SCS_Node_1': SimpleConstructionScript /Game/Blueprints/BP_CampSpawn.BP_CampSpawn_C:SimpleConstructionScript_0
[2019.07.13-22.14.46:566][269]LoadErrors: Warning: CreateExport: Failed to load Outer for resource 'SCS_Node_4': SimpleConstructionScript /Game/Blueprints/BP_CampSpawn.BP_CampSpawn_C:SimpleConstructionScript_0
[2019.07.13-22.14.46:566][269]LoadErrors: Warning: CreateExport: Failed to load Outer for resource 'SCS_Node_5': SimpleConstructionScript /Game/Blueprints/BP_CampSpawn.BP_CampSpawn_C:SimpleConstructionScript_0
[2019.07.13-22.14.46:566][269]LoadErrors: Warning: CreateExport: Failed to load Outer for resource 'Flagpole_Base_GEN_VARIABLE': BlueprintGeneratedClass /Game/Blueprints/BP_CampSpawn.BP_CampSpawn_C
[2019.07.13-22.14.46:566][269]LoadErrors: Warning: CreateExport: Failed to load Outer for resource 'Plane_GEN_VARIABLE': BlueprintGeneratedClass /Game/Blueprints/BP_CampSpawn.BP_CampSpawn_C
[2019.07.13-22.14.46:566][269]LoadErrors: Warning: CreateExport: Failed to load Outer for resource 'Pole_GEN_VARIABLE': BlueprintGeneratedClass /Game/Blueprints/BP_CampSpawn.BP_CampSpawn_C
[2019.07.13-22.14.46:567][269]LoadErrors: Warning: CreateExport: Failed to load Outer for resource 'DefaultSceneRoot': BP_CampSpawn_C /Game/Maps/Test_Scene.Test_Scene:PersistentLevel.BP_CampSpawn_2
[2019.07.13-22.14.46:567][269]LoadErrors: Warning: CreateExport: Failed to load Outer for resource 'Flagpole_Base': BP_CampSpawn_C /Game/Maps/Test_Scene.Test_Scene:PersistentLevel.BP_CampSpawn_2
[2019.07.13-22.14.46:567][269]LoadErrors: Warning: CreateExport: Failed to load Outer for resource 'Plane': BP_CampSpawn_C /Game/Maps/Test_Scene.Test_Scene:PersistentLevel.BP_CampSpawn_2
[2019.07.13-22.14.46:567][269]LoadErrors: Warning: CreateExport: Failed to load Outer for resource 'Pole': BP_CampSpawn_C /Game/Maps/Test_Scene.Test_Scene:PersistentLevel.BP_CampSpawn_2
[2019.07.13-22.14.48:019][324]LogTemp: Repeating last play command: Selected Viewport
[2019.07.13-22.14.48:422][324]LogBlueprintUserMessages: Early PlayInEditor Detection: Level '/Game/Maps/Test_Scene.Test_Scene:PersistentLevel' has LevelScriptBlueprint '/Game/Maps/Test_Scene.Test_Scene:PersistentLevel.Test_Scene' with GeneratedClass '/Game/Maps/Test_Scene.Test_Scene_C' with ClassGeneratedBy '/Game/Maps/Test_Scene.Test_Scene:PersistentLevel.Test_Scene'
[2019.07.13-22.14.48:636][324]LogPlayLevel: PlayLevel: No blueprints needed recompiling
[2019.07.13-22.14.48:791][324]PIE: New page: PIE session: Test_Scene (Jul 13, 2019, 8:14:48 AM)
[2019.07.13-22.14.49:224][324]LogPlayLevel: Creating play world package: /Game/Maps/UEDPIE_0_Test_Scene
[2019.07.13-22.14.49:742][324]LogPlayLevel: PIE: StaticDuplicateObject took: (0.517682s)
[2019.07.13-22.14.49:743][324]LogAIModule: Creating AISystem for world Test_Scene
[2019.07.13-22.14.49:845][324]LogPlayLevel: PIE: World Init took: (0.103268s)
[2019.07.13-22.14.49:845][324]LogPlayLevel: PIE: Created PIE world by copying editor world from /Game/Maps/Test_Scene.Test_Scene to /Game/Maps/UEDPIE_0_Test_Scene.Test_Scene (0.621623s)
[2019.07.13-22.14.49:890][324]LogUObjectHash: Compacting FUObjectHashTables data took   2.26ms
[2019.07.13-22.14.50:422][324]LogInit: XAudio2 using 'Speakers (Intel® Smart Sound Technology (Intel® SST))' : 2 channels at 48 kHz using 16 bits per sample (channel mask 0x3)
[2019.07.13-22.14.50:644][324]LogInit: FAudioDevice initialized.
[2019.07.13-22.14.51:591][324]LogLoad: Game class is 'DescendIntoDarknessGameMode'
[2019.07.13-22.14.51:804][324]LogWorld: Bringing World /Game/Maps/UEDPIE_0_Test_Scene.Test_Scene up for play (max tick rate 60) at 2019.07.13-15.14.51
[2019.07.13-22.14.51:898][324]LogWorld: Bringing up level for play took: 0.143307
[2019.07.13-22.14.52:146][324]LogContentBrowser: Native class hierarchy updated for 'MovieSceneCapture' in 0.0008 seconds. Added 20 classes and 0 folders.
[2019.07.13-22.14.52:285][324]PIE: Play in editor start time for /Game/Maps/UEDPIE_0_Test_Scene 4.928
[2019.07.13-22.14.52:285][324]LogBlueprintUserMessages: Late PlayInEditor Detection: Level '/Game/Maps/Test_Scene.Test_Scene:PersistentLevel' has LevelScriptBlueprint '/Game/Maps/Test_Scene.Test_Scene:PersistentLevel.Test_Scene' with GeneratedClass '/Game/Maps/Test_Scene.Test_Scene_C' with ClassGeneratedBy '/Game/Maps/Test_Scene.Test_Scene:PersistentLevel.Test_Scene'
[2019.07.13-22.15.02:741][633]LogBlueprintUserMessages: Early EndPlayMap Detection: Level '/Game/Maps/Test_Scene.Test_Scene:PersistentLevel' has LevelScriptBlueprint '/Game/Maps/Test_Scene.Test_Scene:PersistentLevel.Test_Scene' with GeneratedClass '/Game/Maps/Test_Scene.Test_Scene_C' with ClassGeneratedBy '/Game/Maps/Test_Scene.Test_Scene:PersistentLevel.Test_Scene'
[2019.07.13-22.15.02:744][633]LogSlate: Updating window title bar state: overlay mode, drag disabled, window buttons hidden, title bar hidden
[2019.07.13-22.15.02:815][633]LogPlayLevel: Display: Shutting down PIE online subsystems
[2019.07.13-22.15.02:816][633]LogBlueprintUserMessages: Late EndPlayMap Detection: Level '/Game/Maps/Test_Scene.Test_Scene:PersistentLevel' has LevelScriptBlueprint '/Game/Maps/Test_Scene.Test_Scene:PersistentLevel.Test_Scene' with GeneratedClass '/Game/Maps/Test_Scene.Test_Scene_C' with ClassGeneratedBy '/Game/Maps/Test_Scene.Test_Scene:PersistentLevel.Test_Scene'
[2019.07.13-22.15.02:878][633]LogSlate: Updating window title bar state: overlay mode, drag disabled, window buttons hidden, title bar hidden
[2019.07.13-22.15.02:888][633]LogUObjectHash: Compacting FUObjectHashTables data took   3.31ms
[2019.07.13-22.15.02:929][634]LogPlayLevel: Display: Destroying online subsystem :Context_2
[2019.07.13-22.15.04:267][683]LogSlate: FSceneViewport::OnFocusLost() reason 0
[2019.07.13-22.15.04:434][689]LogVSAccessor: Warning: Couldn't access Visual Studio
[2019.07.13-22.15.04:454][689]Candidate modules for hot reload:
[2019.07.13-22.15.04:454][689]  DescendIntoDarkness
[2019.07.13-22.15.04:455][689]Launching UnrealBuildTool... [C:/Program Files/Epic Games/UE_4.22/Engine/Binaries/DotNET/UnrealBuildTool.exe  -ModuleWithSuffix=DescendIntoDarkness,1032 Win64 Development -TargetType=Editor -Project="C:/Users/Nico/Desktop/DescendIntoDarkness/Descend-Into-Darkness/DescendIntoDarkness/DescendIntoDarkness.uproject" "C:/Users/Nico/Desktop/DescendIntoDarkness/Descend-Into-Darkness/DescendIntoDarkness/DescendIntoDarkness.uproject"  -IgnoreJunk]
[2019.07.13-22.15.04:464][689]Warning: Starting HotReload took  0.0s.
[2019.07.13-22.17.48:738][634]LogRenderer: Reallocating scene render targets to support 932x404 Format 9 NumSamples 1 (Frame:1).
[2019.07.13-22.20.13:723][613]CompilerResultsLog: New page: Compilation - Jul 13, 2019, 8:20:13 AM
[2019.07.13-22.20.13:727][613]CompilerResultsLog: Using 'git status' to determine working set for adaptive non-unity build (C:\Users\Nico\Desktop\DescendIntoDarkness\Descend-Into-Darkness).
[2019.07.13-22.20.13:739][613]CompilerResultsLog: Creating makefile for DescendIntoDarknessEditor (ini files are newer than makefile)
[2019.07.13-22.20.13:739][613]CompilerResultsLog: Parsing headers for DescendIntoDarknessEditor
[2019.07.13-22.20.13:739][613]CompilerResultsLog:   Running UnrealHeaderTool "C:\Users\Nico\Desktop\DescendIntoDarkness\Descend-Into-Darkness\DescendIntoDarkness\DescendIntoDarkness.uproject" "C:\Users\Nico\Desktop\DescendIntoDarkness\Descend-Into-Darkness\DescendIntoDarkness\Intermediate\Build\Win64\DescendIntoDarknessEditor\Development\DescendIntoDarknessEditor.uhtmanifest" -LogCmds="loginit warning, logexit warning, logdatabase error" -Unattended -WarningsAsErrors -installed
[2019.07.13-22.20.13:739][613]CompilerResultsLog: Reflection code generated for DescendIntoDarknessEditor in 89.5390002 seconds
[2019.07.13-22.20.13:739][613]CompilerResultsLog: Using Visual Studio 2019 14.21.27702 toolchain (C:\Program Files (x86)\Microsoft Visual Studio\2019\Community\VC\Tools\MSVC\14.21.27702) and Windows 10.0.17763.0 SDK (C:\Program Files (x86)\Windows Kits\10).
[2019.07.13-22.20.13:739][613]CompilerResultsLog: Building 11 actions with 4 processes...
[2019.07.13-22.20.13:739][613]CompilerResultsLog:   [1/11] DescendIntoDarkness.init.gen.cpp
[2019.07.13-22.20.13:739][613]CompilerResultsLog:   [2/11] NewCampSpawnPole.gen.cpp
[2019.07.13-22.20.13:739][613]CompilerResultsLog:   [3/11] CampSpawn.gen.cpp
[2019.07.13-22.20.13:739][613]CompilerResultsLog:   [4/11] DescendIntoDarknessCharacter.gen.cpp
[2019.07.13-22.20.13:739][613]CompilerResultsLog:   [5/11] NewCampSpawnPole.cpp
[2019.07.13-22.20.13:739][613]CompilerResultsLog:   [6/11] CampSpawn.cpp
[2019.07.13-22.20.13:739][613]CompilerResultsLog:   [7/11] DescendIntoDarknessGameMode.cpp
[2019.07.13-22.20.13:739][613]CompilerResultsLog:   [8/11] DescendIntoDarknessCharacter.cpp
[2019.07.13-22.20.13:739][613]CompilerResultsLog:   [9/11] UE4Editor-DescendIntoDarkness-1032.lib
[2019.07.13-22.20.13:739][613]CompilerResultsLog:      Creating library C:\Users\Nico\Desktop\DescendIntoDarkness\Descend-Into-Darkness\DescendIntoDarkness\Intermediate\Build\Win64\UE4Editor\Development\DescendIntoDarkness\UE4Editor-DescendIntoDarkness-1032.lib and object C:\Users\Nico\Desktop\DescendIntoDarkness\Descend-Into-Darkness\DescendIntoDarkness\Intermediate\Build\Win64\UE4Editor\Development\DescendIntoDarkness\UE4Editor-DescendIntoDarkness-1032.exp
[2019.07.13-22.20.13:739][613]CompilerResultsLog:   [10/11] UE4Editor-DescendIntoDarkness-1032.dll
[2019.07.13-22.20.13:739][613]CompilerResultsLog:      Creating library C:\Users\Nico\Desktop\DescendIntoDarkness\Descend-Into-Darkness\DescendIntoDarkness\Intermediate\Build\Win64\UE4Editor\Development\DescendIntoDarkness\UE4Editor-DescendIntoDarkness-1032.suppressed.lib and object C:\Users\Nico\Desktop\DescendIntoDarkness\Descend-Into-Darkness\DescendIntoDarkness\Intermediate\Build\Win64\UE4Editor\Development\DescendIntoDarkness\UE4Editor-DescendIntoDarkness-1032.suppressed.exp
[2019.07.13-22.20.13:739][613]CompilerResultsLog:   [11/11] DescendIntoDarknessEditor.target
[2019.07.13-22.20.13:739][613]CompilerResultsLog: Total time in Parallel executor: 32.93 seconds
[2019.07.13-22.20.13:739][613]CompilerResultsLog: Total execution time: 302.35 seconds
[2019.07.13-22.20.13:750][613]LogMainFrame: MainFrame: Module compiling took 309.316 seconds
[2019.07.13-22.20.14:002][613]LogUObjectHash: Compacting FUObjectHashTables data took   1.96ms
[2019.07.13-22.20.14:079][613]LogClass: Could not find existing class CampSpawn in package /Script/DescendIntoDarkness for HotReload, assuming new class
[2019.07.13-22.20.14:079][613]LogClass: Could not find existing class DescendIntoDarknessCharacter in package /Script/DescendIntoDarkness for HotReload, assuming new class
[2019.07.13-22.20.14:079][613]LogClass: Function SpawnCamp is new.
[2019.07.13-22.20.14:095][613]LogClass: Could not find existing class NewCampSpawnPole in package /Script/DescendIntoDarkness for HotReload, assuming new class
[2019.07.13-22.20.14:136][613]LogHotReload: Re-instancing DescendIntoDarknessCharacter after hot-reload.
[2019.07.13-22.20.14:891][613]Error: CDO Constructor (DescendIntoDarknessGameMode): Failed to find /Game/SideScrollerCPP/Blueprints/SideScrollerCharacter.SideScrollerCharacter_C

[2019.07.13-22.20.14:893][613]LogContentBrowser: Native class hierarchy updated for 'DescendIntoDarkness' in 0.0006 seconds. Added 6 classes and 2 folders.
[2019.07.13-22.20.14:893][613]Warning: Some classes could not be reloaded:
Error: CDO Constructor (DescendIntoDarknessGameMode): Failed to find /Game/SideScrollerCPP/Blueprints/SideScrollerCharacter.SideScrollerCharacter_C


[2019.07.13-22.20.14:899][613]Display: HotReload successful (0 functions remapped  0 scriptstructs remapped)
[2019.07.13-22.20.15:123][613]LogUObjectHash: Compacting FUObjectHashTables data took  11.09ms
[2019.07.13-22.20.15:168][613]LogContentBrowser: Native class hierarchy populated in 0.0238 seconds. Added 2739 classes and 663 folders.
[2019.07.13-22.20.15:171][613]Display: HotReload took 310.7s.
[2019.07.13-22.23.39:858][161]LogSlate: FSceneViewport::OnFocusLost() reason 0
[2019.07.13-22.23.40:052][163]LogAssetEditorManager: Opening Asset editor for Blueprint /Game/Blueprints/Player.Player
[2019.07.13-22.23.41:552][163]LogContentBrowser: Native class hierarchy updated for 'BlueprintGraph' in 0.0016 seconds. Added 121 classes and 0 folders.
[2019.07.13-22.23.44:073][163]LogSlate: Took 0.017918 seconds to synchronously load lazily loaded font '../../../Engine/Content/Slate/Fonts/Roboto-BoldCondensed.ttf' (158K)
[2019.07.13-22.23.46:274][164]LogSlate: Took 0.022886 seconds to synchronously load lazily loaded font '../../../Engine/Content/Slate/Fonts/Roboto-Italic.ttf' (157K)
[2019.07.13-22.23.58:041][236]LogSlate: Window 'Player' being destroyed
[2019.07.13-22.24.11:327][564]LogSlate: FSceneViewport::OnFocusLost() reason 2
[2019.07.13-22.24.57:216][283]LogSlate: FSceneViewport::OnFocusLost() reason 0
[2019.07.13-22.25.30:872][ 26]LogSlate: FSceneViewport::OnFocusLost() reason 2
[2019.07.13-22.26.27:605][115]LogSlate: FSceneViewport::OnFocusLost() reason 2
[2019.07.13-22.26.44:516][492]LogSlate: FSceneViewport::OnFocusLost() reason 0
[2019.07.13-22.26.44:643][495]BlueprintLog: New page: Compile Player
[2019.07.13-22.26.45:205][495]LogUObjectHash: Compacting FUObjectHashTables data took   6.30ms
[2019.07.13-22.26.46:420][505]LogSavePackage: Moving '../../../../../../Users/Nico/Desktop/DescendIntoDarkness/Descend-Into-Darkness/DescendIntoDarkness/Saved/Player575D0291441C76AF4405E18BB28CF331.tmp' to '../../../../../../Users/Nico/Desktop/DescendIntoDarkness/Descend-Into-Darkness/DescendIntoDarkness/Content/Blueprints/Player.uasset'
[2019.07.13-22.26.48:751][548]LogTemp: Repeating last play command: Selected Viewport
[2019.07.13-22.26.48:843][548]LogBlueprintUserMessages: Early PlayInEditor Detection: Level '/Game/Maps/Test_Scene.Test_Scene:PersistentLevel' has LevelScriptBlueprint '/Game/Maps/Test_Scene.Test_Scene:PersistentLevel.Test_Scene' with GeneratedClass '/Game/Maps/Test_Scene.Test_Scene_C' with ClassGeneratedBy '/Game/Maps/Test_Scene.Test_Scene:PersistentLevel.Test_Scene'
[2019.07.13-22.26.48:844][548]LogPlayLevel: PlayLevel: No blueprints needed recompiling
[2019.07.13-22.26.48:844][548]PIE: New page: PIE session: Test_Scene (Jul 13, 2019, 8:26:48 AM)
[2019.07.13-22.26.48:844][548]LogPlayLevel: Creating play world package: /Game/Maps/UEDPIE_0_Test_Scene
[2019.07.13-22.26.48:929][548]LogPlayLevel: PIE: StaticDuplicateObject took: (0.084944s)
[2019.07.13-22.26.48:930][548]LogAIModule: Creating AISystem for world Test_Scene
[2019.07.13-22.26.48:931][548]LogPlayLevel: PIE: World Init took: (0.001580s)
[2019.07.13-22.26.48:931][548]LogPlayLevel: PIE: Created PIE world by copying editor world from /Game/Maps/Test_Scene.Test_Scene to /Game/Maps/UEDPIE_0_Test_Scene.Test_Scene (0.086856s)
[2019.07.13-22.26.49:008][548]LogUObjectHash: Compacting FUObjectHashTables data took   7.08ms
[2019.07.13-22.26.49:025][548]LogInit: XAudio2 using 'Speakers (Intel® Smart Sound Technology (Intel® SST))' : 2 channels at 48 kHz using 16 bits per sample (channel mask 0x3)
[2019.07.13-22.26.49:057][548]LogInit: FAudioDevice initialized.
[2019.07.13-22.26.49:057][548]LogSlate: FSceneViewport::OnFocusLost() reason 2
[2019.07.13-22.26.49:088][548]LogLoad: Game class is 'DescendIntoDarknessGameMode'
[2019.07.13-22.26.49:100][548]LogWorld: Bringing World /Game/Maps/UEDPIE_0_Test_Scene.Test_Scene up for play (max tick rate 60) at 2019.07.13-15.26.49
[2019.07.13-22.26.49:101][548]LogWorld: Bringing up level for play took: 0.011929
[2019.07.13-22.26.49:118][548]PIE: Play in editor start time for /Game/Maps/UEDPIE_0_Test_Scene -0.239
[2019.07.13-22.26.49:119][548]LogBlueprintUserMessages: Late PlayInEditor Detection: Level '/Game/Maps/Test_Scene.Test_Scene:PersistentLevel' has LevelScriptBlueprint '/Game/Maps/Test_Scene.Test_Scene:PersistentLevel.Test_Scene' with GeneratedClass '/Game/Maps/Test_Scene.Test_Scene_C' with ClassGeneratedBy '/Game/Maps/Test_Scene.Test_Scene:PersistentLevel.Test_Scene'
[2019.07.13-22.26.57:846][761]LogBlueprintUserMessages: Early EndPlayMap Detection: Level '/Game/Maps/Test_Scene.Test_Scene:PersistentLevel' has LevelScriptBlueprint '/Game/Maps/Test_Scene.Test_Scene:PersistentLevel.Test_Scene' with GeneratedClass '/Game/Maps/Test_Scene.Test_Scene_C' with ClassGeneratedBy '/Game/Maps/Test_Scene.Test_Scene:PersistentLevel.Test_Scene'
[2019.07.13-22.26.57:847][761]LogSlate: Updating window title bar state: overlay mode, drag disabled, window buttons hidden, title bar hidden
[2019.07.13-22.26.57:960][761]LogPlayLevel: Display: Shutting down PIE online subsystems
[2019.07.13-22.26.57:960][761]LogBlueprintUserMessages: Late EndPlayMap Detection: Level '/Game/Maps/Test_Scene.Test_Scene:PersistentLevel' has LevelScriptBlueprint '/Game/Maps/Test_Scene.Test_Scene:PersistentLevel.Test_Scene' with GeneratedClass '/Game/Maps/Test_Scene.Test_Scene_C' with ClassGeneratedBy '/Game/Maps/Test_Scene.Test_Scene:PersistentLevel.Test_Scene'
[2019.07.13-22.26.58:027][761]LogSlate: Updating window title bar state: overlay mode, drag disabled, window buttons hidden, title bar hidden
[2019.07.13-22.26.58:040][761]LogUObjectHash: Compacting FUObjectHashTables data took   5.50ms
[2019.07.13-22.26.58:082][762]LogPlayLevel: Display: Destroying online subsystem :Context_7
[2019.07.13-22.26.58:547][776]LogTemp: Repeating last play command: Selected Viewport
[2019.07.13-22.26.58:662][776]LogBlueprintUserMessages: Early PlayInEditor Detection: Level '/Game/Maps/Test_Scene.Test_Scene:PersistentLevel' has LevelScriptBlueprint '/Game/Maps/Test_Scene.Test_Scene:PersistentLevel.Test_Scene' with GeneratedClass '/Game/Maps/Test_Scene.Test_Scene_C' with ClassGeneratedBy '/Game/Maps/Test_Scene.Test_Scene:PersistentLevel.Test_Scene'
[2019.07.13-22.26.58:662][776]LogPlayLevel: PlayLevel: No blueprints needed recompiling
[2019.07.13-22.26.58:662][776]PIE: New page: PIE session: Test_Scene (Jul 13, 2019, 8:26:58 AM)
[2019.07.13-22.26.58:662][776]LogPlayLevel: Creating play world package: /Game/Maps/UEDPIE_0_Test_Scene
[2019.07.13-22.26.58:705][776]LogPlayLevel: PIE: StaticDuplicateObject took: (0.041946s)
[2019.07.13-22.26.58:706][776]LogAIModule: Creating AISystem for world Test_Scene
[2019.07.13-22.26.58:707][776]LogPlayLevel: PIE: World Init took: (0.001799s)
[2019.07.13-22.26.58:707][776]LogPlayLevel: PIE: Created PIE world by copying editor world from /Game/Maps/Test_Scene.Test_Scene to /Game/Maps/UEDPIE_0_Test_Scene.Test_Scene (0.044221s)
[2019.07.13-22.26.58:767][776]LogUObjectHash: Compacting FUObjectHashTables data took   2.57ms
[2019.07.13-22.26.58:776][776]LogInit: XAudio2 using 'Speakers (Intel® Smart Sound Technology (Intel® SST))' : 2 channels at 48 kHz using 16 bits per sample (channel mask 0x3)
[2019.07.13-22.26.58:785][776]LogInit: FAudioDevice initialized.
[2019.07.13-22.26.58:785][776]LogSlate: FSceneViewport::OnFocusLost() reason 2
[2019.07.13-22.26.58:817][776]LogLoad: Game class is 'DescendIntoDarknessGameMode'
[2019.07.13-22.26.58:824][776]LogWorld: Bringing World /Game/Maps/UEDPIE_0_Test_Scene.Test_Scene up for play (max tick rate 60) at 2019.07.13-15.26.58
[2019.07.13-22.26.58:824][776]LogWorld: Bringing up level for play took: 0.006467
[2019.07.13-22.26.58:845][776]PIE: Play in editor start time for /Game/Maps/UEDPIE_0_Test_Scene -0.512
[2019.07.13-22.26.58:845][776]LogBlueprintUserMessages: Late PlayInEditor Detection: Level '/Game/Maps/Test_Scene.Test_Scene:PersistentLevel' has LevelScriptBlueprint '/Game/Maps/Test_Scene.Test_Scene:PersistentLevel.Test_Scene' with GeneratedClass '/Game/Maps/Test_Scene.Test_Scene_C' with ClassGeneratedBy '/Game/Maps/Test_Scene.Test_Scene:PersistentLevel.Test_Scene'
[2019.07.13-22.27.02:102][831]LogCharacterMovement: Warning: GetSimulationTimeStep() - Max iterations 8 hit while remaining time 0.064022 > MaxSimulationTimeStep (0.050) for 'Player', movement 'Walking'
[2019.07.13-22.27.40:165][696]LogBlueprintUserMessages: Early EndPlayMap Detection: Level '/Game/Maps/Test_Scene.Test_Scene:PersistentLevel' has LevelScriptBlueprint '/Game/Maps/Test_Scene.Test_Scene:PersistentLevel.Test_Scene' with GeneratedClass '/Game/Maps/Test_Scene.Test_Scene_C' with ClassGeneratedBy '/Game/Maps/Test_Scene.Test_Scene:PersistentLevel.Test_Scene'
[2019.07.13-22.27.40:166][696]LogSlate: Updating window title bar state: overlay mode, drag disabled, window buttons hidden, title bar hidden
[2019.07.13-22.27.40:300][696]LogPlayLevel: Display: Shutting down PIE online subsystems
[2019.07.13-22.27.40:302][696]LogBlueprintUserMessages: Late EndPlayMap Detection: Level '/Game/Maps/Test_Scene.Test_Scene:PersistentLevel' has LevelScriptBlueprint '/Game/Maps/Test_Scene.Test_Scene:PersistentLevel.Test_Scene' with GeneratedClass '/Game/Maps/Test_Scene.Test_Scene_C' with ClassGeneratedBy '/Game/Maps/Test_Scene.Test_Scene:PersistentLevel.Test_Scene'
[2019.07.13-22.27.40:385][696]LogSlate: Updating window title bar state: overlay mode, drag disabled, window buttons hidden, title bar hidden
[2019.07.13-22.27.40:395][696]LogUObjectHash: Compacting FUObjectHashTables data took   3.79ms
[2019.07.13-22.27.40:426][697]LogPlayLevel: Display: Destroying online subsystem :Context_8
[2019.07.13-22.27.45:575][807]LogSlate: FSceneViewport::OnFocusLost() reason 0
[2019.07.13-22.28.01:239][ 32]LogSlate: FSceneViewport::OnFocusLost() reason 0
[2019.07.13-22.28.08:257][328]LogAssetEditorManager: Opening Asset editor for Blueprint /Game/Blueprints/BP_CampSpawn.BP_CampSpawn
[2019.07.13-22.28.12:479][328]LogSlate: Window 'Message' being destroyed
[2019.07.13-22.28.13:851][372]LogVSAccessor: Warning: Couldn't access Visual Studio
[2019.07.13-22.28.13:883][372]Candidate modules for hot reload:
[2019.07.13-22.28.13:883][372]  DescendIntoDarkness
[2019.07.13-22.28.13:883][372]Launching UnrealBuildTool... [C:/Program Files/Epic Games/UE_4.22/Engine/Binaries/DotNET/UnrealBuildTool.exe  -ModuleWithSuffix=DescendIntoDarkness,6536 Win64 Development -TargetType=Editor -Project="C:/Users/Nico/Desktop/DescendIntoDarkness/Descend-Into-Darkness/DescendIntoDarkness/DescendIntoDarkness.uproject" "C:/Users/Nico/Desktop/DescendIntoDarkness/Descend-Into-Darkness/DescendIntoDarkness/DescendIntoDarkness.uproject"  -IgnoreJunk]
[2019.07.13-22.28.13:903][372]Warning: Starting HotReload took  0.1s.
[2019.07.13-22.29.57:839][595]LogUObjectHash: Compacting FUObjectHashTables data took   4.14ms
[2019.07.13-22.29.58:516][595]LogSavePackage: Moving '../../../../../../Users/Nico/Desktop/DescendIntoDarkness/Descend-Into-Darkness/DescendIntoDarkness/Saved/Test_Scene_Auto10F28202F4E6063DAF3AF60A1393B28FD.tmp' to '../../../../../../Users/Nico/Desktop/DescendIntoDarkness/Descend-Into-Darkness/DescendIntoDarkness/Saved/Autosaves/Game/Maps/Test_Scene_Auto1.umap'
[2019.07.13-22.29.58:528][595]LogFileHelpers: Editor autosave (incl. sublevels) for '/Game/Maps/Test_Scene' took 0.764
[2019.07.13-22.29.58:529][595]LogFileHelpers: Editor autosave (incl. sublevels) for all levels took 0.764
[2019.07.13-22.30.02:092][710]LogEditorViewport: Clicking on Actor (LMB): StaticMeshActor (Left Ground)
[2019.07.13-22.32.04:406][724]CompilerResultsLog: New page: Compilation - Jul 13, 2019, 8:32:04 AM
[2019.07.13-22.32.04:407][724]CompilerResultsLog: Using 'git status' to determine working set for adaptive non-unity build (C:\Users\Nico\Desktop\DescendIntoDarkness\Descend-Into-Darkness).
[2019.07.13-22.32.04:407][724]CompilerResultsLog: Creating makefile for DescendIntoDarknessEditor (ini files are newer than makefile)
[2019.07.13-22.32.04:407][724]CompilerResultsLog: Parsing headers for DescendIntoDarknessEditor
[2019.07.13-22.32.04:407][724]CompilerResultsLog:   Running UnrealHeaderTool "C:\Users\Nico\Desktop\DescendIntoDarkness\Descend-Into-Darkness\DescendIntoDarkness\DescendIntoDarkness.uproject" "C:\Users\Nico\Desktop\DescendIntoDarkness\Descend-Into-Darkness\DescendIntoDarkness\Intermediate\Build\Win64\DescendIntoDarknessEditor\Development\DescendIntoDarknessEditor.uhtmanifest" -LogCmds="loginit warning, logexit warning, logdatabase error" -Unattended -WarningsAsErrors -installed
[2019.07.13-22.32.04:407][724]CompilerResultsLog: Reflection code generated for DescendIntoDarknessEditor in 128.9632215 seconds
[2019.07.13-22.32.04:407][724]CompilerResultsLog: Using Visual Studio 2019 14.21.27702 toolchain (C:\Program Files (x86)\Microsoft Visual Studio\2019\Community\VC\Tools\MSVC\14.21.27702) and Windows 10.0.17763.0 SDK (C:\Program Files (x86)\Windows Kits\10).
[2019.07.13-22.32.04:407][724]CompilerResultsLog: Building 3 actions with 4 processes...
[2019.07.13-22.32.04:408][724]CompilerResultsLog:   [1/3] UE4Editor-DescendIntoDarkness-6536.lib
[2019.07.13-22.32.04:408][724]CompilerResultsLog:      Creating library C:\Users\Nico\Desktop\DescendIntoDarkness\Descend-Into-Darkness\DescendIntoDarkness\Intermediate\Build\Win64\UE4Editor\Development\DescendIntoDarkness\UE4Editor-DescendIntoDarkness-6536.lib and object C:\Users\Nico\Desktop\DescendIntoDarkness\Descend-Into-Darkness\DescendIntoDarkness\Intermediate\Build\Win64\UE4Editor\Development\DescendIntoDarkness\UE4Editor-DescendIntoDarkness-6536.exp
[2019.07.13-22.32.04:408][724]CompilerResultsLog:   [2/3] UE4Editor-DescendIntoDarkness-6536.dll
[2019.07.13-22.32.04:408][724]CompilerResultsLog:      Creating library C:\Users\Nico\Desktop\DescendIntoDarkness\Descend-Into-Darkness\DescendIntoDarkness\Intermediate\Build\Win64\UE4Editor\Development\DescendIntoDarkness\UE4Editor-DescendIntoDarkness-6536.suppressed.lib and object C:\Users\Nico\Desktop\DescendIntoDarkness\Descend-Into-Darkness\DescendIntoDarkness\Intermediate\Build\Win64\UE4Editor\Development\DescendIntoDarkness\UE4Editor-DescendIntoDarkness-6536.suppressed.exp
[2019.07.13-22.32.04:409][724]CompilerResultsLog:   [3/3] DescendIntoDarknessEditor.target
[2019.07.13-22.32.04:409][724]CompilerResultsLog: Total time in Parallel executor: 22.45 seconds
[2019.07.13-22.32.04:409][724]CompilerResultsLog: Total execution time: 229.28 seconds
[2019.07.13-22.32.04:409][724]LogMainFrame: MainFrame: Module compiling took 230.557 seconds
[2019.07.13-22.32.04:481][724]LogUObjectHash: Compacting FUObjectHashTables data took   4.12ms
[2019.07.13-22.32.04:481][724]LogBlueprintActionDatabase: Requesting refresh due to module change: DescendIntoDarkness (unloaded)
[2019.07.13-22.32.04:617][724]Error: CDO Constructor (DescendIntoDarknessGameMode): Failed to find /Game/SideScrollerCPP/Blueprints/SideScrollerCharacter.SideScrollerCharacter_C

[2019.07.13-22.32.04:619][724]LogBlueprintActionDatabase: Requesting refresh due to module change: DescendIntoDarkness (loaded)
[2019.07.13-22.32.04:620][724]LogContentBrowser: Native class hierarchy updated for 'DescendIntoDarkness' in 0.0010 seconds. Added 6 classes and 2 folders.
[2019.07.13-22.32.04:621][724]Warning: Some classes could not be reloaded:
Error: CDO Constructor (DescendIntoDarknessGameMode): Failed to find /Game/SideScrollerCPP/Blueprints/SideScrollerCharacter.SideScrollerCharacter_C


[2019.07.13-22.32.04:626][724]Display: HotReload successful (1 functions remapped  0 scriptstructs remapped)
[2019.07.13-22.32.04:871][724]LogUObjectHash: Compacting FUObjectHashTables data took   3.27ms
[2019.07.13-22.32.04:872][724]LogBlueprintActionDatabase: Requesting refresh due to hot reload
[2019.07.13-22.32.04:902][724]LogContentBrowser: Native class hierarchy populated in 0.0133 seconds. Added 2739 classes and 663 folders.
[2019.07.13-22.32.04:902][724]Display: HotReload took 231.1s.
[2019.07.13-22.32.22:163][847]LogTemp: Repeating last play command: Selected Viewport
[2019.07.13-22.32.22:230][847]LogBlueprintUserMessages: Early PlayInEditor Detection: Level '/Game/Maps/Test_Scene.Test_Scene:PersistentLevel' has LevelScriptBlueprint '/Game/Maps/Test_Scene.Test_Scene:PersistentLevel.Test_Scene' with GeneratedClass '/Game/Maps/Test_Scene.Test_Scene_C' with ClassGeneratedBy '/Game/Maps/Test_Scene.Test_Scene:PersistentLevel.Test_Scene'
[2019.07.13-22.32.22:230][847]LogPlayLevel: PlayLevel: No blueprints needed recompiling
[2019.07.13-22.32.22:231][847]PIE: New page: PIE session: Test_Scene (Jul 13, 2019, 8:32:22 AM)
[2019.07.13-22.32.22:231][847]LogPlayLevel: Creating play world package: /Game/Maps/UEDPIE_0_Test_Scene
[2019.07.13-22.32.22:268][847]LogPlayLevel: PIE: StaticDuplicateObject took: (0.036683s)
[2019.07.13-22.32.22:268][847]LogAIModule: Creating AISystem for world Test_Scene
[2019.07.13-22.32.22:269][847]LogPlayLevel: PIE: World Init took: (0.001257s)
[2019.07.13-22.32.22:269][847]LogPlayLevel: PIE: Created PIE world by copying editor world from /Game/Maps/Test_Scene.Test_Scene to /Game/Maps/UEDPIE_0_Test_Scene.Test_Scene (0.038233s)
[2019.07.13-22.32.22:417][847]LogUObjectHash: Compacting FUObjectHashTables data took   9.47ms
[2019.07.13-22.32.22:437][847]LogInit: XAudio2 using 'Speakers (Intel® Smart Sound Technology (Intel® SST))' : 2 channels at 48 kHz using 16 bits per sample (channel mask 0x3)
[2019.07.13-22.32.22:477][847]LogInit: FAudioDevice initialized.
[2019.07.13-22.32.22:477][847]LogSlate: FSceneViewport::OnFocusLost() reason 2
[2019.07.13-22.32.22:510][847]LogLoad: Game class is 'DescendIntoDarknessGameMode'
[2019.07.13-22.32.22:521][847]LogWorld: Bringing World /Game/Maps/UEDPIE_0_Test_Scene.Test_Scene up for play (max tick rate 60) at 2019.07.13-15.32.22
[2019.07.13-22.32.22:522][847]LogWorld: Bringing up level for play took: 0.011572
[2019.07.13-22.32.22:541][847]PIE: Play in editor start time for /Game/Maps/UEDPIE_0_Test_Scene 1.184
[2019.07.13-22.32.22:541][847]LogBlueprintUserMessages: Late PlayInEditor Detection: Level '/Game/Maps/Test_Scene.Test_Scene:PersistentLevel' has LevelScriptBlueprint '/Game/Maps/Test_Scene.Test_Scene:PersistentLevel.Test_Scene' with GeneratedClass '/Game/Maps/Test_Scene.Test_Scene_C' with ClassGeneratedBy '/Game/Maps/Test_Scene.Test_Scene:PersistentLevel.Test_Scene'
[2019.07.13-22.32.32:882][102]LogBlueprintUserMessages: Early EndPlayMap Detection: Level '/Game/Maps/Test_Scene.Test_Scene:PersistentLevel' has LevelScriptBlueprint '/Game/Maps/Test_Scene.Test_Scene:PersistentLevel.Test_Scene' with GeneratedClass '/Game/Maps/Test_Scene.Test_Scene_C' with ClassGeneratedBy '/Game/Maps/Test_Scene.Test_Scene:PersistentLevel.Test_Scene'
[2019.07.13-22.32.32:884][102]LogSlate: Updating window title bar state: overlay mode, drag disabled, window buttons hidden, title bar hidden
[2019.07.13-22.32.32:961][102]LogPlayLevel: Display: Shutting down PIE online subsystems
[2019.07.13-22.32.32:961][102]LogBlueprintUserMessages: Late EndPlayMap Detection: Level '/Game/Maps/Test_Scene.Test_Scene:PersistentLevel' has LevelScriptBlueprint '/Game/Maps/Test_Scene.Test_Scene:PersistentLevel.Test_Scene' with GeneratedClass '/Game/Maps/Test_Scene.Test_Scene_C' with ClassGeneratedBy '/Game/Maps/Test_Scene.Test_Scene:PersistentLevel.Test_Scene'
[2019.07.13-22.32.33:116][102]LogSlate: Updating window title bar state: overlay mode, drag disabled, window buttons hidden, title bar hidden
[2019.07.13-22.32.33:146][102]LogUObjectHash: Compacting FUObjectHashTables data took   5.18ms
[2019.07.13-22.32.33:251][103]LogPlayLevel: Display: Destroying online subsystem :Context_9
[2019.07.13-22.32.37:401][228]LogSlate: FSceneViewport::OnFocusLost() reason 2
[2019.07.13-22.32.41:436][343]LogSlate: FSceneViewport::OnFocusLost() reason 0
[2019.07.13-22.32.50:277][531]LogSlate: FSceneViewport::OnFocusLost() reason 0
[2019.07.13-22.32.52:773][598]LogAssetEditorManager: Opening Asset editor for Blueprint /Game/Blueprints/BP_CampSpawn.BP_CampSpawn
[2019.07.13-22.33.05:481][598]LogSlate: Window 'Message' being destroyed
[2019.07.13-22.33.40:362][971]LogSlate: FSceneViewport::OnFocusLost() reason 0
[2019.07.13-22.34.27:164][ 30]LogTemp: Repeating last play command: Selected Viewport
[2019.07.13-22.34.27:276][ 30]LogBlueprintUserMessages: Early PlayInEditor Detection: Level '/Game/Maps/Test_Scene.Test_Scene:PersistentLevel' has LevelScriptBlueprint '/Game/Maps/Test_Scene.Test_Scene:PersistentLevel.Test_Scene' with GeneratedClass '/Game/Maps/Test_Scene.Test_Scene_C' with ClassGeneratedBy '/Game/Maps/Test_Scene.Test_Scene:PersistentLevel.Test_Scene'
[2019.07.13-22.34.27:276][ 30]LogPlayLevel: PlayLevel: No blueprints needed recompiling
[2019.07.13-22.34.27:276][ 30]PIE: New page: PIE session: Test_Scene (Jul 13, 2019, 8:34:27 AM)
[2019.07.13-22.34.27:276][ 30]LogPlayLevel: Creating play world package: /Game/Maps/UEDPIE_0_Test_Scene
[2019.07.13-22.34.27:324][ 30]LogPlayLevel: PIE: StaticDuplicateObject took: (0.048063s)
[2019.07.13-22.34.27:325][ 30]LogAIModule: Creating AISystem for world Test_Scene
[2019.07.13-22.34.27:326][ 30]LogPlayLevel: PIE: World Init took: (0.001511s)
[2019.07.13-22.34.27:326][ 30]LogPlayLevel: PIE: Created PIE world by copying editor world from /Game/Maps/Test_Scene.Test_Scene to /Game/Maps/UEDPIE_0_Test_Scene.Test_Scene (0.050088s)
[2019.07.13-22.34.27:410][ 30]LogUObjectHash: Compacting FUObjectHashTables data took   6.72ms
[2019.07.13-22.34.27:479][ 30]LogInit: XAudio2 using 'Speakers (Intel® Smart Sound Technology (Intel® SST))' : 2 channels at 48 kHz using 16 bits per sample (channel mask 0x3)
[2019.07.13-22.34.27:532][ 30]LogInit: FAudioDevice initialized.
[2019.07.13-22.34.27:533][ 30]LogSlate: FSceneViewport::OnFocusLost() reason 2
[2019.07.13-22.34.27:569][ 30]LogLoad: Game class is 'DescendIntoDarknessGameMode'
[2019.07.13-22.34.27:578][ 30]LogWorld: Bringing World /Game/Maps/UEDPIE_0_Test_Scene.Test_Scene up for play (max tick rate 60) at 2019.07.13-15.34.27
[2019.07.13-22.34.27:579][ 30]LogWorld: Bringing up level for play took: 0.009880
[2019.07.13-22.34.27:597][ 30]PIE: Play in editor start time for /Game/Maps/UEDPIE_0_Test_Scene 0.241
[2019.07.13-22.34.27:598][ 30]LogBlueprintUserMessages: Late PlayInEditor Detection: Level '/Game/Maps/Test_Scene.Test_Scene:PersistentLevel' has LevelScriptBlueprint '/Game/Maps/Test_Scene.Test_Scene:PersistentLevel.Test_Scene' with GeneratedClass '/Game/Maps/Test_Scene.Test_Scene_C' with ClassGeneratedBy '/Game/Maps/Test_Scene.Test_Scene:PersistentLevel.Test_Scene'
[2019.07.13-22.34.37:884][274]LogBlueprintUserMessages: Early EndPlayMap Detection: Level '/Game/Maps/Test_Scene.Test_Scene:PersistentLevel' has LevelScriptBlueprint '/Game/Maps/Test_Scene.Test_Scene:PersistentLevel.Test_Scene' with GeneratedClass '/Game/Maps/Test_Scene.Test_Scene_C' with ClassGeneratedBy '/Game/Maps/Test_Scene.Test_Scene:PersistentLevel.Test_Scene'
[2019.07.13-22.34.37:885][274]LogSlate: Updating window title bar state: overlay mode, drag disabled, window buttons hidden, title bar hidden
[2019.07.13-22.34.37:972][274]LogPlayLevel: Display: Shutting down PIE online subsystems
[2019.07.13-22.34.37:972][274]LogBlueprintUserMessages: Late EndPlayMap Detection: Level '/Game/Maps/Test_Scene.Test_Scene:PersistentLevel' has LevelScriptBlueprint '/Game/Maps/Test_Scene.Test_Scene:PersistentLevel.Test_Scene' with GeneratedClass '/Game/Maps/Test_Scene.Test_Scene_C' with ClassGeneratedBy '/Game/Maps/Test_Scene.Test_Scene:PersistentLevel.Test_Scene'
[2019.07.13-22.34.38:223][274]LogSlate: Updating window title bar state: overlay mode, drag disabled, window buttons hidden, title bar hidden
[2019.07.13-22.34.38:256][274]LogUObjectHash: Compacting FUObjectHashTables data took   7.05ms
[2019.07.13-22.34.38:574][275]LogPlayLevel: Display: Destroying online subsystem :Context_10
[2019.07.13-22.36.21:444][720]Cmd: ACTOR SELECT ALL
[2019.07.13-22.36.22:896][777]LogSlate: FSceneViewport::OnFocusLost() reason 2
[2019.07.13-22.36.23:024][777]LogUObjectHash: Compacting FUObjectHashTables data took   2.01ms
[2019.07.13-22.36.23:947][777]LogSavePackage: Moving '../../../../../../Users/Nico/Desktop/DescendIntoDarkness/Descend-Into-Darkness/DescendIntoDarkness/Saved/Test_SceneAE1210E34FF1CB1ED95F08B382FBDFF9.tmp' to '../../../../../../Users/Nico/Desktop/DescendIntoDarkness/Descend-Into-Darkness/DescendIntoDarkness/Content/Maps/Test_Scene.umap'
[2019.07.13-22.36.24:787][777]LogSavePackage: Moving '../../../../../../Users/Nico/Desktop/DescendIntoDarkness/Descend-Into-Darkness/DescendIntoDarkness/Saved/Test_Scene_BuiltDataB87267574DABF8229F2528A3E5B606E5.tmp' to '../../../../../../Users/Nico/Desktop/DescendIntoDarkness/Descend-Into-Darkness/DescendIntoDarkness/Content/Maps/Test_Scene_BuiltData.uasset'
[2019.07.13-22.36.25:052][779]LogEditorViewport: Clicking on Actor (LMB): StaticMeshActor (Left Ground Wall)
[2019.07.13-22.36.26:129][809]LogSlate: FSceneViewport::OnFocusLost() reason 2
[2019.07.13-22.36.26:241][809]LogUObjectHash: Compacting FUObjectHashTables data took   7.98ms
[2019.07.13-22.36.27:102][809]LogSavePackage: Moving '../../../../../../Users/Nico/Desktop/DescendIntoDarkness/Descend-Into-Darkness/DescendIntoDarkness/Saved/Test_Scene3C95A41E4B06AEF44020C6B3BBE9A015.tmp' to '../../../../../../Users/Nico/Desktop/DescendIntoDarkness/Descend-Into-Darkness/DescendIntoDarkness/Content/Maps/Test_Scene.umap'
[2019.07.13-22.36.27:863][809]LogSavePackage: Moving '../../../../../../Users/Nico/Desktop/DescendIntoDarkness/Descend-Into-Darkness/DescendIntoDarkness/Saved/Test_Scene_BuiltDataAA83386145307AAFD997919690A5CA16.tmp' to '../../../../../../Users/Nico/Desktop/DescendIntoDarkness/Descend-Into-Darkness/DescendIntoDarkness/Content/Maps/Test_Scene_BuiltData.uasset'
