Log file open, 07/05/19 14:19:45
LogWindows: Failed to load 'aqProf.dll' (GetLastError=126)
LogWindows: File 'aqProf.dll' does not exist
LogWindows: Failed to load 'VtuneApi.dll' (GetLastError=126)
LogWindows: File 'VtuneApi.dll' does not exist
LogWindows: Failed to load 'VtuneApi32e.dll' (GetLastError=126)
LogWindows: File 'VtuneApi32e.dll' does not exist
LogConsoleResponse: Display: Failed to find resolution value strings in scalability ini. Falling back to default.
LogInit: Display: Running engine for game: DescendIntoDarkness
LogPakFile: Registered encryption key '00000000000000000000000000000000': 0 pak files mounted, 0 remain pending
LogPlatformFile: Not using cached read wrapper
LogTaskGraph: Started task graph with 5 named threads and 11 total threads with 3 sets of task threads.
LogStats: Stats thread started at 0.637601
LogD3D11RHI: Loaded GFSDK_Aftermath_Lib.x64.dll
LogICUInternationalization: ICU TimeZone Detection - Raw Offset: -8:00, Platform Override: ''
LogPluginManager: Mounting plugin Paper2D
LogPluginManager: Mounting plugin AISupport
LogPluginManager: Mounting plugin LightPropagationVolume
LogPluginManager: Mounting plugin ActorLayerUtilities
LogPluginManager: Mounting plugin AnimationSharing
LogPluginManager: Mounting plugin CLionSourceCodeAccess
LogPluginManager: Mounting plugin CodeLiteSourceCodeAccess
LogPluginManager: Mounting plugin GitSourceControl
LogPluginManager: Mounting plugin KDevelopSourceCodeAccess
LogPluginManager: Mounting plugin NullSourceCodeAccess
LogPluginManager: Mounting plugin PerforceSourceControl
LogPluginManager: Mounting plugin SubversionSourceControl
LogPluginManager: Mounting plugin UObjectPlugin
LogPluginManager: Mounting plugin VisualStudioCodeSourceCodeAccess
LogPluginManager: Mounting plugin VisualStudioSourceCodeAccess
LogPluginManager: Mounting plugin XCodeSourceCodeAccess
LogPluginManager: Mounting plugin AssetManagerEditor
LogPluginManager: Mounting plugin CryptoKeys
LogPluginManager: Mounting plugin DataValidation
LogPluginManager: Mounting plugin FacialAnimation
LogPluginManager: Mounting plugin GameplayTagsEditor
LogPluginManager: Mounting plugin MacGraphicsSwitching
LogPluginManager: Mounting plugin MaterialAnalyzer
LogPluginManager: Mounting plugin MobileLauncherProfileWizard
LogPluginManager: Mounting plugin PluginBrowser
LogPluginManager: Mounting plugin SpeedTreeImporter
LogPluginManager: Mounting plugin DatasmithContent
LogPluginManager: Mounting plugin VariantManagerContent
LogPluginManager: Mounting plugin AlembicImporter
LogPluginManager: Mounting plugin AppleImageUtils
LogPluginManager: Mounting plugin AppleVision
LogPluginManager: Mounting plugin BackChannel
LogPluginManager: Mounting plugin CharacterAI
LogPluginManager: Mounting plugin GeometryCache
LogPluginManager: Mounting plugin HTML5Networking
LogPluginManager: Mounting plugin ProxyLODPlugin
LogPluginManager: Mounting plugin SkeletalReduction
LogPluginManager: Mounting plugin MagicLeap
LogPluginManager: Mounting plugin MagicLeapMedia
LogPluginManager: Mounting plugin AndroidMedia
LogPluginManager: Mounting plugin AvfMedia
LogPluginManager: Mounting plugin ImgMedia
LogPluginManager: Mounting plugin LinearTimecode
LogPluginManager: Mounting plugin MediaCompositing
LogPluginManager: Mounting plugin MediaPlayerEditor
LogPluginManager: Mounting plugin WebMMedia
LogPluginManager: Mounting plugin WmfMedia
LogPluginManager: Mounting plugin TcpMessaging
LogPluginManager: Mounting plugin UdpMessaging
LogPluginManager: Mounting plugin ActorSequence
LogPluginManager: Mounting plugin LevelSequenceEditor
LogPluginManager: Mounting plugin MatineeToLevelSequence
LogPluginManager: Mounting plugin NetcodeUnitTest
LogPluginManager: Mounting plugin NUTUnrealEngine4
LogPluginManager: Mounting plugin OnlineSubsystemGooglePlay
LogPluginManager: Mounting plugin OnlineSubsystemIOS
LogPluginManager: Mounting plugin OnlineSubsystem
LogPluginManager: Mounting plugin OnlineSubsystemNull
LogPluginManager: Mounting plugin OnlineSubsystemUtils
LogPluginManager: Mounting plugin LauncherChunkInstaller
LogPluginManager: Mounting plugin AndroidDeviceProfileSelector
LogPluginManager: Mounting plugin AndroidMoviePlayer
LogPluginManager: Mounting plugin AndroidPermission
LogPluginManager: Mounting plugin AppleMoviePlayer
LogPluginManager: Mounting plugin ArchVisCharacter
LogPluginManager: Mounting plugin AudioCapture
LogPluginManager: Mounting plugin CableComponent
LogPluginManager: Mounting plugin CustomMeshComponent
LogPluginManager: Mounting plugin EditableMesh
LogPluginManager: Mounting plugin ExampleDeviceProfileSelector
LogPluginManager: Mounting plugin Firebase
LogPluginManager: Mounting plugin GoogleCloudMessaging
LogPluginManager: Mounting plugin IOSDeviceProfileSelector
LogPluginManager: Mounting plugin LinuxDeviceProfileSelector
LogPluginManager: Mounting plugin LocationServicesBPLibrary
LogPluginManager: Mounting plugin MobilePatchingUtils
LogPluginManager: Mounting plugin OculusVR
LogPluginManager: Mounting plugin PhysXVehicles
LogPluginManager: Mounting plugin ProceduralMeshComponent
LogPluginManager: Mounting plugin RuntimePhysXCooking
LogPluginManager: Mounting plugin SignificanceManager
LogPluginManager: Mounting plugin SteamVR
LogPluginManager: Mounting plugin WebMMoviePlayer
LogPluginManager: Mounting plugin WindowsMoviePlayer
LogInit: Warning: Incompatible or missing module: DescendIntoDarkness
Running C:/Program Files/Epic Games/UE_4.22/Engine/Binaries/DotNET/UnrealBuildTool.exe Development Win64 -Project="C:/Users/Nico/Desktop/DescendIntoDarkness/Descend-Into-Darkness/DescendIntoDarkness/DescendIntoDarkness.uproject" -TargetType=Editor -Progress -NoHotReloadFromIDE
Using 'git status' to determine working set for adaptive non-unity build (C:\Users\Nico\Desktop\DescendIntoDarkness\Descend-Into-Darkness).
Creating makefile for DescendIntoDarknessEditor (no existing makefile)
@progress push 5%
Parsing headers for DescendIntoDarknessEditor
  Running UnrealHeaderTool "C:\Users\Nico\Desktop\DescendIntoDarkness\Descend-Into-Darkness\DescendIntoDarkness\DescendIntoDarkness.uproject" "C:\Users\Nico\Desktop\DescendIntoDarkness\Descend-Into-Darkness\DescendIntoDarkness\Intermediate\Build\Win64\DescendIntoDarknessEditor\Development\DescendIntoDarknessEditor.uhtmanifest" -LogCmds="loginit warning, logexit warning, logdatabase error" -Unattended -WarningsAsErrors -installed
Reflection code generated for DescendIntoDarknessEditor in 17.3187744 seconds
@progress pop
Using Visual Studio 2019 14.21.27702 toolchain (C:\Program Files (x86)\Microsoft Visual Studio\2019\Community\VC\Tools\MSVC\14.21.27702) and Windows 10.0.17763.0 SDK (C:\Program Files (x86)\Windows Kits\10).
Building 15 actions with 4 processes...
  @progress 'Compiling C++ source code...' 0%
  @progress 'Compiling C++ source code...' 7%
  [1/15] Default.rc2
  @progress 'Compiling C++ source code...' 13%
  [2/15] SharedPCH.Engine.cpp
  @progress 'Compiling C++ source code...' 20%
  [3/15] Pickup.cpp
  @progress 'Compiling C++ source code...' 27%
  [4/15] Interactable.cpp
  @progress 'Compiling C++ source code...' 33%
  [5/15] DescendIntoDarknessGameMode.cpp
  @progress 'Compiling C++ source code...' 40%
  [6/15] DescendIntoDarknessCharacter.cpp
  @progress 'Compiling C++ source code...' 47%
  [7/15] DescendIntoDarkness.init.gen.cpp
  @progress 'Compiling C++ source code...' 53%
  [8/15] DescendIntoDarknessCharacter.gen.cpp
  @progress 'Compiling C++ source code...' 60%
  [9/15] DescendIntoDarknessGameMode.gen.cpp
  @progress 'Compiling C++ source code...' 67%
  [10/15] Pickup.gen.cpp
  @progress 'Compiling C++ source code...' 73%
  [11/15] Interactable.gen.cpp
  @progress 'Compiling C++ source code...' 80%
  [12/15] DescendIntoDarkness.cpp
  @progress 'Compiling C++ source code...' 87%
  [13/15] UE4Editor-DescendIntoDarkness.lib
     Creating library C:\Users\Nico\Desktop\DescendIntoDarkness\Descend-Into-Darkness\DescendIntoDarkness\Intermediate\Build\Win64\UE4Editor\Development\DescendIntoDarkness\UE4Editor-DescendIntoDarkness.lib and object C:\Users\Nico\Desktop\DescendIntoDarkness\Descend-Into-Darkness\DescendIntoDarkness\Intermediate\Build\Win64\UE4Editor\Development\DescendIntoDarkness\UE4Editor-DescendIntoDarkness.exp
  @progress 'Compiling C++ source code...' 93%
  [14/15] UE4Editor-DescendIntoDarkness.dll
     Creating library C:\Users\Nico\Desktop\DescendIntoDarkness\Descend-Into-Darkness\DescendIntoDarkness\Intermediate\Build\Win64\UE4Editor\Development\DescendIntoDarkness\UE4Editor-DescendIntoDarkness.suppressed.lib and object C:\Users\Nico\Desktop\DescendIntoDarkness\Descend-Into-Darkness\DescendIntoDarkness\Intermediate\Build\Win64\UE4Editor\Development\DescendIntoDarkness\UE4Editor-DescendIntoDarkness.suppressed.exp
  @progress 'Compiling C++ source code...' 100%
  [15/15] DescendIntoDarknessEditor.target
Total time in Parallel executor: 127.49 seconds
Total execution time: 200.54 seconds
LogInit: Using libcurl 7.55.1-DEV
LogInit:  - built for x86_64-pc-win32
LogInit:  - supports SSL with OpenSSL/1.1.1
LogInit:  - supports HTTP deflate (compression) using libz 1.2.8
LogInit:  - other features:
LogInit:      CURL_VERSION_SSL
LogInit:      CURL_VERSION_LIBZ
LogInit:      CURL_VERSION_IPV6
LogInit:      CURL_VERSION_ASYNCHDNS
LogInit:      CURL_VERSION_LARGEFILE
LogInit:      CURL_VERSION_IDN
LogInit:  CurlRequestOptions (configurable via config and command line):
LogInit:  - bVerifyPeer = true  - Libcurl will verify peer certificate
LogInit:  - bUseHttpProxy = false  - Libcurl will NOT use HTTP proxy
LogInit:  - bDontReuseConnections = false  - Libcurl will reuse connections
LogInit:  - MaxHostConnections = 16  - Libcurl will limit the number of connections to a host
LogInit:  - LocalHostAddr = Default
LogInit:  - BufferSize = 65536
LogInit: WinSock: version 1.1 (2.2), MaxSocks=32767, MaxUdp=65467
LogInit: Build: ++UE4+Release-4.22-CL-6574378
LogInit: Engine Version: 4.22.2-6574378+++UE4+Release-4.22
LogInit: Compatible Engine Version: 4.22.0-5660361+++UE4+Release-4.22
LogInit: Net CL: 5660361
LogInit: OS: Windows 10 (Release 1809) (), CPU: Intel(R) Core(TM) i5-5200U CPU @ 2.20GHz, GPU: Intel(R) HD Graphics 5500
LogInit: Compiled (64-bit): May 20 2019 09:54:56
LogInit: Compiled with Visual C++: 19.16.27025.01
LogInit: Build Configuration: Development
LogInit: Branch Name: ++UE4+Release-4.22
LogInit: Command Line: 
LogInit: Base Directory: C:/Program Files/Epic Games/UE_4.22/Engine/Binaries/Win64/
LogInit: Installed Engine Build: 1
LogDevObjectVersion: Number of dev versions registered: 23
LogDevObjectVersion:   Dev-Blueprints (B0D832E4-1F89-4F0D-ACCF-7EB736FD4AA2): 10
LogDevObjectVersion:   Dev-Build (E1C64328-A22C-4D53-A36C-8E866417BD8C): 0
LogDevObjectVersion:   Dev-Core (375EC13C-06E4-48FB-B500-84F0262A717E): 3
LogDevObjectVersion:   Dev-Editor (E4B068ED-F494-42E9-A231-DA0B2E46BB41): 30
LogDevObjectVersion:   Dev-Framework (CFFC743F-43B0-4480-9391-14DF171D2073): 35
LogDevObjectVersion:   Dev-Mobile (B02B49B5-BB20-44E9-A304-32B752E40360): 2
LogDevObjectVersion:   Dev-Networking (A4E4105C-59A1-49B5-A7C5-40C4547EDFEE): 0
LogDevObjectVersion:   Dev-Online (39C831C9-5AE6-47DC-9A44-9C173E1C8E7C): 0
LogDevObjectVersion:   Dev-Physics (78F01B33-EBEA-4F98-B9B4-84EACCB95AA2): 0
LogDevObjectVersion:   Dev-Platform (6631380F-2D4D-43E0-8009-CF276956A95A): 0
LogDevObjectVersion:   Dev-Rendering (12F88B9F-8875-4AFC-A67C-D90C383ABD29): 28
LogDevObjectVersion:   Dev-Sequencer (7B5AE74C-D270-4C10-A958-57980B212A5A): 11
LogDevObjectVersion:   Dev-VR (D7296918-1DD6-4BDD-9DE2-64A83CC13884): 2
LogDevObjectVersion:   Dev-LoadTimes (C2A15278-BFE7-4AFE-6C17-90FF531DF755): 1
LogDevObjectVersion:   Private-Geometry (6EACA3D4-40EC-4CC1-B786-8BED09428FC5): 3
LogDevObjectVersion:   Dev-AnimPhys (29E575DD-E0A3-4627-9D10-D276232CDCEA): 17
LogDevObjectVersion:   Dev-Anim (AF43A65D-7FD3-4947-9873-3E8ED9C1BB05): 2
LogDevObjectVersion:   Dev-ReflectionCapture (6B266CEC-1EC7-4B8F-A30B-E4D90942FC07): 1
LogDevObjectVersion:   Dev-Automation (0DF73D61-A23F-47EA-B727-89E90C41499A): 1
LogDevObjectVersion:   FortniteMain (601D1886-AC64-4F84-AA16-D3DE0DEAC7D6): 25
LogDevObjectVersion:   Dev-Enterprise (9DFFBCD6-494F-0158-E221-12823C92A888): 6
LogDevObjectVersion:   Dev-Niagara (F2AED0AC-9AFE-416F-8664-AA7FFA26D6FC): 1
LogDevObjectVersion:   Dev-Destruction (174F1F0B-B4C6-45A5-B13F-2EE8D0FB917D): 2
LogInit: Presizing for max 16777216 objects, including 0 objects not considered by GC, pre-allocating 0 bytes for permanent pool.
LogInit: Object subsystem initialized
LogConfig: Setting CVar [[con.DebugEarlyDefault:1]]
LogConfig: Setting CVar [[r.setres:1280x720]]
[2019.07.05-21.23.12:891][  0]LogConfig: Setting CVar [[r.VSync:0]]
[2019.07.05-21.23.12:891][  0]LogConfig: Setting CVar [[r.RHICmdBypass:0]]
[2019.07.05-21.23.12:892][  0]LogConfig: Applying CVar settings from Section [/Script/Engine.RendererSettings] File [C:/Users/Nico/Desktop/DescendIntoDarkness/Descend-Into-Darkness/DescendIntoDarkness/Saved/Config/Windows/Engine.ini]
[2019.07.05-21.23.12:892][  0]LogConfig: Setting CVar [[r.GPUCrashDebugging:0]]
[2019.07.05-21.23.12:892][  0]LogConfig: Applying CVar settings from Section [/Script/Engine.RendererOverrideSettings] File [C:/Users/Nico/Desktop/DescendIntoDarkness/Descend-Into-Darkness/DescendIntoDarkness/Saved/Config/Windows/Engine.ini]
[2019.07.05-21.23.12:892][  0]LogConfig: Applying CVar settings from Section [/Script/Engine.StreamingSettings] File [C:/Users/Nico/Desktop/DescendIntoDarkness/Descend-Into-Darkness/DescendIntoDarkness/Saved/Config/Windows/Engine.ini]
[2019.07.05-21.23.12:892][  0]LogConfig: Setting CVar [[s.MinBulkDataSizeForAsyncLoading:131072]]
[2019.07.05-21.23.12:892][  0]LogConfig: Setting CVar [[s.AsyncLoadingThreadEnabled:0]]
[2019.07.05-21.23.12:892][  0]LogConfig: Setting CVar [[s.EventDrivenLoaderEnabled:1]]
[2019.07.05-21.23.12:892][  0]LogConfig: Setting CVar [[s.WarnIfTimeLimitExceeded:0]]
[2019.07.05-21.23.12:892][  0]LogConfig: Setting CVar [[s.TimeLimitExceededMultiplier:1.5]]
[2019.07.05-21.23.12:892][  0]LogConfig: Setting CVar [[s.TimeLimitExceededMinTime:0.005]]
[2019.07.05-21.23.12:892][  0]LogConfig: Setting CVar [[s.UseBackgroundLevelStreaming:1]]
[2019.07.05-21.23.12:892][  0]LogConfig: Setting CVar [[s.PriorityAsyncLoadingExtraTime:15.0]]
[2019.07.05-21.23.12:892][  0]LogConfig: Setting CVar [[s.LevelStreamingActorsUpdateTimeLimit:5.0]]
[2019.07.05-21.23.12:892][  0]LogConfig: Setting CVar [[s.PriorityLevelStreamingActorsUpdateExtraTime:5.0]]
[2019.07.05-21.23.12:892][  0]LogConfig: Setting CVar [[s.LevelStreamingComponentsRegistrationGranularity:10]]
[2019.07.05-21.23.12:892][  0]LogConfig: Setting CVar [[s.UnregisterComponentsTimeLimit:1.0]]
[2019.07.05-21.23.12:892][  0]LogConfig: Setting CVar [[s.LevelStreamingComponentsUnregistrationGranularity:5]]
[2019.07.05-21.23.12:893][  0]LogConfig: Applying CVar settings from Section [/Script/Engine.GarbageCollectionSettings] File [C:/Users/Nico/Desktop/DescendIntoDarkness/Descend-Into-Darkness/DescendIntoDarkness/Saved/Config/Windows/Engine.ini]
[2019.07.05-21.23.12:893][  0]LogConfig: Setting CVar [[gc.MaxObjectsNotConsideredByGC:1]]
[2019.07.05-21.23.12:893][  0]LogConfig: Setting CVar [[gc.SizeOfPermanentObjectPool:0]]
[2019.07.05-21.23.12:893][  0]LogConfig: Setting CVar [[gc.FlushStreamingOnGC:0]]
[2019.07.05-21.23.12:893][  0]LogConfig: Setting CVar [[gc.NumRetriesBeforeForcingGC:10]]
[2019.07.05-21.23.12:893][  0]LogConfig: Setting CVar [[gc.AllowParallelGC:1]]
[2019.07.05-21.23.12:893][  0]LogConfig: Setting CVar [[gc.TimeBetweenPurgingPendingKillObjects:61.1]]
[2019.07.05-21.23.12:893][  0]LogConfig: Setting CVar [[gc.MaxObjectsInEditor:16777216]]
[2019.07.05-21.23.12:893][  0]LogConfig: Setting CVar [[gc.IncrementalBeginDestroyEnabled:1]]
[2019.07.05-21.23.12:893][  0]LogConfig: Setting CVar [[gc.CreateGCClusters:1]]
[2019.07.05-21.23.12:893][  0]LogConfig: Setting CVar [[gc.MinGCClusterSize:5]]
[2019.07.05-21.23.12:893][  0]LogConfig: Setting CVar [[gc.ActorClusteringEnabled:0]]
[2019.07.05-21.23.12:893][  0]LogConfig: Setting CVar [[gc.BlueprintClusteringEnabled:0]]
[2019.07.05-21.23.12:893][  0]LogConfig: Setting CVar [[gc.UseDisregardForGCOnDedicatedServers:0]]
[2019.07.05-21.23.12:893][  0]LogConfig: Applying CVar settings from Section [/Script/Engine.NetworkSettings] File [C:/Users/Nico/Desktop/DescendIntoDarkness/Descend-Into-Darkness/DescendIntoDarkness/Saved/Config/Windows/Engine.ini]
[2019.07.05-21.23.12:893][  0]LogConfig: Applying CVar settings from Section [/Script/UnrealEd.CookerSettings] File [C:/Users/Nico/Desktop/DescendIntoDarkness/Descend-Into-Darkness/DescendIntoDarkness/Saved/Config/Windows/Engine.ini]
[2019.07.05-21.23.12:906][  0]LogConfig: Applying CVar settings from Section [ViewDistanceQuality@3] File [C:/Users/Nico/Desktop/DescendIntoDarkness/Descend-Into-Darkness/DescendIntoDarkness/Saved/Config/Windows/Scalability.ini]
[2019.07.05-21.23.12:906][  0]LogConfig: Setting CVar [[r.SkeletalMeshLODBias:0]]
[2019.07.05-21.23.12:906][  0]LogConfig: Setting CVar [[r.ViewDistanceScale:1.0]]
[2019.07.05-21.23.12:906][  0]LogConfig: Applying CVar settings from Section [AntiAliasingQuality@3] File [C:/Users/Nico/Desktop/DescendIntoDarkness/Descend-Into-Darkness/DescendIntoDarkness/Saved/Config/Windows/Scalability.ini]
[2019.07.05-21.23.12:906][  0]LogConfig: Setting CVar [[r.PostProcessAAQuality:4]]
[2019.07.05-21.23.12:906][  0]LogConfig: Applying CVar settings from Section [ShadowQuality@3] File [C:/Users/Nico/Desktop/DescendIntoDarkness/Descend-Into-Darkness/DescendIntoDarkness/Saved/Config/Windows/Scalability.ini]
[2019.07.05-21.23.12:906][  0]LogConfig: Setting CVar [[r.LightFunctionQuality:1]]
[2019.07.05-21.23.12:906][  0]LogConfig: Setting CVar [[r.ShadowQuality:5]]
[2019.07.05-21.23.12:906][  0]LogConfig: Setting CVar [[r.Shadow.CSM.MaxCascades:10]]
[2019.07.05-21.23.12:906][  0]LogConfig: Setting CVar [[r.Shadow.MaxResolution:2048]]
[2019.07.05-21.23.12:907][  0]LogConfig: Setting CVar [[r.Shadow.MaxCSMResolution:2048]]
[2019.07.05-21.23.12:907][  0]LogConfig: Setting CVar [[r.Shadow.RadiusThreshold:0.01]]
[2019.07.05-21.23.12:907][  0]LogConfig: Setting CVar [[r.Shadow.DistanceScale:1.0]]
[2019.07.05-21.23.12:907][  0]LogConfig: Setting CVar [[r.Shadow.CSM.TransitionScale:1.0]]
[2019.07.05-21.23.12:907][  0]LogConfig: Setting CVar [[r.Shadow.PreShadowResolutionFactor:1.0]]
[2019.07.05-21.23.12:907][  0]LogConfig: Setting CVar [[r.DistanceFieldShadowing:1]]
[2019.07.05-21.23.12:907][  0]LogConfig: Setting CVar [[r.DistanceFieldAO:1]]
[2019.07.05-21.23.12:907][  0]LogConfig: Setting CVar [[r.AOQuality:2]]
[2019.07.05-21.23.12:907][  0]LogConfig: Setting CVar [[r.VolumetricFog:1]]
[2019.07.05-21.23.12:907][  0]LogConfig: Setting CVar [[r.VolumetricFog.GridPixelSize:8]]
[2019.07.05-21.23.12:907][  0]LogConfig: Setting CVar [[r.VolumetricFog.GridSizeZ:128]]
[2019.07.05-21.23.12:907][  0]LogConfig: Setting CVar [[r.VolumetricFog.HistoryMissSupersampleCount:4]]
[2019.07.05-21.23.12:907][  0]LogConfig: Setting CVar [[r.LightMaxDrawDistanceScale:1]]
[2019.07.05-21.23.12:907][  0]LogConfig: Setting CVar [[r.CapsuleShadows:1]]
[2019.07.05-21.23.12:907][  0]LogConfig: Applying CVar settings from Section [PostProcessQuality@3] File [C:/Users/Nico/Desktop/DescendIntoDarkness/Descend-Into-Darkness/DescendIntoDarkness/Saved/Config/Windows/Scalability.ini]
[2019.07.05-21.23.12:907][  0]LogConfig: Setting CVar [[r.MotionBlurQuality:4]]
[2019.07.05-21.23.12:907][  0]LogConfig: Setting CVar [[r.AmbientOcclusionMipLevelFactor:0.4]]
[2019.07.05-21.23.12:907][  0]LogConfig: Setting CVar [[r.AmbientOcclusionMaxQuality:100]]
[2019.07.05-21.23.12:907][  0]LogConfig: Setting CVar [[r.AmbientOcclusionLevels:-1]]
[2019.07.05-21.23.12:907][  0]LogConfig: Setting CVar [[r.AmbientOcclusionRadiusScale:1.0]]
[2019.07.05-21.23.12:907][  0]LogConfig: Setting CVar [[r.DepthOfFieldQuality:2]]
[2019.07.05-21.23.12:907][  0]LogConfig: Setting CVar [[r.RenderTargetPoolMin:400]]
[2019.07.05-21.23.12:907][  0]LogConfig: Setting CVar [[r.LensFlareQuality:2]]
[2019.07.05-21.23.12:907][  0]LogConfig: Setting CVar [[r.SceneColorFringeQuality:1]]
[2019.07.05-21.23.12:907][  0]LogConfig: Setting CVar [[r.EyeAdaptationQuality:2]]
[2019.07.05-21.23.12:907][  0]LogConfig: Setting CVar [[r.BloomQuality:5]]
[2019.07.05-21.23.12:907][  0]LogConfig: Setting CVar [[r.FastBlurThreshold:100]]
[2019.07.05-21.23.12:907][  0]LogConfig: Setting CVar [[r.Upscale.Quality:3]]
[2019.07.05-21.23.12:907][  0]LogConfig: Setting CVar [[r.Tonemapper.GrainQuantization:1]]
[2019.07.05-21.23.12:907][  0]LogConfig: Setting CVar [[r.LightShaftQuality:1]]
[2019.07.05-21.23.12:907][  0]LogConfig: Setting CVar [[r.Filter.SizeScale:1]]
[2019.07.05-21.23.12:907][  0]LogConfig: Setting CVar [[r.Tonemapper.Quality:5]]
[2019.07.05-21.23.12:907][  0]LogConfig: Setting CVar [[r.DOF.Gather.AccumulatorQuality:1        ; higher gathering accumulator quality]]
[2019.07.05-21.23.12:907][  0]LogConfig: Setting CVar [[r.DOF.Gather.PostfilterMethod:1          ; Median3x3 postfilering method]]
[2019.07.05-21.23.12:907][  0]LogConfig: Setting CVar [[r.DOF.Gather.EnableBokehSettings:0       ; no bokeh simulation when gathering]]
[2019.07.05-21.23.12:907][  0]LogConfig: Setting CVar [[r.DOF.Gather.RingCount:4                 ; medium number of samples when gathering]]
[2019.07.05-21.23.12:907][  0]LogConfig: Setting CVar [[r.DOF.Scatter.ForegroundCompositing:1    ; additive foreground scattering]]
[2019.07.05-21.23.12:907][  0]LogConfig: Setting CVar [[r.DOF.Scatter.BackgroundCompositing:2    ; additive background scattering]]
[2019.07.05-21.23.12:907][  0]LogConfig: Setting CVar [[r.DOF.Scatter.EnableBokehSettings:1      ; bokeh simulation when scattering]]
[2019.07.05-21.23.12:907][  0]LogConfig: Setting CVar [[r.DOF.Scatter.MaxSpriteRatio:0.1         ; only a maximum of 10% of scattered bokeh]]
[2019.07.05-21.23.12:907][  0]LogConfig: Setting CVar [[r.DOF.Recombine.Quality:1                ; cheap slight out of focus]]
[2019.07.05-21.23.12:907][  0]LogConfig: Setting CVar [[r.DOF.Recombine.EnableBokehSettings:0    ; no bokeh simulation on slight out of focus]]
[2019.07.05-21.23.12:907][  0]LogConfig: Setting CVar [[r.DOF.TemporalAAQuality:1                ; more stable temporal accumulation]]
[2019.07.05-21.23.12:907][  0]LogConfig: Setting CVar [[r.DOF.Kernel.MaxForegroundRadius:0.025]]
[2019.07.05-21.23.12:907][  0]LogConfig: Setting CVar [[r.DOF.Kernel.MaxBackgroundRadius:0.025]]
[2019.07.05-21.23.12:907][  0]LogConfig: Applying CVar settings from Section [TextureQuality@3] File [C:/Users/Nico/Desktop/DescendIntoDarkness/Descend-Into-Darkness/DescendIntoDarkness/Saved/Config/Windows/Scalability.ini]
[2019.07.05-21.23.12:907][  0]LogConfig: Setting CVar [[r.Streaming.MipBias:0]]
[2019.07.05-21.23.12:907][  0]LogConfig: Setting CVar [[r.Streaming.AmortizeCPUToGPUCopy:0]]
[2019.07.05-21.23.12:907][  0]LogConfig: Setting CVar [[r.Streaming.MaxNumTexturesToStreamPerFrame:0]]
[2019.07.05-21.23.12:907][  0]LogConfig: Setting CVar [[r.Streaming.Boost:1]]
[2019.07.05-21.23.12:907][  0]LogConfig: Setting CVar [[r.MaxAnisotropy:8]]
[2019.07.05-21.23.12:908][  0]LogConfig: Setting CVar [[r.Streaming.LimitPoolSizeToVRAM:0]]
[2019.07.05-21.23.12:908][  0]LogConfig: Setting CVar [[r.Streaming.PoolSize:1000]]
[2019.07.05-21.23.12:908][  0]LogConfig: Setting CVar [[r.Streaming.MaxEffectiveScreenSize:0]]
[2019.07.05-21.23.12:908][  0]LogConfig: Applying CVar settings from Section [EffectsQuality@3] File [C:/Users/Nico/Desktop/DescendIntoDarkness/Descend-Into-Darkness/DescendIntoDarkness/Saved/Config/Windows/Scalability.ini]
[2019.07.05-21.23.12:908][  0]LogConfig: Setting CVar [[r.TranslucencyLightingVolumeDim:64]]
[2019.07.05-21.23.12:908][  0]LogConfig: Setting CVar [[r.RefractionQuality:2]]
[2019.07.05-21.23.12:908][  0]LogConfig: Setting CVar [[r.SSR.Quality:3]]
[2019.07.05-21.23.12:908][  0]LogConfig: Setting CVar [[r.SceneColorFormat:4]]
[2019.07.05-21.23.12:908][  0]LogConfig: Setting CVar [[r.DetailMode:2]]
[2019.07.05-21.23.12:908][  0]LogConfig: Setting CVar [[r.TranslucencyVolumeBlur:1]]
[2019.07.05-21.23.12:908][  0]LogConfig: Setting CVar [[r.MaterialQualityLevel:1 ; High quality]]
[2019.07.05-21.23.12:908][  0]LogConfig: Setting CVar [[r.SSS.Scale:1]]
[2019.07.05-21.23.12:908][  0]LogConfig: Setting CVar [[r.SSS.SampleSet:2]]
[2019.07.05-21.23.12:908][  0]LogConfig: Setting CVar [[r.SSS.Quality:1]]
[2019.07.05-21.23.12:908][  0]LogConfig: Setting CVar [[r.SSS.HalfRes:1]]
[2019.07.05-21.23.12:908][  0]LogConfig: Setting CVar [[r.EmitterSpawnRateScale:1.0]]
[2019.07.05-21.23.12:908][  0]LogConfig: Setting CVar [[r.ParticleLightQuality:2]]
[2019.07.05-21.23.12:908][  0]LogConfig: Applying CVar settings from Section [FoliageQuality@3] File [C:/Users/Nico/Desktop/DescendIntoDarkness/Descend-Into-Darkness/DescendIntoDarkness/Saved/Config/Windows/Scalability.ini]
[2019.07.05-21.23.12:908][  0]LogConfig: Setting CVar [[foliage.DensityScale:1.0]]
[2019.07.05-21.23.12:908][  0]LogConfig: Setting CVar [[grass.DensityScale:1.0]]
[2019.07.05-21.23.12:909][  0]LogInit: Selected Device Profile: [Windows]
[2019.07.05-21.23.12:910][  0]LogInit: Applying CVar settings loaded from the selected device profile: [Windows]
[2019.07.05-21.23.12:955][  0]LogHAL: Display: Platform has ~ 8 GB [8490000384 / 8589934592 / 8], which maps to Default [LargestMinGB=32, LargerMinGB=12, DefaultMinGB=8, SmallerMinGB=6, SmallestMinGB=0)
[2019.07.05-21.23.12:956][  0]LogConfig: Setting CVar [[r.Vulkan.UseRealUBs:0		; Required until we fix HLR fall-out]]
[2019.07.05-21.23.12:956][  0]LogInit: Going up to parent DeviceProfile []
[2019.07.05-21.23.12:956][  0]LogConfig: Applying CVar settings from Section [ViewDistanceQuality@0] File [C:/Users/Nico/Desktop/DescendIntoDarkness/Descend-Into-Darkness/DescendIntoDarkness/Saved/Config/Windows/Scalability.ini]
[2019.07.05-21.23.12:956][  0]LogConfig: Setting CVar [[r.SkeletalMeshLODBias:2]]
[2019.07.05-21.23.12:956][  0]LogConfig: Setting CVar [[r.ViewDistanceScale:0.4]]
[2019.07.05-21.23.12:956][  0]LogConfig: Applying CVar settings from Section [AntiAliasingQuality@0] File [C:/Users/Nico/Desktop/DescendIntoDarkness/Descend-Into-Darkness/DescendIntoDarkness/Saved/Config/Windows/Scalability.ini]
[2019.07.05-21.23.12:957][  0]LogConfig: Setting CVar [[r.PostProcessAAQuality:0]]
[2019.07.05-21.23.12:957][  0]LogConfig: Applying CVar settings from Section [ShadowQuality@0] File [C:/Users/Nico/Desktop/DescendIntoDarkness/Descend-Into-Darkness/DescendIntoDarkness/Saved/Config/Windows/Scalability.ini]
[2019.07.05-21.23.12:957][  0]LogConfig: Setting CVar [[r.LightFunctionQuality:0]]
[2019.07.05-21.23.12:957][  0]LogConfig: Setting CVar [[r.ShadowQuality:0]]
[2019.07.05-21.23.12:957][  0]LogConfig: Setting CVar [[r.Shadow.CSM.MaxCascades:1]]
[2019.07.05-21.23.12:957][  0]LogConfig: Setting CVar [[r.Shadow.MaxResolution:512]]
[2019.07.05-21.23.12:957][  0]LogConfig: Setting CVar [[r.Shadow.MaxCSMResolution:512]]
[2019.07.05-21.23.12:957][  0]LogConfig: Setting CVar [[r.Shadow.RadiusThreshold:0.06]]
[2019.07.05-21.23.12:957][  0]LogConfig: Setting CVar [[r.Shadow.DistanceScale:0.6]]
[2019.07.05-21.23.12:957][  0]LogConfig: Setting CVar [[r.Shadow.CSM.TransitionScale:0]]
[2019.07.05-21.23.12:957][  0]LogConfig: Setting CVar [[r.Shadow.PreShadowResolutionFactor:0.5]]
[2019.07.05-21.23.12:957][  0]LogConfig: Setting CVar [[r.DistanceFieldShadowing:0]]
[2019.07.05-21.23.12:957][  0]LogConfig: Setting CVar [[r.DistanceFieldAO:0]]
[2019.07.05-21.23.12:957][  0]LogConfig: Setting CVar [[r.VolumetricFog:0]]
[2019.07.05-21.23.12:957][  0]LogConfig: Setting CVar [[r.LightMaxDrawDistanceScale:0]]
[2019.07.05-21.23.12:957][  0]LogConfig: Setting CVar [[r.CapsuleShadows:0]]
[2019.07.05-21.23.12:957][  0]LogConfig: Applying CVar settings from Section [PostProcessQuality@0] File [C:/Users/Nico/Desktop/DescendIntoDarkness/Descend-Into-Darkness/DescendIntoDarkness/Saved/Config/Windows/Scalability.ini]
[2019.07.05-21.23.12:957][  0]LogConfig: Setting CVar [[r.MotionBlurQuality:0]]
[2019.07.05-21.23.12:957][  0]LogConfig: Setting CVar [[r.AmbientOcclusionMipLevelFactor:1.0]]
[2019.07.05-21.23.12:957][  0]LogConfig: Setting CVar [[r.AmbientOcclusionMaxQuality:0]]
[2019.07.05-21.23.12:957][  0]LogConfig: Setting CVar [[r.AmbientOcclusionLevels:0]]
[2019.07.05-21.23.12:957][  0]LogConfig: Setting CVar [[r.AmbientOcclusionRadiusScale:1.2]]
[2019.07.05-21.23.12:957][  0]LogConfig: Setting CVar [[r.DepthOfFieldQuality:0]]
[2019.07.05-21.23.12:957][  0]LogConfig: Setting CVar [[r.RenderTargetPoolMin:300]]
[2019.07.05-21.23.12:957][  0]LogConfig: Setting CVar [[r.LensFlareQuality:0]]
[2019.07.05-21.23.12:957][  0]LogConfig: Setting CVar [[r.SceneColorFringeQuality:0]]
[2019.07.05-21.23.12:957][  0]LogConfig: Setting CVar [[r.EyeAdaptationQuality:0]]
[2019.07.05-21.23.12:957][  0]LogConfig: Setting CVar [[r.BloomQuality:4]]
[2019.07.05-21.23.12:957][  0]LogConfig: Setting CVar [[r.FastBlurThreshold:0]]
[2019.07.05-21.23.12:957][  0]LogConfig: Setting CVar [[r.Upscale.Quality:1]]
[2019.07.05-21.23.12:957][  0]LogConfig: Setting CVar [[r.Tonemapper.GrainQuantization:0]]
[2019.07.05-21.23.12:957][  0]LogConfig: Setting CVar [[r.LightShaftQuality:0]]
[2019.07.05-21.23.12:957][  0]LogConfig: Setting CVar [[r.Filter.SizeScale:0.6]]
[2019.07.05-21.23.12:957][  0]LogConfig: Setting CVar [[r.Tonemapper.Quality:0]]
[2019.07.05-21.23.12:957][  0]LogConfig: Applying CVar settings from Section [TextureQuality@0] File [C:/Users/Nico/Desktop/DescendIntoDarkness/Descend-Into-Darkness/DescendIntoDarkness/Saved/Config/Windows/Scalability.ini]
[2019.07.05-21.23.12:957][  0]LogConfig: Setting CVar [[r.Streaming.MipBias:16]]
[2019.07.05-21.23.12:957][  0]LogConfig: Setting CVar [[r.Streaming.AmortizeCPUToGPUCopy:1]]
[2019.07.05-21.23.12:957][  0]LogConfig: Setting CVar [[r.Streaming.MaxNumTexturesToStreamPerFrame:1]]
[2019.07.05-21.23.12:957][  0]LogConfig: Setting CVar [[r.Streaming.Boost:0.3]]
[2019.07.05-21.23.12:957][  0]LogConfig: Setting CVar [[r.MaxAnisotropy:0]]
[2019.07.05-21.23.12:957][  0]LogConfig: Setting CVar [[r.Streaming.LimitPoolSizeToVRAM:1]]
[2019.07.05-21.23.12:957][  0]LogConfig: Setting CVar [[r.Streaming.PoolSize:400]]
[2019.07.05-21.23.12:957][  0]LogConfig: Setting CVar [[r.Streaming.MaxEffectiveScreenSize:0]]
[2019.07.05-21.23.12:957][  0]LogConfig: Applying CVar settings from Section [EffectsQuality@0] File [C:/Users/Nico/Desktop/DescendIntoDarkness/Descend-Into-Darkness/DescendIntoDarkness/Saved/Config/Windows/Scalability.ini]
[2019.07.05-21.23.12:957][  0]LogConfig: Setting CVar [[r.TranslucencyLightingVolumeDim:24]]
[2019.07.05-21.23.12:957][  0]LogConfig: Setting CVar [[r.RefractionQuality:0]]
[2019.07.05-21.23.12:958][  0]LogConfig: Setting CVar [[r.SSR.Quality:0]]
[2019.07.05-21.23.12:958][  0]LogConfig: Setting CVar [[r.SceneColorFormat:3]]
[2019.07.05-21.23.12:958][  0]LogConfig: Setting CVar [[r.DetailMode:0]]
[2019.07.05-21.23.12:958][  0]LogConfig: Setting CVar [[r.TranslucencyVolumeBlur:0]]
[2019.07.05-21.23.12:958][  0]LogConfig: Setting CVar [[r.MaterialQualityLevel:0 ; Low quality]]
[2019.07.05-21.23.12:958][  0]LogConfig: Setting CVar [[r.SSS.Scale:0]]
[2019.07.05-21.23.12:958][  0]LogConfig: Setting CVar [[r.SSS.SampleSet:0]]
[2019.07.05-21.23.12:958][  0]LogConfig: Setting CVar [[r.SSS.Quality:0]]
[2019.07.05-21.23.12:958][  0]LogConfig: Setting CVar [[r.SSS.HalfRes:1]]
[2019.07.05-21.23.12:958][  0]LogConfig: Setting CVar [[r.EmitterSpawnRateScale:0.125]]
[2019.07.05-21.23.12:958][  0]LogConfig: Setting CVar [[r.ParticleLightQuality:0]]
[2019.07.05-21.23.12:958][  0]LogConfig: Applying CVar settings from Section [FoliageQuality@0] File [C:/Users/Nico/Desktop/DescendIntoDarkness/Descend-Into-Darkness/DescendIntoDarkness/Saved/Config/Windows/Scalability.ini]
[2019.07.05-21.23.12:958][  0]LogConfig: Setting CVar [[foliage.DensityScale:0]]
[2019.07.05-21.23.12:958][  0]LogConfig: Setting CVar [[grass.DensityScale:0]]
[2019.07.05-21.23.12:958][  0]LogConfig: Applying CVar settings from Section [Startup] File [../../../Engine/Config/ConsoleVariables.ini]
[2019.07.05-21.23.12:967][  0]LogConfig: Setting CVar [[net.UseAdaptiveNetUpdateFrequency:0]]
[2019.07.05-21.23.12:967][  0]LogConfig: Setting CVar [[p.chaos.AllowCreatePhysxBodies:1]]
[2019.07.05-21.23.12:967][  0]LogConfig: Applying CVar settings from Section [ConsoleVariables] File [C:/Users/Nico/Desktop/DescendIntoDarkness/Descend-Into-Darkness/DescendIntoDarkness/Saved/Config/Windows/Engine.ini]
[2019.07.05-21.23.12:971][  0]LogInit: Computer: NICOLAE-LAPTOP
[2019.07.05-21.23.12:971][  0]LogInit: User: Nico
[2019.07.05-21.23.12:971][  0]LogInit: CPU Page size=4096, Cores=2
[2019.07.05-21.23.12:971][  0]LogInit: High frequency timer resolution =10.000000 MHz
[2019.07.05-21.23.12:971][  0]LogMemory: Memory total: Physical=7.9GB (8GB approx)
[2019.07.05-21.23.12:971][  0]LogMemory: Platform Memory Stats for Windows
[2019.07.05-21.23.12:971][  0]LogMemory: Process Physical Memory: 101.59 MB used, 101.59 MB peak
[2019.07.05-21.23.12:971][  0]LogMemory: Process Virtual Memory: 88.63 MB used, 88.63 MB peak
[2019.07.05-21.23.12:971][  0]LogMemory: Physical Memory: 6633.66 MB used,  1463.04 MB free, 8096.70 MB total
[2019.07.05-21.23.12:971][  0]LogMemory: Virtual Memory: 4680.73 MB used,  134213048.00 MB free, 134217728.00 MB total
[2019.07.05-21.23.13:372][  0]LogInit: Using OS detected language (en-US).
[2019.07.05-21.23.13:372][  0]LogInit: Using OS detected locale (en-US).
[2019.07.05-21.23.13:375][  0]LogTextLocalizationManager: No specific localization for 'en-US' exists, so the 'en' localization will be used.
[2019.07.05-21.23.13:985][  0]LogInit: Setting process to per monitor DPI aware
[2019.07.05-21.23.14:182][  0]LogSlate: New Slate User Created.  User Index 0, Is Virtual User: 0
[2019.07.05-21.23.14:182][  0]LogSlate: Slate User Registered.  User Index 0, Is Virtual User: 0
[2019.07.05-21.23.19:789][  0]LogHMD: Failed to initialize OpenVR with code 110
[2019.07.05-21.23.19:789][  0]LogD3D11RHI: D3D11 adapters:
[2019.07.05-21.23.19:805][  0]LogD3D11RHI:    0. 'Intel(R) HD Graphics 5500' (Feature Level 11_0)
[2019.07.05-21.23.19:805][  0]LogD3D11RHI:       128/0/4048 MB DedicatedVideo/DedicatedSystem/SharedSystem, Outputs:3, VendorId:0x8086
[2019.07.05-21.23.19:809][  0]LogD3D11RHI:    1. 'Microsoft Basic Render Driver' (Feature Level 11_0)
[2019.07.05-21.23.19:809][  0]LogD3D11RHI:       0/0/4048 MB DedicatedVideo/DedicatedSystem/SharedSystem, Outputs:0, VendorId:0x1414
[2019.07.05-21.23.19:812][  0]LogD3D11RHI:    2. 'Microsoft Basic Render Driver' (Feature Level 11_0)
[2019.07.05-21.23.19:813][  0]LogD3D11RHI:       0/0/4048 MB DedicatedVideo/DedicatedSystem/SharedSystem, Outputs:0, VendorId:0x1414
[2019.07.05-21.23.19:816][  0]LogD3D11RHI:    3. 'Microsoft Basic Render Driver' (Feature Level 11_0)
[2019.07.05-21.23.19:816][  0]LogD3D11RHI:       0/0/4048 MB DedicatedVideo/DedicatedSystem/SharedSystem, Outputs:0, VendorId:0x1414
[2019.07.05-21.23.19:816][  0]LogD3D11RHI: Chosen D3D11 Adapter: 0
[2019.07.05-21.23.19:835][  0]LogD3D11RHI: Creating new Direct3DDevice
[2019.07.05-21.23.19:835][  0]LogD3D11RHI:     GPU DeviceId: 0x1616 (for the marketing name, search the web for "GPU Device Id")
[2019.07.05-21.23.19:836][  0]LogWindows: EnumDisplayDevices:
[2019.07.05-21.23.19:836][  0]LogWindows:    0. 'Intel(R) HD Graphics 5500' (P:1 D:1)
[2019.07.05-21.23.19:837][  0]LogWindows:    1. 'Intel(R) HD Graphics 5500' (P:0 D:0)
[2019.07.05-21.23.19:837][  0]LogWindows:    2. 'Intel(R) HD Graphics 5500' (P:0 D:0)
[2019.07.05-21.23.19:838][  0]LogWindows:    3. 'DisplayLink USB Device' (P:0 D:0)
[2019.07.05-21.23.19:838][  0]LogWindows:    4. 'DisplayLink USB Device' (P:0 D:1)
[2019.07.05-21.23.19:838][  0]LogWindows:    5. 'DisplayLink USB Device' (P:0 D:1)
[2019.07.05-21.23.19:839][  0]LogWindows: DebugString: GetVideoDriverDetailsInvalid PrimaryIsNotTheChoosenAdapter GetVideoDriverDetailsInvalid PrimaryIsNotTheChoosenAdapter GetVideoDriverDetailsInvalid PrimaryIsNotTheChoosenAdapter FoundDriverCount:3 
[2019.07.05-21.23.19:839][  0]LogD3D11RHI:     Adapter Name: Intel(R) HD Graphics 5500
[2019.07.05-21.23.19:839][  0]LogD3D11RHI:   Driver Version: 20.19.15.4531 (internal:20.19.15.4531, unified:20.19.15.4531)
[2019.07.05-21.23.19:839][  0]LogD3D11RHI:      Driver Date: 9-29-2016
[2019.07.05-21.23.19:839][  0]LogRHI: Texture pool is 1506 MB (70% of 2152 MB)
[2019.07.05-21.23.19:846][  0]LogD3D11RHI: Async texture creation enabled
[2019.07.05-21.23.19:871][  0]LogRendererCore: FGlobalReadBuffer::InitRHI
[2019.07.05-21.23.19:874][  0]LogRendererCore: FGlobalReadBuffer::InitRHI
[2019.07.05-21.23.19:874][  0]LogRendererCore: FGlobalReadBuffer::InitRHI
[2019.07.05-21.23.19:885][  0]LogD3D11RHI: GPU Timing Frequency: 12.500000 (Debug: 2 0)
[2019.07.05-21.23.20:787][  0]LogTemp: Display: Module 'AllDesktopTargetPlatform' loaded TargetPlatform 'AllDesktop'
[2019.07.05-21.23.20:819][  0]LogTemp: Display: Module 'MacClientTargetPlatform' loaded TargetPlatform 'MacClient'
[2019.07.05-21.23.20:850][  0]LogTemp: Display: Module 'MacNoEditorTargetPlatform' loaded TargetPlatform 'MacNoEditor'
[2019.07.05-21.23.20:882][  0]LogTemp: Display: Module 'MacServerTargetPlatform' loaded TargetPlatform 'MacServer'
[2019.07.05-21.23.20:921][  0]LogTemp: Display: Module 'MacTargetPlatform' loaded TargetPlatform 'Mac'
[2019.07.05-21.23.20:952][  0]LogTemp: Display: Module 'WindowsClientTargetPlatform' loaded TargetPlatform 'WindowsClient'
[2019.07.05-21.23.20:986][  0]LogTemp: Display: Module 'WindowsNoEditorTargetPlatform' loaded TargetPlatform 'WindowsNoEditor'
[2019.07.05-21.23.21:017][  0]LogTemp: Display: Module 'WindowsServerTargetPlatform' loaded TargetPlatform 'WindowsServer'
[2019.07.05-21.23.21:030][  0]LogTemp: Display: Module 'WindowsTargetPlatform' loaded TargetPlatform 'Windows'
[2019.07.05-21.23.21:222][  0]LogTemp: Display: Module 'AndroidTargetPlatform' loaded TargetPlatform 'Android'
[2019.07.05-21.23.21:222][  0]LogTemp: Display: Module 'AndroidTargetPlatform' loaded TargetPlatform 'Android_ASTC'
[2019.07.05-21.23.21:222][  0]LogTemp: Display: Module 'AndroidTargetPlatform' loaded TargetPlatform 'Android_ATC'
[2019.07.05-21.23.21:222][  0]LogTemp: Display: Module 'AndroidTargetPlatform' loaded TargetPlatform 'Android_DXT'
[2019.07.05-21.23.21:222][  0]LogTemp: Display: Module 'AndroidTargetPlatform' loaded TargetPlatform 'Android_ETC1'
[2019.07.05-21.23.21:222][  0]LogTemp: Display: Module 'AndroidTargetPlatform' loaded TargetPlatform 'Android_ETC1a'
[2019.07.05-21.23.21:222][  0]LogTemp: Display: Module 'AndroidTargetPlatform' loaded TargetPlatform 'Android_ETC2'
[2019.07.05-21.23.21:222][  0]LogTemp: Display: Module 'AndroidTargetPlatform' loaded TargetPlatform 'Android_PVRTC'
[2019.07.05-21.23.21:222][  0]LogTemp: Display: Module 'AndroidTargetPlatform' loaded TargetPlatform 'AndroidClient'
[2019.07.05-21.23.21:222][  0]LogTemp: Display: Module 'AndroidTargetPlatform' loaded TargetPlatform 'Android_ASTCClient'
[2019.07.05-21.23.21:222][  0]LogTemp: Display: Module 'AndroidTargetPlatform' loaded TargetPlatform 'Android_ATCClient'
[2019.07.05-21.23.21:222][  0]LogTemp: Display: Module 'AndroidTargetPlatform' loaded TargetPlatform 'Android_DXTClient'
[2019.07.05-21.23.21:222][  0]LogTemp: Display: Module 'AndroidTargetPlatform' loaded TargetPlatform 'Android_ETC1Client'
[2019.07.05-21.23.21:222][  0]LogTemp: Display: Module 'AndroidTargetPlatform' loaded TargetPlatform 'Android_ETC1aClient'
[2019.07.05-21.23.21:222][  0]LogTemp: Display: Module 'AndroidTargetPlatform' loaded TargetPlatform 'Android_ETC2Client'
[2019.07.05-21.23.21:222][  0]LogTemp: Display: Module 'AndroidTargetPlatform' loaded TargetPlatform 'Android_PVRTCClient'
[2019.07.05-21.23.21:222][  0]LogTemp: Display: Module 'AndroidTargetPlatform' loaded TargetPlatform 'Android_Multi'
[2019.07.05-21.23.21:222][  0]LogTemp: Display: Module 'AndroidTargetPlatform' loaded TargetPlatform 'Android_MultiClient'
[2019.07.05-21.23.21:230][  0]LogTemp: Display: Module 'HTML5TargetPlatform' loaded TargetPlatform 'HTML5'
[2019.07.05-21.23.21:348][  0]LogTemp: Display: Module 'IOSTargetPlatform' loaded TargetPlatform 'IOSClient'
[2019.07.05-21.23.21:348][  0]LogTemp: Display: Module 'IOSTargetPlatform' loaded TargetPlatform 'IOS'
[2019.07.05-21.23.21:423][  0]LogTemp: Display: Module 'TVOSTargetPlatform' loaded TargetPlatform 'TVOSClient'
[2019.07.05-21.23.21:423][  0]LogTemp: Display: Module 'TVOSTargetPlatform' loaded TargetPlatform 'TVOS'
[2019.07.05-21.23.21:468][  0]LogTemp: Display: Module 'LinuxClientTargetPlatform' loaded TargetPlatform 'LinuxClient'
[2019.07.05-21.23.21:509][  0]LogTemp: Display: Module 'LinuxNoEditorTargetPlatform' loaded TargetPlatform 'LinuxNoEditor'
[2019.07.05-21.23.21:550][  0]LogTemp: Display: Module 'LinuxServerTargetPlatform' loaded TargetPlatform 'LinuxServer'
[2019.07.05-21.23.21:620][  0]LogTemp: Display: Module 'LinuxTargetPlatform' loaded TargetPlatform 'Linux'
[2019.07.05-21.23.21:747][  0]LogTemp: Display: Module 'LuminTargetPlatform' loaded TargetPlatform 'Lumin'
[2019.07.05-21.23.21:747][  0]LogTemp: Display: Module 'LuminTargetPlatform' loaded TargetPlatform 'LuminClient'
[2019.07.05-21.23.21:747][  0]LogTargetPlatformManager: Display: Building Assets For Windows
[2019.07.05-21.23.21:858][  0]LogAudioDebug: Display: Lib vorbis DLL was dynamically loaded.
[2019.07.05-21.23.22:166][  0]LogShaderCompilers: Guid format shader working directory is -54 characters bigger than the processId version (../../../../../../Users/Nico/Desktop/DescendIntoDarkness/Descend-Into-Darkness/DescendIntoDarkness/Intermediate/Shaders/WorkingDirectory/28468/).
[2019.07.05-21.23.22:166][  0]LogShaderCompilers: Cleaned the shader compiler working directory 'C:/Users/Nico/AppData/Local/Temp/UnrealShaderWorkingDir/2B25FD204F9DD0CE8F0F65886B0FD09A/'.
[2019.07.05-21.23.22:173][  0]LogXGEController: Cannot use XGE Controller as Incredibuild is not installed on this machine.
[2019.07.05-21.23.22:173][  0]LogShaderCompilers: Cannot use XGE Shader Compiler as Incredibuild is not installed on this machine.
[2019.07.05-21.23.22:173][  0]LogShaderCompilers: Display: Using Local Shader Compiler.
[2019.07.05-21.23.27:659][  0]LogDerivedDataCache: Display: Max Cache Size: 512 MB
[2019.07.05-21.23.27:963][  0]LogDerivedDataCache: Loaded boot cache 0.30s 71MB C:/Users/Nico/AppData/Local/UnrealEngine/4.22/DerivedDataCache/Boot.ddc.
[2019.07.05-21.23.27:963][  0]LogDerivedDataCache: Display: Loaded Boot cache: C:/Users/Nico/AppData/Local/UnrealEngine/4.22/DerivedDataCache/Boot.ddc
[2019.07.05-21.23.27:963][  0]LogDerivedDataCache: FDerivedDataBackendGraph:  Pak pak cache file ../../../../../../Users/Nico/Desktop/DescendIntoDarkness/Descend-Into-Darkness/DescendIntoDarkness/DerivedDataCache/DDC.ddp not found, will not use a pak cache.
[2019.07.05-21.23.27:963][  0]LogDerivedDataCache: Unable to find inner node Pak for hierarchical cache Hierarchy.
[2019.07.05-21.23.27:963][  0]LogDerivedDataCache: FDerivedDataBackendGraph:  CompressedPak pak cache file ../../../../../../Users/Nico/Desktop/DescendIntoDarkness/Descend-Into-Darkness/DescendIntoDarkness/DerivedDataCache/Compressed.ddp not found, will not use a pak cache.
[2019.07.05-21.23.27:964][  0]LogDerivedDataCache: Unable to find inner node CompressedPak for hierarchical cache Hierarchy.
[2019.07.05-21.23.28:005][  0]LogDerivedDataCache: Display: Pak cache opened for reading ../../../Engine/DerivedDataCache/Compressed.ddp.
[2019.07.05-21.23.28:005][  0]LogDerivedDataCache: FDerivedDataBackendGraph:  EnterprisePak pak cache file ../../../Enterprise/DerivedDataCache/Compressed.ddp not found, will not use a pak cache.
[2019.07.05-21.23.28:005][  0]LogDerivedDataCache: Unable to find inner node EnterprisePak for hierarchical cache Hierarchy.
[2019.07.05-21.23.28:018][  0]LogDerivedDataCache: Using Local data cache path C:/Users/Nico/AppData/Local/UnrealEngine/Common/DerivedDataCache: Writable
[2019.07.05-21.23.28:018][  0]LogDerivedDataCache: Shared data cache path not found in *engine.ini, will not use an Shared cache.
[2019.07.05-21.23.28:018][  0]LogDerivedDataCache: Unable to find inner node Shared for hierarchical cache Hierarchy.
[2019.07.05-21.23.28:101][  0]LogMaterial: Verifying Global Shaders for PCD3D_SM5
[2019.07.05-21.23.28:111][  0]LogSlate: Using FreeType 2.6.0
[2019.07.05-21.23.28:160][  0]LogSlate: SlateFontServices - WITH_FREETYPE: 1, WITH_HARFBUZZ: 1
[2019.07.05-21.23.29:066][  0]LogAssetRegistry: FAssetRegistry took 0.0521 seconds to start up
[2019.07.05-21.23.30:557][  0]LogInit: Selected Device Profile: [Windows]
[2019.07.05-21.23.31:301][  0]LogMeshReduction: Using QuadricMeshReduction for automatic static mesh reduction
[2019.07.05-21.23.31:301][  0]LogMeshReduction: Using SimplygonMeshReduction for automatic skeletal mesh reduction
[2019.07.05-21.23.31:301][  0]LogMeshReduction: Using ProxyLODMeshReduction for automatic mesh merging
[2019.07.05-21.23.31:301][  0]LogMeshReduction: No distributed automatic mesh merging module available
[2019.07.05-21.23.31:302][  0]LogMeshMerging: No distributed automatic mesh merging module available
[2019.07.05-21.23.31:424][  0]LogNetVersion: DescendIntoDarkness 1.0.0, NetCL: 5660361, EngineNetVer: 10, GameNetVer: 0 (Checksum: 1140046260)
[2019.07.05-21.23.33:951][  0]LogPackageLocalizationCache: Processed 10 localized package path(s) for 1 prioritized culture(s) in 0.102449 seconds
[2019.07.05-21.23.33:971][  0]LogUObjectArray: 42205 objects as part of root set at end of initial load.
[2019.07.05-21.23.33:971][  0]LogUObjectAllocator: 7325032 out of 0 bytes used by permanent object pool.
[2019.07.05-21.23.33:971][  0]LogUObjectArray: CloseDisregardForGC: 0/0 objects in disregard for GC pool
[2019.07.05-21.23.44:310][  0]LogTcpMessaging: Initializing TcpMessaging bridge
[2019.07.05-21.23.44:331][  0]LogUdpMessaging: Initializing bridge on interface 0.0.0.0:0 to multicast group 230.0.0.1:6666.
[2019.07.05-21.23.44:511][  0]LogLinker: Warning: Can't find file '/Game/SideScrollerCPP/Blueprints/SideScrollerCharacter'
[2019.07.05-21.23.44:511][  0]LogLinker: Warning: Can't find file '/Game/SideScrollerCPP/Blueprints/SideScrollerCharacter'
[2019.07.05-21.23.44:512][  0]LogUObjectGlobals: Warning: Failed to find object 'Class /Game/SideScrollerCPP/Blueprints/SideScrollerCharacter.SideScrollerCharacter_C'
[2019.07.05-21.23.44:512][  0]Error: CDO Constructor (DescendIntoDarknessGameMode): Failed to find /Game/SideScrollerCPP/Blueprints/SideScrollerCharacter.SideScrollerCharacter_C

[2019.07.05-21.23.44:512][  0]LogUObjectBase: Warning: -------------- Default Property warnings and errors:
[2019.07.05-21.23.44:512][  0]LogUObjectBase: Warning: Error: CDO Constructor (DescendIntoDarknessGameMode): Failed to find /Game/SideScrollerCPP/Blueprints/SideScrollerCharacter.SideScrollerCharacter_C

[2019.07.05-21.23.46:077][  0]LogWindowsTextInputMethodSystem: Display: IME system now deactivated.
[2019.07.05-21.23.46:079][  0]LogWindowsTextInputMethodSystem: Display: IME system now deactivated.
[2019.07.05-21.23.46:209][  0]SourceControl: Source control is disabled
[2019.07.05-21.23.46:209][  0]SourceControl: Source control is disabled
[2019.07.05-21.23.46:220][  0]SourceControl: Source control is disabled
[2019.07.05-21.23.46:228][  0]SourceControl: Source control is disabled
[2019.07.05-21.23.46:543][  0]LogAndroidPermission: UAndroidPermissionCallbackProxy::GetInstance
[2019.07.05-21.23.46:761][  0]LogOcInput: OculusInput pre-init called
[2019.07.05-21.23.48:867][  0]LogEngine: Initializing Engine...
[2019.07.05-21.23.48:874][  0]LogHMD: Failed to initialize OpenVR with code 110
[2019.07.05-21.23.48:881][  0]LogStats: UGameplayTagsManager::InitializeManager -  0.001 s
[2019.07.05-21.23.50:068][  0]LogInit: Initializing FReadOnlyCVARCache
[2019.07.05-21.23.50:172][  0]LogAIModule: Creating AISystem for world Untitled
[2019.07.05-21.23.50:222][  0]LogInit: XAudio2 using 'Speakers (Intel® Smart Sound Technology (Intel® SST))' : 2 channels at 48 kHz using 16 bits per sample (channel mask 0x3)
[2019.07.05-21.23.50:262][  0]LogInit: FAudioDevice initialized.
[2019.07.05-21.23.50:262][  0]LogNetVersion: Set ProjectVersion to 1.0.0.0. Version Checksum will be recalculated on next use.
[2019.07.05-21.23.50:613][  0]LogDerivedDataCache: Saved boot cache 0.35s 71MB C:/Users/Nico/AppData/Local/UnrealEngine/4.22/DerivedDataCache/Boot.ddc.
[2019.07.05-21.23.50:648][  0]LogInit: Texture streaming: Enabled
[2019.07.05-21.23.50:775][  0]LogEngineSessionManager: EngineSessionManager initialized
[2019.07.05-21.23.50:878][  0]LogInit: Transaction tracking system initialized
[2019.07.05-21.23.50:998][  0]BlueprintLog: New page: Editor Load
[2019.07.05-21.23.51:449][  0]LocalizationService: Localization service is disabled
[2019.07.05-21.23.54:833][  0]LogFileCache: Scanning file cache for directory 'C:/Users/Nico/Desktop/DescendIntoDarkness/Descend-Into-Darkness/DescendIntoDarkness/Content/' took 0.02s
[2019.07.05-21.23.54:834][  0]LogCook: Display: Max memory allowance for cook 16384mb min free memory 0mb
[2019.07.05-21.23.54:835][  0]LogCook: Display: Mobile HDR setting 1
[2019.07.05-21.23.56:097][  0]SourceControl: Source control is disabled
[2019.07.05-21.23.56:099][  0]LogEditorServer: Warning: Can't find file '../../../../../../Users/Nico/Desktop/DescendIntoDarkness/Descend-Into-Darkness/DescendIntoDarkness/Content/SideScrollerCPP/Maps/SideScrollerExampleMap.umap'
[2019.07.05-21.23.56:100][  0]Cmd: MAP CHECKDEP NOCLEARLOG
[2019.07.05-21.23.56:103][  0]MapCheck: Map check complete: 0 Error(s), 0 Warning(s), took 1.371ms to complete.
[2019.07.05-21.23.56:103][  0]LogFileHelpers: Loading map 'SideScrollerExampleMap' took 0.006
[2019.07.05-21.23.56:534][  0]LogSlate: Updating window title bar state: overlay mode, drag disabled, window buttons hidden, title bar hidden
[2019.07.05-21.23.56:561][  0]LogSlate: Updating window title bar state: overlay mode, drag disabled, window buttons hidden, title bar hidden
[2019.07.05-21.23.56:587][  0]LogSlate: Updating window title bar state: overlay mode, drag disabled, window buttons hidden, title bar hidden
[2019.07.05-21.23.56:606][  0]LogSlate: Updating window title bar state: overlay mode, drag disabled, window buttons hidden, title bar hidden
[2019.07.05-21.23.56:647][  0]LogCollectionManager: Loaded 0 collections in 0.006362 seconds
[2019.07.05-21.23.56:714][  0]LogFileCache: Scanning file cache for directory 'C:/Users/Nico/Desktop/DescendIntoDarkness/Descend-Into-Darkness/DescendIntoDarkness/Saved/Collections/' took 0.01s
[2019.07.05-21.23.56:715][  0]LogFileCache: Scanning file cache for directory 'C:/Users/Nico/Desktop/DescendIntoDarkness/Descend-Into-Darkness/DescendIntoDarkness/Content/Developers/Nico/Collections/' took 0.01s
[2019.07.05-21.23.56:715][  0]LogFileCache: Scanning file cache for directory 'C:/Users/Nico/Desktop/DescendIntoDarkness/Descend-Into-Darkness/DescendIntoDarkness/Content/Collections/' took 0.00s
[2019.07.05-21.23.56:715][  0]LogCollectionManager: Rebuilt the GUID cache for 0 collections in 0.000001 seconds
[2019.07.05-21.23.56:734][  0]LogContentBrowser: Native class hierarchy populated in 0.0180 seconds. Added 2737 classes and 663 folders.
[2019.07.05-21.23.56:756][  0]LogContentBrowser: Native class hierarchy updated for 'WidgetCarousel' in 0.0010 seconds. Added 0 classes and 0 folders.
[2019.07.05-21.23.56:779][  0]LogPakFile: Registered encryption key '00000000000000000000000000000000': 0 pak files mounted, 0 remain pending
[2019.07.05-21.23.56:794][  0]LogPakFile: Registered encryption key '00000000000000000000000000000000': 0 pak files mounted, 0 remain pending
[2019.07.05-21.23.56:830][  0]LogPakFile: Registered encryption key '00000000000000000000000000000000': 0 pak files mounted, 0 remain pending
[2019.07.05-21.23.56:845][  0]LogPakFile: Registered encryption key '00000000000000000000000000000000': 0 pak files mounted, 0 remain pending
[2019.07.05-21.23.56:856][  0]LogPakFile: Registered encryption key '00000000000000000000000000000000': 0 pak files mounted, 0 remain pending
[2019.07.05-21.23.56:867][  0]LogPakFile: Registered encryption key '00000000000000000000000000000000': 0 pak files mounted, 0 remain pending
[2019.07.05-21.23.56:880][  0]LogPakFile: Registered encryption key '00000000000000000000000000000000': 0 pak files mounted, 0 remain pending
[2019.07.05-21.23.56:889][  0]LogPakFile: Registered encryption key '00000000000000000000000000000000': 0 pak files mounted, 0 remain pending
[2019.07.05-21.23.56:901][  0]LogPakFile: Registered encryption key '00000000000000000000000000000000': 0 pak files mounted, 0 remain pending
[2019.07.05-21.23.56:915][  0]LogPakFile: Registered encryption key '00000000000000000000000000000000': 0 pak files mounted, 0 remain pending
[2019.07.05-21.23.56:923][  0]LogPakFile: Registered encryption key '00000000000000000000000000000000': 0 pak files mounted, 0 remain pending
[2019.07.05-21.23.56:931][  0]LogPakFile: Registered encryption key '00000000000000000000000000000000': 0 pak files mounted, 0 remain pending
[2019.07.05-21.23.56:944][  0]LogPakFile: Registered encryption key '00000000000000000000000000000000': 0 pak files mounted, 0 remain pending
[2019.07.05-21.23.56:953][  0]LogPakFile: Registered encryption key '00000000000000000000000000000000': 0 pak files mounted, 0 remain pending
[2019.07.05-21.23.56:962][  0]LogPakFile: Registered encryption key '00000000000000000000000000000000': 0 pak files mounted, 0 remain pending
[2019.07.05-21.23.56:969][  0]LogPakFile: Registered encryption key '00000000000000000000000000000000': 0 pak files mounted, 0 remain pending
[2019.07.05-21.23.57:022][  0]LogPakFile: Registered encryption key '00000000000000000000000000000000': 0 pak files mounted, 0 remain pending
[2019.07.05-21.23.57:032][  0]LogPakFile: Registered encryption key '00000000000000000000000000000000': 0 pak files mounted, 0 remain pending
[2019.07.05-21.23.57:044][  0]LogPakFile: Registered encryption key '00000000000000000000000000000000': 0 pak files mounted, 0 remain pending
[2019.07.05-21.23.57:054][  0]LogPakFile: Registered encryption key '00000000000000000000000000000000': 0 pak files mounted, 0 remain pending
[2019.07.05-21.23.57:066][  0]LogPakFile: Registered encryption key '00000000000000000000000000000000': 0 pak files mounted, 0 remain pending
[2019.07.05-21.23.57:079][  0]LogPakFile: Registered encryption key '00000000000000000000000000000000': 0 pak files mounted, 0 remain pending
[2019.07.05-21.23.57:094][  0]LogPakFile: Registered encryption key '00000000000000000000000000000000': 0 pak files mounted, 0 remain pending
[2019.07.05-21.23.57:106][  0]LogPakFile: Registered encryption key '00000000000000000000000000000000': 0 pak files mounted, 0 remain pending
[2019.07.05-21.23.57:124][  0]LogPakFile: Registered encryption key '00000000000000000000000000000000': 0 pak files mounted, 0 remain pending
[2019.07.05-21.23.57:137][  0]LogPakFile: Registered encryption key '00000000000000000000000000000000': 0 pak files mounted, 0 remain pending
[2019.07.05-21.23.57:599][  0]LogContentBrowser: Native class hierarchy updated for 'AddContentDialog' in 0.0008 seconds. Added 0 classes and 0 folders.
[2019.07.05-21.24.00:898][  0]LogSlate: Only BGRA pngs, bmps or icos are supported in by External Image Picker
[2019.07.05-21.24.01:007][  0]LogSlate: Took 0.015794 seconds to synchronously load lazily loaded font '../../../Engine/Content/Slate/Fonts/Roboto-Regular.ttf' (155K)
[2019.07.05-21.24.01:049][  0]LogSlate: Took 0.021465 seconds to synchronously load lazily loaded font '../../../Engine/Content/Slate/Fonts/Roboto-Bold.ttf' (160K)
[2019.07.05-21.24.01:077][  0]LogSlate: Took 0.019741 seconds to synchronously load lazily loaded font '../../../Engine/Content/Editor/Slate/Fonts/FontAwesome.ttf' (139K)
[2019.07.05-21.24.01:390][  0]LogRenderer: Reallocating scene render targets to support 764x288 Format 9 NumSamples 1 (Frame:1).
[2019.07.05-21.24.02:186][  0]LogContentBrowser: Native class hierarchy updated for 'HierarchicalLODOutliner' in 0.0008 seconds. Added 0 classes and 0 folders.
[2019.07.05-21.24.02:187][  0]LogLoad: (Engine Initialization) Total time: 260.70 seconds
[2019.07.05-21.24.02:187][  0]LogLoad: (Engine Initialization) Total Blueprint compile time: 0.00 seconds
[2019.07.05-21.24.03:062][  0]LogContentStreaming: Texture pool size now 400 MB
[2019.07.05-21.24.03:292][  1]LogAssetRegistry: Asset discovery search completed in 34.2499 seconds
[2019.07.05-21.24.03:302][  1]LogCollectionManager: Rebuilt the object cache for 0 collections in 0.000000 seconds (found 0 objects)
[2019.07.05-21.24.03:302][  1]LogCollectionManager: Fixed up redirectors for 0 collections in 0.000466 seconds (updated 0 objects)
[2019.07.05-21.24.03:493][  2]LogSlate: Took 0.011621 seconds to synchronously load lazily loaded font '../../../Engine/Content/Slate/Fonts/Roboto-Light.ttf' (167K)
[2019.07.05-21.24.05:795][ 93]LogSlate: FSceneViewport::OnFocusLost() reason 0
[2019.07.05-21.24.20:343][384]LogAIModule: Creating AISystem for world Test_Scene
[2019.07.05-21.24.20:451][384]LogAssetEditorManager: Opening Asset editor for World /Game/Maps/Test_Scene.Test_Scene
[2019.07.05-21.24.20:531][384]LogUObjectHash: Compacting FUObjectHashTables data took   5.36ms
[2019.07.05-21.24.20:538][384]Cmd: MAP LOAD FILE="../../../../../../Users/Nico/Desktop/DescendIntoDarkness/Descend-Into-Darkness/DescendIntoDarkness/Content/Maps/Test_Scene.umap" TEMPLATE=0 SHOWPROGRESS=1 FEATURELEVEL=3
[2019.07.05-21.24.20:539][384]LightingResults: New page: Lighting Build
[2019.07.05-21.24.20:550][384]LogContentBrowser: Native class hierarchy updated for 'StatsViewer' in 0.0009 seconds. Added 5 classes and 0 folders.
[2019.07.05-21.24.20:553][384]LoadErrors: New page: Loading map: Test_Scene.umap
[2019.07.05-21.24.20:564][384]MapCheck: New page: Map Check
[2019.07.05-21.24.20:564][384]LightingResults: New page: Lighting Build
[2019.07.05-21.24.20:632][384]LogUObjectHash: Compacting FUObjectHashTables data took   4.65ms
[2019.07.05-21.24.20:723][384]LogEditorServer: Finished looking for orphan Actors (0.000 secs)
[2019.07.05-21.24.20:803][384]LogUObjectHash: Compacting FUObjectHashTables data took   3.11ms
[2019.07.05-21.24.21:058][384]Cmd: MAP CHECKDEP NOCLEARLOG
[2019.07.05-21.24.21:079][384]MapCheck: Map check complete: 0 Error(s), 0 Warning(s), took 21.111ms to complete.
[2019.07.05-21.24.21:079][384]LogFileHelpers: Loading map 'Test_Scene' took 0.543
[2019.07.05-21.24.30:727][431]LogEditorViewport: Clicking on Actor (context menu): StaticMeshActor (Back Underground Wall)
[2019.07.05-21.24.31:459][431]LogSlate: FSceneViewport::OnFocusLost() reason 2
[2019.07.05-21.24.31:483][431]LogEditorViewport: Clicking on Actor (context menu): StaticMeshActor (Back Underground Wall)
[2019.07.05-21.24.31:566][431]LogSlate: FSceneViewport::OnFocusLost() reason 2
[2019.07.05-21.24.52:061][857]LogTemp: Repeating last play command: Selected Viewport
[2019.07.05-21.24.52:198][857]LogBlueprintUserMessages: Early PlayInEditor Detection: Level '/Game/Maps/Test_Scene.Test_Scene:PersistentLevel' has LevelScriptBlueprint '/Game/Maps/Test_Scene.Test_Scene:PersistentLevel.Test_Scene' with GeneratedClass '/Game/Maps/Test_Scene.Test_Scene_C' with ClassGeneratedBy '/Game/Maps/Test_Scene.Test_Scene:PersistentLevel.Test_Scene'
[2019.07.05-21.24.52:199][857]LogPlayLevel: PlayLevel: No blueprints needed recompiling
[2019.07.05-21.24.52:201][857]PIE: New page: PIE session: Test_Scene (Jul 5, 2019, 7:24:52 AM)
[2019.07.05-21.24.52:393][857]LogPlayLevel: Creating play world package: /Game/Maps/UEDPIE_0_Test_Scene
[2019.07.05-21.24.52:457][857]LogPlayLevel: PIE: StaticDuplicateObject took: (0.063331s)
[2019.07.05-21.24.52:459][857]LogAIModule: Creating AISystem for world Test_Scene
[2019.07.05-21.24.52:462][857]LogPlayLevel: PIE: World Init took: (0.004862s)
[2019.07.05-21.24.52:462][857]LogPlayLevel: PIE: Created PIE world by copying editor world from /Game/Maps/Test_Scene.Test_Scene to /Game/Maps/UEDPIE_0_Test_Scene.Test_Scene (0.068847s)
[2019.07.05-21.24.52:520][857]LogUObjectHash: Compacting FUObjectHashTables data took   2.19ms
[2019.07.05-21.24.52:546][857]LogInit: XAudio2 using 'Speakers (Intel® Smart Sound Technology (Intel® SST))' : 2 channels at 48 kHz using 16 bits per sample (channel mask 0x3)
[2019.07.05-21.24.52:573][857]LogInit: FAudioDevice initialized.
[2019.07.05-21.24.52:576][857]LogSlate: FSceneViewport::OnFocusLost() reason 2
[2019.07.05-21.24.52:623][857]LogLoad: Game class is 'DescendIntoDarknessGameMode'
[2019.07.05-21.24.52:640][857]LogWorld: Bringing World /Game/Maps/UEDPIE_0_Test_Scene.Test_Scene up for play (max tick rate 60) at 2019.07.05-14.24.52
[2019.07.05-21.24.52:645][857]LogWorld: Bringing up level for play took: 0.009493
[2019.07.05-21.24.52:689][857]LogContentBrowser: Native class hierarchy updated for 'MovieSceneCapture' in 0.0015 seconds. Added 20 classes and 0 folders.
[2019.07.05-21.24.52:700][857]PIE: Play in editor start time for /Game/Maps/UEDPIE_0_Test_Scene 1.443
[2019.07.05-21.24.52:701][857]LogBlueprintUserMessages: Late PlayInEditor Detection: Level '/Game/Maps/Test_Scene.Test_Scene:PersistentLevel' has LevelScriptBlueprint '/Game/Maps/Test_Scene.Test_Scene:PersistentLevel.Test_Scene' with GeneratedClass '/Game/Maps/Test_Scene.Test_Scene_C' with ClassGeneratedBy '/Game/Maps/Test_Scene.Test_Scene:PersistentLevel.Test_Scene'
[2019.07.05-21.25.20:967][571]LogBlueprintUserMessages: Early EndPlayMap Detection: Level '/Game/Maps/Test_Scene.Test_Scene:PersistentLevel' has LevelScriptBlueprint '/Game/Maps/Test_Scene.Test_Scene:PersistentLevel.Test_Scene' with GeneratedClass '/Game/Maps/Test_Scene.Test_Scene_C' with ClassGeneratedBy '/Game/Maps/Test_Scene.Test_Scene:PersistentLevel.Test_Scene'
[2019.07.05-21.25.20:976][571]LogSlate: Updating window title bar state: overlay mode, drag disabled, window buttons hidden, title bar hidden
[2019.07.05-21.25.21:033][571]LogPlayLevel: Display: Shutting down PIE online subsystems
[2019.07.05-21.25.21:035][571]LogBlueprintUserMessages: Late EndPlayMap Detection: Level '/Game/Maps/Test_Scene.Test_Scene:PersistentLevel' has LevelScriptBlueprint '/Game/Maps/Test_Scene.Test_Scene:PersistentLevel.Test_Scene' with GeneratedClass '/Game/Maps/Test_Scene.Test_Scene_C' with ClassGeneratedBy '/Game/Maps/Test_Scene.Test_Scene:PersistentLevel.Test_Scene'
[2019.07.05-21.25.21:106][571]LogSlate: Updating window title bar state: overlay mode, drag disabled, window buttons hidden, title bar hidden
[2019.07.05-21.25.21:125][571]LogUObjectHash: Compacting FUObjectHashTables data took   2.77ms
[2019.07.05-21.25.21:171][572]LogPlayLevel: Display: Destroying online subsystem :Context_3
[2019.07.05-21.26.05:590][627]LogEditorViewport: Clicking on Actor (LMB): StaticMeshActor (Platform)
[2019.07.05-21.26.43:938][253]LogSlate: FSceneViewport::OnFocusLost() reason 2
[2019.07.05-21.26.45:452][287]LogSlate: FSceneViewport::OnFocusLost() reason 0
[2019.07.05-21.26.45:647][291]LogUObjectHash: Compacting FUObjectHashTables data took   1.69ms
[2019.07.05-21.26.45:933][291]LogSlate: Window 'DescendIntoDarkness - Unreal Editor' being destroyed
[2019.07.05-21.26.45:937][291]LogWindowsTextInputMethodSystem: Display: IME system now deactivated.
[2019.07.05-21.26.46:817][292]Cmd: QUIT_EDITOR
[2019.07.05-21.26.47:788][292]LogExit: Preparing to exit.
[2019.07.05-21.26.49:207][292]LogExit: Editor shut down
[2019.07.05-21.26.49:207][292]LogExit: Transaction tracking system shut down
[2019.07.05-21.26.50:437][292]LogExit: Object subsystem successfully closed.
[2019.07.05-21.26.50:564][292]LogShaderCompilers: Display: Shaders left to compile 0
[2019.07.05-21.26.50:614][292]LogD3D11RHI: Shutdown
[2019.07.05-21.26.50:614][292]LogD3D11RHI: CleanupD3DDevice
[2019.07.05-21.26.50:639][292]LogRendererCore: FGlobalReadBuffer::ReleaseRHI
[2019.07.05-21.26.50:639][292]LogRendererCore: FGlobalDynamicReadBuffer::Cleanup()
[2019.07.05-21.26.50:640][292]LogRendererCore: FGlobalReadBuffer::ReleaseRHI
[2019.07.05-21.26.50:640][292]LogRendererCore: FGlobalDynamicReadBuffer::Cleanup()
[2019.07.05-21.26.50:640][292]LogRendererCore: FGlobalReadBuffer::ReleaseRHI
[2019.07.05-21.26.50:640][292]LogRendererCore: FGlobalDynamicReadBuffer::Cleanup()
[2019.07.05-21.26.51:329][292]LogD3D11RHI: ~FD3D11DynamicRHI
[2019.07.05-21.26.51:498][292]LogModuleManager: Shutting down and abandoning module MovieSceneCapture (650)
[2019.07.05-21.26.51:498][292]LogModuleManager: Shutting down and abandoning module Voice (648)
[2019.07.05-21.26.51:499][292]LogModuleManager: Shutting down and abandoning module StatsViewer (646)
[2019.07.05-21.26.51:499][292]LogModuleManager: Shutting down and abandoning module HierarchicalLODOutliner (644)
[2019.07.05-21.26.51:499][292]LogModuleManager: Shutting down and abandoning module ExternalImagePicker (642)
[2019.07.05-21.26.51:499][292]LogModuleManager: Shutting down and abandoning module AddContentDialog (640)
[2019.07.05-21.26.51:501][292]LogModuleManager: Shutting down and abandoning module WidgetCarousel (639)
[2019.07.05-21.26.51:501][292]LogModuleManager: Shutting down and abandoning module EditorWidgets (636)
[2019.07.05-21.26.51:501][292]LogModuleManager: Shutting down and abandoning module CollectionManager (634)
[2019.07.05-21.26.51:504][292]LogModuleManager: Shutting down and abandoning module SceneOutliner (632)
[2019.07.05-21.26.51:504][292]LogModuleManager: Shutting down and abandoning module FoliageEdit (630)
[2019.07.05-21.26.51:504][292]LogModuleManager: Shutting down and abandoning module LandscapeEditor (628)
[2019.07.05-21.26.51:507][292]LogModuleManager: Shutting down and abandoning module MeshPaintMode (626)
[2019.07.05-21.26.51:508][292]LogModuleManager: Shutting down and abandoning module SceneDepthPickerMode (624)
[2019.07.05-21.26.51:508][292]LogModuleManager: Shutting down and abandoning module ActorPickerMode (622)
[2019.07.05-21.26.51:508][292]LogModuleManager: Shutting down and abandoning module GeometryMode (620)
[2019.07.05-21.26.51:508][292]LogModuleManager: Shutting down and abandoning module TextureAlignMode (618)
[2019.07.05-21.26.51:508][292]LogModuleManager: Shutting down and abandoning module BspMode (616)
[2019.07.05-21.26.51:508][292]LogModuleManager: Shutting down and abandoning module PIEPreviewDeviceProfileSelector (614)
[2019.07.05-21.26.51:510][292]LogModuleManager: Shutting down and abandoning module SequenceRecorderSections (612)
[2019.07.05-21.26.51:510][292]LogModuleManager: Shutting down and abandoning module AutomationWorker (610)
[2019.07.05-21.26.51:512][292]LogModuleManager: Shutting down and abandoning module OculusMR (608)
[2019.07.05-21.26.51:513][292]LogModuleManager: Shutting down and abandoning module AudioCaptureEditor (606)
[2019.07.05-21.26.51:515][292]LogModuleManager: Shutting down and abandoning module MatineeToLevelSequence (604)
[2019.07.05-21.26.51:515][292]LogModuleManager: Shutting down and abandoning module LevelSequenceEditor (602)
[2019.07.05-21.26.51:518][292]LogModuleManager: Shutting down and abandoning module PlacementMode (601)
[2019.07.05-21.26.51:519][292]LogModuleManager: Shutting down and abandoning module MaterialEditor (600)
[2019.07.05-21.26.51:520][292]LogModuleManager: Shutting down and abandoning module ActorSequenceEditor (596)
[2019.07.05-21.26.51:521][292]LogModuleManager: Shutting down and abandoning module WmfMediaFactory (594)
[2019.07.05-21.26.51:521][292]LogModuleManager: Shutting down and abandoning module WmfMediaEditor (592)
[2019.07.05-21.26.51:521][292]LogModuleManager: Shutting down and abandoning module WebMMediaFactory (590)
[2019.07.05-21.26.51:521][292]LogModuleManager: Shutting down and abandoning module WebMMediaEditor (588)
[2019.07.05-21.26.51:521][292]LogModuleManager: Shutting down and abandoning module WebMMedia (586)
[2019.07.05-21.26.51:521][292]LogModuleManager: Shutting down and abandoning module MediaPlayerEditor (584)
[2019.07.05-21.26.51:523][292]LogModuleManager: Shutting down and abandoning module MediaCompositingEditor (582)
[2019.07.05-21.26.51:525][292]LogModuleManager: Shutting down and abandoning module SequenceRecorder (581)
[2019.07.05-21.26.51:525][292]LogModuleManager: Shutting down and abandoning module OpenExrWrapper (578)
[2019.07.05-21.26.51:525][292]LogModuleManager: Shutting down and abandoning module ImgMediaFactory (576)
[2019.07.05-21.26.51:525][292]LogModuleManager: Shutting down and abandoning module ImgMediaEditor (574)
[2019.07.05-21.26.51:525][292]LogModuleManager: Shutting down and abandoning module AvfMediaFactory (572)
[2019.07.05-21.26.51:525][292]LogModuleManager: Shutting down and abandoning module AvfMediaEditor (570)
[2019.07.05-21.26.51:526][292]LogModuleManager: Shutting down and abandoning module AndroidMediaFactory (568)
[2019.07.05-21.26.51:527][292]LogModuleManager: Shutting down and abandoning module AndroidMediaEditor (566)
[2019.07.05-21.26.51:527][292]LogModuleManager: Shutting down and abandoning module MagicLeapCameraPreviewFactory (564)
[2019.07.05-21.26.51:527][292]LogModuleManager: Shutting down and abandoning module MagicLeapMediaCodecFactory (562)
[2019.07.05-21.26.51:527][292]LogModuleManager: Shutting down and abandoning module MagicLeapMediaFactory (560)
[2019.07.05-21.26.51:527][292]LogModuleManager: Shutting down and abandoning module MagicLeapMediaEditor (558)
[2019.07.05-21.26.51:527][292]LogModuleManager: Shutting down and abandoning module CharacterAI (556)
[2019.07.05-21.26.51:527][292]LogModuleManager: Shutting down and abandoning module SmartSnapping (554)
[2019.07.05-21.26.51:528][292]LogModuleManager: Shutting down and abandoning module SessionServices (552)
[2019.07.05-21.26.51:529][292]LogModuleManager: Shutting down and abandoning module MeshPaint (550)
[2019.07.05-21.26.51:529][292]LogModuleManager: Shutting down and abandoning module ViewportSnapping (548)
[2019.07.05-21.26.51:529][292]LogModuleManager: Shutting down and abandoning module ViewportInteraction (546)
[2019.07.05-21.26.51:529][292]LogModuleManager: Shutting down and abandoning module ClothPainter (544)
[2019.07.05-21.26.51:531][292]LogModuleManager: Shutting down and abandoning module SkeletalMeshEditor (543)
[2019.07.05-21.26.51:533][292]LogModuleManager: Shutting down and abandoning module LogVisualizer (540)
[2019.07.05-21.26.51:538][292]LogModuleManager: Shutting down and abandoning module IntroTutorials (538)
[2019.07.05-21.26.51:540][292]LogModuleManager: Shutting down and abandoning module GameProjectGeneration (537)
[2019.07.05-21.26.51:540][292]LogModuleManager: Shutting down and abandoning module LuminPlatformEditor (534)
[2019.07.05-21.26.51:540][292]LogModuleManager: Shutting down and abandoning module IOSPlatformEditor (532)
[2019.07.05-21.26.51:540][292]LogModuleManager: Shutting down and abandoning module HTML5PlatformEditor (530)
[2019.07.05-21.26.51:541][292]LogModuleManager: Shutting down and abandoning module AndroidPlatformEditor (528)
[2019.07.05-21.26.51:541][292]LogModuleManager: Shutting down and abandoning module AndroidDeviceDetection (527)
[2019.07.05-21.26.51:908][292]LogModuleManager: Shutting down and abandoning module WindowsPlatformEditor (524)
[2019.07.05-21.26.51:908][292]LogModuleManager: Shutting down and abandoning module LuminRuntimeSettings (522)
[2019.07.05-21.26.51:921][292]LogModuleManager: Shutting down and abandoning module IOSRuntimeSettings (520)
[2019.07.05-21.26.51:922][292]LogModuleManager: Shutting down and abandoning module AndroidRuntimeSettings (518)
[2019.07.05-21.26.51:922][292]LogModuleManager: Shutting down and abandoning module TimeManagementEditor (516)
[2019.07.05-21.26.51:925][292]LogModuleManager: Shutting down and abandoning module InputBindingEditor (514)
[2019.07.05-21.26.51:932][292]LogModuleManager: Shutting down and abandoning module MergeActors (512)
[2019.07.05-21.26.51:933][292]LogModuleManager: Shutting down and abandoning module LocalizationDashboard (510)
[2019.07.05-21.26.51:935][292]LogModuleManager: Shutting down and abandoning module LocalizationService (509)
[2019.07.05-21.26.51:936][292]LogModuleManager: Shutting down and abandoning module HardwareTargeting (506)
[2019.07.05-21.26.51:936][292]LogModuleManager: Shutting down and abandoning module DeviceProfileEditor (504)
[2019.07.05-21.26.51:937][292]LogModuleManager: Shutting down and abandoning module UndoHistory (502)
[2019.07.05-21.26.51:937][292]LogModuleManager: Shutting down and abandoning module XmlParser (500)
[2019.07.05-21.26.51:939][292]LogModuleManager: Shutting down and abandoning module Blutility (498)
[2019.07.05-21.26.51:939][292]LogModuleManager: Shutting down and abandoning module ProjectSettingsViewer (496)
[2019.07.05-21.26.51:939][292]LogModuleManager: Shutting down and abandoning module ProjectTargetPlatformEditor (495)
[2019.07.05-21.26.51:941][292]LogModuleManager: Shutting down and abandoning module EditorSettingsViewer (492)
[2019.07.05-21.26.51:941][292]LogModuleManager: Shutting down and abandoning module SettingsEditor (490)
[2019.07.05-21.26.51:941][292]LogModuleManager: Shutting down and abandoning module ProjectLauncher (488)
[2019.07.05-21.26.51:949][292]LogModuleManager: Shutting down and abandoning module SessionFrontend (486)
[2019.07.05-21.26.51:949][292]LogModuleManager: Shutting down and abandoning module ProfilerClient (484)
[2019.07.05-21.26.51:950][292]LogModuleManager: Shutting down and abandoning module DeviceManager (482)
[2019.07.05-21.26.51:951][292]LogModuleManager: Shutting down and abandoning module TargetDeviceServices (481)
[2019.07.05-21.26.52:009][292]LogModuleManager: Shutting down and abandoning module AutomationController (478)
[2019.07.05-21.26.52:012][292]LogModuleManager: Shutting down and abandoning module AutomationWindow (476)
[2019.07.05-21.26.52:013][292]LogModuleManager: Shutting down and abandoning module Layers (474)
[2019.07.05-21.26.52:016][292]LogModuleManager: Shutting down and abandoning module ComponentVisualizers (472)
[2019.07.05-21.26.52:016][292]LogModuleManager: Shutting down and abandoning module DetailCustomizations (470)
[2019.07.05-21.26.52:016][292]LogModuleManager: Shutting down and abandoning module PackagesDialog (468)
[2019.07.05-21.26.52:017][292]LogModuleManager: Shutting down and abandoning module AnimationBlueprintEditor (466)
[2019.07.05-21.26.52:019][292]LogModuleManager: Shutting down and abandoning module Persona (464)
[2019.07.05-21.26.52:022][292]LogModuleManager: Shutting down and abandoning module AdvancedPreviewScene (463)
[2019.07.05-21.26.52:022][292]LogModuleManager: Shutting down and abandoning module AnimGraph (461)
[2019.07.05-21.26.52:022][292]LogModuleManager: Shutting down and abandoning module Kismet (458)
[2019.07.05-21.26.52:023][292]LogModuleManager: Shutting down and abandoning module GraphEditor (456)
[2019.07.05-21.26.52:025][292]LogModuleManager: Shutting down and abandoning module ClassViewer (454)
[2019.07.05-21.26.52:025][292]LogModuleManager: Shutting down and abandoning module Toolbox (452)
[2019.07.05-21.26.52:025][292]LogModuleManager: Shutting down and abandoning module ModuleUI (450)
[2019.07.05-21.26.52:027][292]LogModuleManager: Shutting down and abandoning module MovieSceneTools (448)
[2019.07.05-21.26.52:028][292]LogModuleManager: Shutting down and abandoning module OutputLog (446)
[2019.07.05-21.26.52:029][292]LogModuleManager: Shutting down and abandoning module GammaUI (444)
[2019.07.05-21.26.52:029][292]LogModuleManager: Shutting down and abandoning module Documentation (442)
[2019.07.05-21.26.52:030][292]LogModuleManager: Shutting down and abandoning module LiveCoding (440)
[2019.07.05-21.26.52:030][292]LogModuleManager: Shutting down and abandoning module LevelSequence (438)
[2019.07.05-21.26.52:030][292]LogModuleManager: Shutting down and abandoning module MovieSceneTracks (436)
[2019.07.05-21.26.52:030][292]LogModuleManager: Shutting down and abandoning module MovieScene (434)
[2019.07.05-21.26.52:031][292]LogModuleManager: Shutting down and abandoning module StreamingPauseRendering (432)
[2019.07.05-21.26.52:031][292]LogModuleManager: Shutting down and abandoning module LauncherPlatform (430)
[2019.07.05-21.26.52:031][292]LogModuleManager: Shutting down and abandoning module AnalyticsET (428)
[2019.07.05-21.26.52:031][292]LogModuleManager: Shutting down and abandoning module PortalServices (426)
[2019.07.05-21.26.52:031][292]LogModuleManager: Shutting down and abandoning module PortalRpc (424)
[2019.07.05-21.26.52:031][292]LogModuleManager: Shutting down and abandoning module MessagingRpc (422)
[2019.07.05-21.26.52:031][292]LogModuleManager: Shutting down and abandoning module AIModule (420)
[2019.07.05-21.26.52:035][292]LogModuleManager: Shutting down and abandoning module GameplayDebugger (419)
[2019.07.05-21.26.52:036][292]LogModuleManager: Shutting down and abandoning module AITestSuite (417)
[2019.07.05-21.26.52:036][292]LogModuleManager: Shutting down and abandoning module NavigationSystem (415)
[2019.07.05-21.26.52:036][292]LogModuleManager: Shutting down and abandoning module ImageWriteQueue (412)
[2019.07.05-21.26.52:050][292]LogModuleManager: Shutting down and abandoning module ProfilerService (410)
[2019.07.05-21.26.52:123][292]LogModuleManager: Shutting down and abandoning module TaskGraph (408)
[2019.07.05-21.26.52:124][292]LogModuleManager: Shutting down and abandoning module SteamVRController (406)
[2019.07.05-21.26.52:124][292]LogModuleManager: Shutting down and abandoning module ProceduralMeshComponentEditor (404)
[2019.07.05-21.26.52:125][292]LogModuleManager: Shutting down and abandoning module ProceduralMeshComponent (402)
[2019.07.05-21.26.52:125][292]LogModuleManager: Shutting down and abandoning module OculusEditor (400)
[2019.07.05-21.26.52:126][292]LogModuleManager: Shutting down and abandoning module OculusInput (398)
[2019.07.05-21.26.52:126][292]LogModuleManager: Shutting down and abandoning module MobilePatchingUtils (396)
[2019.07.05-21.26.52:126][292]LogModuleManager: Shutting down and abandoning module EditableMesh (394)
[2019.07.05-21.26.52:127][292]LogModuleManager: Shutting down and abandoning module CustomMeshComponent (392)
[2019.07.05-21.26.52:127][292]LogModuleManager: Shutting down and abandoning module AudioCapture (390)
[2019.07.05-21.26.52:127][292]LogModuleManager: Shutting down and abandoning module ArchVisCharacter (388)
[2019.07.05-21.26.52:127][292]LogModuleManager: Shutting down and abandoning module AndroidPermission (386)
[2019.07.05-21.26.52:127][292]LogModuleManager: Shutting down and abandoning module NUTUnrealEngine4 (384)
[2019.07.05-21.26.52:127][292]LogModuleManager: Shutting down and abandoning module NetcodeUnitTest (382)
[2019.07.05-21.26.52:131][292]LogModuleManager: Shutting down and abandoning module MediaCompositing (380)
[2019.07.05-21.26.52:131][292]LogModuleManager: Shutting down and abandoning module LinearTimecode (378)
[2019.07.05-21.26.52:131][292]LogModuleManager: Shutting down and abandoning module ImgMedia (376)
[2019.07.05-21.26.52:131][292]LogModuleManager: Shutting down and abandoning module MagicLeapHelperVulkan (374)
[2019.07.05-21.26.52:131][292]LogModuleManager: Shutting down and abandoning module MagicLeapHelperOpenGL (372)
[2019.07.05-21.26.52:131][292]LogModuleManager: Shutting down and abandoning module MagicLeapAudio (370)
[2019.07.05-21.26.52:131][292]LogModuleManager: Shutting down and abandoning module HTML5Networking (368)
[2019.07.05-21.26.52:131][292]LogModuleManager: Shutting down and abandoning module GeometryCacheTracks (366)
[2019.07.05-21.26.52:131][292]LogModuleManager: Shutting down and abandoning module GeometryCacheSequencer (364)
[2019.07.05-21.26.52:131][292]LogModuleManager: Shutting down and abandoning module BackChannel (362)
[2019.07.05-21.26.52:132][292]LogModuleManager: Shutting down and abandoning module AppleVision (360)
[2019.07.05-21.26.52:132][292]LogModuleManager: Shutting down and abandoning module AppleImageUtilsBlueprintSupport (358)
[2019.07.05-21.26.52:132][292]LogModuleManager: Shutting down and abandoning module AppleImageUtils (356)
[2019.07.05-21.26.52:132][292]LogModuleManager: Shutting down and abandoning module AlembicImporter (354)
[2019.07.05-21.26.52:132][292]LogModuleManager: Shutting down and abandoning module AlembicLibrary (353)
[2019.07.05-21.26.52:132][292]LogModuleManager: Shutting down and abandoning module GeometryCache (352)
[2019.07.05-21.26.52:132][292]LogModuleManager: Shutting down and abandoning module GeometryCacheEd (351)
[2019.07.05-21.26.52:132][292]LogModuleManager: Shutting down and abandoning module VariantManagerContent (346)
[2019.07.05-21.26.52:132][292]LogModuleManager: Shutting down and abandoning module DatasmithContentEditor (344)
[2019.07.05-21.26.52:132][292]LogModuleManager: Shutting down and abandoning module SpeedTreeImporter (342)
[2019.07.05-21.26.52:132][292]LogModuleManager: Shutting down and abandoning module PluginBrowser (340)
[2019.07.05-21.26.52:136][292]LogModuleManager: Shutting down and abandoning module MobileLauncherProfileWizard (338)
[2019.07.05-21.26.52:137][292]LogModuleManager: Shutting down and abandoning module MaterialAnalyzer (336)
[2019.07.05-21.26.52:137][292]LogModuleManager: Shutting down and abandoning module CryptoKeysOpenSSL (334)
[2019.07.05-21.26.52:137][292]LogModuleManager: Shutting down and abandoning module CryptoKeys (332)
[2019.07.05-21.26.52:137][292]LogModuleManager: Shutting down and abandoning module VisualStudioSourceCodeAccess (330)
[2019.07.05-21.26.52:139][292]LogModuleManager: Shutting down and abandoning module VisualStudioCodeSourceCodeAccess (328)
[2019.07.05-21.26.52:139][292]LogModuleManager: Shutting down and abandoning module UObjectPlugin (326)
[2019.07.05-21.26.52:139][292]LogModuleManager: Shutting down and abandoning module SubversionSourceControl (324)
[2019.07.05-21.26.52:141][292]LogModuleManager: Shutting down and abandoning module PerforceSourceControl (322)
[2019.07.05-21.26.52:146][292]LogModuleManager: Shutting down and abandoning module GitSourceControl (320)
[2019.07.05-21.26.52:149][292]LogModuleManager: Shutting down and abandoning module SourceControl (319)
[2019.07.05-21.26.52:150][292]LogModuleManager: Shutting down and abandoning module CLionSourceCodeAccess (316)
[2019.07.05-21.26.52:150][292]LogModuleManager: Shutting down and abandoning module AnimationSharingEd (314)
[2019.07.05-21.26.52:151][292]LogModuleManager: Shutting down and abandoning module ActorLayerUtilitiesEditor (312)
[2019.07.05-21.26.52:152][292]LogModuleManager: Shutting down and abandoning module ActorLayerUtilities (310)
[2019.07.05-21.26.52:153][292]LogModuleManager: Shutting down and abandoning module LightPropagationVolumeEditor (308)
[2019.07.05-21.26.52:154][292]LogModuleManager: Shutting down and abandoning module PaperTiledImporter (306)
[2019.07.05-21.26.52:154][292]LogModuleManager: Shutting down and abandoning module PaperSpriteSheetImporter (304)
[2019.07.05-21.26.52:154][292]LogModuleManager: Shutting down and abandoning module Paper2DEditor (302)
[2019.07.05-21.26.52:156][292]LogModuleManager: Shutting down and abandoning module DescendIntoDarkness (300)
[2019.07.05-21.26.52:156][292]LogModuleManager: Shutting down and abandoning module SignificanceManager (298)
[2019.07.05-21.26.52:156][292]LogModuleManager: Shutting down and abandoning module RuntimePhysXCooking (296)
[2019.07.05-21.26.52:156][292]LogModuleManager: Shutting down and abandoning module PhysXVehiclesEditor (294)
[2019.07.05-21.26.52:156][292]LogModuleManager: Shutting down and abandoning module PhysXVehicles (292)
[2019.07.05-21.26.52:156][292]LogModuleManager: Shutting down and abandoning module LocationServicesBPLibrary (290)
[2019.07.05-21.26.52:156][292]LogModuleManager: Shutting down and abandoning module CableComponent (288)
[2019.07.05-21.26.52:156][292]LogModuleManager: Shutting down and abandoning module ActorSequence (286)
[2019.07.05-21.26.52:156][292]LogModuleManager: Shutting down and abandoning module UdpMessaging (284)
[2019.07.05-21.26.52:256][292]LogModuleManager: Shutting down and abandoning module TcpMessaging (282)
[2019.07.05-21.26.52:363][292]LogModuleManager: Shutting down and abandoning module MagicLeapIdentity (280)
[2019.07.05-21.26.52:363][292]LogModuleManager: Shutting down and abandoning module MagicLeapSecureStorage (278)
[2019.07.05-21.26.52:363][292]LogModuleManager: Shutting down and abandoning module MagicLeapHandTracking (276)
[2019.07.05-21.26.52:369][292]LogModuleManager: Shutting down and abandoning module MagicLeapEyeTracker (274)
[2019.07.05-21.26.52:371][292]LogModuleManager: Shutting down and abandoning module MagicLeapController (272)
[2019.07.05-21.26.52:379][292]LogSlate: Slate User Destroyed.  User Index 0, Is Virtual User: 0
[2019.07.05-21.26.52:379][292]LogModuleManager: Shutting down and abandoning module MagicLeapAR (270)
[2019.07.05-21.26.52:379][292]LogModuleManager: Shutting down and abandoning module AugmentedReality (269)
[2019.07.05-21.26.52:379][292]LogModuleManager: Shutting down and abandoning module GameplayTagsEditor (266)
[2019.07.05-21.26.52:379][292]LogModuleManager: Shutting down and abandoning module FacialAnimationEditor (264)
[2019.07.05-21.26.52:380][292]LogModuleManager: Shutting down and abandoning module FacialAnimation (262)
[2019.07.05-21.26.52:380][292]LogModuleManager: Shutting down and abandoning module DataValidation (260)
[2019.07.05-21.26.52:380][292]LogModuleManager: Shutting down and abandoning module AssetManagerEditor (258)
[2019.07.05-21.26.52:380][292]LogModuleManager: Shutting down and abandoning module LevelEditor (257)
[2019.07.05-21.26.52:385][292]LogModuleManager: Shutting down and abandoning module PixelInspectorModule (256)
[2019.07.05-21.26.52:387][292]LogModuleManager: Shutting down and abandoning module CommonMenuExtensions (254)
[2019.07.05-21.26.52:387][292]LogModuleManager: Shutting down and abandoning module MainFrame (252)
[2019.07.05-21.26.52:387][292]LogModuleManager: Shutting down and abandoning module HotReload (251)
[2019.07.05-21.26.52:389][292]LogModuleManager: Shutting down and abandoning module ContentBrowser (247)
[2019.07.05-21.26.52:391][292]LogModuleManager: Shutting down and abandoning module TreeMap (245)
[2019.07.05-21.26.52:395][292]LogModuleManager: Shutting down and abandoning module AnimationSharing (242)
[2019.07.05-21.26.52:396][292]LogModuleManager: Shutting down and abandoning module LightPropagationVolumeRuntime (240)
[2019.07.05-21.26.52:396][292]LogModuleManager: Shutting down and abandoning module AISupportModule (238)
[2019.07.05-21.26.52:397][292]LogModuleManager: Shutting down and abandoning module Paper2D (236)
[2019.07.05-21.26.52:398][292]LogModuleManager: Shutting down and abandoning module WindowsMoviePlayer (234)
[2019.07.05-21.26.52:399][292]LogModuleManager: Shutting down and abandoning module WebMMoviePlayer (232)
[2019.07.05-21.26.52:400][292]LogModuleManager: Shutting down and abandoning module PacketHandler (230)
[2019.07.05-21.26.52:400][292]LogModuleManager: Shutting down and abandoning module ClothingSystemEditor (228)
[2019.07.05-21.26.52:400][292]LogModuleManager: Shutting down and abandoning module ClothingSystemRuntime (226)
[2019.07.05-21.26.52:424][292]LogModuleManager: Shutting down and abandoning module MediaAssets (224)
[2019.07.05-21.26.52:424][292]LogModuleManager: Shutting down and abandoning module Overlay (222)
[2019.07.05-21.26.52:424][292]LogModuleManager: Shutting down and abandoning module OverlayEditor (221)
[2019.07.05-21.26.52:424][292]LogModuleManager: Shutting down and abandoning module VREditor (218)
[2019.07.05-21.26.52:424][292]LogModuleManager: Shutting down and abandoning module StringTableEditor (216)
[2019.07.05-21.26.52:425][292]LogModuleManager: Shutting down and abandoning module GameplayTasksEditor (214)
[2019.07.05-21.26.52:425][292]LogModuleManager: Shutting down and abandoning module BehaviorTreeEditor (212)
[2019.07.05-21.26.52:431][292]LogModuleManager: Shutting down and abandoning module FunctionalTesting (210)
[2019.07.05-21.26.52:431][292]LogModuleManager: Shutting down and abandoning module CollisionAnalyzer (208)
[2019.07.05-21.26.52:437][292]LogModuleManager: Shutting down and abandoning module WorkspaceMenuStructure (207)
[2019.07.05-21.26.52:449][292]LogModuleManager: Shutting down and abandoning module UMG (204)
[2019.07.05-21.26.52:449][292]LogModuleManager: Shutting down and abandoning module UMGEditor (203)
[2019.07.05-21.26.52:450][292]LogModuleManager: Shutting down and abandoning module Sequencer (202)
[2019.07.05-21.26.52:454][292]LogModuleManager: Shutting down and abandoning module MessageLog (199)
[2019.07.05-21.26.52:455][292]LogModuleManager: Shutting down and abandoning module SlateReflector (194)
[2019.07.05-21.26.52:457][292]LogModuleManager: Shutting down and abandoning module Slate (192)
[2019.07.05-21.26.52:457][292]LogModuleManager: Shutting down and abandoning module EditorStyle (190)
[2019.07.05-21.26.52:460][292]LogModuleManager: Shutting down and abandoning module UnrealEd (188)
[2019.07.05-21.26.52:461][292]LogModuleManager: Shutting down and abandoning module MRMesh (186)
[2019.07.05-21.26.52:461][292]LogModuleManager: Shutting down and abandoning module SourceCodeAccess (184)
[2019.07.05-21.26.52:465][292]LogModuleManager: Shutting down and abandoning module HeadMountedDisplay (182)
[2019.07.05-21.26.52:465][292]LogModuleManager: Shutting down and abandoning module XAudio2 (180)
[2019.07.05-21.26.52:465][292]LogModuleManager: Shutting down and abandoning module Networking (178)
[2019.07.05-21.26.52:465][292]LogModuleManager: Shutting down and abandoning module Core (176)
[2019.07.05-21.26.52:465][292]LogModuleManager: Shutting down and abandoning module KismetCompiler (174)
[2019.07.05-21.26.52:465][292]LogModuleManager: Shutting down and abandoning module MeshUtilities (172)
[2019.07.05-21.26.52:468][292]LogModuleManager: Shutting down and abandoning module MeshMergeUtilities (171)
[2019.07.05-21.26.52:468][292]LogModuleManager: Shutting down and abandoning module MeshReductionInterface (170)
[2019.07.05-21.26.52:469][292]LogModuleManager: Shutting down and abandoning module SkeletalMeshReduction (169)
[2019.07.05-21.26.52:469][292]LogModuleManager: Shutting down and abandoning module ProxyLODMeshReduction (167)
[2019.07.05-21.26.52:479][292]LogModuleManager: Shutting down and abandoning module QuadricMeshReduction (165)
[2019.07.05-21.26.52:480][292]LogModuleManager: Shutting down and abandoning module MaterialBaking (161)
[2019.07.05-21.26.52:480][292]LogModuleManager: Shutting down and abandoning module DerivedDataCache (156)
[2019.07.05-21.26.52:540][292]LogDerivedDataCache: Shutdown
[2019.07.05-21.26.52:540][292]LogModuleManager: Shutting down and abandoning module XGEController (154)
[2019.07.05-21.26.52:540][292]LogModuleManager: Shutting down and abandoning module TargetPlatform (152)
[2019.07.05-21.26.52:541][292]LogModuleManager: Shutting down and abandoning module VulkanShaderFormat (151)
[2019.07.05-21.26.52:541][292]LogModuleManager: Shutting down and abandoning module ShaderFormatVectorVM (149)
[2019.07.05-21.26.52:546][292]LogModuleManager: Shutting down and abandoning module ShaderFormatOpenGL (147)
[2019.07.05-21.26.52:548][292]LogModuleManager: Shutting down and abandoning module ShaderFormatD3D (145)
[2019.07.05-21.26.52:550][292]LogModuleManager: Shutting down and abandoning module MetalShaderFormat (143)
[2019.07.05-21.26.52:550][292]LogModuleManager: Shutting down and abandoning module TextureFormatUncompressed (141)
[2019.07.05-21.26.52:550][292]LogModuleManager: Shutting down and abandoning module TextureFormatPVR (139)
[2019.07.05-21.26.52:550][292]LogModuleManager: Shutting down and abandoning module TextureFormatDXT (137)
[2019.07.05-21.26.52:550][292]LogModuleManager: Shutting down and abandoning module TextureFormatIntelISPCTexComp (135)
[2019.07.05-21.26.52:552][292]LogModuleManager: Shutting down and abandoning module TextureFormatASTC (133)
[2019.07.05-21.26.52:552][292]LogModuleManager: Shutting down and abandoning module ImageWrapper (132)
[2019.07.05-21.26.52:552][292]LogModuleManager: Shutting down and abandoning module TextureFormatAndroid (129)
[2019.07.05-21.26.52:552][292]LogModuleManager: Shutting down and abandoning module AudioFormatOpus (127)
[2019.07.05-21.26.52:552][292]LogModuleManager: Shutting down and abandoning module AudioFormatOgg (125)
[2019.07.05-21.26.52:553][292]LogModuleManager: Shutting down and abandoning module AudioFormatADPCM (123)
[2019.07.05-21.26.52:553][292]LogModuleManager: Shutting down and abandoning module LuminTargetPlatform (121)
[2019.07.05-21.26.52:556][292]LogModuleManager: Shutting down and abandoning module LinuxTargetPlatform (119)
[2019.07.05-21.26.52:556][292]LogModuleManager: Shutting down and abandoning module LinuxServerTargetPlatform (117)
[2019.07.05-21.26.52:556][292]LogModuleManager: Shutting down and abandoning module LinuxNoEditorTargetPlatform (115)
[2019.07.05-21.26.52:557][292]LogModuleManager: Shutting down and abandoning module LinuxClientTargetPlatform (113)
[2019.07.05-21.26.52:557][292]LogModuleManager: Shutting down and abandoning module TVOSTargetPlatform (111)
[2019.07.05-21.26.52:558][292]LogModuleManager: Shutting down and abandoning module Messaging (109)
[2019.07.05-21.26.52:559][292]LogModuleManager: Shutting down and abandoning module IOSTargetPlatform (107)
[2019.07.05-21.26.52:563][292]LogModuleManager: Shutting down and abandoning module HTML5TargetPlatform (105)
[2019.07.05-21.26.52:567][292]LogModuleManager: Shutting down and abandoning module AndroidTargetPlatform (103)
[2019.07.05-21.26.52:585][292]LogModuleManager: Shutting down and abandoning module WindowsTargetPlatform (101)
[2019.07.05-21.26.52:585][292]LogModuleManager: Shutting down and abandoning module WindowsServerTargetPlatform (99)
[2019.07.05-21.26.52:585][292]LogModuleManager: Shutting down and abandoning module WindowsNoEditorTargetPlatform (97)
[2019.07.05-21.26.52:585][292]LogModuleManager: Shutting down and abandoning module WindowsClientTargetPlatform (95)
[2019.07.05-21.26.52:586][292]LogModuleManager: Shutting down and abandoning module MacTargetPlatform (93)
[2019.07.05-21.26.52:586][292]LogModuleManager: Shutting down and abandoning module MacServerTargetPlatform (91)
[2019.07.05-21.26.52:586][292]LogModuleManager: Shutting down and abandoning module MacNoEditorTargetPlatform (89)
[2019.07.05-21.26.52:586][292]LogModuleManager: Shutting down and abandoning module MacClientTargetPlatform (87)
[2019.07.05-21.26.52:586][292]LogModuleManager: Shutting down and abandoning module AllDesktopTargetPlatform (85)
[2019.07.05-21.26.52:586][292]LogModuleManager: Shutting down and abandoning module InputCore (82)
[2019.07.05-21.26.52:586][292]LogModuleManager: Shutting down and abandoning module Settings (80)
[2019.07.05-21.26.52:586][292]LogModuleManager: Shutting down and abandoning module DirectoryWatcher (78)
[2019.07.05-21.26.52:586][292]LogModuleManager: Shutting down and abandoning module PhysXCooking (76)
[2019.07.05-21.26.52:586][292]LogModuleManager: Shutting down and abandoning module SteamVR (74)
[2019.07.05-21.26.52:586][292]LogHMD: Freeing OpenVRDLLHandle.
[2019.07.05-21.26.52:586][292]LogModuleManager: Shutting down and abandoning module OculusHMD (72)
[2019.07.05-21.26.52:586][292]LogModuleManager: Shutting down and abandoning module ExampleDeviceProfileSelector (70)
[2019.07.05-21.26.52:586][292]LogModuleManager: Shutting down and abandoning module LauncherChunkInstaller (68)
[2019.07.05-21.26.52:586][292]LogModuleManager: Shutting down and abandoning module OnlineBlueprintSupport (66)
[2019.07.05-21.26.52:586][292]LogModuleManager: Shutting down and abandoning module OnlineSubsystem (62)
[2019.07.05-21.26.52:589][292]LogModuleManager: Shutting down and abandoning module XMPP (57)
[2019.07.05-21.26.52:599][292]LogModuleManager: Shutting down and abandoning module WebSockets (56)
[2019.07.05-21.26.52:641][292]LogModuleManager: Shutting down and abandoning module HTTP (53)
[2019.07.05-21.26.52:641][292]LogHttp: Display: Http module shutting down, but needs to wait on 1 outstanding Http requests:
[2019.07.05-21.26.52:641][292]LogHttp: Display: 	verb=[POST] url=[https://datarouter.ol.epicgames.com/datarouter/api/v1/public/data?SessionID=%7B57D511D4-4D63-E300-9E39-66A4222C0935%7D&AppID=UEEditor.Rocket.Release&AppVersion=4.22.2-6574378%2B%2B%2BUE4%2BRelease-4.22&UserID=2c0fe2a741c3b99df9754b9d6d11849b%7C8ce791bace6b4f0fbd46908ccd175b08%7C17b17019-845f-4d38-9d58-9d76e16e5ac4&AppEnvironment=datacollector-binary&UploadType=eteventstream] status=Processing
[2019.07.05-21.26.52:656][292]LogModuleManager: Shutting down and abandoning module SSL (52)
[2019.07.05-21.26.52:660][292]LogModuleManager: Shutting down and abandoning module WmfMedia (48)
[2019.07.05-21.26.52:705][292]LogModuleManager: Shutting down and abandoning module Media (47)
[2019.07.05-21.26.52:719][292]LogModuleManager: Shutting down and abandoning module MagicLeap (44)
[2019.07.05-21.26.52:721][292]LogModuleManager: Shutting down and abandoning module DatasmithContent (42)
[2019.07.05-21.26.52:736][292]LogModuleManager: Shutting down and abandoning module DesktopPlatform (40)
[2019.07.05-21.26.52:738][292]LogModuleManager: Shutting down and abandoning module AnimationModifiers (38)
[2019.07.05-21.26.52:739][292]LogModuleManager: Shutting down and abandoning module PropertyEditor (37)
[2019.07.05-21.26.52:741][292]LogModuleManager: Shutting down and abandoning module AudioEditor (34)
[2019.07.05-21.26.52:757][292]LogModuleManager: Shutting down and abandoning module TextureCompressor (32)
[2019.07.05-21.26.52:775][292]LogModuleManager: Shutting down and abandoning module RenderCore (30)
[2019.07.05-21.26.52:775][292]LogModuleManager: Shutting down and abandoning module Landscape (28)
[2019.07.05-21.26.52:775][292]LogModuleManager: Shutting down and abandoning module SlateRHIRenderer (26)
[2019.07.05-21.26.52:784][292]LogModuleManager: Shutting down and abandoning module OpenGLDrv (24)
[2019.07.05-21.26.52:790][292]LogModuleManager: Shutting down and abandoning module D3D11RHI (22)
[2019.07.05-21.26.52:791][292]LogModuleManager: Shutting down and abandoning module AnimGraphRuntime (20)
[2019.07.05-21.26.52:791][292]LogModuleManager: Shutting down and abandoning module Renderer (18)
[2019.07.05-21.26.52:791][292]LogModuleManager: Shutting down and abandoning module Engine (16)
[2019.07.05-21.26.52:791][292]LogModuleManager: Shutting down and abandoning module CoreUObject (14)
[2019.07.05-21.26.52:791][292]LogModuleManager: Shutting down and abandoning module NetworkFile (12)
[2019.07.05-21.26.52:792][292]LogModuleManager: Shutting down and abandoning module CookedIterativeFile (10)
[2019.07.05-21.26.52:792][292]LogModuleManager: Shutting down and abandoning module StreamingFile (8)
[2019.07.05-21.26.52:792][292]LogModuleManager: Shutting down and abandoning module SandboxFile (6)
[2019.07.05-21.26.52:792][292]LogModuleManager: Shutting down and abandoning module PakFile (4)
[2019.07.05-21.26.52:797][292]LogModuleManager: Shutting down and abandoning module RSA (3)
[2019.07.05-21.26.52:830][292]LogExit: Exiting.
[2019.07.05-21.26.52:954][292]Log file closed, 07/05/19 14:26:52
