Log file open, 07/07/19 14:06:57
LogWindows: Failed to load 'aqProf.dll' (GetLastError=126)
LogWindows: File 'aqProf.dll' does not exist
LogWindows: Failed to load 'VtuneApi.dll' (GetLastError=126)
LogWindows: File 'VtuneApi.dll' does not exist
LogWindows: Failed to load 'VtuneApi32e.dll' (GetLastError=126)
LogWindows: File 'VtuneApi32e.dll' does not exist
LogConsoleResponse: Display: Failed to find resolution value strings in scalability ini. Falling back to default.
LogInit: Display: Running engine for game: DescendIntoDarkness
LogPakFile: Registered encryption key '00000000000000000000000000000000': 0 pak files mounted, 0 remain pending
LogPlatformFile: Not using cached read wrapper
LogTaskGraph: Started task graph with 5 named threads and 23 total threads with 3 sets of task threads.
LogStats: Stats thread started at 0.324985
LogD3D11RHI: Loaded GFSDK_Aftermath_Lib.x64.dll
LogICUInternationalization: ICU TimeZone Detection - Raw Offset: -8:00, Platform Override: ''
LogPluginManager: Mounting plugin Paper2D
LogPluginManager: Mounting plugin AISupport
LogPluginManager: Mounting plugin LightPropagationVolume
LogPluginManager: Mounting plugin ActorLayerUtilities
LogPluginManager: Mounting plugin AnimationSharing
LogPluginManager: Mounting plugin CLionSourceCodeAccess
LogPluginManager: Mounting plugin CodeLiteSourceCodeAccess
LogPluginManager: Mounting plugin GitSourceControl
LogPluginManager: Mounting plugin KDevelopSourceCodeAccess
LogPluginManager: Mounting plugin NullSourceCodeAccess
LogPluginManager: Mounting plugin PerforceSourceControl
LogPluginManager: Mounting plugin SubversionSourceControl
LogPluginManager: Mounting plugin UObjectPlugin
LogPluginManager: Mounting plugin VisualStudioCodeSourceCodeAccess
LogPluginManager: Mounting plugin VisualStudioSourceCodeAccess
LogPluginManager: Mounting plugin XCodeSourceCodeAccess
LogPluginManager: Mounting plugin AssetManagerEditor
LogPluginManager: Mounting plugin CryptoKeys
LogPluginManager: Mounting plugin DataValidation
LogPluginManager: Mounting plugin FacialAnimation
LogPluginManager: Mounting plugin GameplayTagsEditor
LogPluginManager: Mounting plugin MacGraphicsSwitching
LogPluginManager: Mounting plugin MaterialAnalyzer
LogPluginManager: Mounting plugin MobileLauncherProfileWizard
LogPluginManager: Mounting plugin PluginBrowser
LogPluginManager: Mounting plugin SpeedTreeImporter
LogPluginManager: Mounting plugin DatasmithContent
LogPluginManager: Mounting plugin VariantManagerContent
LogPluginManager: Mounting plugin AlembicImporter
LogPluginManager: Mounting plugin AppleImageUtils
LogPluginManager: Mounting plugin AppleVision
LogPluginManager: Mounting plugin BackChannel
LogPluginManager: Mounting plugin CharacterAI
LogPluginManager: Mounting plugin GeometryCache
LogPluginManager: Mounting plugin HTML5Networking
LogPluginManager: Mounting plugin ProxyLODPlugin
LogPluginManager: Mounting plugin SkeletalReduction
LogPluginManager: Mounting plugin MagicLeap
LogPluginManager: Mounting plugin MagicLeapMedia
LogPluginManager: Mounting plugin AndroidMedia
LogPluginManager: Mounting plugin AvfMedia
LogPluginManager: Mounting plugin ImgMedia
LogPluginManager: Mounting plugin LinearTimecode
LogPluginManager: Mounting plugin MediaCompositing
LogPluginManager: Mounting plugin MediaPlayerEditor
LogPluginManager: Mounting plugin WebMMedia
LogPluginManager: Mounting plugin WmfMedia
LogPluginManager: Mounting plugin TcpMessaging
LogPluginManager: Mounting plugin UdpMessaging
LogPluginManager: Mounting plugin ActorSequence
LogPluginManager: Mounting plugin LevelSequenceEditor
LogPluginManager: Mounting plugin MatineeToLevelSequence
LogPluginManager: Mounting plugin NetcodeUnitTest
LogPluginManager: Mounting plugin NUTUnrealEngine4
LogPluginManager: Mounting plugin OnlineSubsystemGooglePlay
LogPluginManager: Mounting plugin OnlineSubsystemIOS
LogPluginManager: Mounting plugin OnlineSubsystem
LogPluginManager: Mounting plugin OnlineSubsystemNull
LogPluginManager: Mounting plugin OnlineSubsystemUtils
LogPluginManager: Mounting plugin LauncherChunkInstaller
LogPluginManager: Mounting plugin AndroidDeviceProfileSelector
LogPluginManager: Mounting plugin AndroidMoviePlayer
LogPluginManager: Mounting plugin AndroidPermission
LogPluginManager: Mounting plugin AppleMoviePlayer
LogPluginManager: Mounting plugin ArchVisCharacter
LogPluginManager: Mounting plugin AudioCapture
LogPluginManager: Mounting plugin CableComponent
LogPluginManager: Mounting plugin CustomMeshComponent
LogPluginManager: Mounting plugin EditableMesh
LogPluginManager: Mounting plugin ExampleDeviceProfileSelector
LogPluginManager: Mounting plugin Firebase
LogPluginManager: Mounting plugin GoogleCloudMessaging
LogPluginManager: Mounting plugin IOSDeviceProfileSelector
LogPluginManager: Mounting plugin LinuxDeviceProfileSelector
LogPluginManager: Mounting plugin LocationServicesBPLibrary
LogPluginManager: Mounting plugin MobilePatchingUtils
LogPluginManager: Mounting plugin OculusVR
LogPluginManager: Mounting plugin PhysXVehicles
LogPluginManager: Mounting plugin ProceduralMeshComponent
LogPluginManager: Mounting plugin RuntimePhysXCooking
LogPluginManager: Mounting plugin SignificanceManager
LogPluginManager: Mounting plugin SteamVR
LogPluginManager: Mounting plugin WebMMoviePlayer
LogPluginManager: Mounting plugin WindowsMoviePlayer
LogInit: Using libcurl 7.55.1-DEV
LogInit:  - built for x86_64-pc-win32
LogInit:  - supports SSL with OpenSSL/1.1.1
LogInit:  - supports HTTP deflate (compression) using libz 1.2.8
LogInit:  - other features:
LogInit:      CURL_VERSION_SSL
LogInit:      CURL_VERSION_LIBZ
LogInit:      CURL_VERSION_IPV6
LogInit:      CURL_VERSION_ASYNCHDNS
LogInit:      CURL_VERSION_LARGEFILE
LogInit:      CURL_VERSION_IDN
LogInit:  CurlRequestOptions (configurable via config and command line):
LogInit:  - bVerifyPeer = true  - Libcurl will verify peer certificate
LogInit:  - bUseHttpProxy = false  - Libcurl will NOT use HTTP proxy
LogInit:  - bDontReuseConnections = false  - Libcurl will reuse connections
LogInit:  - MaxHostConnections = 16  - Libcurl will limit the number of connections to a host
LogInit:  - LocalHostAddr = Default
LogInit:  - BufferSize = 65536
LogInit: WinSock: version 1.1 (2.2), MaxSocks=32767, MaxUdp=65467
LogInit: Build: ++UE4+Release-4.22-CL-7053642
LogInit: Engine Version: 4.22.3-7053642+++UE4+Release-4.22
LogInit: Compatible Engine Version: 4.22.0-5660361+++UE4+Release-4.22
LogInit: Net CL: 5660361
LogInit: OS: Windows 10 (Release 1803) (), CPU: Intel(R) Core(TM) i7-6700HQ CPU @ 2.60GHz, GPU: NVIDIA GeForce GTX 1060
LogInit: Compiled (64-bit): Jun 18 2019 03:09:11
LogInit: Compiled with Visual C++: 19.16.27025.01
LogInit: Build Configuration: Development
LogInit: Branch Name: ++UE4+Release-4.22
LogInit: Command Line: 
LogInit: Base Directory: C:/Program Files/Epic Games/UE_4.22/Engine/Binaries/Win64/
LogInit: Installed Engine Build: 1
LogDevObjectVersion: Number of dev versions registered: 23
LogDevObjectVersion:   Dev-Blueprints (B0D832E4-1F89-4F0D-ACCF-7EB736FD4AA2): 10
LogDevObjectVersion:   Dev-Build (E1C64328-A22C-4D53-A36C-8E866417BD8C): 0
LogDevObjectVersion:   Dev-Core (375EC13C-06E4-48FB-B500-84F0262A717E): 3
LogDevObjectVersion:   Dev-Editor (E4B068ED-F494-42E9-A231-DA0B2E46BB41): 30
LogDevObjectVersion:   Dev-Framework (CFFC743F-43B0-4480-9391-14DF171D2073): 35
LogDevObjectVersion:   Dev-Mobile (B02B49B5-BB20-44E9-A304-32B752E40360): 2
LogDevObjectVersion:   Dev-Networking (A4E4105C-59A1-49B5-A7C5-40C4547EDFEE): 0
LogDevObjectVersion:   Dev-Online (39C831C9-5AE6-47DC-9A44-9C173E1C8E7C): 0
LogDevObjectVersion:   Dev-Physics (78F01B33-EBEA-4F98-B9B4-84EACCB95AA2): 0
LogDevObjectVersion:   Dev-Platform (6631380F-2D4D-43E0-8009-CF276956A95A): 0
LogDevObjectVersion:   Dev-Rendering (12F88B9F-8875-4AFC-A67C-D90C383ABD29): 28
LogDevObjectVersion:   Dev-Sequencer (7B5AE74C-D270-4C10-A958-57980B212A5A): 11
LogDevObjectVersion:   Dev-VR (D7296918-1DD6-4BDD-9DE2-64A83CC13884): 2
LogDevObjectVersion:   Dev-LoadTimes (C2A15278-BFE7-4AFE-6C17-90FF531DF755): 1
LogDevObjectVersion:   Private-Geometry (6EACA3D4-40EC-4CC1-B786-8BED09428FC5): 3
LogDevObjectVersion:   Dev-AnimPhys (29E575DD-E0A3-4627-9D10-D276232CDCEA): 17
LogDevObjectVersion:   Dev-Anim (AF43A65D-7FD3-4947-9873-3E8ED9C1BB05): 2
LogDevObjectVersion:   Dev-ReflectionCapture (6B266CEC-1EC7-4B8F-A30B-E4D90942FC07): 1
LogDevObjectVersion:   Dev-Automation (0DF73D61-A23F-47EA-B727-89E90C41499A): 1
LogDevObjectVersion:   FortniteMain (601D1886-AC64-4F84-AA16-D3DE0DEAC7D6): 25
LogDevObjectVersion:   Dev-Enterprise (9DFFBCD6-494F-0158-E221-12823C92A888): 6
LogDevObjectVersion:   Dev-Niagara (F2AED0AC-9AFE-416F-8664-AA7FFA26D6FC): 1
LogDevObjectVersion:   Dev-Destruction (174F1F0B-B4C6-45A5-B13F-2EE8D0FB917D): 2
LogInit: Presizing for max 16777216 objects, including 0 objects not considered by GC, pre-allocating 0 bytes for permanent pool.
LogInit: Object subsystem initialized
LogConfig: Setting CVar [[con.DebugEarlyDefault:1]]
LogConfig: Setting CVar [[r.setres:1280x720]]
[2019.07.07-21.06.57:497][  0]LogConfig: Setting CVar [[r.VSync:0]]
[2019.07.07-21.06.57:497][  0]LogConfig: Setting CVar [[r.RHICmdBypass:0]]
[2019.07.07-21.06.57:497][  0]LogConfig: Applying CVar settings from Section [/Script/Engine.RendererSettings] File [C:/Users/Chris/Documents/Descend/Descend-Into-Darkness/DescendIntoDarkness/Saved/Config/Windows/Engine.ini]
[2019.07.07-21.06.57:497][  0]LogConfig: Setting CVar [[r.GPUCrashDebugging:0]]
[2019.07.07-21.06.57:497][  0]LogConfig: Applying CVar settings from Section [/Script/Engine.RendererOverrideSettings] File [C:/Users/Chris/Documents/Descend/Descend-Into-Darkness/DescendIntoDarkness/Saved/Config/Windows/Engine.ini]
[2019.07.07-21.06.57:497][  0]LogConfig: Applying CVar settings from Section [/Script/Engine.StreamingSettings] File [C:/Users/Chris/Documents/Descend/Descend-Into-Darkness/DescendIntoDarkness/Saved/Config/Windows/Engine.ini]
[2019.07.07-21.06.57:497][  0]LogConfig: Setting CVar [[s.MinBulkDataSizeForAsyncLoading:131072]]
[2019.07.07-21.06.57:497][  0]LogConfig: Setting CVar [[s.AsyncLoadingThreadEnabled:0]]
[2019.07.07-21.06.57:497][  0]LogConfig: Setting CVar [[s.EventDrivenLoaderEnabled:1]]
[2019.07.07-21.06.57:497][  0]LogConfig: Setting CVar [[s.WarnIfTimeLimitExceeded:0]]
[2019.07.07-21.06.57:497][  0]LogConfig: Setting CVar [[s.TimeLimitExceededMultiplier:1.5]]
[2019.07.07-21.06.57:497][  0]LogConfig: Setting CVar [[s.TimeLimitExceededMinTime:0.005]]
[2019.07.07-21.06.57:497][  0]LogConfig: Setting CVar [[s.UseBackgroundLevelStreaming:1]]
[2019.07.07-21.06.57:497][  0]LogConfig: Setting CVar [[s.PriorityAsyncLoadingExtraTime:15.0]]
[2019.07.07-21.06.57:497][  0]LogConfig: Setting CVar [[s.LevelStreamingActorsUpdateTimeLimit:5.0]]
[2019.07.07-21.06.57:497][  0]LogConfig: Setting CVar [[s.PriorityLevelStreamingActorsUpdateExtraTime:5.0]]
[2019.07.07-21.06.57:497][  0]LogConfig: Setting CVar [[s.LevelStreamingComponentsRegistrationGranularity:10]]
[2019.07.07-21.06.57:497][  0]LogConfig: Setting CVar [[s.UnregisterComponentsTimeLimit:1.0]]
[2019.07.07-21.06.57:497][  0]LogConfig: Setting CVar [[s.LevelStreamingComponentsUnregistrationGranularity:5]]
[2019.07.07-21.06.57:497][  0]LogConfig: Applying CVar settings from Section [/Script/Engine.GarbageCollectionSettings] File [C:/Users/Chris/Documents/Descend/Descend-Into-Darkness/DescendIntoDarkness/Saved/Config/Windows/Engine.ini]
[2019.07.07-21.06.57:497][  0]LogConfig: Setting CVar [[gc.MaxObjectsNotConsideredByGC:1]]
[2019.07.07-21.06.57:497][  0]LogConfig: Setting CVar [[gc.SizeOfPermanentObjectPool:0]]
[2019.07.07-21.06.57:497][  0]LogConfig: Setting CVar [[gc.FlushStreamingOnGC:0]]
[2019.07.07-21.06.57:497][  0]LogConfig: Setting CVar [[gc.NumRetriesBeforeForcingGC:10]]
[2019.07.07-21.06.57:497][  0]LogConfig: Setting CVar [[gc.AllowParallelGC:1]]
[2019.07.07-21.06.57:497][  0]LogConfig: Setting CVar [[gc.TimeBetweenPurgingPendingKillObjects:61.1]]
[2019.07.07-21.06.57:497][  0]LogConfig: Setting CVar [[gc.MaxObjectsInEditor:16777216]]
[2019.07.07-21.06.57:497][  0]LogConfig: Setting CVar [[gc.IncrementalBeginDestroyEnabled:1]]
[2019.07.07-21.06.57:497][  0]LogConfig: Setting CVar [[gc.CreateGCClusters:1]]
[2019.07.07-21.06.57:497][  0]LogConfig: Setting CVar [[gc.MinGCClusterSize:5]]
[2019.07.07-21.06.57:497][  0]LogConfig: Setting CVar [[gc.ActorClusteringEnabled:0]]
[2019.07.07-21.06.57:497][  0]LogConfig: Setting CVar [[gc.BlueprintClusteringEnabled:0]]
[2019.07.07-21.06.57:497][  0]LogConfig: Setting CVar [[gc.UseDisregardForGCOnDedicatedServers:0]]
[2019.07.07-21.06.57:497][  0]LogConfig: Applying CVar settings from Section [/Script/Engine.NetworkSettings] File [C:/Users/Chris/Documents/Descend/Descend-Into-Darkness/DescendIntoDarkness/Saved/Config/Windows/Engine.ini]
[2019.07.07-21.06.57:497][  0]LogConfig: Applying CVar settings from Section [/Script/UnrealEd.CookerSettings] File [C:/Users/Chris/Documents/Descend/Descend-Into-Darkness/DescendIntoDarkness/Saved/Config/Windows/Engine.ini]
[2019.07.07-21.06.57:504][  0]LogConfig: Applying CVar settings from Section [ViewDistanceQuality@3] File [C:/Users/Chris/Documents/Descend/Descend-Into-Darkness/DescendIntoDarkness/Saved/Config/Windows/Scalability.ini]
[2019.07.07-21.06.57:505][  0]LogConfig: Setting CVar [[r.SkeletalMeshLODBias:0]]
[2019.07.07-21.06.57:505][  0]LogConfig: Setting CVar [[r.ViewDistanceScale:1.0]]
[2019.07.07-21.06.57:505][  0]LogConfig: Applying CVar settings from Section [AntiAliasingQuality@3] File [C:/Users/Chris/Documents/Descend/Descend-Into-Darkness/DescendIntoDarkness/Saved/Config/Windows/Scalability.ini]
[2019.07.07-21.06.57:505][  0]LogConfig: Setting CVar [[r.PostProcessAAQuality:4]]
[2019.07.07-21.06.57:505][  0]LogConfig: Applying CVar settings from Section [ShadowQuality@3] File [C:/Users/Chris/Documents/Descend/Descend-Into-Darkness/DescendIntoDarkness/Saved/Config/Windows/Scalability.ini]
[2019.07.07-21.06.57:505][  0]LogConfig: Setting CVar [[r.LightFunctionQuality:1]]
[2019.07.07-21.06.57:505][  0]LogConfig: Setting CVar [[r.ShadowQuality:5]]
[2019.07.07-21.06.57:505][  0]LogConfig: Setting CVar [[r.Shadow.CSM.MaxCascades:10]]
[2019.07.07-21.06.57:505][  0]LogConfig: Setting CVar [[r.Shadow.MaxResolution:2048]]
[2019.07.07-21.06.57:505][  0]LogConfig: Setting CVar [[r.Shadow.MaxCSMResolution:2048]]
[2019.07.07-21.06.57:505][  0]LogConfig: Setting CVar [[r.Shadow.RadiusThreshold:0.01]]
[2019.07.07-21.06.57:505][  0]LogConfig: Setting CVar [[r.Shadow.DistanceScale:1.0]]
[2019.07.07-21.06.57:505][  0]LogConfig: Setting CVar [[r.Shadow.CSM.TransitionScale:1.0]]
[2019.07.07-21.06.57:505][  0]LogConfig: Setting CVar [[r.Shadow.PreShadowResolutionFactor:1.0]]
[2019.07.07-21.06.57:505][  0]LogConfig: Setting CVar [[r.DistanceFieldShadowing:1]]
[2019.07.07-21.06.57:505][  0]LogConfig: Setting CVar [[r.DistanceFieldAO:1]]
[2019.07.07-21.06.57:505][  0]LogConfig: Setting CVar [[r.AOQuality:2]]
[2019.07.07-21.06.57:505][  0]LogConfig: Setting CVar [[r.VolumetricFog:1]]
[2019.07.07-21.06.57:505][  0]LogConfig: Setting CVar [[r.VolumetricFog.GridPixelSize:8]]
[2019.07.07-21.06.57:505][  0]LogConfig: Setting CVar [[r.VolumetricFog.GridSizeZ:128]]
[2019.07.07-21.06.57:505][  0]LogConfig: Setting CVar [[r.VolumetricFog.HistoryMissSupersampleCount:4]]
[2019.07.07-21.06.57:505][  0]LogConfig: Setting CVar [[r.LightMaxDrawDistanceScale:1]]
[2019.07.07-21.06.57:505][  0]LogConfig: Setting CVar [[r.CapsuleShadows:1]]
[2019.07.07-21.06.57:505][  0]LogConfig: Applying CVar settings from Section [PostProcessQuality@3] File [C:/Users/Chris/Documents/Descend/Descend-Into-Darkness/DescendIntoDarkness/Saved/Config/Windows/Scalability.ini]
[2019.07.07-21.06.57:505][  0]LogConfig: Setting CVar [[r.MotionBlurQuality:4]]
[2019.07.07-21.06.57:505][  0]LogConfig: Setting CVar [[r.AmbientOcclusionMipLevelFactor:0.4]]
[2019.07.07-21.06.57:505][  0]LogConfig: Setting CVar [[r.AmbientOcclusionMaxQuality:100]]
[2019.07.07-21.06.57:505][  0]LogConfig: Setting CVar [[r.AmbientOcclusionLevels:-1]]
[2019.07.07-21.06.57:505][  0]LogConfig: Setting CVar [[r.AmbientOcclusionRadiusScale:1.0]]
[2019.07.07-21.06.57:505][  0]LogConfig: Setting CVar [[r.DepthOfFieldQuality:2]]
[2019.07.07-21.06.57:505][  0]LogConfig: Setting CVar [[r.RenderTargetPoolMin:400]]
[2019.07.07-21.06.57:505][  0]LogConfig: Setting CVar [[r.LensFlareQuality:2]]
[2019.07.07-21.06.57:505][  0]LogConfig: Setting CVar [[r.SceneColorFringeQuality:1]]
[2019.07.07-21.06.57:505][  0]LogConfig: Setting CVar [[r.EyeAdaptationQuality:2]]
[2019.07.07-21.06.57:505][  0]LogConfig: Setting CVar [[r.BloomQuality:5]]
[2019.07.07-21.06.57:505][  0]LogConfig: Setting CVar [[r.FastBlurThreshold:100]]
[2019.07.07-21.06.57:505][  0]LogConfig: Setting CVar [[r.Upscale.Quality:3]]
[2019.07.07-21.06.57:505][  0]LogConfig: Setting CVar [[r.Tonemapper.GrainQuantization:1]]
[2019.07.07-21.06.57:505][  0]LogConfig: Setting CVar [[r.LightShaftQuality:1]]
[2019.07.07-21.06.57:505][  0]LogConfig: Setting CVar [[r.Filter.SizeScale:1]]
[2019.07.07-21.06.57:505][  0]LogConfig: Setting CVar [[r.Tonemapper.Quality:5]]
[2019.07.07-21.06.57:505][  0]LogConfig: Setting CVar [[r.DOF.Gather.AccumulatorQuality:1        ; higher gathering accumulator quality]]
[2019.07.07-21.06.57:505][  0]LogConfig: Setting CVar [[r.DOF.Gather.PostfilterMethod:1          ; Median3x3 postfilering method]]
[2019.07.07-21.06.57:505][  0]LogConfig: Setting CVar [[r.DOF.Gather.EnableBokehSettings:0       ; no bokeh simulation when gathering]]
[2019.07.07-21.06.57:505][  0]LogConfig: Setting CVar [[r.DOF.Gather.RingCount:4                 ; medium number of samples when gathering]]
[2019.07.07-21.06.57:505][  0]LogConfig: Setting CVar [[r.DOF.Scatter.ForegroundCompositing:1    ; additive foreground scattering]]
[2019.07.07-21.06.57:505][  0]LogConfig: Setting CVar [[r.DOF.Scatter.BackgroundCompositing:2    ; additive background scattering]]
[2019.07.07-21.06.57:505][  0]LogConfig: Setting CVar [[r.DOF.Scatter.EnableBokehSettings:1      ; bokeh simulation when scattering]]
[2019.07.07-21.06.57:505][  0]LogConfig: Setting CVar [[r.DOF.Scatter.MaxSpriteRatio:0.1         ; only a maximum of 10% of scattered bokeh]]
[2019.07.07-21.06.57:505][  0]LogConfig: Setting CVar [[r.DOF.Recombine.Quality:1                ; cheap slight out of focus]]
[2019.07.07-21.06.57:506][  0]LogConfig: Setting CVar [[r.DOF.Recombine.EnableBokehSettings:0    ; no bokeh simulation on slight out of focus]]
[2019.07.07-21.06.57:506][  0]LogConfig: Setting CVar [[r.DOF.TemporalAAQuality:1                ; more stable temporal accumulation]]
[2019.07.07-21.06.57:506][  0]LogConfig: Setting CVar [[r.DOF.Kernel.MaxForegroundRadius:0.025]]
[2019.07.07-21.06.57:506][  0]LogConfig: Setting CVar [[r.DOF.Kernel.MaxBackgroundRadius:0.025]]
[2019.07.07-21.06.57:506][  0]LogConfig: Applying CVar settings from Section [TextureQuality@3] File [C:/Users/Chris/Documents/Descend/Descend-Into-Darkness/DescendIntoDarkness/Saved/Config/Windows/Scalability.ini]
[2019.07.07-21.06.57:506][  0]LogConfig: Setting CVar [[r.Streaming.MipBias:0]]
[2019.07.07-21.06.57:506][  0]LogConfig: Setting CVar [[r.Streaming.AmortizeCPUToGPUCopy:0]]
[2019.07.07-21.06.57:506][  0]LogConfig: Setting CVar [[r.Streaming.MaxNumTexturesToStreamPerFrame:0]]
[2019.07.07-21.06.57:506][  0]LogConfig: Setting CVar [[r.Streaming.Boost:1]]
[2019.07.07-21.06.57:506][  0]LogConfig: Setting CVar [[r.MaxAnisotropy:8]]
[2019.07.07-21.06.57:506][  0]LogConfig: Setting CVar [[r.Streaming.LimitPoolSizeToVRAM:0]]
[2019.07.07-21.06.57:506][  0]LogConfig: Setting CVar [[r.Streaming.PoolSize:1000]]
[2019.07.07-21.06.57:506][  0]LogConfig: Setting CVar [[r.Streaming.MaxEffectiveScreenSize:0]]
[2019.07.07-21.06.57:506][  0]LogConfig: Applying CVar settings from Section [EffectsQuality@3] File [C:/Users/Chris/Documents/Descend/Descend-Into-Darkness/DescendIntoDarkness/Saved/Config/Windows/Scalability.ini]
[2019.07.07-21.06.57:506][  0]LogConfig: Setting CVar [[r.TranslucencyLightingVolumeDim:64]]
[2019.07.07-21.06.57:506][  0]LogConfig: Setting CVar [[r.RefractionQuality:2]]
[2019.07.07-21.06.57:506][  0]LogConfig: Setting CVar [[r.SSR.Quality:3]]
[2019.07.07-21.06.57:506][  0]LogConfig: Setting CVar [[r.SceneColorFormat:4]]
[2019.07.07-21.06.57:506][  0]LogConfig: Setting CVar [[r.DetailMode:2]]
[2019.07.07-21.06.57:506][  0]LogConfig: Setting CVar [[r.TranslucencyVolumeBlur:1]]
[2019.07.07-21.06.57:506][  0]LogConfig: Setting CVar [[r.MaterialQualityLevel:1 ; High quality]]
[2019.07.07-21.06.57:506][  0]LogConfig: Setting CVar [[r.SSS.Scale:1]]
[2019.07.07-21.06.57:506][  0]LogConfig: Setting CVar [[r.SSS.SampleSet:2]]
[2019.07.07-21.06.57:506][  0]LogConfig: Setting CVar [[r.SSS.Quality:1]]
[2019.07.07-21.06.57:506][  0]LogConfig: Setting CVar [[r.SSS.HalfRes:1]]
[2019.07.07-21.06.57:506][  0]LogConfig: Setting CVar [[r.EmitterSpawnRateScale:1.0]]
[2019.07.07-21.06.57:506][  0]LogConfig: Setting CVar [[r.ParticleLightQuality:2]]
[2019.07.07-21.06.57:506][  0]LogConfig: Applying CVar settings from Section [FoliageQuality@3] File [C:/Users/Chris/Documents/Descend/Descend-Into-Darkness/DescendIntoDarkness/Saved/Config/Windows/Scalability.ini]
[2019.07.07-21.06.57:506][  0]LogConfig: Setting CVar [[foliage.DensityScale:1.0]]
[2019.07.07-21.06.57:506][  0]LogConfig: Setting CVar [[grass.DensityScale:1.0]]
[2019.07.07-21.06.57:506][  0]LogInit: Selected Device Profile: [Windows]
[2019.07.07-21.06.57:506][  0]LogInit: Applying CVar settings loaded from the selected device profile: [Windows]
[2019.07.07-21.06.57:518][  0]LogHAL: Display: Platform has ~ 16 GB [17132466176 / 17179869184 / 16], which maps to Larger [LargestMinGB=32, LargerMinGB=12, DefaultMinGB=8, SmallerMinGB=6, SmallestMinGB=0)
[2019.07.07-21.06.57:518][  0]LogConfig: Setting CVar [[r.Vulkan.UseRealUBs:0		; Required until we fix HLR fall-out]]
[2019.07.07-21.06.57:518][  0]LogInit: Going up to parent DeviceProfile []
[2019.07.07-21.06.57:518][  0]LogConfig: Applying CVar settings from Section [ViewDistanceQuality@3] File [C:/Users/Chris/Documents/Descend/Descend-Into-Darkness/DescendIntoDarkness/Saved/Config/Windows/Scalability.ini]
[2019.07.07-21.06.57:518][  0]LogConfig: Setting CVar [[r.SkeletalMeshLODBias:0]]
[2019.07.07-21.06.57:518][  0]LogConfig: Setting CVar [[r.ViewDistanceScale:1.0]]
[2019.07.07-21.06.57:518][  0]LogConfig: Applying CVar settings from Section [AntiAliasingQuality@3] File [C:/Users/Chris/Documents/Descend/Descend-Into-Darkness/DescendIntoDarkness/Saved/Config/Windows/Scalability.ini]
[2019.07.07-21.06.57:518][  0]LogConfig: Setting CVar [[r.PostProcessAAQuality:4]]
[2019.07.07-21.06.57:518][  0]LogConfig: Applying CVar settings from Section [ShadowQuality@3] File [C:/Users/Chris/Documents/Descend/Descend-Into-Darkness/DescendIntoDarkness/Saved/Config/Windows/Scalability.ini]
[2019.07.07-21.06.57:518][  0]LogConfig: Setting CVar [[r.LightFunctionQuality:1]]
[2019.07.07-21.06.57:518][  0]LogConfig: Setting CVar [[r.ShadowQuality:5]]
[2019.07.07-21.06.57:518][  0]LogConfig: Setting CVar [[r.Shadow.CSM.MaxCascades:10]]
[2019.07.07-21.06.57:518][  0]LogConfig: Setting CVar [[r.Shadow.MaxResolution:2048]]
[2019.07.07-21.06.57:518][  0]LogConfig: Setting CVar [[r.Shadow.MaxCSMResolution:2048]]
[2019.07.07-21.06.57:518][  0]LogConfig: Setting CVar [[r.Shadow.RadiusThreshold:0.01]]
[2019.07.07-21.06.57:518][  0]LogConfig: Setting CVar [[r.Shadow.DistanceScale:1.0]]
[2019.07.07-21.06.57:518][  0]LogConfig: Setting CVar [[r.Shadow.CSM.TransitionScale:1.0]]
[2019.07.07-21.06.57:518][  0]LogConfig: Setting CVar [[r.Shadow.PreShadowResolutionFactor:1.0]]
[2019.07.07-21.06.57:518][  0]LogConfig: Setting CVar [[r.DistanceFieldShadowing:1]]
[2019.07.07-21.06.57:518][  0]LogConfig: Setting CVar [[r.DistanceFieldAO:1]]
[2019.07.07-21.06.57:518][  0]LogConfig: Setting CVar [[r.AOQuality:2]]
[2019.07.07-21.06.57:518][  0]LogConfig: Setting CVar [[r.VolumetricFog:1]]
[2019.07.07-21.06.57:518][  0]LogConfig: Setting CVar [[r.VolumetricFog.GridPixelSize:8]]
[2019.07.07-21.06.57:518][  0]LogConfig: Setting CVar [[r.VolumetricFog.GridSizeZ:128]]
[2019.07.07-21.06.57:518][  0]LogConfig: Setting CVar [[r.VolumetricFog.HistoryMissSupersampleCount:4]]
[2019.07.07-21.06.57:518][  0]LogConfig: Setting CVar [[r.LightMaxDrawDistanceScale:1]]
[2019.07.07-21.06.57:518][  0]LogConfig: Setting CVar [[r.CapsuleShadows:1]]
[2019.07.07-21.06.57:518][  0]LogConfig: Applying CVar settings from Section [PostProcessQuality@3] File [C:/Users/Chris/Documents/Descend/Descend-Into-Darkness/DescendIntoDarkness/Saved/Config/Windows/Scalability.ini]
[2019.07.07-21.06.57:519][  0]LogConfig: Setting CVar [[r.MotionBlurQuality:4]]
[2019.07.07-21.06.57:519][  0]LogConfig: Setting CVar [[r.AmbientOcclusionMipLevelFactor:0.4]]
[2019.07.07-21.06.57:519][  0]LogConfig: Setting CVar [[r.AmbientOcclusionMaxQuality:100]]
[2019.07.07-21.06.57:519][  0]LogConfig: Setting CVar [[r.AmbientOcclusionLevels:-1]]
[2019.07.07-21.06.57:519][  0]LogConfig: Setting CVar [[r.AmbientOcclusionRadiusScale:1.0]]
[2019.07.07-21.06.57:519][  0]LogConfig: Setting CVar [[r.DepthOfFieldQuality:2]]
[2019.07.07-21.06.57:519][  0]LogConfig: Setting CVar [[r.RenderTargetPoolMin:400]]
[2019.07.07-21.06.57:519][  0]LogConfig: Setting CVar [[r.LensFlareQuality:2]]
[2019.07.07-21.06.57:519][  0]LogConfig: Setting CVar [[r.SceneColorFringeQuality:1]]
[2019.07.07-21.06.57:519][  0]LogConfig: Setting CVar [[r.EyeAdaptationQuality:2]]
[2019.07.07-21.06.57:519][  0]LogConfig: Setting CVar [[r.BloomQuality:5]]
[2019.07.07-21.06.57:519][  0]LogConfig: Setting CVar [[r.FastBlurThreshold:100]]
[2019.07.07-21.06.57:519][  0]LogConfig: Setting CVar [[r.Upscale.Quality:3]]
[2019.07.07-21.06.57:519][  0]LogConfig: Setting CVar [[r.Tonemapper.GrainQuantization:1]]
[2019.07.07-21.06.57:519][  0]LogConfig: Setting CVar [[r.LightShaftQuality:1]]
[2019.07.07-21.06.57:519][  0]LogConfig: Setting CVar [[r.Filter.SizeScale:1]]
[2019.07.07-21.06.57:519][  0]LogConfig: Setting CVar [[r.Tonemapper.Quality:5]]
[2019.07.07-21.06.57:519][  0]LogConfig: Setting CVar [[r.DOF.Gather.AccumulatorQuality:1        ; higher gathering accumulator quality]]
[2019.07.07-21.06.57:519][  0]LogConfig: Setting CVar [[r.DOF.Gather.PostfilterMethod:1          ; Median3x3 postfilering method]]
[2019.07.07-21.06.57:519][  0]LogConfig: Setting CVar [[r.DOF.Gather.EnableBokehSettings:0       ; no bokeh simulation when gathering]]
[2019.07.07-21.06.57:519][  0]LogConfig: Setting CVar [[r.DOF.Gather.RingCount:4                 ; medium number of samples when gathering]]
[2019.07.07-21.06.57:519][  0]LogConfig: Setting CVar [[r.DOF.Scatter.ForegroundCompositing:1    ; additive foreground scattering]]
[2019.07.07-21.06.57:519][  0]LogConfig: Setting CVar [[r.DOF.Scatter.BackgroundCompositing:2    ; additive background scattering]]
[2019.07.07-21.06.57:519][  0]LogConfig: Setting CVar [[r.DOF.Scatter.EnableBokehSettings:1      ; bokeh simulation when scattering]]
[2019.07.07-21.06.57:519][  0]LogConfig: Setting CVar [[r.DOF.Scatter.MaxSpriteRatio:0.1         ; only a maximum of 10% of scattered bokeh]]
[2019.07.07-21.06.57:519][  0]LogConfig: Setting CVar [[r.DOF.Recombine.Quality:1                ; cheap slight out of focus]]
[2019.07.07-21.06.57:519][  0]LogConfig: Setting CVar [[r.DOF.Recombine.EnableBokehSettings:0    ; no bokeh simulation on slight out of focus]]
[2019.07.07-21.06.57:519][  0]LogConfig: Setting CVar [[r.DOF.TemporalAAQuality:1                ; more stable temporal accumulation]]
[2019.07.07-21.06.57:519][  0]LogConfig: Setting CVar [[r.DOF.Kernel.MaxForegroundRadius:0.025]]
[2019.07.07-21.06.57:519][  0]LogConfig: Setting CVar [[r.DOF.Kernel.MaxBackgroundRadius:0.025]]
[2019.07.07-21.06.57:519][  0]LogConfig: Applying CVar settings from Section [TextureQuality@3] File [C:/Users/Chris/Documents/Descend/Descend-Into-Darkness/DescendIntoDarkness/Saved/Config/Windows/Scalability.ini]
[2019.07.07-21.06.57:519][  0]LogConfig: Setting CVar [[r.Streaming.MipBias:0]]
[2019.07.07-21.06.57:519][  0]LogConfig: Setting CVar [[r.Streaming.AmortizeCPUToGPUCopy:0]]
[2019.07.07-21.06.57:519][  0]LogConfig: Setting CVar [[r.Streaming.MaxNumTexturesToStreamPerFrame:0]]
[2019.07.07-21.06.57:519][  0]LogConfig: Setting CVar [[r.Streaming.Boost:1]]
[2019.07.07-21.06.57:519][  0]LogConfig: Setting CVar [[r.MaxAnisotropy:8]]
[2019.07.07-21.06.57:519][  0]LogConfig: Setting CVar [[r.Streaming.LimitPoolSizeToVRAM:0]]
[2019.07.07-21.06.57:519][  0]LogConfig: Setting CVar [[r.Streaming.PoolSize:1000]]
[2019.07.07-21.06.57:519][  0]LogConfig: Setting CVar [[r.Streaming.MaxEffectiveScreenSize:0]]
[2019.07.07-21.06.57:519][  0]LogConfig: Applying CVar settings from Section [EffectsQuality@3] File [C:/Users/Chris/Documents/Descend/Descend-Into-Darkness/DescendIntoDarkness/Saved/Config/Windows/Scalability.ini]
[2019.07.07-21.06.57:519][  0]LogConfig: Setting CVar [[r.TranslucencyLightingVolumeDim:64]]
[2019.07.07-21.06.57:519][  0]LogConfig: Setting CVar [[r.RefractionQuality:2]]
[2019.07.07-21.06.57:519][  0]LogConfig: Setting CVar [[r.SSR.Quality:3]]
[2019.07.07-21.06.57:519][  0]LogConfig: Setting CVar [[r.SceneColorFormat:4]]
[2019.07.07-21.06.57:519][  0]LogConfig: Setting CVar [[r.DetailMode:2]]
[2019.07.07-21.06.57:519][  0]LogConfig: Setting CVar [[r.TranslucencyVolumeBlur:1]]
[2019.07.07-21.06.57:519][  0]LogConfig: Setting CVar [[r.MaterialQualityLevel:1 ; High quality]]
[2019.07.07-21.06.57:519][  0]LogConfig: Setting CVar [[r.SSS.Scale:1]]
[2019.07.07-21.06.57:519][  0]LogConfig: Setting CVar [[r.SSS.SampleSet:2]]
[2019.07.07-21.06.57:519][  0]LogConfig: Setting CVar [[r.SSS.Quality:1]]
[2019.07.07-21.06.57:519][  0]LogConfig: Setting CVar [[r.SSS.HalfRes:1]]
[2019.07.07-21.06.57:519][  0]LogConfig: Setting CVar [[r.EmitterSpawnRateScale:1.0]]
[2019.07.07-21.06.57:519][  0]LogConfig: Setting CVar [[r.ParticleLightQuality:2]]
[2019.07.07-21.06.57:519][  0]LogConfig: Applying CVar settings from Section [FoliageQuality@3] File [C:/Users/Chris/Documents/Descend/Descend-Into-Darkness/DescendIntoDarkness/Saved/Config/Windows/Scalability.ini]
[2019.07.07-21.06.57:519][  0]LogConfig: Setting CVar [[foliage.DensityScale:1.0]]
[2019.07.07-21.06.57:519][  0]LogConfig: Setting CVar [[grass.DensityScale:1.0]]
[2019.07.07-21.06.57:519][  0]LogConfig: Applying CVar settings from Section [Startup] File [../../../Engine/Config/ConsoleVariables.ini]
[2019.07.07-21.06.57:520][  0]LogConfig: Setting CVar [[net.UseAdaptiveNetUpdateFrequency:0]]
[2019.07.07-21.06.57:520][  0]LogConfig: Setting CVar [[p.chaos.AllowCreatePhysxBodies:1]]
[2019.07.07-21.06.57:520][  0]LogConfig: Applying CVar settings from Section [ConsoleVariables] File [C:/Users/Chris/Documents/Descend/Descend-Into-Darkness/DescendIntoDarkness/Saved/Config/Windows/Engine.ini]
[2019.07.07-21.06.57:520][  0]LogInit: Computer: MSI
[2019.07.07-21.06.57:520][  0]LogInit: User: Chris
[2019.07.07-21.06.57:520][  0]LogInit: CPU Page size=4096, Cores=4
[2019.07.07-21.06.57:520][  0]LogInit: High frequency timer resolution =2.531253 MHz
[2019.07.07-21.06.57:520][  0]LogMemory: Memory total: Physical=16.0GB (16GB approx)
[2019.07.07-21.06.57:520][  0]LogMemory: Platform Memory Stats for Windows
[2019.07.07-21.06.57:520][  0]LogMemory: Process Physical Memory: 97.25 MB used, 97.25 MB peak
[2019.07.07-21.06.57:520][  0]LogMemory: Process Virtual Memory: 89.04 MB used, 89.04 MB peak
[2019.07.07-21.06.57:520][  0]LogMemory: Physical Memory: 6939.07 MB used,  9399.73 MB free, 16338.79 MB total
[2019.07.07-21.06.57:520][  0]LogMemory: Virtual Memory: 4641.02 MB used,  134213088.00 MB free, 134217728.00 MB total
[2019.07.07-21.06.57:566][  0]LogInit: Using OS detected language (en-US).
[2019.07.07-21.06.57:566][  0]LogInit: Using OS detected locale (en-US).
[2019.07.07-21.06.57:568][  0]LogTextLocalizationManager: No specific localization for 'en-US' exists, so the 'en' localization will be used.
[2019.07.07-21.06.57:801][  0]LogInit: Setting process to per monitor DPI aware
[2019.07.07-21.06.57:865][  0]LogSlate: New Slate User Created.  User Index 0, Is Virtual User: 0
[2019.07.07-21.06.57:865][  0]LogSlate: Slate User Registered.  User Index 0, Is Virtual User: 0
[2019.07.07-21.06.58:415][  0]LogHMD: Failed to initialize OpenVR with code 110
[2019.07.07-21.06.58:415][  0]LogD3D11RHI: D3D11 adapters:
[2019.07.07-21.06.58:504][  0]LogD3D11RHI:    0. 'NVIDIA GeForce GTX 1060' (Feature Level 11_0)
[2019.07.07-21.06.58:504][  0]LogD3D11RHI:       6052/0/8169 MB DedicatedVideo/DedicatedSystem/SharedSystem, Outputs:2, VendorId:0x10de
[2019.07.07-21.06.58:508][  0]LogD3D11RHI:    1. 'Microsoft Basic Render Driver' (Feature Level 11_0)
[2019.07.07-21.06.58:508][  0]LogD3D11RHI:       0/0/8169 MB DedicatedVideo/DedicatedSystem/SharedSystem, Outputs:0, VendorId:0x1414
[2019.07.07-21.06.58:508][  0]LogD3D11RHI: Chosen D3D11 Adapter: 0
[2019.07.07-21.06.58:517][  0]LogD3D11RHI: Creating new Direct3DDevice
[2019.07.07-21.06.58:517][  0]LogD3D11RHI:     GPU DeviceId: 0x1c60 (for the marketing name, search the web for "GPU Device Id")
[2019.07.07-21.06.58:517][  0]LogWindows: EnumDisplayDevices:
[2019.07.07-21.06.58:517][  0]LogWindows:    0. 'NVIDIA GeForce GTX 1060' (P:1 D:1)
[2019.07.07-21.06.58:518][  0]LogWindows:    1. 'NVIDIA GeForce GTX 1060' (P:0 D:1)
[2019.07.07-21.06.58:518][  0]LogWindows:    2. 'NVIDIA GeForce GTX 1060' (P:0 D:0)
[2019.07.07-21.06.58:519][  0]LogWindows:    3. 'NVIDIA GeForce GTX 1060' (P:0 D:0)
[2019.07.07-21.06.58:519][  0]LogWindows: DebugString: FoundDriverCount:4 
[2019.07.07-21.06.58:519][  0]LogD3D11RHI:     Adapter Name: NVIDIA GeForce GTX 1060
[2019.07.07-21.06.58:519][  0]LogD3D11RHI:   Driver Version: 430.86 (internal:26.21.14.3086, unified:430.86)
[2019.07.07-21.06.58:519][  0]LogD3D11RHI:      Driver Date: 5-22-2019
[2019.07.07-21.06.58:519][  0]LogRHI: Texture pool is 4236 MB (70% of 6052 MB)
[2019.07.07-21.06.58:583][  0]LogD3D11RHI: Async texture creation enabled
[2019.07.07-21.06.58:594][  0]LogRendererCore: FGlobalReadBuffer::InitRHI
[2019.07.07-21.06.58:595][  0]LogRendererCore: FGlobalReadBuffer::InitRHI
[2019.07.07-21.06.58:595][  0]LogRendererCore: FGlobalReadBuffer::InitRHI
[2019.07.07-21.06.58:604][  0]LogD3D11RHI: GPU Timing Frequency: 1000.000000 (Debug: 2 1)
[2019.07.07-21.06.59:178][  0]LogTemp: Display: Module 'AllDesktopTargetPlatform' loaded TargetPlatform 'AllDesktop'
[2019.07.07-21.06.59:202][  0]LogTemp: Display: Module 'MacClientTargetPlatform' loaded TargetPlatform 'MacClient'
[2019.07.07-21.06.59:227][  0]LogTemp: Display: Module 'MacNoEditorTargetPlatform' loaded TargetPlatform 'MacNoEditor'
[2019.07.07-21.06.59:253][  0]LogTemp: Display: Module 'MacServerTargetPlatform' loaded TargetPlatform 'MacServer'
[2019.07.07-21.06.59:276][  0]LogTemp: Display: Module 'MacTargetPlatform' loaded TargetPlatform 'Mac'
[2019.07.07-21.06.59:303][  0]LogTemp: Display: Module 'WindowsClientTargetPlatform' loaded TargetPlatform 'WindowsClient'
[2019.07.07-21.06.59:326][  0]LogTemp: Display: Module 'WindowsNoEditorTargetPlatform' loaded TargetPlatform 'WindowsNoEditor'
[2019.07.07-21.06.59:348][  0]LogTemp: Display: Module 'WindowsServerTargetPlatform' loaded TargetPlatform 'WindowsServer'
[2019.07.07-21.06.59:360][  0]LogTemp: Display: Module 'WindowsTargetPlatform' loaded TargetPlatform 'Windows'
[2019.07.07-21.06.59:483][  0]LogTemp: Display: Module 'AndroidTargetPlatform' loaded TargetPlatform 'Android'
[2019.07.07-21.06.59:483][  0]LogTemp: Display: Module 'AndroidTargetPlatform' loaded TargetPlatform 'Android_ASTC'
[2019.07.07-21.06.59:483][  0]LogTemp: Display: Module 'AndroidTargetPlatform' loaded TargetPlatform 'Android_ATC'
[2019.07.07-21.06.59:484][  0]LogTemp: Display: Module 'AndroidTargetPlatform' loaded TargetPlatform 'Android_DXT'
[2019.07.07-21.06.59:484][  0]LogTemp: Display: Module 'AndroidTargetPlatform' loaded TargetPlatform 'Android_ETC1'
[2019.07.07-21.06.59:484][  0]LogTemp: Display: Module 'AndroidTargetPlatform' loaded TargetPlatform 'Android_ETC1a'
[2019.07.07-21.06.59:484][  0]LogTemp: Display: Module 'AndroidTargetPlatform' loaded TargetPlatform 'Android_ETC2'
[2019.07.07-21.06.59:484][  0]LogTemp: Display: Module 'AndroidTargetPlatform' loaded TargetPlatform 'Android_PVRTC'
[2019.07.07-21.06.59:484][  0]LogTemp: Display: Module 'AndroidTargetPlatform' loaded TargetPlatform 'AndroidClient'
[2019.07.07-21.06.59:484][  0]LogTemp: Display: Module 'AndroidTargetPlatform' loaded TargetPlatform 'Android_ASTCClient'
[2019.07.07-21.06.59:484][  0]LogTemp: Display: Module 'AndroidTargetPlatform' loaded TargetPlatform 'Android_ATCClient'
[2019.07.07-21.06.59:484][  0]LogTemp: Display: Module 'AndroidTargetPlatform' loaded TargetPlatform 'Android_DXTClient'
[2019.07.07-21.06.59:484][  0]LogTemp: Display: Module 'AndroidTargetPlatform' loaded TargetPlatform 'Android_ETC1Client'
[2019.07.07-21.06.59:484][  0]LogTemp: Display: Module 'AndroidTargetPlatform' loaded TargetPlatform 'Android_ETC1aClient'
[2019.07.07-21.06.59:484][  0]LogTemp: Display: Module 'AndroidTargetPlatform' loaded TargetPlatform 'Android_ETC2Client'
[2019.07.07-21.06.59:484][  0]LogTemp: Display: Module 'AndroidTargetPlatform' loaded TargetPlatform 'Android_PVRTCClient'
[2019.07.07-21.06.59:484][  0]LogTemp: Display: Module 'AndroidTargetPlatform' loaded TargetPlatform 'Android_Multi'
[2019.07.07-21.06.59:484][  0]LogTemp: Display: Module 'AndroidTargetPlatform' loaded TargetPlatform 'Android_MultiClient'
[2019.07.07-21.06.59:487][  0]LogTemp: Display: Module 'HTML5TargetPlatform' loaded TargetPlatform 'HTML5'
[2019.07.07-21.06.59:554][  0]LogTemp: Display: Module 'IOSTargetPlatform' loaded TargetPlatform 'IOSClient'
[2019.07.07-21.06.59:554][  0]LogTemp: Display: Module 'IOSTargetPlatform' loaded TargetPlatform 'IOS'
[2019.07.07-21.06.59:592][  0]LogTemp: Display: Module 'TVOSTargetPlatform' loaded TargetPlatform 'TVOSClient'
[2019.07.07-21.06.59:592][  0]LogTemp: Display: Module 'TVOSTargetPlatform' loaded TargetPlatform 'TVOS'
[2019.07.07-21.06.59:613][  0]LogTemp: Display: Module 'LinuxClientTargetPlatform' loaded TargetPlatform 'LinuxClient'
[2019.07.07-21.06.59:633][  0]LogTemp: Display: Module 'LinuxNoEditorTargetPlatform' loaded TargetPlatform 'LinuxNoEditor'
[2019.07.07-21.06.59:652][  0]LogTemp: Display: Module 'LinuxServerTargetPlatform' loaded TargetPlatform 'LinuxServer'
[2019.07.07-21.06.59:674][  0]LogTemp: Display: Module 'LinuxTargetPlatform' loaded TargetPlatform 'Linux'
[2019.07.07-21.06.59:748][  0]LogTemp: Display: Module 'LuminTargetPlatform' loaded TargetPlatform 'Lumin'
[2019.07.07-21.06.59:749][  0]LogTemp: Display: Module 'LuminTargetPlatform' loaded TargetPlatform 'LuminClient'
[2019.07.07-21.06.59:749][  0]LogTargetPlatformManager: Display: Building Assets For Windows
[2019.07.07-21.06.59:765][  0]LogAudioDebug: Display: Lib vorbis DLL was dynamically loaded.
[2019.07.07-21.06.59:854][  0]LogShaderCompilers: Guid format shader working directory is -44 characters bigger than the processId version (../../../../../../Users/Chris/Documents/Descend/Descend-Into-Darkness/DescendIntoDarkness/Intermediate/Shaders/WorkingDirectory/15892/).
[2019.07.07-21.06.59:854][  0]LogShaderCompilers: Cleaned the shader compiler working directory 'C:/Users/Chris/AppData/Local/Temp/UnrealShaderWorkingDir/0E0CD38A43A1738DF2ADB48ED6971AA6/'.
[2019.07.07-21.06.59:858][  0]LogXGEController: Cleaning working directory: C:/Users/Chris/AppData/Local/Temp/UnrealXGEWorkingDir/
[2019.07.07-21.06.59:859][  0]LogXGEController: Cannot use XGE Controller as Incredibuild is not installed on this machine.
[2019.07.07-21.06.59:859][  0]LogShaderCompilers: Cannot use XGE Shader Compiler as Incredibuild is not installed on this machine.
[2019.07.07-21.06.59:859][  0]LogShaderCompilers: Display: Using Local Shader Compiler.
[2019.07.07-21.07.00:684][  0]LogDerivedDataCache: Display: Max Cache Size: 512 MB
[2019.07.07-21.07.00:748][  0]LogDerivedDataCache: Loaded boot cache 0.06s 75MB C:/Users/Chris/AppData/Local/UnrealEngine/4.22/DerivedDataCache/Boot.ddc.
[2019.07.07-21.07.00:748][  0]LogDerivedDataCache: Display: Loaded Boot cache: C:/Users/Chris/AppData/Local/UnrealEngine/4.22/DerivedDataCache/Boot.ddc
[2019.07.07-21.07.00:748][  0]LogDerivedDataCache: FDerivedDataBackendGraph:  Pak pak cache file ../../../../../../Users/Chris/Documents/Descend/Descend-Into-Darkness/DescendIntoDarkness/DerivedDataCache/DDC.ddp not found, will not use a pak cache.
[2019.07.07-21.07.00:748][  0]LogDerivedDataCache: Unable to find inner node Pak for hierarchical cache Hierarchy.
[2019.07.07-21.07.00:748][  0]LogDerivedDataCache: FDerivedDataBackendGraph:  CompressedPak pak cache file ../../../../../../Users/Chris/Documents/Descend/Descend-Into-Darkness/DescendIntoDarkness/DerivedDataCache/Compressed.ddp not found, will not use a pak cache.
[2019.07.07-21.07.00:748][  0]LogDerivedDataCache: Unable to find inner node CompressedPak for hierarchical cache Hierarchy.
[2019.07.07-21.07.00:764][  0]LogDerivedDataCache: Display: Pak cache opened for reading ../../../Engine/DerivedDataCache/Compressed.ddp.
[2019.07.07-21.07.00:764][  0]LogDerivedDataCache: FDerivedDataBackendGraph:  EnterprisePak pak cache file ../../../Enterprise/DerivedDataCache/Compressed.ddp not found, will not use a pak cache.
[2019.07.07-21.07.00:764][  0]LogDerivedDataCache: Unable to find inner node EnterprisePak for hierarchical cache Hierarchy.
[2019.07.07-21.07.00:776][  0]LogDerivedDataCache: Using Local data cache path C:/Users/Chris/AppData/Local/UnrealEngine/Common/DerivedDataCache: Writable
[2019.07.07-21.07.00:776][  0]LogDerivedDataCache: Shared data cache path not found in *engine.ini, will not use an Shared cache.
[2019.07.07-21.07.00:776][  0]LogDerivedDataCache: Unable to find inner node Shared for hierarchical cache Hierarchy.
[2019.07.07-21.07.00:808][  0]LogMaterial: Verifying Global Shaders for PCD3D_SM5
[2019.07.07-21.07.00:809][  0]LogSlate: Using FreeType 2.6.0
[2019.07.07-21.07.00:811][  0]LogSlate: SlateFontServices - WITH_FREETYPE: 1, WITH_HARFBUZZ: 1
[2019.07.07-21.07.00:981][  0]LogAssetRegistry: FAssetRegistry took 0.0403 seconds to start up
[2019.07.07-21.07.01:497][  0]LogInit: Selected Device Profile: [Windows]
[2019.07.07-21.07.01:694][  0]LogMeshReduction: Using QuadricMeshReduction for automatic static mesh reduction
[2019.07.07-21.07.01:694][  0]LogMeshReduction: Using SimplygonMeshReduction for automatic skeletal mesh reduction
[2019.07.07-21.07.01:694][  0]LogMeshReduction: Using ProxyLODMeshReduction for automatic mesh merging
[2019.07.07-21.07.01:694][  0]LogMeshReduction: No distributed automatic mesh merging module available
[2019.07.07-21.07.01:694][  0]LogMeshMerging: No distributed automatic mesh merging module available
[2019.07.07-21.07.01:707][  0]LogNetVersion: DescendIntoDarkness 1.0.0, NetCL: 5660361, EngineNetVer: 10, GameNetVer: 0 (Checksum: 1140046260)
[2019.07.07-21.07.02:234][  0]LogPackageLocalizationCache: Processed 10 localized package path(s) for 1 prioritized culture(s) in 0.054727 seconds
[2019.07.07-21.07.02:241][  0]LogUObjectArray: 42205 objects as part of root set at end of initial load.
[2019.07.07-21.07.02:241][  0]LogUObjectAllocator: 7325032 out of 0 bytes used by permanent object pool.
[2019.07.07-21.07.02:241][  0]LogUObjectArray: CloseDisregardForGC: 0/0 objects in disregard for GC pool
[2019.07.07-21.07.04:067][  0]LogTcpMessaging: Initializing TcpMessaging bridge
[2019.07.07-21.07.04:082][  0]LogUdpMessaging: Initializing bridge on interface 0.0.0.0:0 to multicast group 230.0.0.1:6666.
[2019.07.07-21.07.04:500][  0]SourceControl: Source control is disabled
[2019.07.07-21.07.04:501][  0]SourceControl: Source control is disabled
[2019.07.07-21.07.04:503][  0]SourceControl: Source control is disabled
[2019.07.07-21.07.04:506][  0]SourceControl: Source control is disabled
[2019.07.07-21.07.04:646][  0]LogAndroidPermission: UAndroidPermissionCallbackProxy::GetInstance
[2019.07.07-21.07.04:742][  0]LogOcInput: OculusInput pre-init called
[2019.07.07-21.07.06:288][  0]LogClass: Warning: ObjectProperty FInventoryItem::Thumbnail is not initialized properly
[2019.07.07-21.07.06:288][  0]LogClass: Warning: BoolProperty FInventoryItem::bCanBeUsed is not initialized properly
[2019.07.07-21.07.06:288][  0]LogClass: Display: 2 Uninitialized script stuct members found
[2019.07.07-21.07.06:288][  0]LogAutomationTest: Warning: ObjectProperty FInventoryItem::Thumbnail is not initialized properly
[2019.07.07-21.07.06:288][  0]LogAutomationTest: Warning: BoolProperty FInventoryItem::bCanBeUsed is not initialized properly
[2019.07.07-21.07.06:289][  0]LogEngine: Initializing Engine...
[2019.07.07-21.07.06:291][  0]LogHMD: Failed to initialize OpenVR with code 110
[2019.07.07-21.07.06:293][  0]LogStats: UGameplayTagsManager::InitializeManager -  0.001 s
[2019.07.07-21.07.06:588][  0]LogInit: Initializing FReadOnlyCVARCache
[2019.07.07-21.07.06:612][  0]LogAIModule: Creating AISystem for world Untitled
[2019.07.07-21.07.06:627][  0]LogInit: XAudio2 using 'Speakers (Realtek High Definition Audio)' : 2 channels at 48 kHz using 32 bits per sample (channel mask 0x3)
[2019.07.07-21.07.06:705][  0]LogInit: FAudioDevice initialized.
[2019.07.07-21.07.06:705][  0]LogNetVersion: Set ProjectVersion to 1.0.0.0. Version Checksum will be recalculated on next use.
[2019.07.07-21.07.06:783][  0]LogDerivedDataCache: Saved boot cache 0.08s 75MB C:/Users/Chris/AppData/Local/UnrealEngine/4.22/DerivedDataCache/Boot.ddc.
[2019.07.07-21.07.06:796][  0]LogInit: Texture streaming: Enabled
[2019.07.07-21.07.06:832][  0]LogEngineSessionManager: EngineSessionManager initialized
[2019.07.07-21.07.06:832][  0]LogEngineSessionManager: EngineSessionManager sent abnormal shutdown report. Type=Crashed, SessionId={4E7DDF21-446E-90BF-0012-A2899D4B3B2C}
[2019.07.07-21.07.06:865][  0]LogInit: Transaction tracking system initialized
[2019.07.07-21.07.06:913][  0]BlueprintLog: New page: Editor Load
[2019.07.07-21.07.07:079][  0]LocalizationService: Localization service is disabled
[2019.07.07-21.07.07:509][  0]LogFileCache: Scanning file cache for directory 'C:/Users/Chris/Documents/Descend/Descend-Into-Darkness/DescendIntoDarkness/Content/' took 0.02s
[2019.07.07-21.07.07:509][  0]LogCook: Display: Max memory allowance for cook 16384mb min free memory 0mb
[2019.07.07-21.07.07:509][  0]LogCook: Display: Mobile HDR setting 1
[2019.07.07-21.07.07:829][  0]SourceControl: Source control is disabled
[2019.07.07-21.07.07:830][  0]LightingResults: New page: Lighting Build
[2019.07.07-21.07.07:834][  0]MapCheck: New page: Map Check
[2019.07.07-21.07.07:834][  0]LightingResults: New page: Lighting Build
[2019.07.07-21.07.07:865][  0]LogUObjectHash: Compacting FUObjectHashTables data took   2.77ms
[2019.07.07-21.07.08:003][  0]LogAIModule: Creating AISystem for world SideScrollerExampleMap
[2019.07.07-21.07.08:021][  0]LogEditorServer: Finished looking for orphan Actors (0.000 secs)
[2019.07.07-21.07.08:051][  0]LogUObjectHash: Compacting FUObjectHashTables data took   2.70ms
[2019.07.07-21.07.08:051][  0]Cmd: MAP CHECKDEP NOCLEARLOG
[2019.07.07-21.07.08:052][  0]MapCheck: Map check complete: 0 Error(s), 0 Warning(s), took 0.169ms to complete.
[2019.07.07-21.07.08:052][  0]LogFileHelpers: Loading map 'SideScrollerExampleMap' took 0.223
[2019.07.07-21.07.08:198][  0]LogSlate: Updating window title bar state: overlay mode, drag disabled, window buttons hidden, title bar hidden
[2019.07.07-21.07.08:208][  0]LogSlate: Updating window title bar state: overlay mode, drag disabled, window buttons hidden, title bar hidden
[2019.07.07-21.07.08:218][  0]LogSlate: Updating window title bar state: overlay mode, drag disabled, window buttons hidden, title bar hidden
[2019.07.07-21.07.08:228][  0]LogSlate: Updating window title bar state: overlay mode, drag disabled, window buttons hidden, title bar hidden
[2019.07.07-21.07.08:240][  0]LogCollectionManager: Loaded 0 collections in 0.003809 seconds
[2019.07.07-21.07.08:282][  0]LogFileCache: Scanning file cache for directory 'C:/Users/Chris/Documents/Descend/Descend-Into-Darkness/DescendIntoDarkness/Saved/Collections/' took 0.01s
[2019.07.07-21.07.08:282][  0]LogFileCache: Scanning file cache for directory 'C:/Users/Chris/Documents/Descend/Descend-Into-Darkness/DescendIntoDarkness/Content/Developers/Chris/Collections/' took 0.01s
[2019.07.07-21.07.08:282][  0]LogFileCache: Scanning file cache for directory 'C:/Users/Chris/Documents/Descend/Descend-Into-Darkness/DescendIntoDarkness/Content/Collections/' took 0.01s
[2019.07.07-21.07.08:282][  0]LogCollectionManager: Rebuilt the GUID cache for 0 collections in 0.000000 seconds
[2019.07.07-21.07.08:296][  0]LogContentBrowser: Native class hierarchy populated in 0.0138 seconds. Added 2738 classes and 663 folders.
[2019.07.07-21.07.08:308][  0]LogContentBrowser: Native class hierarchy updated for 'WidgetCarousel' in 0.0009 seconds. Added 0 classes and 0 folders.
[2019.07.07-21.07.08:312][  0]LogPakFile: Registered encryption key '00000000000000000000000000000000': 0 pak files mounted, 0 remain pending
[2019.07.07-21.07.08:314][  0]LogPakFile: Registered encryption key '00000000000000000000000000000000': 0 pak files mounted, 0 remain pending
[2019.07.07-21.07.08:315][  0]LogPakFile: Registered encryption key '00000000000000000000000000000000': 0 pak files mounted, 0 remain pending
[2019.07.07-21.07.08:317][  0]LogPakFile: Registered encryption key '00000000000000000000000000000000': 0 pak files mounted, 0 remain pending
[2019.07.07-21.07.08:318][  0]LogPakFile: Registered encryption key '00000000000000000000000000000000': 0 pak files mounted, 0 remain pending
[2019.07.07-21.07.08:320][  0]LogPakFile: Registered encryption key '00000000000000000000000000000000': 0 pak files mounted, 0 remain pending
[2019.07.07-21.07.08:322][  0]LogPakFile: Registered encryption key '00000000000000000000000000000000': 0 pak files mounted, 0 remain pending
[2019.07.07-21.07.08:323][  0]LogPakFile: Registered encryption key '00000000000000000000000000000000': 0 pak files mounted, 0 remain pending
[2019.07.07-21.07.08:325][  0]LogPakFile: Registered encryption key '00000000000000000000000000000000': 0 pak files mounted, 0 remain pending
[2019.07.07-21.07.08:326][  0]LogPakFile: Registered encryption key '00000000000000000000000000000000': 0 pak files mounted, 0 remain pending
[2019.07.07-21.07.08:328][  0]LogPakFile: Registered encryption key '00000000000000000000000000000000': 0 pak files mounted, 0 remain pending
[2019.07.07-21.07.08:330][  0]LogPakFile: Registered encryption key '00000000000000000000000000000000': 0 pak files mounted, 0 remain pending
[2019.07.07-21.07.08:331][  0]LogPakFile: Registered encryption key '00000000000000000000000000000000': 0 pak files mounted, 0 remain pending
[2019.07.07-21.07.08:333][  0]LogPakFile: Registered encryption key '00000000000000000000000000000000': 0 pak files mounted, 0 remain pending
[2019.07.07-21.07.08:334][  0]LogPakFile: Registered encryption key '00000000000000000000000000000000': 0 pak files mounted, 0 remain pending
[2019.07.07-21.07.08:336][  0]LogPakFile: Registered encryption key '00000000000000000000000000000000': 0 pak files mounted, 0 remain pending
[2019.07.07-21.07.08:337][  0]LogPakFile: Registered encryption key '00000000000000000000000000000000': 0 pak files mounted, 0 remain pending
[2019.07.07-21.07.08:339][  0]LogPakFile: Registered encryption key '00000000000000000000000000000000': 0 pak files mounted, 0 remain pending
[2019.07.07-21.07.08:341][  0]LogPakFile: Registered encryption key '00000000000000000000000000000000': 0 pak files mounted, 0 remain pending
[2019.07.07-21.07.08:343][  0]LogPakFile: Registered encryption key '00000000000000000000000000000000': 0 pak files mounted, 0 remain pending
[2019.07.07-21.07.08:345][  0]LogPakFile: Registered encryption key '00000000000000000000000000000000': 0 pak files mounted, 0 remain pending
[2019.07.07-21.07.08:347][  0]LogPakFile: Registered encryption key '00000000000000000000000000000000': 0 pak files mounted, 0 remain pending
[2019.07.07-21.07.08:348][  0]LogPakFile: Registered encryption key '00000000000000000000000000000000': 0 pak files mounted, 0 remain pending
[2019.07.07-21.07.08:350][  0]LogPakFile: Registered encryption key '00000000000000000000000000000000': 0 pak files mounted, 0 remain pending
[2019.07.07-21.07.08:352][  0]LogPakFile: Registered encryption key '00000000000000000000000000000000': 0 pak files mounted, 0 remain pending
[2019.07.07-21.07.08:353][  0]LogPakFile: Registered encryption key '00000000000000000000000000000000': 0 pak files mounted, 0 remain pending
[2019.07.07-21.07.08:499][  0]LogContentBrowser: Native class hierarchy updated for 'AddContentDialog' in 0.0009 seconds. Added 0 classes and 0 folders.
[2019.07.07-21.07.08:595][  0]LogSlate: Took 0.000428 seconds to synchronously load lazily loaded font '../../../Engine/Content/Slate/Fonts/Roboto-Regular.ttf' (155K)
[2019.07.07-21.07.08:600][  0]LogSlate: Took 0.000425 seconds to synchronously load lazily loaded font '../../../Engine/Content/Slate/Fonts/Roboto-Bold.ttf' (160K)
[2019.07.07-21.07.08:604][  0]LogSlate: Took 0.000413 seconds to synchronously load lazily loaded font '../../../Engine/Content/Editor/Slate/Fonts/FontAwesome.ttf' (139K)
[2019.07.07-21.07.08:699][  0]LogRenderer: Reallocating scene render targets to support 1208x596 Format 10 NumSamples 1 (Frame:1).
[2019.07.07-21.07.08:747][  0]LogSlate: Took 0.000451 seconds to synchronously load lazily loaded font '../../../Engine/Content/Slate/Fonts/Roboto-Light.ttf' (167K)
[2019.07.07-21.07.08:828][  0]LogContentBrowser: Native class hierarchy updated for 'HierarchicalLODOutliner' in 0.0009 seconds. Added 0 classes and 0 folders.
[2019.07.07-21.07.08:828][  0]LogLoad: (Engine Initialization) Total time: 16.34 seconds
[2019.07.07-21.07.08:828][  0]LogLoad: (Engine Initialization) Total Blueprint compile time: 0.00 seconds
[2019.07.07-21.07.08:847][  0]LogWindowsTextInputMethodSystem: Display: IME system now deactivated.
[2019.07.07-21.07.08:885][  0]LogAssetRegistry: Asset discovery search completed in 7.9260 seconds
[2019.07.07-21.07.08:888][  0]LogCollectionManager: Rebuilt the object cache for 0 collections in 0.000000 seconds (found 0 objects)
[2019.07.07-21.07.08:888][  0]LogCollectionManager: Fixed up redirectors for 0 collections in 0.000088 seconds (updated 0 objects)
[2019.07.07-21.07.08:890][  0]LogContentStreaming: Texture pool size now 1000 MB
[2019.07.07-21.07.10:367][ 84]LogSlate: FSceneViewport::OnFocusLost() reason 2
[2019.07.07-21.07.11:032][123]LogSlate: Took 0.000413 seconds to synchronously load lazily loaded font '../../../Engine/Content/Slate/Fonts/Roboto-Light.ttf' (167K)
[2019.07.07-21.07.13:147][246]LogSlate: FSceneViewport::OnFocusLost() reason 2
[2019.07.07-21.07.13:155][246]LogAssetEditorManager: Opening Asset editor for LevelScriptBlueprint /Game/SideScrollerCPP/Maps/SideScrollerExampleMap.SideScrollerExampleMap:PersistentLevel.SideScrollerExampleMap
[2019.07.07-21.07.13:545][246]LogContentBrowser: Native class hierarchy updated for 'BlueprintGraph' in 0.0013 seconds. Added 121 classes and 0 folders.
[2019.07.07-21.07.14:627][246]LogSlate: Took 0.000410 seconds to synchronously load lazily loaded font '../../../Engine/Content/Slate/Fonts/Roboto-BoldCondensed.ttf' (158K)
[2019.07.07-21.07.14:684][247]LogSlate: Took 0.000537 seconds to synchronously load lazily loaded font '../../../Engine/Content/Slate/Fonts/Roboto-Italic.ttf' (157K)
[2019.07.07-21.07.36:054][527]LogSlate: FSceneViewport::OnFocusLost() reason 0
[2019.07.07-21.07.40:610][755]LogUObjectHash: Compacting FUObjectHashTables data took   3.83ms
[2019.07.07-21.07.40:907][755]LogSavePackage: Moving '../../../../../../Users/Chris/Documents/Descend/Descend-Into-Darkness/DescendIntoDarkness/Saved/SideScrollerExampleMapB846768044482C55BCE34082A7757BF0.tmp' to '../../../../../../Users/Chris/Documents/Descend/Descend-Into-Darkness/DescendIntoDarkness/Content/SideScrollerCPP/Maps/SideScrollerExampleMap.umap'
[2019.07.07-21.07.40:937][755]LogFileHelpers: Saving map 'SideScrollerExampleMap' took 0.377
[2019.07.07-21.07.41:332][778]LogSlate: FSceneViewport::OnFocusLost() reason 0
[2019.07.07-21.07.42:518][849]LogSlate: FSceneViewport::OnFocusLost() reason 0
[2019.07.07-21.07.42:644][856]LogAssetEditorManager: Opening Asset editor for WidgetBlueprint /Game/UI/WB_Ingame.WB_Ingame
[2019.07.07-21.07.42:980][856]LogBlueprintActionDatabase: Requesting refresh due to module change: SequencerWidgets (loaded)
[2019.07.07-21.07.49:503][217]Cmd: OBJ SAVEPACKAGE PACKAGE="/Game/UI/WB_Ingame" FILE="../../../../../../Users/Chris/Documents/Descend/Descend-Into-Darkness/DescendIntoDarkness/Content/UI/WB_Ingame.uasset" SILENT=true
[2019.07.07-21.07.49:533][217]LogSavePackage: Moving '../../../../../../Users/Chris/Documents/Descend/Descend-Into-Darkness/DescendIntoDarkness/Saved/WB_Ingame8671098543BAEBF1A70E77A7F08B9AA3.tmp' to '../../../../../../Users/Chris/Documents/Descend/Descend-Into-Darkness/DescendIntoDarkness/Content/UI/WB_Ingame.uasset'
[2019.07.07-21.07.50:605][280]LogSlate: FSceneViewport::OnFocusLost() reason 0
[2019.07.07-21.08.40:530][123]LogSlate: FSceneViewport::OnFocusLost() reason 0
[2019.07.07-21.10.34:298][ 53]LogSlate: FSceneViewport::OnFocusLost() reason 2
[2019.07.07-21.13.31:841][736]LogSlate: FSceneViewport::OnFocusLost() reason 0
[2019.07.07-21.15.39:447][327]LogUObjectHash: Compacting FUObjectHashTables data took   7.31ms
[2019.07.07-21.15.39:744][327]LogSavePackage: Moving '../../../../../../Users/Chris/Documents/Descend/Descend-Into-Darkness/DescendIntoDarkness/Saved/SideScrollerExampleMap56BFE8444E0385498C220AB8F47E875E.tmp' to '../../../../../../Users/Chris/Documents/Descend/Descend-Into-Darkness/DescendIntoDarkness/Content/SideScrollerCPP/Maps/SideScrollerExampleMap.umap'
[2019.07.07-21.15.39:772][327]LogFileHelpers: Saving map 'SideScrollerExampleMap' took 0.409
[2019.07.07-21.15.42:506][490]LogSlate: FSceneViewport::OnFocusLost() reason 0
[2019.07.07-21.15.42:831][496]LogSlate: Window 'Tutorials' being destroyed
[2019.07.07-21.15.44:782][611]LogSlate: FSceneViewport::OnFocusLost() reason 0
[2019.07.07-21.15.44:848][615]LogUObjectGlobals: Warning: Failed to find object 'Object None.GraphEditorPanel'
[2019.07.07-21.15.44:848][615]LogUObjectGlobals: Warning: Failed to find object 'Object None.GraphEditorPanel'
[2019.07.07-21.15.44:849][615]LogUObjectGlobals: Warning: Failed to find object 'Object None.GraphEditorPanel'
[2019.07.07-21.15.44:849][615]LogUObjectGlobals: Warning: Failed to find object 'Object None.GraphEditorPanel'
[2019.07.07-21.15.45:742][661]LogUObjectGlobals: Warning: Failed to find object 'Object None.MyBlueprintPanel'
[2019.07.07-21.15.45:743][661]LogUObjectGlobals: Warning: Failed to find object 'Object None.MyBlueprintPanel'
[2019.07.07-21.15.46:809][725]LogUObjectGlobals: Warning: Failed to find object 'Object None.GraphEditorPanel'
[2019.07.07-21.15.46:810][725]LogUObjectGlobals: Warning: Failed to find object 'Object None.GraphEditorPanel'
[2019.07.07-21.15.51:297][992]LogSlate: Window 'Tutorials' being destroyed
[2019.07.07-21.15.51:303][992]LogSlate: Window 'Tutorials' being destroyed
[2019.07.07-21.15.52:069][ 38]LogSlate: FSceneViewport::OnFocusLost() reason 0
[2019.07.07-21.15.52:935][ 90]LogSlate: FSceneViewport::OnFocusLost() reason 0
[2019.07.07-21.15.53:017][ 95]LogTemp: Repeating last play command: Selected Viewport
[2019.07.07-21.15.53:032][ 95]LogBlueprintUserMessages: Early PlayInEditor Detection: Level '/Game/SideScrollerCPP/Maps/SideScrollerExampleMap.SideScrollerExampleMap:PersistentLevel' has LevelScriptBlueprint '/Game/SideScrollerCPP/Maps/SideScrollerExampleMap.SideScrollerExampleMap:PersistentLevel.SideScrollerExampleMap' with GeneratedClass '/Game/SideScrollerCPP/Maps/SideScrollerExampleMap.SideScrollerExampleMap_C' with ClassGeneratedBy '/Game/SideScrollerCPP/Maps/SideScrollerExampleMap.SideScrollerExampleMap:PersistentLevel.SideScrollerExampleMap'
[2019.07.07-21.15.53:032][ 95]BlueprintLog: New page: Pre-Play auto-recompile
[2019.07.07-21.15.53:035][ 95]LogPlayLevel: [PlayLevel] Compiling WB_Ingame before play...
[2019.07.07-21.15.53:259][ 95]LogUObjectHash: Compacting FUObjectHashTables data took   4.27ms
[2019.07.07-21.15.53:259][ 95]LogPlayLevel: PlayLevel: Blueprint regeneration took 226 ms (1 blueprints)
[2019.07.07-21.15.53:260][ 95]PIE: New page: PIE session: SideScrollerExampleMap (Jul 7, 2019, 7:15:53 AM)
[2019.07.07-21.15.53:273][ 95]LogPlayLevel: Creating play world package: /Game/SideScrollerCPP/Maps/UEDPIE_0_SideScrollerExampleMap
[2019.07.07-21.15.53:292][ 95]LogPlayLevel: PIE: StaticDuplicateObject took: (0.017748s)
[2019.07.07-21.15.53:293][ 95]LogAIModule: Creating AISystem for world SideScrollerExampleMap
[2019.07.07-21.15.53:293][ 95]LogPlayLevel: PIE: World Init took: (0.001017s)
[2019.07.07-21.15.53:293][ 95]LogPlayLevel: PIE: Created PIE world by copying editor world from /Game/SideScrollerCPP/Maps/SideScrollerExampleMap.SideScrollerExampleMap to /Game/SideScrollerCPP/Maps/UEDPIE_0_SideScrollerExampleMap.SideScrollerExampleMap (0.020045s)
[2019.07.07-21.15.53:343][ 95]LogUObjectHash: Compacting FUObjectHashTables data took   2.20ms
[2019.07.07-21.15.53:352][ 95]LogInit: XAudio2 using 'Speakers (Realtek High Definition Audio)' : 2 channels at 48 kHz using 32 bits per sample (channel mask 0x3)
[2019.07.07-21.15.53:418][ 95]LogInit: FAudioDevice initialized.
[2019.07.07-21.15.53:461][ 95]LogLoad: Game class is 'DescendIntoDarknessGameMode'
[2019.07.07-21.15.53:464][ 95]LogWorld: Bringing World /Game/SideScrollerCPP/Maps/UEDPIE_0_SideScrollerExampleMap.SideScrollerExampleMap up for play (max tick rate 60) at 2019.07.07-14.15.53
[2019.07.07-21.15.53:465][ 95]LogWorld: Bringing up level for play took: 0.002377
[2019.07.07-21.15.53:484][ 95]LogBlueprintActionDatabase: Requesting refresh due to module change: Voice (loaded)
[2019.07.07-21.15.53:490][ 95]LogBlueprintActionDatabase: Requesting refresh due to module change: MovieSceneCapture (loaded)
[2019.07.07-21.15.53:491][ 95]LogContentBrowser: Native class hierarchy updated for 'MovieSceneCapture' in 0.0009 seconds. Added 20 classes and 0 folders.
[2019.07.07-21.15.53:492][ 95]PIE: Play in editor start time for /Game/SideScrollerCPP/Maps/UEDPIE_0_SideScrollerExampleMap 0.291
[2019.07.07-21.15.53:492][ 95]LogBlueprintUserMessages: Late PlayInEditor Detection: Level '/Game/SideScrollerCPP/Maps/SideScrollerExampleMap.SideScrollerExampleMap:PersistentLevel' has LevelScriptBlueprint '/Game/SideScrollerCPP/Maps/SideScrollerExampleMap.SideScrollerExampleMap:PersistentLevel.SideScrollerExampleMap' with GeneratedClass '/Game/SideScrollerCPP/Maps/SideScrollerExampleMap.SideScrollerExampleMap_C' with ClassGeneratedBy '/Game/SideScrollerCPP/Maps/SideScrollerExampleMap.SideScrollerExampleMap:PersistentLevel.SideScrollerExampleMap'
[2019.07.07-21.15.53:500][ 95]LogScript: Warning: Accessed None trying to read property K2Node_DynamicCast_AsGameplay_Controller
	WB_Ingame_C /Engine/Transient.UnrealEdEngine_0:GameInstance_0.WB_Ingame_C_0
	Function /Game/UI/WB_Ingame.WB_Ingame_C:GetPickupText:0090
[2019.07.07-21.15.53:500][ 95]LogScript: Warning: Accessed None
	WB_Ingame_C /Engine/Transient.UnrealEdEngine_0:GameInstance_0.WB_Ingame_C_0
	Function /Game/UI/WB_Ingame.WB_Ingame_C:GetPickupText:00A5
[2019.07.07-21.15.53:859][ 96]LogScript: Warning: Accessed None trying to read property K2Node_DynamicCast_AsGameplay_Controller
	WB_Ingame_C /Engine/Transient.UnrealEdEngine_0:GameInstance_0.WB_Ingame_C_0
	Function /Game/UI/WB_Ingame.WB_Ingame_C:GetPickupText:0090
[2019.07.07-21.15.53:859][ 96]LogScript: Warning: Accessed None
	WB_Ingame_C /Engine/Transient.UnrealEdEngine_0:GameInstance_0.WB_Ingame_C_0
	Function /Game/UI/WB_Ingame.WB_Ingame_C:GetPickupText:00A5
[2019.07.07-21.15.53:879][ 97]LogScript: Warning: Accessed None trying to read property K2Node_DynamicCast_AsGameplay_Controller
	WB_Ingame_C /Engine/Transient.UnrealEdEngine_0:GameInstance_0.WB_Ingame_C_0
	Function /Game/UI/WB_Ingame.WB_Ingame_C:GetPickupText:0090
[2019.07.07-21.15.53:879][ 97]LogScript: Warning: Accessed None
	WB_Ingame_C /Engine/Transient.UnrealEdEngine_0:GameInstance_0.WB_Ingame_C_0
	Function /Game/UI/WB_Ingame.WB_Ingame_C:GetPickupText:00A5
[2019.07.07-21.15.53:890][ 98]LogScript: Warning: Accessed None trying to read property K2Node_DynamicCast_AsGameplay_Controller
	WB_Ingame_C /Engine/Transient.UnrealEdEngine_0:GameInstance_0.WB_Ingame_C_0
	Function /Game/UI/WB_Ingame.WB_Ingame_C:GetPickupText:0090
[2019.07.07-21.15.53:890][ 98]LogScript: Warning: Accessed None
	WB_Ingame_C /Engine/Transient.UnrealEdEngine_0:GameInstance_0.WB_Ingame_C_0
	Function /Game/UI/WB_Ingame.WB_Ingame_C:GetPickupText:00A5
[2019.07.07-21.15.53:904][ 99]LogScript: Warning: Accessed None trying to read property K2Node_DynamicCast_AsGameplay_Controller
	WB_Ingame_C /Engine/Transient.UnrealEdEngine_0:GameInstance_0.WB_Ingame_C_0
	Function /Game/UI/WB_Ingame.WB_Ingame_C:GetPickupText:0090
[2019.07.07-21.15.53:904][ 99]LogScript: Warning: Accessed None
	WB_Ingame_C /Engine/Transient.UnrealEdEngine_0:GameInstance_0.WB_Ingame_C_0
	Function /Game/UI/WB_Ingame.WB_Ingame_C:GetPickupText:00A5
[2019.07.07-21.15.53:925][100]LogScript: Warning: Accessed None trying to read property K2Node_DynamicCast_AsGameplay_Controller
	WB_Ingame_C /Engine/Transient.UnrealEdEngine_0:GameInstance_0.WB_Ingame_C_0
	Function /Game/UI/WB_Ingame.WB_Ingame_C:GetPickupText:0090
[2019.07.07-21.15.53:926][100]LogScript: Warning: Accessed None
	WB_Ingame_C /Engine/Transient.UnrealEdEngine_0:GameInstance_0.WB_Ingame_C_0
	Function /Game/UI/WB_Ingame.WB_Ingame_C:GetPickupText:00A5
[2019.07.07-21.15.53:943][101]LogScript: Warning: Accessed None trying to read property K2Node_DynamicCast_AsGameplay_Controller
	WB_Ingame_C /Engine/Transient.UnrealEdEngine_0:GameInstance_0.WB_Ingame_C_0
	Function /Game/UI/WB_Ingame.WB_Ingame_C:GetPickupText:0090
[2019.07.07-21.15.53:943][101]LogScript: Warning: Accessed None
	WB_Ingame_C /Engine/Transient.UnrealEdEngine_0:GameInstance_0.WB_Ingame_C_0
	Function /Game/UI/WB_Ingame.WB_Ingame_C:GetPickupText:00A5
[2019.07.07-21.15.53:959][102]LogScript: Warning: Accessed None trying to read property K2Node_DynamicCast_AsGameplay_Controller
	WB_Ingame_C /Engine/Transient.UnrealEdEngine_0:GameInstance_0.WB_Ingame_C_0
	Function /Game/UI/WB_Ingame.WB_Ingame_C:GetPickupText:0090
[2019.07.07-21.15.53:959][102]LogScript: Warning: Accessed None
	WB_Ingame_C /Engine/Transient.UnrealEdEngine_0:GameInstance_0.WB_Ingame_C_0
	Function /Game/UI/WB_Ingame.WB_Ingame_C:GetPickupText:00A5
[2019.07.07-21.15.53:976][103]LogScript: Warning: Accessed None trying to read property K2Node_DynamicCast_AsGameplay_Controller
	WB_Ingame_C /Engine/Transient.UnrealEdEngine_0:GameInstance_0.WB_Ingame_C_0
	Function /Game/UI/WB_Ingame.WB_Ingame_C:GetPickupText:0090
[2019.07.07-21.15.57:501][122]LogWindows: Error: === Critical error: ===
[2019.07.07-21.15.57:501][122]LogWindows: Error: 
[2019.07.07-21.15.57:501][122]LogWindows: Error: Fatal error!
[2019.07.07-21.15.57:501][122]LogWindows: Error: 
[2019.07.07-21.15.57:501][122]LogWindows: Error: Unhandled Exception: EXCEPTION_ACCESS_VIOLATION writing address 0x00000758
[2019.07.07-21.15.57:501][122]LogWindows: Error: 
[2019.07.07-21.15.57:501][122]LogWindows: Error: [Callstack] 0x00007ffb83694473 UE4Editor-DescendIntoDarkness-6464.dll!ADescendIntoDarknessCharacter::CheckForInteractables() [C:\Users\Chris\Documents\Descend\Descend-Into-Darkness\DescendIntoDarkness\Source\DescendIntoDarkness\DescendIntoDarknessCharacter.cpp:96]
[2019.07.07-21.15.57:501][122]LogWindows: Error: [Callstack] 0x00007ffb91bafea2 UE4Editor-Engine.dll!UnknownFunction []
[2019.07.07-21.15.57:501][122]LogWindows: Error: [Callstack] 0x00007ffb91b7aeed UE4Editor-Engine.dll!UnknownFunction []
[2019.07.07-21.15.57:501][122]LogWindows: Error: [Callstack] 0x00007ffb92b372bc UE4Editor-Engine.dll!UnknownFunction []
[2019.07.07-21.15.57:501][122]LogWindows: Error: [Callstack] 0x00007ffbb4a722d8 UE4Editor-Core.dll!UnknownFunction []
[2019.07.07-21.15.57:501][122]LogWindows: Error: [Callstack] 0x00007ffbb4a72563 UE4Editor-Core.dll!UnknownFunction []
[2019.07.07-21.15.57:501][122]LogWindows: Error: [Callstack] 0x00007ffbb4a82309 UE4Editor-Core.dll!UnknownFunction []
[2019.07.07-21.15.57:501][122]LogWindows: Error: [Callstack] 0x00007ffb92b7f9e3 UE4Editor-Engine.dll!UnknownFunction []
[2019.07.07-21.15.57:502][122]LogWindows: Error: [Callstack] 0x00007ffb92b8bd12 UE4Editor-Engine.dll!UnknownFunction []
[2019.07.07-21.15.57:502][122]LogWindows: Error: [Callstack] 0x00007ffb923adc4f UE4Editor-Engine.dll!UnknownFunction []
[2019.07.07-21.15.57:502][122]LogWindows: Error: [Callstack] 0x00007ffb923b7e28 UE4Editor-Engine.dll!UnknownFunction []
[2019.07.07-21.15.57:502][122]LogWindows: Error: [Callstack] 0x00007ffba42702f7 UE4Editor-UnrealEd.dll!UnknownFunction []
[2019.07.07-21.15.57:502][122]LogWindows: Error: [Callstack] 0x00007ffba4a8d396 UE4Editor-UnrealEd.dll!UnknownFunction []
[2019.07.07-21.15.57:502][122]LogWindows: Error: [Callstack] 0x00007ff7734d6bb1 UE4Editor.exe!UnknownFunction []
[2019.07.07-21.15.57:502][122]LogWindows: Error: [Callstack] 0x00007ff7734e554c UE4Editor.exe!UnknownFunction []
[2019.07.07-21.15.57:502][122]LogWindows: Error: [Callstack] 0x00007ff7734e55ca UE4Editor.exe!UnknownFunction []
[2019.07.07-21.15.57:502][122]LogWindows: Error: [Callstack] 0x00007ff7734f316c UE4Editor.exe!UnknownFunction []
[2019.07.07-21.15.57:502][122]LogWindows: Error: [Callstack] 0x00007ff7734f5b8e UE4Editor.exe!UnknownFunction []
[2019.07.07-21.15.57:502][122]LogWindows: Error: [Callstack] 0x00007ffbf09d4034 KERNEL32.DLL!UnknownFunction []
[2019.07.07-21.15.57:502][122]LogWindows: Error: [Callstack] 0x00007ffbf0b23691 ntdll.dll!UnknownFunction []
[2019.07.07-21.15.57:502][122]LogWindows: Error: 
[2019.07.07-21.15.57:525][122]LogExit: Executing StaticShutdownAfterError
[2019.07.07-21.15.57:530][122]LogWindows: FPlatformMisc::RequestExit(1)
[2019.07.07-21.15.57:539][122]Log file closed, 07/07/19 14:15:57
